1777349113.7452118 [INFO] [launch]: All log files can be found below /home/india/Documents/ai-hospital/hospital_ws/.ros/log/2026-04-28-09-35-13-743829-Bunny-174961
1777349113.7454185 [INFO] [launch]: Default logging verbosity is set to INFO
1777349114.3106844 [INFO] [gazebo-1]: process started with pid [174992]
1777349114.3108931 [INFO] [parameter_bridge-2]: process started with pid [174993]
1777349114.3109617 [INFO] [fleet_scheduler-3]: process started with pid [174995]
1777349114.3110037 [INFO] [robot_simulator-4]: process started with pid [174996]
1777349114.3110440 [INFO] [dashboard_visual-5]: process started with pid [174997]
1777349114.3689344 [parameter_bridge-2] [INFO] [1777349114.368645974] [ros_gz_bridge]: Creating GZ->ROS Bridge: [/delivery_1/cmd_vel (gz.msgs.Twist) -> /delivery_1/cmd_vel (geometry_msgs/msg/Twist)] (Lazy 0)
1777349114.3706398 [parameter_bridge-2] [INFO] [1777349114.370425941] [ros_gz_bridge]: Creating ROS->GZ Bridge: [/delivery_1/cmd_vel (geometry_msgs/msg/Twist) -> /delivery_1/cmd_vel (gz.msgs.Twist)] (Lazy 0)
1777349114.3711250 [parameter_bridge-2] [INFO] [1777349114.370993358] [ros_gz_bridge]: Creating GZ->ROS Bridge: [/delivery_1/odom (gz.msgs.Odometry) -> /delivery_1/odom (nav_msgs/msg/Odometry)] (Lazy 0)
1777349114.3723514 [parameter_bridge-2] [INFO] [1777349114.372188663] [ros_gz_bridge]: Creating ROS->GZ Bridge: [/delivery_1/odom (nav_msgs/msg/Odometry) -> /delivery_1/odom (gz.msgs.Odometry)] (Lazy 0)
1777349114.3728237 [parameter_bridge-2] [INFO] [1777349114.372679218] [ros_gz_bridge]: Creating GZ->ROS Bridge: [/delivery_2/cmd_vel (gz.msgs.Twist) -> /delivery_2/cmd_vel (geometry_msgs/msg/Twist)] (Lazy 0)
1777349114.3730974 [parameter_bridge-2] [INFO] [1777349114.372993242] [ros_gz_bridge]: Creating ROS->GZ Bridge: [/delivery_2/cmd_vel (geometry_msgs/msg/Twist) -> /delivery_2/cmd_vel (gz.msgs.Twist)] (Lazy 0)
1777349114.3733857 [parameter_bridge-2] [INFO] [1777349114.373270929] [ros_gz_bridge]: Creating GZ->ROS Bridge: [/delivery_2/odom (gz.msgs.Odometry) -> /delivery_2/odom (nav_msgs/msg/Odometry)] (Lazy 0)
1777349114.3736396 [parameter_bridge-2] [INFO] [1777349114.373527049] [ros_gz_bridge]: Creating ROS->GZ Bridge: [/delivery_2/odom (nav_msgs/msg/Odometry) -> /delivery_2/odom (gz.msgs.Odometry)] (Lazy 0)
1777349114.3739331 [parameter_bridge-2] [INFO] [1777349114.373823929] [ros_gz_bridge]: Creating GZ->ROS Bridge: [/delivery_3/cmd_vel (gz.msgs.Twist) -> /delivery_3/cmd_vel (geometry_msgs/msg/Twist)] (Lazy 0)
1777349114.3741875 [parameter_bridge-2] [INFO] [1777349114.374064343] [ros_gz_bridge]: Creating ROS->GZ Bridge: [/delivery_3/cmd_vel (geometry_msgs/msg/Twist) -> /delivery_3/cmd_vel (gz.msgs.Twist)] (Lazy 0)
1777349114.3744512 [parameter_bridge-2] [INFO] [1777349114.374352106] [ros_gz_bridge]: Creating GZ->ROS Bridge: [/delivery_3/odom (gz.msgs.Odometry) -> /delivery_3/odom (nav_msgs/msg/Odometry)] (Lazy 0)
1777349114.3747113 [parameter_bridge-2] [INFO] [1777349114.374612033] [ros_gz_bridge]: Creating ROS->GZ Bridge: [/delivery_3/odom (nav_msgs/msg/Odometry) -> /delivery_3/odom (gz.msgs.Odometry)] (Lazy 0)
1777349114.3760002 [parameter_bridge-2] [INFO] [1777349114.374990697] [ros_gz_bridge]: Creating GZ->ROS Bridge: [/cleaning_1/cmd_vel (gz.msgs.Twist) -> /cleaning_1/cmd_vel (geometry_msgs/msg/Twist)] (Lazy 0)
1777349114.3761103 [parameter_bridge-2] [INFO] [1777349114.375262969] [ros_gz_bridge]: Creating ROS->GZ Bridge: [/cleaning_1/cmd_vel (geometry_msgs/msg/Twist) -> /cleaning_1/cmd_vel (gz.msgs.Twist)] (Lazy 0)
1777349114.3761477 [parameter_bridge-2] [INFO] [1777349114.375552756] [ros_gz_bridge]: Creating GZ->ROS Bridge: [/cleaning_1/odom (gz.msgs.Odometry) -> /cleaning_1/odom (nav_msgs/msg/Odometry)] (Lazy 0)
1777349114.3764968 [parameter_bridge-2] [INFO] [1777349114.376334162] [ros_gz_bridge]: Creating ROS->GZ Bridge: [/cleaning_1/odom (nav_msgs/msg/Odometry) -> /cleaning_1/odom (gz.msgs.Odometry)] (Lazy 0)
1777349114.3771176 [parameter_bridge-2] [INFO] [1777349114.376944856] [ros_gz_bridge]: Creating GZ->ROS Bridge: [/cleaning_2/cmd_vel (gz.msgs.Twist) -> /cleaning_2/cmd_vel (geometry_msgs/msg/Twist)] (Lazy 0)
1777349114.3775680 [parameter_bridge-2] [INFO] [1777349114.377321955] [ros_gz_bridge]: Creating ROS->GZ Bridge: [/cleaning_2/cmd_vel (geometry_msgs/msg/Twist) -> /cleaning_2/cmd_vel (gz.msgs.Twist)] (Lazy 0)
1777349114.3778968 [parameter_bridge-2] [INFO] [1777349114.377774239] [ros_gz_bridge]: Creating GZ->ROS Bridge: [/cleaning_2/odom (gz.msgs.Odometry) -> /cleaning_2/odom (nav_msgs/msg/Odometry)] (Lazy 0)
1777349114.3781505 [parameter_bridge-2] [INFO] [1777349114.378064242] [ros_gz_bridge]: Creating ROS->GZ Bridge: [/cleaning_2/odom (nav_msgs/msg/Odometry) -> /cleaning_2/odom (gz.msgs.Odometry)] (Lazy 0)
1777349114.3784561 [parameter_bridge-2] [INFO] [1777349114.378372348] [ros_gz_bridge]: Creating GZ->ROS Bridge: [/patient_mover_1/cmd_vel (gz.msgs.Twist) -> /patient_mover_1/cmd_vel (geometry_msgs/msg/Twist)] (Lazy 0)
1777349114.3786578 [parameter_bridge-2] [INFO] [1777349114.378580440] [ros_gz_bridge]: Creating ROS->GZ Bridge: [/patient_mover_1/cmd_vel (geometry_msgs/msg/Twist) -> /patient_mover_1/cmd_vel (gz.msgs.Twist)] (Lazy 0)
1777349114.3793669 [parameter_bridge-2] [INFO] [1777349114.379246321] [ros_gz_bridge]: Creating GZ->ROS Bridge: [/patient_mover_1/odom (gz.msgs.Odometry) -> /patient_mover_1/odom (nav_msgs/msg/Odometry)] (Lazy 0)
1777349114.3796337 [parameter_bridge-2] [INFO] [1777349114.379548381] [ros_gz_bridge]: Creating ROS->GZ Bridge: [/patient_mover_1/odom (nav_msgs/msg/Odometry) -> /patient_mover_1/odom (gz.msgs.Odometry)] (Lazy 0)
1777349114.3809190 [parameter_bridge-2] [INFO] [1777349114.379976503] [ros_gz_bridge]: Creating GZ->ROS Bridge: [/patient_mover_2/cmd_vel (gz.msgs.Twist) -> /patient_mover_2/cmd_vel (geometry_msgs/msg/Twist)] (Lazy 0)
1777349114.3810489 [parameter_bridge-2] [INFO] [1777349114.380338837] [ros_gz_bridge]: Creating ROS->GZ Bridge: [/patient_mover_2/cmd_vel (geometry_msgs/msg/Twist) -> /patient_mover_2/cmd_vel (gz.msgs.Twist)] (Lazy 0)
1777349114.3810999 [parameter_bridge-2] [INFO] [1777349114.380627559] [ros_gz_bridge]: Creating GZ->ROS Bridge: [/patient_mover_2/odom (gz.msgs.Odometry) -> /patient_mover_2/odom (nav_msgs/msg/Odometry)] (Lazy 0)
1777349114.3812790 [parameter_bridge-2] [INFO] [1777349114.381001718] [ros_gz_bridge]: Creating ROS->GZ Bridge: [/patient_mover_2/odom (nav_msgs/msg/Odometry) -> /patient_mover_2/odom (gz.msgs.Odometry)] (Lazy 0)
1777349114.3817780 [parameter_bridge-2] [INFO] [1777349114.381666510] [ros_gz_bridge]: Creating GZ->ROS Bridge: [/heavy_supply_1/cmd_vel (gz.msgs.Twist) -> /heavy_supply_1/cmd_vel (geometry_msgs/msg/Twist)] (Lazy 0)
1777349114.3823631 [parameter_bridge-2] [INFO] [1777349114.382207323] [ros_gz_bridge]: Creating ROS->GZ Bridge: [/heavy_supply_1/cmd_vel (geometry_msgs/msg/Twist) -> /heavy_supply_1/cmd_vel (gz.msgs.Twist)] (Lazy 0)
1777349114.3829794 [parameter_bridge-2] [INFO] [1777349114.382869990] [ros_gz_bridge]: Creating GZ->ROS Bridge: [/heavy_supply_1/odom (gz.msgs.Odometry) -> /heavy_supply_1/odom (nav_msgs/msg/Odometry)] (Lazy 0)
1777349114.3834975 [parameter_bridge-2] [INFO] [1777349114.383417427] [ros_gz_bridge]: Creating ROS->GZ Bridge: [/heavy_supply_1/odom (nav_msgs/msg/Odometry) -> /heavy_supply_1/odom (gz.msgs.Odometry)] (Lazy 0)
1777349114.3841708 [parameter_bridge-2] [INFO] [1777349114.384009601] [ros_gz_bridge]: Creating GZ->ROS Bridge: [/lab_courier_1/cmd_vel (gz.msgs.Twist) -> /lab_courier_1/cmd_vel (geometry_msgs/msg/Twist)] (Lazy 0)
1777349114.3844767 [parameter_bridge-2] [INFO] [1777349114.384332475] [ros_gz_bridge]: Creating ROS->GZ Bridge: [/lab_courier_1/cmd_vel (geometry_msgs/msg/Twist) -> /lab_courier_1/cmd_vel (gz.msgs.Twist)] (Lazy 0)
1777349114.3848314 [parameter_bridge-2] [INFO] [1777349114.384695387] [ros_gz_bridge]: Creating GZ->ROS Bridge: [/lab_courier_1/odom (gz.msgs.Odometry) -> /lab_courier_1/odom (nav_msgs/msg/Odometry)] (Lazy 0)
1777349114.3870487 [parameter_bridge-2] [INFO] [1777349114.385135646] [ros_gz_bridge]: Creating ROS->GZ Bridge: [/lab_courier_1/odom (nav_msgs/msg/Odometry) -> /lab_courier_1/odom (gz.msgs.Odometry)] (Lazy 0)
1777349114.3872232 [parameter_bridge-2] [INFO] [1777349114.385651590] [ros_gz_bridge]: Creating GZ->ROS Bridge: [/emergency_1/cmd_vel (gz.msgs.Twist) -> /emergency_1/cmd_vel (geometry_msgs/msg/Twist)] (Lazy 0)
1777349114.3872900 [parameter_bridge-2] [INFO] [1777349114.386093614] [ros_gz_bridge]: Creating ROS->GZ Bridge: [/emergency_1/cmd_vel (geometry_msgs/msg/Twist) -> /emergency_1/cmd_vel (gz.msgs.Twist)] (Lazy 0)
1777349114.3873274 [parameter_bridge-2] [INFO] [1777349114.386535676] [ros_gz_bridge]: Creating GZ->ROS Bridge: [/emergency_1/odom (gz.msgs.Odometry) -> /emergency_1/odom (nav_msgs/msg/Odometry)] (Lazy 0)
1777349114.3882859 [parameter_bridge-2] [INFO] [1777349114.388000073] [ros_gz_bridge]: Creating ROS->GZ Bridge: [/emergency_1/odom (nav_msgs/msg/Odometry) -> /emergency_1/odom (gz.msgs.Odometry)] (Lazy 0)
1777349114.3891006 [parameter_bridge-2] [INFO] [1777349114.388897781] [ros_gz_bridge]: Creating GZ->ROS Bridge: [/general_1/cmd_vel (gz.msgs.Twist) -> /general_1/cmd_vel (geometry_msgs/msg/Twist)] (Lazy 0)
1777349114.3900144 [parameter_bridge-2] [INFO] [1777349114.389819788] [ros_gz_bridge]: Creating ROS->GZ Bridge: [/general_1/cmd_vel (geometry_msgs/msg/Twist) -> /general_1/cmd_vel (gz.msgs.Twist)] (Lazy 0)
1777349114.3908923 [parameter_bridge-2] [INFO] [1777349114.390693770] [ros_gz_bridge]: Creating GZ->ROS Bridge: [/general_1/odom (gz.msgs.Odometry) -> /general_1/odom (nav_msgs/msg/Odometry)] (Lazy 0)
1777349114.3917980 [parameter_bridge-2] [INFO] [1777349114.391496864] [ros_gz_bridge]: Creating ROS->GZ Bridge: [/general_1/odom (nav_msgs/msg/Odometry) -> /general_1/odom (gz.msgs.Odometry)] (Lazy 0)
1777349114.3933613 [parameter_bridge-2] [INFO] [1777349114.393106209] [ros_gz_bridge]: Creating GZ->ROS Bridge: [/general_2/cmd_vel (gz.msgs.Twist) -> /general_2/cmd_vel (geometry_msgs/msg/Twist)] (Lazy 0)
1777349114.3940954 [parameter_bridge-2] [INFO] [1777349114.393904372] [ros_gz_bridge]: Creating ROS->GZ Bridge: [/general_2/cmd_vel (geometry_msgs/msg/Twist) -> /general_2/cmd_vel (gz.msgs.Twist)] (Lazy 0)
1777349114.3949122 [parameter_bridge-2] [INFO] [1777349114.394712224] [ros_gz_bridge]: Creating GZ->ROS Bridge: [/general_2/odom (gz.msgs.Odometry) -> /general_2/odom (nav_msgs/msg/Odometry)] (Lazy 0)
1777349114.3955252 [parameter_bridge-2] [INFO] [1777349114.395402078] [ros_gz_bridge]: Creating ROS->GZ Bridge: [/general_2/odom (nav_msgs/msg/Odometry) -> /general_2/odom (gz.msgs.Odometry)] (Lazy 0)
1777349114.5165179 [ERROR] [dashboard_visual-5]: process has died [pid 174997, exit code 1, cmd '/home/india/Documents/ai-hospital/hospital_ws/install/hospital_fleet_manager/lib/hospital_fleet_manager/dashboard_visual --ros-args -r __node:=dashboard_visual'].
1777349114.7713614 [INFO] [gazebo-1]: process has finished cleanly [pid 174992]
1777349114.7716846 [INFO] [launch]: process[gazebo-1] was required: shutting down launched system
1777349114.7742484 [INFO] [robot_simulator-4]: sending signal 'SIGINT' to process[robot_simulator-4]
1777349114.7748780 [INFO] [fleet_scheduler-3]: sending signal 'SIGINT' to process[fleet_scheduler-3]
1777349114.7756350 [INFO] [parameter_bridge-2]: sending signal 'SIGINT' to process[parameter_bridge-2]
1777349114.7821560 [parameter_bridge-2] [INFO] [1777349114.776398854] [rclcpp]: signal_handler(SIGINT/SIGTERM)
1777349114.8505282 [ERROR] [fleet_scheduler-3]: process has died [pid 174995, exit code 1, cmd '/home/india/Documents/ai-hospital/hospital_ws/install/hospital_fleet_manager/lib/hospital_fleet_manager/fleet_scheduler --ros-args -r __node:=fleet_scheduler'].
1777349114.9210601 [INFO] [parameter_bridge-2]: process has finished cleanly [pid 174993]
1777349114.9941061 [ERROR] [robot_simulator-4]: process has died [pid 174996, exit code 1, cmd '/home/india/Documents/ai-hospital/hospital_ws/install/hospital_fleet_manager/lib/hospital_fleet_manager/robot_simulator --ros-args -r __node:=robot_simulator'].
