1777436377.6647561 [INFO] [launch]: All log files can be found below /home/india/Documents/ai-hospital/hospital_ws/.ros/log/2026-04-29-09-49-37-663956-Bunny-210790
1777436377.6648669 [INFO] [launch]: Default logging verbosity is set to INFO
1777436378.1360140 [INFO] [gazebo-1]: process started with pid [210823]
1777436378.1361444 [INFO] [parameter_bridge-2]: process started with pid [210824]
1777436378.1361921 [INFO] [fleet_scheduler-3]: process started with pid [210825]
1777436378.1362271 [INFO] [robot_simulator-4]: process started with pid [210827]
1777436378.1362581 [INFO] [dashboard_visual-5]: process started with pid [210828]
1777436378.2042387 [parameter_bridge-2] [INFO] [1777436378.203947426] [ros_gz_bridge]: Creating GZ->ROS Bridge: [/delivery_1/cmd_vel (gz.msgs.Twist) -> /delivery_1/cmd_vel (geometry_msgs/msg/Twist)] (Lazy 0)
1777436378.2067783 [parameter_bridge-2] [INFO] [1777436378.206573174] [ros_gz_bridge]: Creating ROS->GZ Bridge: [/delivery_1/cmd_vel (geometry_msgs/msg/Twist) -> /delivery_1/cmd_vel (gz.msgs.Twist)] (Lazy 0)
1777436378.2074695 [parameter_bridge-2] [INFO] [1777436378.207326011] [ros_gz_bridge]: Creating GZ->ROS Bridge: [/delivery_1/odom (gz.msgs.Odometry) -> /delivery_1/odom (nav_msgs/msg/Odometry)] (Lazy 0)
1777436378.2096202 [parameter_bridge-2] [INFO] [1777436378.209409700] [ros_gz_bridge]: Creating ROS->GZ Bridge: [/delivery_1/odom (nav_msgs/msg/Odometry) -> /delivery_1/odom (gz.msgs.Odometry)] (Lazy 0)
1777436378.2102616 [parameter_bridge-2] [INFO] [1777436378.210121235] [ros_gz_bridge]: Creating GZ->ROS Bridge: [/delivery_2/cmd_vel (gz.msgs.Twist) -> /delivery_2/cmd_vel (geometry_msgs/msg/Twist)] (Lazy 0)
1777436378.2107320 [parameter_bridge-2] [INFO] [1777436378.210609068] [ros_gz_bridge]: Creating ROS->GZ Bridge: [/delivery_2/cmd_vel (geometry_msgs/msg/Twist) -> /delivery_2/cmd_vel (gz.msgs.Twist)] (Lazy 0)
1777436378.2112293 [parameter_bridge-2] [INFO] [1777436378.211093356] [ros_gz_bridge]: Creating GZ->ROS Bridge: [/delivery_2/odom (gz.msgs.Odometry) -> /delivery_2/odom (nav_msgs/msg/Odometry)] (Lazy 0)
1777436378.2117457 [parameter_bridge-2] [INFO] [1777436378.211611921] [ros_gz_bridge]: Creating ROS->GZ Bridge: [/delivery_2/odom (nav_msgs/msg/Odometry) -> /delivery_2/odom (gz.msgs.Odometry)] (Lazy 0)
1777436378.2122009 [parameter_bridge-2] [INFO] [1777436378.212089533] [ros_gz_bridge]: Creating GZ->ROS Bridge: [/delivery_3/cmd_vel (gz.msgs.Twist) -> /delivery_3/cmd_vel (geometry_msgs/msg/Twist)] (Lazy 0)
1777436378.2126193 [parameter_bridge-2] [INFO] [1777436378.212513978] [ros_gz_bridge]: Creating ROS->GZ Bridge: [/delivery_3/cmd_vel (geometry_msgs/msg/Twist) -> /delivery_3/cmd_vel (gz.msgs.Twist)] (Lazy 0)
1777436378.2130580 [parameter_bridge-2] [INFO] [1777436378.212945162] [ros_gz_bridge]: Creating GZ->ROS Bridge: [/delivery_3/odom (gz.msgs.Odometry) -> /delivery_3/odom (nav_msgs/msg/Odometry)] (Lazy 0)
1777436378.2134809 [parameter_bridge-2] [INFO] [1777436378.213368099] [ros_gz_bridge]: Creating ROS->GZ Bridge: [/delivery_3/odom (nav_msgs/msg/Odometry) -> /delivery_3/odom (gz.msgs.Odometry)] (Lazy 0)
1777436378.2139976 [parameter_bridge-2] [INFO] [1777436378.213869235] [ros_gz_bridge]: Creating GZ->ROS Bridge: [/cleaning_1/cmd_vel (gz.msgs.Twist) -> /cleaning_1/cmd_vel (geometry_msgs/msg/Twist)] (Lazy 0)
1777436378.2144084 [parameter_bridge-2] [INFO] [1777436378.214294547] [ros_gz_bridge]: Creating ROS->GZ Bridge: [/cleaning_1/cmd_vel (geometry_msgs/msg/Twist) -> /cleaning_1/cmd_vel (gz.msgs.Twist)] (Lazy 0)
1777436378.2148497 [parameter_bridge-2] [INFO] [1777436378.214736533] [ros_gz_bridge]: Creating GZ->ROS Bridge: [/cleaning_1/odom (gz.msgs.Odometry) -> /cleaning_1/odom (nav_msgs/msg/Odometry)] (Lazy 0)
1777436378.2152619 [parameter_bridge-2] [INFO] [1777436378.215163706] [ros_gz_bridge]: Creating ROS->GZ Bridge: [/cleaning_1/odom (nav_msgs/msg/Odometry) -> /cleaning_1/odom (gz.msgs.Odometry)] (Lazy 0)
1777436378.2157810 [parameter_bridge-2] [INFO] [1777436378.215680078] [ros_gz_bridge]: Creating GZ->ROS Bridge: [/cleaning_2/cmd_vel (gz.msgs.Twist) -> /cleaning_2/cmd_vel (geometry_msgs/msg/Twist)] (Lazy 0)
1777436378.2161641 [parameter_bridge-2] [INFO] [1777436378.216069535] [ros_gz_bridge]: Creating ROS->GZ Bridge: [/cleaning_2/cmd_vel (geometry_msgs/msg/Twist) -> /cleaning_2/cmd_vel (gz.msgs.Twist)] (Lazy 0)
1777436378.2165940 [parameter_bridge-2] [INFO] [1777436378.216496984] [ros_gz_bridge]: Creating GZ->ROS Bridge: [/cleaning_2/odom (gz.msgs.Odometry) -> /cleaning_2/odom (nav_msgs/msg/Odometry)] (Lazy 0)
1777436378.2169788 [parameter_bridge-2] [INFO] [1777436378.216882620] [ros_gz_bridge]: Creating ROS->GZ Bridge: [/cleaning_2/odom (nav_msgs/msg/Odometry) -> /cleaning_2/odom (gz.msgs.Odometry)] (Lazy 0)
1777436378.2174370 [parameter_bridge-2] [INFO] [1777436378.217332796] [ros_gz_bridge]: Creating GZ->ROS Bridge: [/patient_mover_1/cmd_vel (gz.msgs.Twist) -> /patient_mover_1/cmd_vel (geometry_msgs/msg/Twist)] (Lazy 0)
1777436378.2178199 [parameter_bridge-2] [INFO] [1777436378.217727191] [ros_gz_bridge]: Creating ROS->GZ Bridge: [/patient_mover_1/cmd_vel (geometry_msgs/msg/Twist) -> /patient_mover_1/cmd_vel (gz.msgs.Twist)] (Lazy 0)
1777436378.2182391 [parameter_bridge-2] [INFO] [1777436378.218140189] [ros_gz_bridge]: Creating GZ->ROS Bridge: [/patient_mover_1/odom (gz.msgs.Odometry) -> /patient_mover_1/odom (nav_msgs/msg/Odometry)] (Lazy 0)
1777436378.2186568 [parameter_bridge-2] [INFO] [1777436378.218559851] [ros_gz_bridge]: Creating ROS->GZ Bridge: [/patient_mover_1/odom (nav_msgs/msg/Odometry) -> /patient_mover_1/odom (gz.msgs.Odometry)] (Lazy 0)
1777436378.2191176 [parameter_bridge-2] [INFO] [1777436378.219019104] [ros_gz_bridge]: Creating GZ->ROS Bridge: [/patient_mover_2/cmd_vel (gz.msgs.Twist) -> /patient_mover_2/cmd_vel (geometry_msgs/msg/Twist)] (Lazy 0)
1777436378.2196093 [parameter_bridge-2] [INFO] [1777436378.219486964] [ros_gz_bridge]: Creating ROS->GZ Bridge: [/patient_mover_2/cmd_vel (geometry_msgs/msg/Twist) -> /patient_mover_2/cmd_vel (gz.msgs.Twist)] (Lazy 0)
1777436378.2200851 [parameter_bridge-2] [INFO] [1777436378.219955172] [ros_gz_bridge]: Creating GZ->ROS Bridge: [/patient_mover_2/odom (gz.msgs.Odometry) -> /patient_mover_2/odom (nav_msgs/msg/Odometry)] (Lazy 0)
1777436378.2206707 [parameter_bridge-2] [INFO] [1777436378.220508422] [ros_gz_bridge]: Creating ROS->GZ Bridge: [/patient_mover_2/odom (nav_msgs/msg/Odometry) -> /patient_mover_2/odom (gz.msgs.Odometry)] (Lazy 0)
1777436378.2213321 [parameter_bridge-2] [INFO] [1777436378.221175768] [ros_gz_bridge]: Creating GZ->ROS Bridge: [/heavy_supply_1/cmd_vel (gz.msgs.Twist) -> /heavy_supply_1/cmd_vel (geometry_msgs/msg/Twist)] (Lazy 0)
1777436378.2219014 [parameter_bridge-2] [INFO] [1777436378.221728097] [ros_gz_bridge]: Creating ROS->GZ Bridge: [/heavy_supply_1/cmd_vel (geometry_msgs/msg/Twist) -> /heavy_supply_1/cmd_vel (gz.msgs.Twist)] (Lazy 0)
1777436378.2225609 [parameter_bridge-2] [INFO] [1777436378.222442042] [ros_gz_bridge]: Creating GZ->ROS Bridge: [/heavy_supply_1/odom (gz.msgs.Odometry) -> /heavy_supply_1/odom (nav_msgs/msg/Odometry)] (Lazy 0)
1777436378.2230270 [parameter_bridge-2] [INFO] [1777436378.222905328] [ros_gz_bridge]: Creating ROS->GZ Bridge: [/heavy_supply_1/odom (nav_msgs/msg/Odometry) -> /heavy_supply_1/odom (gz.msgs.Odometry)] (Lazy 0)
1777436378.2234976 [parameter_bridge-2] [INFO] [1777436378.223392046] [ros_gz_bridge]: Creating GZ->ROS Bridge: [/lab_courier_1/cmd_vel (gz.msgs.Twist) -> /lab_courier_1/cmd_vel (geometry_msgs/msg/Twist)] (Lazy 0)
1777436378.2239084 [parameter_bridge-2] [INFO] [1777436378.223799839] [ros_gz_bridge]: Creating ROS->GZ Bridge: [/lab_courier_1/cmd_vel (geometry_msgs/msg/Twist) -> /lab_courier_1/cmd_vel (gz.msgs.Twist)] (Lazy 0)
1777436378.2243683 [parameter_bridge-2] [INFO] [1777436378.224254897] [ros_gz_bridge]: Creating GZ->ROS Bridge: [/lab_courier_1/odom (gz.msgs.Odometry) -> /lab_courier_1/odom (nav_msgs/msg/Odometry)] (Lazy 0)
1777436378.2249291 [parameter_bridge-2] [INFO] [1777436378.224754955] [ros_gz_bridge]: Creating ROS->GZ Bridge: [/lab_courier_1/odom (nav_msgs/msg/Odometry) -> /lab_courier_1/odom (gz.msgs.Odometry)] (Lazy 0)
1777436378.2256165 [parameter_bridge-2] [INFO] [1777436378.225442588] [ros_gz_bridge]: Creating GZ->ROS Bridge: [/emergency_1/cmd_vel (gz.msgs.Twist) -> /emergency_1/cmd_vel (geometry_msgs/msg/Twist)] (Lazy 0)
1777436378.2262552 [parameter_bridge-2] [INFO] [1777436378.226092562] [ros_gz_bridge]: Creating ROS->GZ Bridge: [/emergency_1/cmd_vel (geometry_msgs/msg/Twist) -> /emergency_1/cmd_vel (gz.msgs.Twist)] (Lazy 0)
1777436378.2269423 [parameter_bridge-2] [INFO] [1777436378.226788837] [ros_gz_bridge]: Creating GZ->ROS Bridge: [/emergency_1/odom (gz.msgs.Odometry) -> /emergency_1/odom (nav_msgs/msg/Odometry)] (Lazy 0)
1777436378.2274232 [parameter_bridge-2] [INFO] [1777436378.227314654] [ros_gz_bridge]: Creating ROS->GZ Bridge: [/emergency_1/odom (nav_msgs/msg/Odometry) -> /emergency_1/odom (gz.msgs.Odometry)] (Lazy 0)
1777436378.2280681 [parameter_bridge-2] [INFO] [1777436378.227943975] [ros_gz_bridge]: Creating GZ->ROS Bridge: [/general_1/cmd_vel (gz.msgs.Twist) -> /general_1/cmd_vel (geometry_msgs/msg/Twist)] (Lazy 0)
1777436378.2285712 [parameter_bridge-2] [INFO] [1777436378.228404122] [ros_gz_bridge]: Creating ROS->GZ Bridge: [/general_1/cmd_vel (geometry_msgs/msg/Twist) -> /general_1/cmd_vel (gz.msgs.Twist)] (Lazy 0)
1777436378.2290275 [parameter_bridge-2] [INFO] [1777436378.228936085] [ros_gz_bridge]: Creating GZ->ROS Bridge: [/general_1/odom (gz.msgs.Odometry) -> /general_1/odom (nav_msgs/msg/Odometry)] (Lazy 0)
1777436378.2294381 [parameter_bridge-2] [INFO] [1777436378.229350826] [ros_gz_bridge]: Creating ROS->GZ Bridge: [/general_1/odom (nav_msgs/msg/Odometry) -> /general_1/odom (gz.msgs.Odometry)] (Lazy 0)
1777436378.2299221 [parameter_bridge-2] [INFO] [1777436378.229835140] [ros_gz_bridge]: Creating GZ->ROS Bridge: [/general_2/cmd_vel (gz.msgs.Twist) -> /general_2/cmd_vel (geometry_msgs/msg/Twist)] (Lazy 0)
1777436378.2303069 [parameter_bridge-2] [INFO] [1777436378.230223703] [ros_gz_bridge]: Creating ROS->GZ Bridge: [/general_2/cmd_vel (geometry_msgs/msg/Twist) -> /general_2/cmd_vel (gz.msgs.Twist)] (Lazy 0)
1777436378.2307553 [parameter_bridge-2] [INFO] [1777436378.230666784] [ros_gz_bridge]: Creating GZ->ROS Bridge: [/general_2/odom (gz.msgs.Odometry) -> /general_2/odom (nav_msgs/msg/Odometry)] (Lazy 0)
1777436378.2311568 [parameter_bridge-2] [INFO] [1777436378.231072338] [ros_gz_bridge]: Creating ROS->GZ Bridge: [/general_2/odom (nav_msgs/msg/Odometry) -> /general_2/odom (gz.msgs.Odometry)] (Lazy 0)
1777436382.0832841 [parameter_bridge-2] [INFO] [1777436382.083003938] [ros_gz_bridge]: Passing message from ROS geometry_msgs/msg/Twist to Gazebo gz.msgs.Twist (showing msg only once per type)
