[0.458s] Invoking command in '/home/india/Documents/ai-hospital/build/hospital_fleet_manager': DEBUGINFOD_URLS=https://debuginfod.ubuntu.com PYTHONPATH=/home/india/Documents/ai-hospital/build/hospital_fleet_manager/prefix_override:/home/india/Documents/ai-hospital/install/hospital_fleet_manager/lib/python3.12/site-packages: /usr/bin/python3 setup.py develop --editable --build-directory /home/india/Documents/ai-hospital/build/hospital_fleet_manager/build --no-deps install_data
[0.617s] /usr/lib/python3/dist-packages/setuptools/command/develop.py:40: EasyInstallDeprecationWarning: easy_install command is deprecated.
[0.617s] !!
[0.617s] 
[0.617s]         ********************************************************************************
[0.617s]         Please avoid running ``setup.py`` and ``easy_install``.
[0.617s]         Instead, use pypa/build, pypa/installer or other
[0.617s]         standards-based tools.
[0.617s] 
[0.617s]         See https://github.com/pypa/setuptools/issues/917 for details.
[0.617s]         ********************************************************************************
[0.618s] 
[0.618s] !!
[0.618s]   easy_install.initialize_options(self)
[0.618s] running develop
[0.628s] /usr/lib/python3/dist-packages/setuptools/_distutils/cmd.py:66: SetuptoolsDeprecationWarning: setup.py install is deprecated.
[0.628s] !!
[0.628s] 
[0.628s]         ********************************************************************************
[0.628s]         Please avoid running ``setup.py`` directly.
[0.628s]         Instead, use pypa/build, pypa/installer or other
[0.628s]         standards-based tools.
[0.629s] 
[0.629s]         See https://blog.ganssle.io/articles/2021/10/setup-py-deprecated.html for details.
[0.629s]         ********************************************************************************
[0.629s] 
[0.629s] !!
[0.629s]   self.initialize_options()
[0.665s] /usr/lib/python3/dist-packages/setuptools/command/easy_install.py:363: UserWarning: Unbuilt egg for pytest-repeat [unknown version] (/usr/lib/python3/dist-packages)
[0.665s]   self.local_index = Environment(self.shadow_path + sys.path)
[0.676s] running egg_info
[0.676s] creating hospital_fleet_manager.egg-info
[0.682s] writing hospital_fleet_manager.egg-info/PKG-INFO
[0.682s] writing dependency_links to hospital_fleet_manager.egg-info/dependency_links.txt
[0.682s] writing entry points to hospital_fleet_manager.egg-info/entry_points.txt
[0.682s] writing requirements to hospital_fleet_manager.egg-info/requires.txt
[0.682s] writing top-level names to hospital_fleet_manager.egg-info/top_level.txt
[0.682s] writing manifest file 'hospital_fleet_manager.egg-info/SOURCES.txt'
[0.693s] reading manifest file 'hospital_fleet_manager.egg-info/SOURCES.txt'
[0.694s] writing manifest file 'hospital_fleet_manager.egg-info/SOURCES.txt'
[0.700s] running build_ext
[0.700s] Creating /home/india/Documents/ai-hospital/install/hospital_fleet_manager/lib/python3.12/site-packages/hospital-fleet-manager.egg-link (link to .)
[0.700s] Installing dashboard script to /home/india/Documents/ai-hospital/install/hospital_fleet_manager/lib/hospital_fleet_manager
[0.701s] Installing dashboard_visual script to /home/india/Documents/ai-hospital/install/hospital_fleet_manager/lib/hospital_fleet_manager
[0.701s] Installing fleet_scheduler script to /home/india/Documents/ai-hospital/install/hospital_fleet_manager/lib/hospital_fleet_manager
[0.701s] Installing robot_simulator script to /home/india/Documents/ai-hospital/install/hospital_fleet_manager/lib/hospital_fleet_manager
[0.701s] 
[0.701s] Installed /home/india/Documents/ai-hospital/build/hospital_fleet_manager
[0.701s] running install_data
[0.701s] copying package.xml -> /home/india/Documents/ai-hospital/install/hospital_fleet_manager/share/hospital_fleet_manager
[0.702s] copying resource/hospital_fleet_manager -> /home/india/Documents/ai-hospital/install/hospital_fleet_manager/share/hospital_fleet_manager
[0.702s] creating /home/india/Documents/ai-hospital/install/hospital_fleet_manager/share/hospital_fleet_manager/launch
[0.702s] copying hospital_fleet_manager/launch/hospital_stack.launch.py -> /home/india/Documents/ai-hospital/install/hospital_fleet_manager/share/hospital_fleet_manager/launch
[0.702s] copying hospital_fleet_manager/launch/gazebo_hospital.launch.py -> /home/india/Documents/ai-hospital/install/hospital_fleet_manager/share/hospital_fleet_manager/launch
[0.702s] creating /home/india/Documents/ai-hospital/install/hospital_fleet_manager/share/hospital_fleet_manager/worlds
[0.702s] copying hospital_fleet_manager/worlds/hospital.world -> /home/india/Documents/ai-hospital/install/hospital_fleet_manager/share/hospital_fleet_manager/worlds
[0.702s] creating /home/india/Documents/ai-hospital/install/hospital_fleet_manager/share/hospital_fleet_manager/models
[0.702s] copying hospital_fleet_manager/models/hospital_robot.urdf -> /home/india/Documents/ai-hospital/install/hospital_fleet_manager/share/hospital_fleet_manager/models
[0.702s] copying hospital_fleet_manager/models/model.sdf -> /home/india/Documents/ai-hospital/install/hospital_fleet_manager/share/hospital_fleet_manager/models
[0.702s] copying hospital_fleet_manager/models/model.config -> /home/india/Documents/ai-hospital/install/hospital_fleet_manager/share/hospital_fleet_manager/models
[0.702s] copying hospital_fleet_manager/models/ai_model.joblib -> /home/india/Documents/ai-hospital/install/hospital_fleet_manager/share/hospital_fleet_manager/models
[0.702s] copying hospital_fleet_manager/models/hospital_robot/hospital_robot.urdf -> /home/india/Documents/ai-hospital/install/hospital_fleet_manager/share/hospital_fleet_manager/models
[0.703s] copying hospital_fleet_manager/models/hospital_robot/model.sdf -> /home/india/Documents/ai-hospital/install/hospital_fleet_manager/share/hospital_fleet_manager/models
[0.703s] copying hospital_fleet_manager/models/hospital_robot/model.config -> /home/india/Documents/ai-hospital/install/hospital_fleet_manager/share/hospital_fleet_manager/models
[0.703s] creating /home/india/Documents/ai-hospital/install/hospital_fleet_manager/share/hospital_fleet_manager/config
[0.703s] copying hospital_fleet_manager/config/scenario_default.yaml -> /home/india/Documents/ai-hospital/install/hospital_fleet_manager/share/hospital_fleet_manager/config
[0.703s] copying hospital_fleet_manager/config/nav2_params.yaml -> /home/india/Documents/ai-hospital/install/hospital_fleet_manager/share/hospital_fleet_manager/config
[0.703s] creating /home/india/Documents/ai-hospital/install/hospital_fleet_manager/share/hospital_fleet_manager/maps
[0.703s] copying hospital_fleet_manager/maps/hospital_map.pgm -> /home/india/Documents/ai-hospital/install/hospital_fleet_manager/share/hospital_fleet_manager/maps
[0.703s] copying hospital_fleet_manager/maps/hospital_map.yaml -> /home/india/Documents/ai-hospital/install/hospital_fleet_manager/share/hospital_fleet_manager/maps
[0.725s] Invoked command in '/home/india/Documents/ai-hospital/build/hospital_fleet_manager' returned '0': DEBUGINFOD_URLS=https://debuginfod.ubuntu.com PYTHONPATH=/home/india/Documents/ai-hospital/build/hospital_fleet_manager/prefix_override:/home/india/Documents/ai-hospital/install/hospital_fleet_manager/lib/python3.12/site-packages: /usr/bin/python3 setup.py develop --editable --build-directory /home/india/Documents/ai-hospital/build/hospital_fleet_manager/build --no-deps install_data
