[INFO] [1777348200.036531811] [delivery_1.nav2_container]: Load Library: /opt/ros/jazzy/lib/libcontroller_server_core.so
[INFO] [1777348200.052975632] [delivery_1.nav2_container]: Found class: rclcpp_components::NodeFactoryTemplate<nav2_controller::ControllerServer>
[INFO] [1777348200.053977019] [delivery_1.nav2_container]: Instantiate class: rclcpp_components::NodeFactoryTemplate<nav2_controller::ControllerServer>
[INFO] [1777348200.090454884] [delivery_1.controller_server]: 
	controller_server lifecycle node launched. 
	Waiting on external lifecycle transitions to activate
	See https://design.ros2.org/articles/node_lifecycle.html for more information.
[INFO] [1777348200.100808883] [delivery_1.controller_server]: Creating controller server
[INFO] [1777348200.660867160] [delivery_1.local_costmap.local_costmap]: 
	local_costmap lifecycle node launched. 
	Waiting on external lifecycle transitions to activate
	See https://design.ros2.org/articles/node_lifecycle.html for more information.
[INFO] [1777348200.661672820] [delivery_1.local_costmap.local_costmap]: Creating Costmap
[INFO] [1777348200.669380385] [delivery_1.nav2_container]: Load Library: /opt/ros/jazzy/lib/libmap_server_core.so
[INFO] [1777348200.699437049] [delivery_1.nav2_container]: Found class: rclcpp_components::NodeFactoryTemplate<nav2_map_server::CostmapFilterInfoServer>
[INFO] [1777348200.699483543] [delivery_1.nav2_container]: Found class: rclcpp_components::NodeFactoryTemplate<nav2_map_server::MapSaver>
[INFO] [1777348200.699487669] [delivery_1.nav2_container]: Found class: rclcpp_components::NodeFactoryTemplate<nav2_map_server::MapServer>
[INFO] [1777348200.699491310] [delivery_1.nav2_container]: Instantiate class: rclcpp_components::NodeFactoryTemplate<nav2_map_server::MapServer>
[INFO] [1777348200.888636155] [delivery_1.map_server]: 
	map_server lifecycle node launched. 
	Waiting on external lifecycle transitions to activate
	See https://design.ros2.org/articles/node_lifecycle.html for more information.
[INFO] [1777348200.888734544] [delivery_1.map_server]: Creating
[INFO] [1777348200.889348973] [delivery_1.nav2_container]: Load Library: /opt/ros/jazzy/lib/libamcl_core.so
[INFO] [1777348200.900873433] [delivery_1.nav2_container]: Found class: rclcpp_components::NodeFactoryTemplate<nav2_amcl::AmclNode>
[INFO] [1777348200.900948004] [delivery_1.nav2_container]: Instantiate class: rclcpp_components::NodeFactoryTemplate<nav2_amcl::AmclNode>
[INFO] [1777348201.175764552] [delivery_1.amcl]: 
	amcl lifecycle node launched. 
	Waiting on external lifecycle transitions to activate
	See https://design.ros2.org/articles/node_lifecycle.html for more information.
[INFO] [1777348201.176254623] [delivery_1.amcl]: Creating
[INFO] [1777348201.453876149] [delivery_1.nav2_container]: Load Library: /opt/ros/jazzy/lib/libsmoother_server_core.so
[INFO] [1777348201.456670113] [delivery_1.nav2_container]: Found class: rclcpp_components::NodeFactoryTemplate<nav2_smoother::SmootherServer>
[INFO] [1777348201.456723366] [delivery_1.nav2_container]: Instantiate class: rclcpp_components::NodeFactoryTemplate<nav2_smoother::SmootherServer>
[INFO] [1777348201.662038490] [delivery_1.smoother_server]: 
	smoother_server lifecycle node launched. 
	Waiting on external lifecycle transitions to activate
	See https://design.ros2.org/articles/node_lifecycle.html for more information.
[INFO] [1777348201.672746173] [delivery_1.smoother_server]: Creating smoother server
[INFO] [1777348201.841792859] [delivery_1.nav2_container]: Load Library: /opt/ros/jazzy/lib/libnav2_lifecycle_manager_core.so
[INFO] [1777348201.843267877] [delivery_1.nav2_container]: Found class: rclcpp_components::NodeFactoryTemplate<nav2_lifecycle_manager::LifecycleManager>
[INFO] [1777348201.843318556] [delivery_1.nav2_container]: Instantiate class: rclcpp_components::NodeFactoryTemplate<nav2_lifecycle_manager::LifecycleManager>
[INFO] [1777348202.117910598] [delivery_1.lifecycle_manager_localization]: Creating
[INFO] [1777348202.161419832] [delivery_1.lifecycle_manager_localization]: [34m[1mCreating and initializing lifecycle service clients[0m[0m
[INFO] [1777348202.225045106] [delivery_1.lifecycle_manager_localization]: [34m[1mStarting managed nodes bringup...[0m[0m
[INFO] [1777348202.225104734] [delivery_1.lifecycle_manager_localization]: [34m[1mConfiguring map_server[0m[0m
[INFO] [1777348202.228539706] [delivery_1.map_server]: Configuring
[INFO] [1777348202.228646113] [map_io]: Loading yaml file: /home/india/Documents/ai-hospital/hospital_ws/install/hospital_fleet_manager/share/hospital_fleet_manager/maps/hospital_map.yaml
[INFO] [1777348202.232249285] [map_io]: resolution: 0.05
[INFO] [1777348202.232290425] [map_io]: origin[0]: -10
[INFO] [1777348202.232299623] [map_io]: origin[1]: -10
[INFO] [1777348202.232305113] [map_io]: origin[2]: 0
[INFO] [1777348202.232310716] [map_io]: free_thresh: 0.196
[INFO] [1777348202.232316070] [map_io]: occupied_thresh: 0.65
[INFO] [1777348202.232323613] [map_io]: mode: trinary
[INFO] [1777348202.232330319] [map_io]: negate: 0
[INFO] [1777348202.235955590] [map_io]: Loading image_file: /home/india/Documents/ai-hospital/hospital_ws/install/hospital_fleet_manager/share/hospital_fleet_manager/maps/hospital_map.pgm
[INFO] [1777348202.258533853] [map_io]: Read map /home/india/Documents/ai-hospital/hospital_ws/install/hospital_fleet_manager/share/hospital_fleet_manager/maps/hospital_map.pgm: 400 X 400 map @ 0.05 m/cell
[INFO] [1777348202.315543275] [delivery_1.lifecycle_manager_localization]: [34m[1mConfiguring amcl[0m[0m
[INFO] [1777348202.321177544] [delivery_1.amcl]: Configuring
[INFO] [1777348202.321330524] [delivery_1.amcl]: initTransforms
[INFO] [1777348202.386304710] [delivery_1.amcl]: initPubSub
[INFO] [1777348202.437834699] [delivery_1.amcl]: Subscribed to map topic.
[INFO] [1777348202.438819579] [delivery_1.nav2_container]: Load Library: /opt/ros/jazzy/lib/libplanner_server_core.so
[INFO] [1777348202.443573419] [delivery_1.nav2_container]: Found class: rclcpp_components::NodeFactoryTemplate<nav2_planner::PlannerServer>
[INFO] [1777348202.443617264] [delivery_1.nav2_container]: Instantiate class: rclcpp_components::NodeFactoryTemplate<nav2_planner::PlannerServer>
[INFO] [1777348202.535941020] [delivery_1.lifecycle_manager_localization]: [34m[1mActivating map_server[0m[0m
[INFO] [1777348202.536823975] [delivery_1.map_server]: Activating
[INFO] [1777348202.537174787] [delivery_1.map_server]: Creating bond (map_server) to lifecycle manager.
[INFO] [1777348202.537344912] [delivery_1.amcl]: Received a 400 X 400 map @ 0.050 m/pix
[INFO] [1777348202.826016718] [delivery_1.lifecycle_manager_localization]: Server map_server connected with bond.
[INFO] [1777348202.826071561] [delivery_1.lifecycle_manager_localization]: [34m[1mActivating amcl[0m[0m
[INFO] [1777348202.826787311] [delivery_1.amcl]: Activating
[INFO] [1777348202.826855272] [delivery_1.amcl]: Creating bond (amcl) to lifecycle manager.
[INFO] [1777348203.133934798] [delivery_1.lifecycle_manager_localization]: Server amcl connected with bond.
[INFO] [1777348203.134003766] [delivery_1.lifecycle_manager_localization]: [34m[1mManaged nodes are active[0m[0m
[INFO] [1777348203.134034749] [delivery_1.lifecycle_manager_localization]: [34m[1mCreating bond timer...[0m[0m
[INFO] [1777348203.152028678] [delivery_1.planner_server]: 
	planner_server lifecycle node launched. 
	Waiting on external lifecycle transitions to activate
	See https://design.ros2.org/articles/node_lifecycle.html for more information.
[INFO] [1777348203.162537683] [delivery_1.planner_server]: Creating
[INFO] [1777348203.597397959] [delivery_1.global_costmap.global_costmap]: 
	global_costmap lifecycle node launched. 
	Waiting on external lifecycle transitions to activate
	See https://design.ros2.org/articles/node_lifecycle.html for more information.
[INFO] [1777348203.600125432] [delivery_1.global_costmap.global_costmap]: Creating Costmap
[INFO] [1777348203.773813507] [delivery_1.nav2_container]: Load Library: /opt/ros/jazzy/lib/libroute_server_core.so
[INFO] [1777348203.776454600] [delivery_1.nav2_container]: Found class: rclcpp_components::NodeFactoryTemplate<nav2_route::RouteServer>
[INFO] [1777348203.787754078] [delivery_1.nav2_container]: Instantiate class: rclcpp_components::NodeFactoryTemplate<nav2_route::RouteServer>
[INFO] [1777348204.509245407] [delivery_1.route_server]: 
	route_server lifecycle node launched. 
	Waiting on external lifecycle transitions to activate
	See https://design.ros2.org/articles/node_lifecycle.html for more information.
[INFO] [1777348206.048059697] [delivery_1.nav2_container]: Load Library: /opt/ros/jazzy/lib/libbehavior_server_core.so
[INFO] [1777348206.050302959] [delivery_1.nav2_container]: Found class: rclcpp_components::NodeFactoryTemplate<behavior_server::BehaviorServer>
[INFO] [1777348206.050373887] [delivery_1.nav2_container]: Instantiate class: rclcpp_components::NodeFactoryTemplate<behavior_server::BehaviorServer>
[INFO] [1777348206.552378062] [delivery_1.behavior_server]: 
	behavior_server lifecycle node launched. 
	Waiting on external lifecycle transitions to activate
	See https://design.ros2.org/articles/node_lifecycle.html for more information.
[INFO] [1777348206.950835766] [rclcpp]: signal_handler(SIGINT/SIGTERM)
[INFO] [1777348206.950993125] [delivery_1.controller_server]: Running Nav2 LifecycleNode rcl preshutdown (controller_server)
[INFO] [1777348206.951069994] [delivery_1.controller_server]: Destroying bond (controller_server) to lifecycle manager.
[INFO] [1777348206.951088821] [delivery_1.map_server]: Running Nav2 LifecycleNode rcl preshutdown (map_server)
[INFO] [1777348206.951137521] [delivery_1.map_server]: Deactivating
[INFO] [1777348206.951157796] [delivery_1.map_server]: Destroying bond (map_server) to lifecycle manager.
[INFO] [1777348206.963046806] [delivery_1.map_server]: Cleaning up
[INFO] [1777348206.963123543] [delivery_1.map_server]: Destroying bond (map_server) to lifecycle manager.
[INFO] [1777348206.963135519] [delivery_1.amcl]: Running Nav2 LifecycleNode rcl preshutdown (amcl)
[INFO] [1777348206.963160267] [delivery_1.amcl]: Deactivating
[INFO] [1777348206.963190246] [delivery_1.amcl]: Destroying bond (amcl) to lifecycle manager.
[INFO] [1777348206.976576538] [delivery_1.amcl]: Cleaning up
[INFO] [1777348207.134192159] [delivery_1.lifecycle_manager_localization]: [34m[1mHave not received a heartbeat from map_server.[0m[0m
[ERROR] [1777348207.134274763] [delivery_1.lifecycle_manager_localization]: CRITICAL FAILURE: SERVER map_server IS DOWN after not receiving a heartbeat for 4000 ms. Shutting down related nodes.
[INFO] [1777348207.134370245] [delivery_1.lifecycle_manager_localization]: [34m[1mTerminating bond timer...[0m[0m
[INFO] [1777348207.134389811] [delivery_1.lifecycle_manager_localization]: [34m[1mResetting managed nodes...[0m[0m
[INFO] [1777348207.134403683] [delivery_1.lifecycle_manager_localization]: [34m[1mDeactivating amcl[0m[0m
[INFO] [1777348208.210912711] [delivery_1.amcl]: Destroying bond (amcl) to lifecycle manager.
[INFO] [1777348208.210974304] [delivery_1.smoother_server]: Running Nav2 LifecycleNode rcl preshutdown (smoother_server)
[INFO] [1777348208.210991018] [delivery_1.smoother_server]: Destroying bond (smoother_server) to lifecycle manager.
[INFO] [1777348208.210999988] [delivery_1.lifecycle_manager_localization]: Running Nav2 LifecycleManager rcl preshutdown (lifecycle_manager_localization)
[WARN] [1777348208.386041225] [rcl_lifecycle]: No transition matching 4 found for current state unconfigured
[WARN] [1777348208.386092453] [rcl_lifecycle]: No transition matching 4 found for current state unconfigured
[ERROR] [1777348208.386109457] [delivery_1.amcl]: Unable to start transition 4 from current state unconfigured: Transition is not registered., at ./src/rcl_lifecycle.c:355
[ERROR] [1777348208.405733987] [delivery_1.lifecycle_manager_localization]: Failed to change state for node: amcl
[INFO] [1777348208.405837803] [delivery_1.lifecycle_manager_localization]: [34m[1mDeactivating map_server[0m[0m
[WARN] [1777348208.407139179] [rcl_lifecycle]: No transition matching 4 found for current state unconfigured
[WARN] [1777348208.407165027] [rcl_lifecycle]: No transition matching 4 found for current state unconfigured
[ERROR] [1777348208.407170549] [delivery_1.map_server]: Unable to start transition 4 from current state unconfigured: Transition is not registered., at ./src/rcl_lifecycle.c:355
[ERROR] [1777348208.408310091] [delivery_1.lifecycle_manager_localization]: Failed to change state for node: map_server
[INFO] [1777348208.408406812] [delivery_1.lifecycle_manager_localization]: [34m[1mCleaning up amcl[0m[0m
[WARN] [1777348208.409452810] [rcl_lifecycle]: No transition matching 2 found for current state unconfigured
[WARN] [1777348208.409486287] [rcl_lifecycle]: No transition matching 2 found for current state unconfigured
[ERROR] [1777348208.409493048] [delivery_1.amcl]: Unable to start transition 2 from current state unconfigured: Transition is not registered., at ./src/rcl_lifecycle.c:355
[INFO] [1777348208.411364744] [delivery_1.lifecycle_manager_localization]: [34m[1mCleaning up map_server[0m[0m
[WARN] [1777348208.413808065] [rcl_lifecycle]: No transition matching 2 found for current state unconfigured
[WARN] [1777348208.413846847] [rcl_lifecycle]: No transition matching 2 found for current state unconfigured
[ERROR] [1777348208.413857482] [delivery_1.map_server]: Unable to start transition 2 from current state unconfigured: Transition is not registered., at ./src/rcl_lifecycle.c:355
[INFO] [1777348208.421927106] [delivery_1.lifecycle_manager_localization]: [34m[1mManaged nodes have been reset[0m[0m
[INFO] [1777348208.486485125] [delivery_1.planner_server]: Running Nav2 LifecycleNode rcl preshutdown (planner_server)
[INFO] [1777348208.486609883] [delivery_1.planner_server]: Destroying bond (planner_server) to lifecycle manager.
[INFO] [1777348208.486631646] [delivery_1.route_server]: Running Nav2 LifecycleNode rcl preshutdown (route_server)
[INFO] [1777348208.486652697] [delivery_1.route_server]: Destroying bond (route_server) to lifecycle manager.
[INFO] [1777348208.486669913] [delivery_1.behavior_server]: Running Nav2 LifecycleNode rcl preshutdown (behavior_server)
[INFO] [1777348208.486689611] [delivery_1.behavior_server]: Destroying bond (behavior_server) to lifecycle manager.
