[INFO] [1777348200.822108557] [lab_courier_1.nav2_container]: Load Library: /opt/ros/jazzy/lib/libmap_server_core.so
[INFO] [1777348200.859981655] [lab_courier_1.nav2_container]: Found class: rclcpp_components::NodeFactoryTemplate<nav2_map_server::CostmapFilterInfoServer>
[INFO] [1777348200.860036515] [lab_courier_1.nav2_container]: Found class: rclcpp_components::NodeFactoryTemplate<nav2_map_server::MapSaver>
[INFO] [1777348200.860046367] [lab_courier_1.nav2_container]: Found class: rclcpp_components::NodeFactoryTemplate<nav2_map_server::MapServer>
[INFO] [1777348200.860058673] [lab_courier_1.nav2_container]: Instantiate class: rclcpp_components::NodeFactoryTemplate<nav2_map_server::MapServer>
[INFO] [1777348201.087653481] [lab_courier_1.map_server]: 
	map_server lifecycle node launched. 
	Waiting on external lifecycle transitions to activate
	See https://design.ros2.org/articles/node_lifecycle.html for more information.
[INFO] [1777348201.087746183] [lab_courier_1.map_server]: Creating
[INFO] [1777348201.091610240] [lab_courier_1.nav2_container]: Load Library: /opt/ros/jazzy/lib/libamcl_core.so
[INFO] [1777348201.103257290] [lab_courier_1.nav2_container]: Found class: rclcpp_components::NodeFactoryTemplate<nav2_amcl::AmclNode>
[INFO] [1777348201.103322128] [lab_courier_1.nav2_container]: Instantiate class: rclcpp_components::NodeFactoryTemplate<nav2_amcl::AmclNode>
[INFO] [1777348201.246369024] [lab_courier_1.amcl]: 
	amcl lifecycle node launched. 
	Waiting on external lifecycle transitions to activate
	See https://design.ros2.org/articles/node_lifecycle.html for more information.
[INFO] [1777348201.246753890] [lab_courier_1.amcl]: Creating
[INFO] [1777348201.281623043] [lab_courier_1.nav2_container]: Load Library: /opt/ros/jazzy/lib/libcontroller_server_core.so
[INFO] [1777348201.287524106] [lab_courier_1.nav2_container]: Found class: rclcpp_components::NodeFactoryTemplate<nav2_controller::ControllerServer>
[INFO] [1777348201.287578572] [lab_courier_1.nav2_container]: Instantiate class: rclcpp_components::NodeFactoryTemplate<nav2_controller::ControllerServer>
[INFO] [1777348201.445068319] [lab_courier_1.controller_server]: 
	controller_server lifecycle node launched. 
	Waiting on external lifecycle transitions to activate
	See https://design.ros2.org/articles/node_lifecycle.html for more information.
[INFO] [1777348201.457532314] [lab_courier_1.controller_server]: Creating controller server
[INFO] [1777348201.609159024] [lab_courier_1.local_costmap.local_costmap]: 
	local_costmap lifecycle node launched. 
	Waiting on external lifecycle transitions to activate
	See https://design.ros2.org/articles/node_lifecycle.html for more information.
[INFO] [1777348201.609921882] [lab_courier_1.local_costmap.local_costmap]: Creating Costmap
[INFO] [1777348202.268891909] [lab_courier_1.nav2_container]: Load Library: /opt/ros/jazzy/lib/libsmoother_server_core.so
[INFO] [1777348202.276000272] [lab_courier_1.nav2_container]: Found class: rclcpp_components::NodeFactoryTemplate<nav2_smoother::SmootherServer>
[INFO] [1777348202.278214388] [lab_courier_1.nav2_container]: Instantiate class: rclcpp_components::NodeFactoryTemplate<nav2_smoother::SmootherServer>
[INFO] [1777348202.644342505] [lab_courier_1.smoother_server]: 
	smoother_server lifecycle node launched. 
	Waiting on external lifecycle transitions to activate
	See https://design.ros2.org/articles/node_lifecycle.html for more information.
[INFO] [1777348202.649345072] [lab_courier_1.smoother_server]: Creating smoother server
[INFO] [1777348202.901624006] [lab_courier_1.nav2_container]: Load Library: /opt/ros/jazzy/lib/libplanner_server_core.so
[INFO] [1777348202.903019010] [lab_courier_1.nav2_container]: Found class: rclcpp_components::NodeFactoryTemplate<nav2_planner::PlannerServer>
[INFO] [1777348202.903077242] [lab_courier_1.nav2_container]: Instantiate class: rclcpp_components::NodeFactoryTemplate<nav2_planner::PlannerServer>
[INFO] [1777348203.197413440] [lab_courier_1.planner_server]: 
	planner_server lifecycle node launched. 
	Waiting on external lifecycle transitions to activate
	See https://design.ros2.org/articles/node_lifecycle.html for more information.
[INFO] [1777348203.207318420] [lab_courier_1.planner_server]: Creating
[INFO] [1777348203.618536326] [lab_courier_1.global_costmap.global_costmap]: 
	global_costmap lifecycle node launched. 
	Waiting on external lifecycle transitions to activate
	See https://design.ros2.org/articles/node_lifecycle.html for more information.
[INFO] [1777348203.623105343] [lab_courier_1.global_costmap.global_costmap]: Creating Costmap
[INFO] [1777348203.729764607] [lab_courier_1.nav2_container]: Load Library: /opt/ros/jazzy/lib/libroute_server_core.so
[INFO] [1777348203.733006479] [lab_courier_1.nav2_container]: Found class: rclcpp_components::NodeFactoryTemplate<nav2_route::RouteServer>
[INFO] [1777348203.733068571] [lab_courier_1.nav2_container]: Instantiate class: rclcpp_components::NodeFactoryTemplate<nav2_route::RouteServer>
[INFO] [1777348204.322248180] [lab_courier_1.route_server]: 
	route_server lifecycle node launched. 
	Waiting on external lifecycle transitions to activate
	See https://design.ros2.org/articles/node_lifecycle.html for more information.
[INFO] [1777348204.322648241] [lab_courier_1.nav2_container]: Load Library: /opt/ros/jazzy/lib/libnav2_lifecycle_manager_core.so
[INFO] [1777348204.323850334] [lab_courier_1.nav2_container]: Found class: rclcpp_components::NodeFactoryTemplate<nav2_lifecycle_manager::LifecycleManager>
[INFO] [1777348204.323895657] [lab_courier_1.nav2_container]: Instantiate class: rclcpp_components::NodeFactoryTemplate<nav2_lifecycle_manager::LifecycleManager>
[INFO] [1777348204.670987016] [lab_courier_1.lifecycle_manager_localization]: Creating
[INFO] [1777348204.759040466] [lab_courier_1.lifecycle_manager_localization]: [34m[1mCreating and initializing lifecycle service clients[0m[0m
[INFO] [1777348204.761291032] [lab_courier_1.nav2_container]: Load Library: /opt/ros/jazzy/lib/libbehavior_server_core.so
[INFO] [1777348204.762915737] [lab_courier_1.nav2_container]: Found class: rclcpp_components::NodeFactoryTemplate<behavior_server::BehaviorServer>
[INFO] [1777348204.762975067] [lab_courier_1.nav2_container]: Instantiate class: rclcpp_components::NodeFactoryTemplate<behavior_server::BehaviorServer>
[INFO] [1777348204.816662533] [lab_courier_1.lifecycle_manager_localization]: [34m[1mStarting managed nodes bringup...[0m[0m
[INFO] [1777348204.816720161] [lab_courier_1.lifecycle_manager_localization]: [34m[1mConfiguring map_server[0m[0m
[INFO] [1777348204.819952998] [lab_courier_1.map_server]: Configuring
[INFO] [1777348204.820079436] [map_io]: Loading yaml file: /home/india/Documents/ai-hospital/hospital_ws/install/hospital_fleet_manager/share/hospital_fleet_manager/maps/hospital_map.yaml
[INFO] [1777348204.820474897] [map_io]: resolution: 0.05
[INFO] [1777348204.820502724] [map_io]: origin[0]: -10
[INFO] [1777348204.820510800] [map_io]: origin[1]: -10
[INFO] [1777348204.820516247] [map_io]: origin[2]: 0
[INFO] [1777348204.820522856] [map_io]: free_thresh: 0.196
[INFO] [1777348204.820528107] [map_io]: occupied_thresh: 0.65
[INFO] [1777348204.820537238] [map_io]: mode: trinary
[INFO] [1777348204.820544522] [map_io]: negate: 0
[INFO] [1777348204.820852124] [map_io]: Loading image_file: /home/india/Documents/ai-hospital/hospital_ws/install/hospital_fleet_manager/share/hospital_fleet_manager/maps/hospital_map.pgm
[INFO] [1777348204.844609886] [map_io]: Read map /home/india/Documents/ai-hospital/hospital_ws/install/hospital_fleet_manager/share/hospital_fleet_manager/maps/hospital_map.pgm: 400 X 400 map @ 0.05 m/cell
[INFO] [1777348205.048462330] [lab_courier_1.lifecycle_manager_localization]: [34m[1mConfiguring amcl[0m[0m
[INFO] [1777348205.051038397] [lab_courier_1.amcl]: Configuring
[INFO] [1777348205.051209765] [lab_courier_1.amcl]: initTransforms
[INFO] [1777348205.284528799] [lab_courier_1.amcl]: initPubSub
[INFO] [1777348205.381494589] [lab_courier_1.behavior_server]: 
	behavior_server lifecycle node launched. 
	Waiting on external lifecycle transitions to activate
	See https://design.ros2.org/articles/node_lifecycle.html for more information.
[INFO] [1777348205.447741087] [lab_courier_1.amcl]: Subscribed to map topic.
[INFO] [1777348205.533693543] [lab_courier_1.lifecycle_manager_localization]: [34m[1mActivating map_server[0m[0m
[INFO] [1777348205.537158919] [lab_courier_1.map_server]: Activating
[INFO] [1777348205.537571189] [lab_courier_1.map_server]: Creating bond (map_server) to lifecycle manager.
[INFO] [1777348205.537973805] [lab_courier_1.amcl]: Received a 400 X 400 map @ 0.050 m/pix
[INFO] [1777348205.678526850] [lab_courier_1.lifecycle_manager_localization]: Server map_server connected with bond.
[INFO] [1777348205.678616220] [lab_courier_1.lifecycle_manager_localization]: [34m[1mActivating amcl[0m[0m
[INFO] [1777348205.681507461] [lab_courier_1.amcl]: Activating
[INFO] [1777348205.681599019] [lab_courier_1.amcl]: Creating bond (amcl) to lifecycle manager.
[INFO] [1777348205.824809393] [lab_courier_1.lifecycle_manager_localization]: Server amcl connected with bond.
[INFO] [1777348205.824890426] [lab_courier_1.lifecycle_manager_localization]: [34m[1mManaged nodes are active[0m[0m
[INFO] [1777348205.824911835] [lab_courier_1.lifecycle_manager_localization]: [34m[1mCreating bond timer...[0m[0m
[INFO] [1777348206.874307271] [rclcpp]: signal_handler(SIGINT/SIGTERM)
[INFO] [1777348206.874511154] [lab_courier_1.map_server]: Running Nav2 LifecycleNode rcl preshutdown (map_server)
[INFO] [1777348206.874628755] [lab_courier_1.map_server]: Deactivating
[INFO] [1777348206.874665362] [lab_courier_1.map_server]: Destroying bond (map_server) to lifecycle manager.
[INFO] [1777348206.885478147] [lab_courier_1.map_server]: Cleaning up
[INFO] [1777348206.885555881] [lab_courier_1.map_server]: Destroying bond (map_server) to lifecycle manager.
[INFO] [1777348206.885575636] [lab_courier_1.amcl]: Running Nav2 LifecycleNode rcl preshutdown (amcl)
[INFO] [1777348206.885604552] [lab_courier_1.amcl]: Deactivating
[INFO] [1777348206.885637718] [lab_courier_1.amcl]: Destroying bond (amcl) to lifecycle manager.
[INFO] [1777348206.897349466] [lab_courier_1.amcl]: Cleaning up
[INFO] [1777348207.025314408] [lab_courier_1.lifecycle_manager_localization]: [34m[1mHave not received a heartbeat from map_server.[0m[0m
[ERROR] [1777348207.025419502] [lab_courier_1.lifecycle_manager_localization]: CRITICAL FAILURE: SERVER map_server IS DOWN after not receiving a heartbeat for 4000 ms. Shutting down related nodes.
[INFO] [1777348207.025476105] [lab_courier_1.lifecycle_manager_localization]: [34m[1mTerminating bond timer...[0m[0m
[INFO] [1777348207.025484565] [lab_courier_1.lifecycle_manager_localization]: [34m[1mResetting managed nodes...[0m[0m
[INFO] [1777348207.025492751] [lab_courier_1.lifecycle_manager_localization]: [34m[1mDeactivating amcl[0m[0m
[INFO] [1777348207.225324366] [lab_courier_1.amcl]: Destroying bond (amcl) to lifecycle manager.
[INFO] [1777348207.225388760] [lab_courier_1.controller_server]: Running Nav2 LifecycleNode rcl preshutdown (controller_server)
[INFO] [1777348207.225411148] [lab_courier_1.controller_server]: Destroying bond (controller_server) to lifecycle manager.
[INFO] [1777348207.225426899] [lab_courier_1.smoother_server]: Running Nav2 LifecycleNode rcl preshutdown (smoother_server)
[INFO] [1777348207.225444357] [lab_courier_1.smoother_server]: Destroying bond (smoother_server) to lifecycle manager.
[INFO] [1777348207.225457712] [lab_courier_1.planner_server]: Running Nav2 LifecycleNode rcl preshutdown (planner_server)
[INFO] [1777348207.225472715] [lab_courier_1.planner_server]: Destroying bond (planner_server) to lifecycle manager.
[INFO] [1777348207.225487783] [lab_courier_1.route_server]: Running Nav2 LifecycleNode rcl preshutdown (route_server)
[INFO] [1777348207.225502999] [lab_courier_1.route_server]: Destroying bond (route_server) to lifecycle manager.
[INFO] [1777348207.225517041] [lab_courier_1.lifecycle_manager_localization]: Running Nav2 LifecycleManager rcl preshutdown (lifecycle_manager_localization)
[WARN] [1777348207.966389433] [rcl_lifecycle]: No transition matching 4 found for current state unconfigured
[WARN] [1777348207.966444275] [rcl_lifecycle]: No transition matching 4 found for current state unconfigured
[ERROR] [1777348207.966465325] [lab_courier_1.amcl]: Unable to start transition 4 from current state unconfigured: Transition is not registered., at ./src/rcl_lifecycle.c:355
[ERROR] [1777348207.974892553] [lab_courier_1.lifecycle_manager_localization]: Failed to change state for node: amcl
[INFO] [1777348207.975277229] [lab_courier_1.lifecycle_manager_localization]: [34m[1mDeactivating map_server[0m[0m
[WARN] [1777348207.979831077] [rcl_lifecycle]: No transition matching 4 found for current state unconfigured
[WARN] [1777348207.979888807] [rcl_lifecycle]: No transition matching 4 found for current state unconfigured
[ERROR] [1777348207.979902424] [lab_courier_1.map_server]: Unable to start transition 4 from current state unconfigured: Transition is not registered., at ./src/rcl_lifecycle.c:355
[ERROR] [1777348207.982663064] [lab_courier_1.lifecycle_manager_localization]: Failed to change state for node: map_server
[INFO] [1777348207.982766912] [lab_courier_1.lifecycle_manager_localization]: [34m[1mCleaning up amcl[0m[0m
[WARN] [1777348207.993872690] [rcl_lifecycle]: No transition matching 2 found for current state unconfigured
[WARN] [1777348207.993923363] [rcl_lifecycle]: No transition matching 2 found for current state unconfigured
[ERROR] [1777348207.993930915] [lab_courier_1.amcl]: Unable to start transition 2 from current state unconfigured: Transition is not registered., at ./src/rcl_lifecycle.c:355
[INFO] [1777348207.997996277] [lab_courier_1.lifecycle_manager_localization]: [34m[1mCleaning up map_server[0m[0m
[WARN] [1777348208.002903555] [rcl_lifecycle]: No transition matching 2 found for current state unconfigured
[WARN] [1777348208.002949817] [rcl_lifecycle]: No transition matching 2 found for current state unconfigured
[ERROR] [1777348208.002960105] [lab_courier_1.map_server]: Unable to start transition 2 from current state unconfigured: Transition is not registered., at ./src/rcl_lifecycle.c:355
[INFO] [1777348208.012138690] [lab_courier_1.lifecycle_manager_localization]: [34m[1mManaged nodes have been reset[0m[0m
[INFO] [1777348208.370478180] [lab_courier_1.behavior_server]: Running Nav2 LifecycleNode rcl preshutdown (behavior_server)
[INFO] [1777348208.370571315] [lab_courier_1.behavior_server]: Destroying bond (behavior_server) to lifecycle manager.
