[INFO] [1777347607.902665064] [delivery_2.nav2_container]: Load Library: /opt/ros/jazzy/lib/libcontroller_server_core.so
[INFO] [1777347607.975275879] [delivery_2.nav2_container]: Found class: rclcpp_components::NodeFactoryTemplate<nav2_controller::ControllerServer>
[INFO] [1777347607.975346592] [delivery_2.nav2_container]: Instantiate class: rclcpp_components::NodeFactoryTemplate<nav2_controller::ControllerServer>
[INFO] [1777347608.195358659] [delivery_2.controller_server]: 
	controller_server lifecycle node launched. 
	Waiting on external lifecycle transitions to activate
	See https://design.ros2.org/articles/node_lifecycle.html for more information.
[INFO] [1777347608.219000350] [delivery_2.controller_server]: Creating controller server
[INFO] [1777347608.460136975] [delivery_2.local_costmap.local_costmap]: 
	local_costmap lifecycle node launched. 
	Waiting on external lifecycle transitions to activate
	See https://design.ros2.org/articles/node_lifecycle.html for more information.
[INFO] [1777347608.461061090] [delivery_2.local_costmap.local_costmap]: Creating Costmap
[INFO] [1777347608.486665405] [delivery_2.nav2_container]: Load Library: /opt/ros/jazzy/lib/libmap_server_core.so
[INFO] [1777347608.514774959] [delivery_2.nav2_container]: Found class: rclcpp_components::NodeFactoryTemplate<nav2_map_server::CostmapFilterInfoServer>
[INFO] [1777347608.514841219] [delivery_2.nav2_container]: Found class: rclcpp_components::NodeFactoryTemplate<nav2_map_server::MapSaver>
[INFO] [1777347608.514847519] [delivery_2.nav2_container]: Found class: rclcpp_components::NodeFactoryTemplate<nav2_map_server::MapServer>
[INFO] [1777347608.514853001] [delivery_2.nav2_container]: Instantiate class: rclcpp_components::NodeFactoryTemplate<nav2_map_server::MapServer>
[INFO] [1777347608.611564739] [rclcpp]: signal_handler(SIGINT/SIGTERM)
[INFO] [1777347608.611725600] [delivery_2.controller_server]: Running Nav2 LifecycleNode rcl preshutdown (controller_server)
[INFO] [1777347608.611811965] [delivery_2.controller_server]: Destroying bond (controller_server) to lifecycle manager.
