[INFO] [1777348200.051077412] [delivery_2.nav2_container]: Load Library: /opt/ros/jazzy/lib/libcontroller_server_core.so
[INFO] [1777348200.079147467] [delivery_2.nav2_container]: Found class: rclcpp_components::NodeFactoryTemplate<nav2_controller::ControllerServer>
[INFO] [1777348200.079217248] [delivery_2.nav2_container]: Instantiate class: rclcpp_components::NodeFactoryTemplate<nav2_controller::ControllerServer>
[INFO] [1777348200.261213107] [delivery_2.controller_server]: 
	controller_server lifecycle node launched. 
	Waiting on external lifecycle transitions to activate
	See https://design.ros2.org/articles/node_lifecycle.html for more information.
[INFO] [1777348200.277816366] [delivery_2.controller_server]: Creating controller server
[INFO] [1777348200.668789314] [delivery_2.local_costmap.local_costmap]: 
	local_costmap lifecycle node launched. 
	Waiting on external lifecycle transitions to activate
	See https://design.ros2.org/articles/node_lifecycle.html for more information.
[INFO] [1777348200.673920020] [delivery_2.local_costmap.local_costmap]: Creating Costmap
[INFO] [1777348200.702914303] [delivery_2.nav2_container]: Load Library: /opt/ros/jazzy/lib/libamcl_core.so
[INFO] [1777348200.708864196] [delivery_2.nav2_container]: Found class: rclcpp_components::NodeFactoryTemplate<nav2_amcl::AmclNode>
[INFO] [1777348200.708932701] [delivery_2.nav2_container]: Instantiate class: rclcpp_components::NodeFactoryTemplate<nav2_amcl::AmclNode>
[INFO] [1777348200.906301402] [delivery_2.amcl]: 
	amcl lifecycle node launched. 
	Waiting on external lifecycle transitions to activate
	See https://design.ros2.org/articles/node_lifecycle.html for more information.
[INFO] [1777348200.906785613] [delivery_2.amcl]: Creating
[INFO] [1777348200.920587556] [delivery_2.nav2_container]: Load Library: /opt/ros/jazzy/lib/libmap_server_core.so
[INFO] [1777348200.977136460] [delivery_2.nav2_container]: Found class: rclcpp_components::NodeFactoryTemplate<nav2_map_server::CostmapFilterInfoServer>
[INFO] [1777348200.977195613] [delivery_2.nav2_container]: Found class: rclcpp_components::NodeFactoryTemplate<nav2_map_server::MapSaver>
[INFO] [1777348200.977205006] [delivery_2.nav2_container]: Found class: rclcpp_components::NodeFactoryTemplate<nav2_map_server::MapServer>
[INFO] [1777348200.977212718] [delivery_2.nav2_container]: Instantiate class: rclcpp_components::NodeFactoryTemplate<nav2_map_server::MapServer>
[INFO] [1777348201.147933548] [delivery_2.map_server]: 
	map_server lifecycle node launched. 
	Waiting on external lifecycle transitions to activate
	See https://design.ros2.org/articles/node_lifecycle.html for more information.
[INFO] [1777348201.148027844] [delivery_2.map_server]: Creating
[INFO] [1777348201.523524944] [delivery_2.nav2_container]: Load Library: /opt/ros/jazzy/lib/libsmoother_server_core.so
[INFO] [1777348201.526385373] [delivery_2.nav2_container]: Found class: rclcpp_components::NodeFactoryTemplate<nav2_smoother::SmootherServer>
[INFO] [1777348201.526438995] [delivery_2.nav2_container]: Instantiate class: rclcpp_components::NodeFactoryTemplate<nav2_smoother::SmootherServer>
[INFO] [1777348201.663498893] [delivery_2.smoother_server]: 
	smoother_server lifecycle node launched. 
	Waiting on external lifecycle transitions to activate
	See https://design.ros2.org/articles/node_lifecycle.html for more information.
[INFO] [1777348201.664637633] [delivery_2.smoother_server]: Creating smoother server
[INFO] [1777348201.665604674] [delivery_2.nav2_container]: Load Library: /opt/ros/jazzy/lib/libnav2_lifecycle_manager_core.so
[INFO] [1777348201.670827315] [delivery_2.nav2_container]: Found class: rclcpp_components::NodeFactoryTemplate<nav2_lifecycle_manager::LifecycleManager>
[INFO] [1777348201.671054581] [delivery_2.nav2_container]: Instantiate class: rclcpp_components::NodeFactoryTemplate<nav2_lifecycle_manager::LifecycleManager>
[INFO] [1777348201.886012472] [delivery_2.lifecycle_manager_localization]: Creating
[INFO] [1777348201.966508265] [delivery_2.lifecycle_manager_localization]: [34m[1mCreating and initializing lifecycle service clients[0m[0m
[INFO] [1777348202.152734250] [delivery_2.lifecycle_manager_localization]: [34m[1mStarting managed nodes bringup...[0m[0m
[INFO] [1777348202.152814003] [delivery_2.lifecycle_manager_localization]: [34m[1mConfiguring map_server[0m[0m
[INFO] [1777348202.153616393] [delivery_2.map_server]: Configuring
[INFO] [1777348202.153707815] [map_io]: Loading yaml file: /home/india/Documents/ai-hospital/hospital_ws/install/hospital_fleet_manager/share/hospital_fleet_manager/maps/hospital_map.yaml
[INFO] [1777348202.155220701] [map_io]: resolution: 0.05
[INFO] [1777348202.155249714] [map_io]: origin[0]: -10
[INFO] [1777348202.155254353] [map_io]: origin[1]: -10
[INFO] [1777348202.155257483] [map_io]: origin[2]: 0
[INFO] [1777348202.155260817] [map_io]: free_thresh: 0.196
[INFO] [1777348202.155263923] [map_io]: occupied_thresh: 0.65
[INFO] [1777348202.155269249] [map_io]: mode: trinary
[INFO] [1777348202.155273468] [map_io]: negate: 0
[INFO] [1777348202.155487104] [map_io]: Loading image_file: /home/india/Documents/ai-hospital/hospital_ws/install/hospital_fleet_manager/share/hospital_fleet_manager/maps/hospital_map.pgm
[INFO] [1777348202.163307553] [map_io]: Read map /home/india/Documents/ai-hospital/hospital_ws/install/hospital_fleet_manager/share/hospital_fleet_manager/maps/hospital_map.pgm: 400 X 400 map @ 0.05 m/cell
[INFO] [1777348202.248139828] [delivery_2.lifecycle_manager_localization]: [34m[1mConfiguring amcl[0m[0m
[INFO] [1777348202.249564934] [delivery_2.amcl]: Configuring
[INFO] [1777348202.249819127] [delivery_2.amcl]: initTransforms
[INFO] [1777348202.335674953] [delivery_2.amcl]: initPubSub
[INFO] [1777348202.397182188] [delivery_2.nav2_container]: Load Library: /opt/ros/jazzy/lib/libplanner_server_core.so
[INFO] [1777348202.405884756] [delivery_2.nav2_container]: Found class: rclcpp_components::NodeFactoryTemplate<nav2_planner::PlannerServer>
[INFO] [1777348202.408535494] [delivery_2.nav2_container]: Instantiate class: rclcpp_components::NodeFactoryTemplate<nav2_planner::PlannerServer>
[INFO] [1777348202.516173432] [delivery_2.amcl]: Subscribed to map topic.
[INFO] [1777348202.612849684] [delivery_2.lifecycle_manager_localization]: [34m[1mActivating map_server[0m[0m
[INFO] [1777348202.613778583] [delivery_2.map_server]: Activating
[INFO] [1777348202.614320200] [delivery_2.map_server]: Creating bond (map_server) to lifecycle manager.
[INFO] [1777348202.615312443] [delivery_2.amcl]: Received a 400 X 400 map @ 0.050 m/pix
[INFO] [1777348202.796142730] [delivery_2.lifecycle_manager_localization]: Server map_server connected with bond.
[INFO] [1777348202.796202132] [delivery_2.lifecycle_manager_localization]: [34m[1mActivating amcl[0m[0m
[INFO] [1777348202.805813380] [delivery_2.amcl]: Activating
[INFO] [1777348202.805884011] [delivery_2.amcl]: Creating bond (amcl) to lifecycle manager.
[INFO] [1777348202.880737400] [delivery_2.planner_server]: 
	planner_server lifecycle node launched. 
	Waiting on external lifecycle transitions to activate
	See https://design.ros2.org/articles/node_lifecycle.html for more information.
[INFO] [1777348202.893652522] [delivery_2.planner_server]: Creating
[INFO] [1777348202.972695718] [delivery_2.lifecycle_manager_localization]: Server amcl connected with bond.
[INFO] [1777348202.972799723] [delivery_2.lifecycle_manager_localization]: [34m[1mManaged nodes are active[0m[0m
[INFO] [1777348202.972827870] [delivery_2.lifecycle_manager_localization]: [34m[1mCreating bond timer...[0m[0m
[INFO] [1777348203.446847478] [delivery_2.global_costmap.global_costmap]: 
	global_costmap lifecycle node launched. 
	Waiting on external lifecycle transitions to activate
	See https://design.ros2.org/articles/node_lifecycle.html for more information.
[INFO] [1777348203.447441546] [delivery_2.global_costmap.global_costmap]: Creating Costmap
[INFO] [1777348203.497787829] [delivery_2.nav2_container]: Load Library: /opt/ros/jazzy/lib/libroute_server_core.so
[INFO] [1777348203.510121163] [delivery_2.nav2_container]: Found class: rclcpp_components::NodeFactoryTemplate<nav2_route::RouteServer>
[INFO] [1777348203.510241364] [delivery_2.nav2_container]: Instantiate class: rclcpp_components::NodeFactoryTemplate<nav2_route::RouteServer>
[INFO] [1777348203.976848749] [delivery_2.route_server]: 
	route_server lifecycle node launched. 
	Waiting on external lifecycle transitions to activate
	See https://design.ros2.org/articles/node_lifecycle.html for more information.
[INFO] [1777348206.054523680] [delivery_2.nav2_container]: Load Library: /opt/ros/jazzy/lib/libbehavior_server_core.so
[INFO] [1777348206.057297380] [delivery_2.nav2_container]: Found class: rclcpp_components::NodeFactoryTemplate<behavior_server::BehaviorServer>
[INFO] [1777348206.057375586] [delivery_2.nav2_container]: Instantiate class: rclcpp_components::NodeFactoryTemplate<behavior_server::BehaviorServer>
[INFO] [1777348206.635066880] [delivery_2.behavior_server]: 
	behavior_server lifecycle node launched. 
	Waiting on external lifecycle transitions to activate
	See https://design.ros2.org/articles/node_lifecycle.html for more information.
[INFO] [1777348206.940442821] [rclcpp]: signal_handler(SIGINT/SIGTERM)
[INFO] [1777348206.940562940] [delivery_2.controller_server]: Running Nav2 LifecycleNode rcl preshutdown (controller_server)
[INFO] [1777348206.940646302] [delivery_2.controller_server]: Destroying bond (controller_server) to lifecycle manager.
[INFO] [1777348206.940667744] [delivery_2.amcl]: Running Nav2 LifecycleNode rcl preshutdown (amcl)
[INFO] [1777348206.940730291] [delivery_2.amcl]: Deactivating
[INFO] [1777348206.940784292] [delivery_2.amcl]: Destroying bond (amcl) to lifecycle manager.
[INFO] [1777348206.951383735] [delivery_2.amcl]: Cleaning up
[INFO] [1777348206.972965703] [delivery_2.lifecycle_manager_localization]: [34m[1mHave not received a heartbeat from amcl.[0m[0m
[ERROR] [1777348206.973036469] [delivery_2.lifecycle_manager_localization]: CRITICAL FAILURE: SERVER amcl IS DOWN after not receiving a heartbeat for 4000 ms. Shutting down related nodes.
[INFO] [1777348206.973126196] [delivery_2.lifecycle_manager_localization]: [34m[1mTerminating bond timer...[0m[0m
[INFO] [1777348206.973143809] [delivery_2.lifecycle_manager_localization]: [34m[1mResetting managed nodes...[0m[0m
[INFO] [1777348206.973158191] [delivery_2.lifecycle_manager_localization]: [34m[1mDeactivating amcl[0m[0m
[INFO] [1777348207.705619636] [delivery_2.amcl]: Destroying bond (amcl) to lifecycle manager.
[INFO] [1777348207.705679142] [delivery_2.map_server]: Running Nav2 LifecycleNode rcl preshutdown (map_server)
[INFO] [1777348207.705717158] [delivery_2.map_server]: Deactivating
[INFO] [1777348207.705741820] [delivery_2.map_server]: Destroying bond (map_server) to lifecycle manager.
[INFO] [1777348207.719911095] [delivery_2.map_server]: Cleaning up
[INFO] [1777348207.720012762] [delivery_2.map_server]: Destroying bond (map_server) to lifecycle manager.
[INFO] [1777348207.720036556] [delivery_2.smoother_server]: Running Nav2 LifecycleNode rcl preshutdown (smoother_server)
[INFO] [1777348207.720055259] [delivery_2.smoother_server]: Destroying bond (smoother_server) to lifecycle manager.
[INFO] [1777348207.720072009] [delivery_2.lifecycle_manager_localization]: Running Nav2 LifecycleManager rcl preshutdown (lifecycle_manager_localization)
[WARN] [1777348208.312802908] [rcl_lifecycle]: No transition matching 4 found for current state unconfigured
[WARN] [1777348208.312859800] [rcl_lifecycle]: No transition matching 4 found for current state unconfigured
[ERROR] [1777348208.312873368] [delivery_2.amcl]: Unable to start transition 4 from current state unconfigured: Transition is not registered., at ./src/rcl_lifecycle.c:355
[ERROR] [1777348208.321304021] [delivery_2.lifecycle_manager_localization]: Failed to change state for node: amcl
[INFO] [1777348208.321413226] [delivery_2.lifecycle_manager_localization]: [34m[1mDeactivating map_server[0m[0m
[WARN] [1777348208.327392851] [rcl_lifecycle]: No transition matching 4 found for current state unconfigured
[WARN] [1777348208.327457670] [rcl_lifecycle]: No transition matching 4 found for current state unconfigured
[ERROR] [1777348208.327469847] [delivery_2.map_server]: Unable to start transition 4 from current state unconfigured: Transition is not registered., at ./src/rcl_lifecycle.c:355
[ERROR] [1777348208.336499305] [delivery_2.lifecycle_manager_localization]: Failed to change state for node: map_server
[INFO] [1777348208.340648482] [delivery_2.lifecycle_manager_localization]: [34m[1mCleaning up amcl[0m[0m
[WARN] [1777348208.342115103] [rcl_lifecycle]: No transition matching 2 found for current state unconfigured
[WARN] [1777348208.342142696] [rcl_lifecycle]: No transition matching 2 found for current state unconfigured
[ERROR] [1777348208.342149205] [delivery_2.amcl]: Unable to start transition 2 from current state unconfigured: Transition is not registered., at ./src/rcl_lifecycle.c:355
[INFO] [1777348208.348990239] [delivery_2.lifecycle_manager_localization]: [34m[1mCleaning up map_server[0m[0m
[WARN] [1777348208.351091581] [rcl_lifecycle]: No transition matching 2 found for current state unconfigured
[WARN] [1777348208.351124718] [rcl_lifecycle]: No transition matching 2 found for current state unconfigured
[ERROR] [1777348208.351132545] [delivery_2.map_server]: Unable to start transition 2 from current state unconfigured: Transition is not registered., at ./src/rcl_lifecycle.c:355
[INFO] [1777348208.354226558] [delivery_2.lifecycle_manager_localization]: [34m[1mManaged nodes have been reset[0m[0m
[INFO] [1777348208.444458592] [delivery_2.planner_server]: Running Nav2 LifecycleNode rcl preshutdown (planner_server)
[INFO] [1777348208.444521812] [delivery_2.planner_server]: Destroying bond (planner_server) to lifecycle manager.
[INFO] [1777348208.444533838] [delivery_2.route_server]: Running Nav2 LifecycleNode rcl preshutdown (route_server)
[INFO] [1777348208.444544943] [delivery_2.route_server]: Destroying bond (route_server) to lifecycle manager.
[INFO] [1777348208.444554072] [delivery_2.behavior_server]: Running Nav2 LifecycleNode rcl preshutdown (behavior_server)
[INFO] [1777348208.444563140] [delivery_2.behavior_server]: Destroying bond (behavior_server) to lifecycle manager.
