[INFO] [1777347607.550330997] [patient_mover_1.nav2_container]: Load Library: /opt/ros/jazzy/lib/libamcl_core.so
[INFO] [1777347607.604192125] [patient_mover_1.nav2_container]: Found class: rclcpp_components::NodeFactoryTemplate<nav2_amcl::AmclNode>
[INFO] [1777347607.604270602] [patient_mover_1.nav2_container]: Instantiate class: rclcpp_components::NodeFactoryTemplate<nav2_amcl::AmclNode>
[INFO] [1777347607.793481175] [patient_mover_1.amcl]: 
	amcl lifecycle node launched. 
	Waiting on external lifecycle transitions to activate
	See https://design.ros2.org/articles/node_lifecycle.html for more information.
[INFO] [1777347607.794691996] [patient_mover_1.amcl]: Creating
[INFO] [1777347607.799814313] [patient_mover_1.nav2_container]: Load Library: /opt/ros/jazzy/lib/libmap_server_core.so
[INFO] [1777347607.828561214] [patient_mover_1.nav2_container]: Found class: rclcpp_components::NodeFactoryTemplate<nav2_map_server::CostmapFilterInfoServer>
[INFO] [1777347607.828628641] [patient_mover_1.nav2_container]: Found class: rclcpp_components::NodeFactoryTemplate<nav2_map_server::MapSaver>
[INFO] [1777347607.828635226] [patient_mover_1.nav2_container]: Found class: rclcpp_components::NodeFactoryTemplate<nav2_map_server::MapServer>
[INFO] [1777347607.828643877] [patient_mover_1.nav2_container]: Instantiate class: rclcpp_components::NodeFactoryTemplate<nav2_map_server::MapServer>
[INFO] [1777347608.009470967] [patient_mover_1.map_server]: 
	map_server lifecycle node launched. 
	Waiting on external lifecycle transitions to activate
	See https://design.ros2.org/articles/node_lifecycle.html for more information.
[INFO] [1777347608.009558442] [patient_mover_1.map_server]: Creating
[INFO] [1777347608.010260974] [patient_mover_1.nav2_container]: Load Library: /opt/ros/jazzy/lib/libcontroller_server_core.so
[INFO] [1777347608.029734321] [patient_mover_1.nav2_container]: Found class: rclcpp_components::NodeFactoryTemplate<nav2_controller::ControllerServer>
[INFO] [1777347608.029813719] [patient_mover_1.nav2_container]: Instantiate class: rclcpp_components::NodeFactoryTemplate<nav2_controller::ControllerServer>
[INFO] [1777347608.250246565] [patient_mover_1.controller_server]: 
	controller_server lifecycle node launched. 
	Waiting on external lifecycle transitions to activate
	See https://design.ros2.org/articles/node_lifecycle.html for more information.
[INFO] [1777347608.264942771] [patient_mover_1.controller_server]: Creating controller server
[INFO] [1777347608.534394745] [patient_mover_1.local_costmap.local_costmap]: 
	local_costmap lifecycle node launched. 
	Waiting on external lifecycle transitions to activate
	See https://design.ros2.org/articles/node_lifecycle.html for more information.
[INFO] [1777347608.548185894] [patient_mover_1.local_costmap.local_costmap]: Creating Costmap
[INFO] [1777347608.577251995] [rclcpp]: signal_handler(SIGINT/SIGTERM)
[INFO] [1777347608.577369614] [patient_mover_1.amcl]: Running Nav2 LifecycleNode rcl preshutdown (amcl)
[INFO] [1777347608.577427777] [patient_mover_1.amcl]: Destroying bond (amcl) to lifecycle manager.
[INFO] [1777347608.577436646] [patient_mover_1.map_server]: Running Nav2 LifecycleNode rcl preshutdown (map_server)
[INFO] [1777347608.577444889] [patient_mover_1.map_server]: Destroying bond (map_server) to lifecycle manager.
[INFO] [1777347608.577450265] [patient_mover_1.controller_server]: Running Nav2 LifecycleNode rcl preshutdown (controller_server)
[INFO] [1777347608.577458498] [patient_mover_1.controller_server]: Destroying bond (controller_server) to lifecycle manager.
