[INFO] [1777348200.178509436] [cleaning_1.nav2_container]: Load Library: /opt/ros/jazzy/lib/libmap_server_core.so
[INFO] [1777348200.201363902] [cleaning_1.nav2_container]: Found class: rclcpp_components::NodeFactoryTemplate<nav2_map_server::CostmapFilterInfoServer>
[INFO] [1777348200.201444860] [cleaning_1.nav2_container]: Found class: rclcpp_components::NodeFactoryTemplate<nav2_map_server::MapSaver>
[INFO] [1777348200.201448797] [cleaning_1.nav2_container]: Found class: rclcpp_components::NodeFactoryTemplate<nav2_map_server::MapServer>
[INFO] [1777348200.201451484] [cleaning_1.nav2_container]: Instantiate class: rclcpp_components::NodeFactoryTemplate<nav2_map_server::MapServer>
[INFO] [1777348200.308233388] [cleaning_1.map_server]: 
	map_server lifecycle node launched. 
	Waiting on external lifecycle transitions to activate
	See https://design.ros2.org/articles/node_lifecycle.html for more information.
[INFO] [1777348200.308290604] [cleaning_1.map_server]: Creating
[INFO] [1777348200.309689095] [cleaning_1.nav2_container]: Load Library: /opt/ros/jazzy/lib/libamcl_core.so
[INFO] [1777348200.315123422] [cleaning_1.nav2_container]: Found class: rclcpp_components::NodeFactoryTemplate<nav2_amcl::AmclNode>
[INFO] [1777348200.315184084] [cleaning_1.nav2_container]: Instantiate class: rclcpp_components::NodeFactoryTemplate<nav2_amcl::AmclNode>
[INFO] [1777348200.698278880] [cleaning_1.amcl]: 
	amcl lifecycle node launched. 
	Waiting on external lifecycle transitions to activate
	See https://design.ros2.org/articles/node_lifecycle.html for more information.
[INFO] [1777348200.698740735] [cleaning_1.amcl]: Creating
[INFO] [1777348200.720605404] [cleaning_1.nav2_container]: Load Library: /opt/ros/jazzy/lib/libcontroller_server_core.so
[INFO] [1777348200.725000563] [cleaning_1.nav2_container]: Found class: rclcpp_components::NodeFactoryTemplate<nav2_controller::ControllerServer>
[INFO] [1777348200.725068097] [cleaning_1.nav2_container]: Instantiate class: rclcpp_components::NodeFactoryTemplate<nav2_controller::ControllerServer>
[INFO] [1777348201.010511459] [cleaning_1.controller_server]: 
	controller_server lifecycle node launched. 
	Waiting on external lifecycle transitions to activate
	See https://design.ros2.org/articles/node_lifecycle.html for more information.
[INFO] [1777348201.020472311] [cleaning_1.controller_server]: Creating controller server
[INFO] [1777348201.245604123] [cleaning_1.local_costmap.local_costmap]: 
	local_costmap lifecycle node launched. 
	Waiting on external lifecycle transitions to activate
	See https://design.ros2.org/articles/node_lifecycle.html for more information.
[INFO] [1777348201.246955565] [cleaning_1.local_costmap.local_costmap]: Creating Costmap
[INFO] [1777348201.583829326] [cleaning_1.nav2_container]: Load Library: /opt/ros/jazzy/lib/libnav2_lifecycle_manager_core.so
[INFO] [1777348201.603460884] [cleaning_1.nav2_container]: Found class: rclcpp_components::NodeFactoryTemplate<nav2_lifecycle_manager::LifecycleManager>
[INFO] [1777348201.603517385] [cleaning_1.nav2_container]: Instantiate class: rclcpp_components::NodeFactoryTemplate<nav2_lifecycle_manager::LifecycleManager>
[INFO] [1777348201.794070412] [cleaning_1.lifecycle_manager_localization]: Creating
[INFO] [1777348201.821961811] [cleaning_1.lifecycle_manager_localization]: [34m[1mCreating and initializing lifecycle service clients[0m[0m
[INFO] [1777348201.881563155] [cleaning_1.nav2_container]: Load Library: /opt/ros/jazzy/lib/libsmoother_server_core.so
[INFO] [1777348201.891796793] [cleaning_1.nav2_container]: Found class: rclcpp_components::NodeFactoryTemplate<nav2_smoother::SmootherServer>
[INFO] [1777348201.891923604] [cleaning_1.nav2_container]: Instantiate class: rclcpp_components::NodeFactoryTemplate<nav2_smoother::SmootherServer>
[INFO] [1777348201.902618928] [cleaning_1.lifecycle_manager_localization]: [34m[1mStarting managed nodes bringup...[0m[0m
[INFO] [1777348201.914544872] [cleaning_1.lifecycle_manager_localization]: [34m[1mConfiguring map_server[0m[0m
[INFO] [1777348201.917681046] [cleaning_1.map_server]: Configuring
[INFO] [1777348201.917871319] [map_io]: Loading yaml file: /home/india/Documents/ai-hospital/hospital_ws/install/hospital_fleet_manager/share/hospital_fleet_manager/maps/hospital_map.yaml
[INFO] [1777348201.919108929] [map_io]: resolution: 0.05
[INFO] [1777348201.919153874] [map_io]: origin[0]: -10
[INFO] [1777348201.919159050] [map_io]: origin[1]: -10
[INFO] [1777348201.919162113] [map_io]: origin[2]: 0
[INFO] [1777348201.919165992] [map_io]: free_thresh: 0.196
[INFO] [1777348201.919169237] [map_io]: occupied_thresh: 0.65
[INFO] [1777348201.919176400] [map_io]: mode: trinary
[INFO] [1777348201.919182002] [map_io]: negate: 0
[INFO] [1777348201.926250517] [map_io]: Loading image_file: /home/india/Documents/ai-hospital/hospital_ws/install/hospital_fleet_manager/share/hospital_fleet_manager/maps/hospital_map.pgm
[INFO] [1777348201.932369187] [map_io]: Read map /home/india/Documents/ai-hospital/hospital_ws/install/hospital_fleet_manager/share/hospital_fleet_manager/maps/hospital_map.pgm: 400 X 400 map @ 0.05 m/cell
[INFO] [1777348202.084550520] [cleaning_1.lifecycle_manager_localization]: [34m[1mConfiguring amcl[0m[0m
[INFO] [1777348202.085478412] [cleaning_1.amcl]: Configuring
[INFO] [1777348202.085686808] [cleaning_1.amcl]: initTransforms
[INFO] [1777348202.224794574] [cleaning_1.amcl]: initPubSub
[INFO] [1777348202.239397596] [cleaning_1.smoother_server]: 
	smoother_server lifecycle node launched. 
	Waiting on external lifecycle transitions to activate
	See https://design.ros2.org/articles/node_lifecycle.html for more information.
[INFO] [1777348202.240954208] [cleaning_1.smoother_server]: Creating smoother server
[INFO] [1777348202.299027168] [cleaning_1.amcl]: Subscribed to map topic.
[INFO] [1777348202.387897009] [cleaning_1.lifecycle_manager_localization]: [34m[1mActivating map_server[0m[0m
[INFO] [1777348202.389806195] [cleaning_1.map_server]: Activating
[INFO] [1777348202.390662236] [cleaning_1.amcl]: Received a 400 X 400 map @ 0.050 m/pix
[INFO] [1777348202.392981891] [cleaning_1.map_server]: Creating bond (map_server) to lifecycle manager.
[INFO] [1777348202.500230764] [cleaning_1.nav2_container]: Load Library: /opt/ros/jazzy/lib/libplanner_server_core.so
[INFO] [1777348202.502299060] [cleaning_1.nav2_container]: Found class: rclcpp_components::NodeFactoryTemplate<nav2_planner::PlannerServer>
[INFO] [1777348202.502358476] [cleaning_1.nav2_container]: Instantiate class: rclcpp_components::NodeFactoryTemplate<nav2_planner::PlannerServer>
[INFO] [1777348202.556624410] [cleaning_1.lifecycle_manager_localization]: Server map_server connected with bond.
[INFO] [1777348202.556682830] [cleaning_1.lifecycle_manager_localization]: [34m[1mActivating amcl[0m[0m
[INFO] [1777348202.557281619] [cleaning_1.amcl]: Activating
[INFO] [1777348202.557320014] [cleaning_1.amcl]: Creating bond (amcl) to lifecycle manager.
[INFO] [1777348202.738973296] [cleaning_1.lifecycle_manager_localization]: Server amcl connected with bond.
[INFO] [1777348202.739035846] [cleaning_1.lifecycle_manager_localization]: [34m[1mManaged nodes are active[0m[0m
[INFO] [1777348202.739061481] [cleaning_1.lifecycle_manager_localization]: [34m[1mCreating bond timer...[0m[0m
[INFO] [1777348203.068568246] [cleaning_1.planner_server]: 
	planner_server lifecycle node launched. 
	Waiting on external lifecycle transitions to activate
	See https://design.ros2.org/articles/node_lifecycle.html for more information.
[INFO] [1777348203.069767388] [cleaning_1.planner_server]: Creating
[INFO] [1777348203.626679808] [cleaning_1.global_costmap.global_costmap]: 
	global_costmap lifecycle node launched. 
	Waiting on external lifecycle transitions to activate
	See https://design.ros2.org/articles/node_lifecycle.html for more information.
[INFO] [1777348203.629037017] [cleaning_1.global_costmap.global_costmap]: Creating Costmap
[INFO] [1777348203.768349030] [cleaning_1.nav2_container]: Load Library: /opt/ros/jazzy/lib/libroute_server_core.so
[INFO] [1777348203.770955035] [cleaning_1.nav2_container]: Found class: rclcpp_components::NodeFactoryTemplate<nav2_route::RouteServer>
[INFO] [1777348203.775401033] [cleaning_1.nav2_container]: Instantiate class: rclcpp_components::NodeFactoryTemplate<nav2_route::RouteServer>
[INFO] [1777348204.362070397] [cleaning_1.route_server]: 
	route_server lifecycle node launched. 
	Waiting on external lifecycle transitions to activate
	See https://design.ros2.org/articles/node_lifecycle.html for more information.
[INFO] [1777348204.440203172] [cleaning_1.nav2_container]: Load Library: /opt/ros/jazzy/lib/libbehavior_server_core.so
[INFO] [1777348204.442076819] [cleaning_1.nav2_container]: Found class: rclcpp_components::NodeFactoryTemplate<behavior_server::BehaviorServer>
[INFO] [1777348204.442135705] [cleaning_1.nav2_container]: Instantiate class: rclcpp_components::NodeFactoryTemplate<behavior_server::BehaviorServer>
[INFO] [1777348205.175621357] [cleaning_1.behavior_server]: 
	behavior_server lifecycle node launched. 
	Waiting on external lifecycle transitions to activate
	See https://design.ros2.org/articles/node_lifecycle.html for more information.
[INFO] [1777348205.339958526] [cleaning_1.nav2_container]: Load Library: /opt/ros/jazzy/lib/libbt_navigator_core.so
[INFO] [1777348205.372503302] [cleaning_1.nav2_container]: Found class: rclcpp_components::NodeFactoryTemplate<nav2_bt_navigator::BtNavigator>
[INFO] [1777348205.372555251] [cleaning_1.nav2_container]: Instantiate class: rclcpp_components::NodeFactoryTemplate<nav2_bt_navigator::BtNavigator>
[INFO] [1777348205.803124130] [cleaning_1.bt_navigator]: 
	bt_navigator lifecycle node launched. 
	Waiting on external lifecycle transitions to activate
	See https://design.ros2.org/articles/node_lifecycle.html for more information.
[INFO] [1777348205.816980541] [cleaning_1.bt_navigator]: Creating
[INFO] [1777348205.858668337] [cleaning_1.nav2_container]: Load Library: /opt/ros/jazzy/lib/libwaypoint_follower_core.so
[INFO] [1777348205.865254253] [cleaning_1.nav2_container]: Found class: rclcpp_components::NodeFactoryTemplate<nav2_waypoint_follower::WaypointFollower>
[INFO] [1777348205.865322875] [cleaning_1.nav2_container]: Instantiate class: rclcpp_components::NodeFactoryTemplate<nav2_waypoint_follower::WaypointFollower>
[INFO] [1777348206.251050114] [cleaning_1.waypoint_follower]: 
	waypoint_follower lifecycle node launched. 
	Waiting on external lifecycle transitions to activate
	See https://design.ros2.org/articles/node_lifecycle.html for more information.
[INFO] [1777348206.256558546] [cleaning_1.waypoint_follower]: Creating
[INFO] [1777348206.379805579] [cleaning_1.nav2_container]: Load Library: /opt/ros/jazzy/lib/libvelocity_smoother_core.so
[INFO] [1777348206.388163400] [cleaning_1.nav2_container]: Found class: rclcpp_components::NodeFactoryTemplate<nav2_velocity_smoother::VelocitySmoother>
[INFO] [1777348206.388238978] [cleaning_1.nav2_container]: Instantiate class: rclcpp_components::NodeFactoryTemplate<nav2_velocity_smoother::VelocitySmoother>
[INFO] [1777348206.925100189] [rclcpp]: signal_handler(SIGINT/SIGTERM)
[INFO] [1777348206.925293994] [cleaning_1.map_server]: Running Nav2 LifecycleNode rcl preshutdown (map_server)
[INFO] [1777348206.925411648] [cleaning_1.map_server]: Deactivating
[INFO] [1777348206.925443791] [cleaning_1.map_server]: Destroying bond (map_server) to lifecycle manager.
[INFO] [1777348206.937098220] [cleaning_1.map_server]: Cleaning up
[INFO] [1777348206.937168438] [cleaning_1.map_server]: Destroying bond (map_server) to lifecycle manager.
[INFO] [1777348206.937187671] [cleaning_1.amcl]: Running Nav2 LifecycleNode rcl preshutdown (amcl)
[INFO] [1777348206.937215450] [cleaning_1.amcl]: Deactivating
[INFO] [1777348206.937247277] [cleaning_1.amcl]: Destroying bond (amcl) to lifecycle manager.
[INFO] [1777348206.939893630] [cleaning_1.lifecycle_manager_localization]: [34m[1mHave not received a heartbeat from map_server.[0m[0m
[ERROR] [1777348206.939966012] [cleaning_1.lifecycle_manager_localization]: CRITICAL FAILURE: SERVER map_server IS DOWN after not receiving a heartbeat for 4000 ms. Shutting down related nodes.
[INFO] [1777348206.940046740] [cleaning_1.lifecycle_manager_localization]: [34m[1mTerminating bond timer...[0m[0m
[INFO] [1777348206.940066395] [cleaning_1.lifecycle_manager_localization]: [34m[1mResetting managed nodes...[0m[0m
[INFO] [1777348206.940080921] [cleaning_1.lifecycle_manager_localization]: [34m[1mDeactivating amcl[0m[0m
[WARN] [1777348206.949381982] [rcl_lifecycle]: No transition matching 4 found for current state deactivating
[WARN] [1777348206.949420476] [rcl_lifecycle]: No transition matching 4 found for current state deactivating
[ERROR] [1777348206.949438064] [cleaning_1.amcl]: Unable to start transition 4 from current state deactivating: Transition is not registered., at ./src/rcl_lifecycle.c:355
[INFO] [1777348206.957543532] [cleaning_1.amcl]: Cleaning up
[INFO] [1777348207.892653093] [cleaning_1.velocity_smoother]: 
	velocity_smoother lifecycle node launched. 
	Waiting on external lifecycle transitions to activate
	See https://design.ros2.org/articles/node_lifecycle.html for more information.
[ERROR] [1777348208.387325233] [cleaning_1.lifecycle_manager_localization]: Failed to change state for node: amcl
[INFO] [1777348208.387440079] [cleaning_1.lifecycle_manager_localization]: [34m[1mDeactivating map_server[0m[0m
[WARN] [1777348208.391518237] [rcl_lifecycle]: No transition matching 4 found for current state unconfigured
[WARN] [1777348208.391559977] [rcl_lifecycle]: No transition matching 4 found for current state unconfigured
[ERROR] [1777348208.391570098] [cleaning_1.map_server]: Unable to start transition 4 from current state unconfigured: Transition is not registered., at ./src/rcl_lifecycle.c:355
[ERROR] [1777348208.405027102] [cleaning_1.lifecycle_manager_localization]: Failed to change state for node: map_server
[INFO] [1777348208.405142512] [cleaning_1.lifecycle_manager_localization]: [34m[1mCleaning up amcl[0m[0m
[INFO] [1777348208.405985554] [cleaning_1.amcl]: Destroying bond (amcl) to lifecycle manager.
[INFO] [1777348208.406024753] [cleaning_1.controller_server]: Running Nav2 LifecycleNode rcl preshutdown (controller_server)
[INFO] [1777348208.406046248] [cleaning_1.controller_server]: Destroying bond (controller_server) to lifecycle manager.
[INFO] [1777348208.406061430] [cleaning_1.lifecycle_manager_localization]: Running Nav2 LifecycleManager rcl preshutdown (lifecycle_manager_localization)
[WARN] [1777348208.426645722] [rcl_lifecycle]: No transition matching 2 found for current state unconfigured
[WARN] [1777348208.426681716] [rcl_lifecycle]: No transition matching 2 found for current state unconfigured
[ERROR] [1777348208.426688168] [cleaning_1.amcl]: Unable to start transition 2 from current state unconfigured: Transition is not registered., at ./src/rcl_lifecycle.c:355
[INFO] [1777348208.428318738] [cleaning_1.lifecycle_manager_localization]: [34m[1mCleaning up map_server[0m[0m
[WARN] [1777348208.430226172] [rcl_lifecycle]: No transition matching 2 found for current state unconfigured
[WARN] [1777348208.430274650] [rcl_lifecycle]: No transition matching 2 found for current state unconfigured
[ERROR] [1777348208.430285804] [cleaning_1.map_server]: Unable to start transition 2 from current state unconfigured: Transition is not registered., at ./src/rcl_lifecycle.c:355
