[INFO] [1777347843.846082699] [delivery_3.nav2_container]: Load Library: /opt/ros/jazzy/lib/libcontroller_server_core.so
[INFO] [1777347843.860710205] [delivery_3.nav2_container]: Found class: rclcpp_components::NodeFactoryTemplate<nav2_controller::ControllerServer>
[INFO] [1777347843.860782745] [delivery_3.nav2_container]: Instantiate class: rclcpp_components::NodeFactoryTemplate<nav2_controller::ControllerServer>
[INFO] [1777347844.081195531] [delivery_3.controller_server]: 
	controller_server lifecycle node launched. 
	Waiting on external lifecycle transitions to activate
	See https://design.ros2.org/articles/node_lifecycle.html for more information.
[INFO] [1777347844.091949577] [delivery_3.controller_server]: Creating controller server
[INFO] [1777347844.279320521] [delivery_3.local_costmap.local_costmap]: 
	local_costmap lifecycle node launched. 
	Waiting on external lifecycle transitions to activate
	See https://design.ros2.org/articles/node_lifecycle.html for more information.
[INFO] [1777347844.280052141] [delivery_3.local_costmap.local_costmap]: Creating Costmap
[INFO] [1777347844.287320059] [delivery_3.nav2_container]: Load Library: /opt/ros/jazzy/lib/libmap_server_core.so
[INFO] [1777347844.314144111] [delivery_3.nav2_container]: Found class: rclcpp_components::NodeFactoryTemplate<nav2_map_server::CostmapFilterInfoServer>
[INFO] [1777347844.314208187] [delivery_3.nav2_container]: Found class: rclcpp_components::NodeFactoryTemplate<nav2_map_server::MapSaver>
[INFO] [1777347844.314224918] [delivery_3.nav2_container]: Found class: rclcpp_components::NodeFactoryTemplate<nav2_map_server::MapServer>
[INFO] [1777347844.314237629] [delivery_3.nav2_container]: Instantiate class: rclcpp_components::NodeFactoryTemplate<nav2_map_server::MapServer>
[INFO] [1777347844.403818810] [rclcpp]: signal_handler(SIGINT/SIGTERM)
[INFO] [1777347844.403939042] [delivery_3.controller_server]: Running Nav2 LifecycleNode rcl preshutdown (controller_server)
[INFO] [1777347844.404017247] [delivery_3.controller_server]: Destroying bond (controller_server) to lifecycle manager.
