[INFO] [1777347843.837157812] [delivery_1.nav2_container]: Load Library: /opt/ros/jazzy/lib/libcontroller_server_core.so
[INFO] [1777347843.863194622] [delivery_1.nav2_container]: Found class: rclcpp_components::NodeFactoryTemplate<nav2_controller::ControllerServer>
[INFO] [1777347843.863257053] [delivery_1.nav2_container]: Instantiate class: rclcpp_components::NodeFactoryTemplate<nav2_controller::ControllerServer>
[INFO] [1777347844.023015855] [delivery_1.controller_server]: 
	controller_server lifecycle node launched. 
	Waiting on external lifecycle transitions to activate
	See https://design.ros2.org/articles/node_lifecycle.html for more information.
[INFO] [1777347844.027686632] [delivery_1.controller_server]: Creating controller server
[INFO] [1777347844.081690693] [delivery_1.local_costmap.local_costmap]: 
	local_costmap lifecycle node launched. 
	Waiting on external lifecycle transitions to activate
	See https://design.ros2.org/articles/node_lifecycle.html for more information.
[INFO] [1777347844.082707919] [delivery_1.local_costmap.local_costmap]: Creating Costmap
[INFO] [1777347844.085219451] [delivery_1.nav2_container]: Load Library: /opt/ros/jazzy/lib/libamcl_core.so
[INFO] [1777347844.090050992] [delivery_1.nav2_container]: Found class: rclcpp_components::NodeFactoryTemplate<nav2_amcl::AmclNode>
[INFO] [1777347844.090121454] [delivery_1.nav2_container]: Instantiate class: rclcpp_components::NodeFactoryTemplate<nav2_amcl::AmclNode>
[INFO] [1777347844.282687740] [delivery_1.amcl]: 
	amcl lifecycle node launched. 
	Waiting on external lifecycle transitions to activate
	See https://design.ros2.org/articles/node_lifecycle.html for more information.
[INFO] [1777347844.283262274] [delivery_1.amcl]: Creating
[INFO] [1777347844.292277395] [delivery_1.nav2_container]: Load Library: /opt/ros/jazzy/lib/libmap_server_core.so
[INFO] [1777347844.314451761] [delivery_1.nav2_container]: Found class: rclcpp_components::NodeFactoryTemplate<nav2_map_server::CostmapFilterInfoServer>
[INFO] [1777347844.314506396] [delivery_1.nav2_container]: Found class: rclcpp_components::NodeFactoryTemplate<nav2_map_server::MapSaver>
[INFO] [1777347844.314522001] [delivery_1.nav2_container]: Found class: rclcpp_components::NodeFactoryTemplate<nav2_map_server::MapServer>
[INFO] [1777347844.314542625] [delivery_1.nav2_container]: Instantiate class: rclcpp_components::NodeFactoryTemplate<nav2_map_server::MapServer>
[INFO] [1777347844.379393986] [delivery_1.map_server]: 
	map_server lifecycle node launched. 
	Waiting on external lifecycle transitions to activate
	See https://design.ros2.org/articles/node_lifecycle.html for more information.
[INFO] [1777347844.379479809] [delivery_1.map_server]: Creating
[INFO] [1777347844.418820655] [rclcpp]: signal_handler(SIGINT/SIGTERM)
[INFO] [1777347844.418937863] [delivery_1.controller_server]: Running Nav2 LifecycleNode rcl preshutdown (controller_server)
[INFO] [1777347844.418991043] [delivery_1.controller_server]: Destroying bond (controller_server) to lifecycle manager.
[INFO] [1777347844.418999521] [delivery_1.amcl]: Running Nav2 LifecycleNode rcl preshutdown (amcl)
[INFO] [1777347844.419006512] [delivery_1.amcl]: Destroying bond (amcl) to lifecycle manager.
[INFO] [1777347844.419012487] [delivery_1.map_server]: Running Nav2 LifecycleNode rcl preshutdown (map_server)
[INFO] [1777347844.419019581] [delivery_1.map_server]: Destroying bond (map_server) to lifecycle manager.
