[INFO] [1777347607.153229426] [delivery_3.nav2_container]: Load Library: /opt/ros/jazzy/lib/libmap_server_core.so
[INFO] [1777347607.258896729] [delivery_3.nav2_container]: Found class: rclcpp_components::NodeFactoryTemplate<nav2_map_server::CostmapFilterInfoServer>
[INFO] [1777347607.258971228] [delivery_3.nav2_container]: Found class: rclcpp_components::NodeFactoryTemplate<nav2_map_server::MapSaver>
[INFO] [1777347607.258988105] [delivery_3.nav2_container]: Found class: rclcpp_components::NodeFactoryTemplate<nav2_map_server::MapServer>
[INFO] [1777347607.259000941] [delivery_3.nav2_container]: Instantiate class: rclcpp_components::NodeFactoryTemplate<nav2_map_server::MapServer>
[INFO] [1777347607.529540675] [delivery_3.map_server]: 
	map_server lifecycle node launched. 
	Waiting on external lifecycle transitions to activate
	See https://design.ros2.org/articles/node_lifecycle.html for more information.
[INFO] [1777347607.529626796] [delivery_3.map_server]: Creating
[INFO] [1777347607.538383441] [delivery_3.nav2_container]: Load Library: /opt/ros/jazzy/lib/libcontroller_server_core.so
[INFO] [1777347607.568264666] [delivery_3.nav2_container]: Found class: rclcpp_components::NodeFactoryTemplate<nav2_controller::ControllerServer>
[INFO] [1777347607.568563647] [delivery_3.nav2_container]: Instantiate class: rclcpp_components::NodeFactoryTemplate<nav2_controller::ControllerServer>
[INFO] [1777347607.839768443] [delivery_3.controller_server]: 
	controller_server lifecycle node launched. 
	Waiting on external lifecycle transitions to activate
	See https://design.ros2.org/articles/node_lifecycle.html for more information.
[INFO] [1777347607.864898997] [delivery_3.controller_server]: Creating controller server
[INFO] [1777347608.097244335] [delivery_3.local_costmap.local_costmap]: 
	local_costmap lifecycle node launched. 
	Waiting on external lifecycle transitions to activate
	See https://design.ros2.org/articles/node_lifecycle.html for more information.
[INFO] [1777347608.098003498] [delivery_3.local_costmap.local_costmap]: Creating Costmap
[INFO] [1777347608.104631348] [delivery_3.nav2_container]: Load Library: /opt/ros/jazzy/lib/libamcl_core.so
[INFO] [1777347608.115540456] [delivery_3.nav2_container]: Found class: rclcpp_components::NodeFactoryTemplate<nav2_amcl::AmclNode>
[INFO] [1777347608.115606195] [delivery_3.nav2_container]: Instantiate class: rclcpp_components::NodeFactoryTemplate<nav2_amcl::AmclNode>
[INFO] [1777347608.396490704] [delivery_3.amcl]: 
	amcl lifecycle node launched. 
	Waiting on external lifecycle transitions to activate
	See https://design.ros2.org/articles/node_lifecycle.html for more information.
[INFO] [1777347608.396957096] [delivery_3.amcl]: Creating
[WARN] [1777347608.508441360] [delivery_3.nav2_container.rclcpp]: failed to send response to /delivery_3/nav2_container/_container/load_node (timeout): client will not receive response, at ./src/rmw_response.cpp:153, at ./src/rcl/service.c:400
[INFO] [1777347608.605665253] [rclcpp]: signal_handler(SIGINT/SIGTERM)
[INFO] [1777347608.605799936] [delivery_3.map_server]: Running Nav2 LifecycleNode rcl preshutdown (map_server)
[INFO] [1777347608.605882431] [delivery_3.map_server]: Destroying bond (map_server) to lifecycle manager.
[INFO] [1777347608.605899923] [delivery_3.controller_server]: Running Nav2 LifecycleNode rcl preshutdown (controller_server)
[INFO] [1777347608.605916494] [delivery_3.controller_server]: Destroying bond (controller_server) to lifecycle manager.
[INFO] [1777347608.605930590] [delivery_3.amcl]: Running Nav2 LifecycleNode rcl preshutdown (amcl)
[INFO] [1777347608.605946813] [delivery_3.amcl]: Destroying bond (amcl) to lifecycle manager.
