[INFO] [1777348202.176750610] [emergency_1.nav2_container]: Load Library: /opt/ros/jazzy/lib/libmap_server_core.so
[INFO] [1777348202.257808288] [emergency_1.nav2_container]: Found class: rclcpp_components::NodeFactoryTemplate<nav2_map_server::CostmapFilterInfoServer>
[INFO] [1777348202.257866138] [emergency_1.nav2_container]: Found class: rclcpp_components::NodeFactoryTemplate<nav2_map_server::MapSaver>
[INFO] [1777348202.257877120] [emergency_1.nav2_container]: Found class: rclcpp_components::NodeFactoryTemplate<nav2_map_server::MapServer>
[INFO] [1777348202.257884880] [emergency_1.nav2_container]: Instantiate class: rclcpp_components::NodeFactoryTemplate<nav2_map_server::MapServer>
[INFO] [1777348202.457191590] [emergency_1.map_server]: 
	map_server lifecycle node launched. 
	Waiting on external lifecycle transitions to activate
	See https://design.ros2.org/articles/node_lifecycle.html for more information.
[INFO] [1777348202.457275657] [emergency_1.map_server]: Creating
[INFO] [1777348202.466653657] [emergency_1.nav2_container]: Load Library: /opt/ros/jazzy/lib/libcontroller_server_core.so
[INFO] [1777348202.476463946] [emergency_1.nav2_container]: Found class: rclcpp_components::NodeFactoryTemplate<nav2_controller::ControllerServer>
[INFO] [1777348202.476540161] [emergency_1.nav2_container]: Instantiate class: rclcpp_components::NodeFactoryTemplate<nav2_controller::ControllerServer>
[INFO] [1777348202.706425644] [emergency_1.controller_server]: 
	controller_server lifecycle node launched. 
	Waiting on external lifecycle transitions to activate
	See https://design.ros2.org/articles/node_lifecycle.html for more information.
[INFO] [1777348202.711341386] [emergency_1.controller_server]: Creating controller server
[INFO] [1777348203.017331778] [emergency_1.local_costmap.local_costmap]: 
	local_costmap lifecycle node launched. 
	Waiting on external lifecycle transitions to activate
	See https://design.ros2.org/articles/node_lifecycle.html for more information.
[INFO] [1777348203.018409881] [emergency_1.local_costmap.local_costmap]: Creating Costmap
[INFO] [1777348203.050118210] [emergency_1.nav2_container]: Load Library: /opt/ros/jazzy/lib/libamcl_core.so
[INFO] [1777348203.071262127] [emergency_1.nav2_container]: Found class: rclcpp_components::NodeFactoryTemplate<nav2_amcl::AmclNode>
[INFO] [1777348203.071316907] [emergency_1.nav2_container]: Instantiate class: rclcpp_components::NodeFactoryTemplate<nav2_amcl::AmclNode>
[INFO] [1777348203.316767435] [emergency_1.amcl]: 
	amcl lifecycle node launched. 
	Waiting on external lifecycle transitions to activate
	See https://design.ros2.org/articles/node_lifecycle.html for more information.
[INFO] [1777348203.319627736] [emergency_1.amcl]: Creating
[INFO] [1777348203.387512326] [emergency_1.nav2_container]: Load Library: /opt/ros/jazzy/lib/libsmoother_server_core.so
[INFO] [1777348203.405313979] [emergency_1.nav2_container]: Found class: rclcpp_components::NodeFactoryTemplate<nav2_smoother::SmootherServer>
[INFO] [1777348203.405398360] [emergency_1.nav2_container]: Instantiate class: rclcpp_components::NodeFactoryTemplate<nav2_smoother::SmootherServer>
[INFO] [1777348203.909299701] [emergency_1.smoother_server]: 
	smoother_server lifecycle node launched. 
	Waiting on external lifecycle transitions to activate
	See https://design.ros2.org/articles/node_lifecycle.html for more information.
[INFO] [1777348203.910665850] [emergency_1.smoother_server]: Creating smoother server
[INFO] [1777348203.927807474] [emergency_1.nav2_container]: Load Library: /opt/ros/jazzy/lib/libnav2_lifecycle_manager_core.so
[INFO] [1777348203.929044883] [emergency_1.nav2_container]: Found class: rclcpp_components::NodeFactoryTemplate<nav2_lifecycle_manager::LifecycleManager>
[INFO] [1777348203.929086494] [emergency_1.nav2_container]: Instantiate class: rclcpp_components::NodeFactoryTemplate<nav2_lifecycle_manager::LifecycleManager>
[INFO] [1777348204.261266929] [emergency_1.lifecycle_manager_localization]: Creating
[INFO] [1777348204.382963175] [emergency_1.lifecycle_manager_localization]: [34m[1mCreating and initializing lifecycle service clients[0m[0m
[INFO] [1777348204.556405558] [emergency_1.lifecycle_manager_localization]: [34m[1mStarting managed nodes bringup...[0m[0m
[INFO] [1777348204.556481397] [emergency_1.lifecycle_manager_localization]: [34m[1mConfiguring map_server[0m[0m
[INFO] [1777348204.563776510] [emergency_1.map_server]: Configuring
[INFO] [1777348204.563904891] [map_io]: Loading yaml file: /home/india/Documents/ai-hospital/hospital_ws/install/hospital_fleet_manager/share/hospital_fleet_manager/maps/hospital_map.yaml
[INFO] [1777348204.564284140] [map_io]: resolution: 0.05
[INFO] [1777348204.564307849] [map_io]: origin[0]: -10
[INFO] [1777348204.564315836] [map_io]: origin[1]: -10
[INFO] [1777348204.564321733] [map_io]: origin[2]: 0
[INFO] [1777348204.564327223] [map_io]: free_thresh: 0.196
[INFO] [1777348204.564332626] [map_io]: occupied_thresh: 0.65
[INFO] [1777348204.564340808] [map_io]: mode: trinary
[INFO] [1777348204.564348195] [map_io]: negate: 0
[INFO] [1777348204.564602250] [map_io]: Loading image_file: /home/india/Documents/ai-hospital/hospital_ws/install/hospital_fleet_manager/share/hospital_fleet_manager/maps/hospital_map.pgm
[INFO] [1777348204.580177897] [map_io]: Read map /home/india/Documents/ai-hospital/hospital_ws/install/hospital_fleet_manager/share/hospital_fleet_manager/maps/hospital_map.pgm: 400 X 400 map @ 0.05 m/cell
[INFO] [1777348204.669107905] [emergency_1.lifecycle_manager_localization]: [34m[1mConfiguring amcl[0m[0m
[INFO] [1777348204.670902431] [emergency_1.amcl]: Configuring
[INFO] [1777348204.671111012] [emergency_1.amcl]: initTransforms
[INFO] [1777348204.812171995] [emergency_1.amcl]: initPubSub
[INFO] [1777348204.900287522] [emergency_1.amcl]: Subscribed to map topic.
[INFO] [1777348204.968811890] [emergency_1.lifecycle_manager_localization]: [34m[1mActivating map_server[0m[0m
[INFO] [1777348204.972477537] [emergency_1.map_server]: Activating
[INFO] [1777348204.974567546] [emergency_1.amcl]: Received a 400 X 400 map @ 0.050 m/pix
[INFO] [1777348204.976364383] [emergency_1.map_server]: Creating bond (map_server) to lifecycle manager.
[INFO] [1777348205.098670010] [emergency_1.lifecycle_manager_localization]: Server map_server connected with bond.
[INFO] [1777348205.098743677] [emergency_1.lifecycle_manager_localization]: [34m[1mActivating amcl[0m[0m
[INFO] [1777348205.101340027] [emergency_1.amcl]: Activating
[INFO] [1777348205.101426393] [emergency_1.amcl]: Creating bond (amcl) to lifecycle manager.
[INFO] [1777348205.265609111] [emergency_1.lifecycle_manager_localization]: Server amcl connected with bond.
[INFO] [1777348205.265671529] [emergency_1.lifecycle_manager_localization]: [34m[1mManaged nodes are active[0m[0m
[INFO] [1777348205.265697112] [emergency_1.lifecycle_manager_localization]: [34m[1mCreating bond timer...[0m[0m
[INFO] [1777348206.861349660] [rclcpp]: signal_handler(SIGINT/SIGTERM)
[INFO] [1777348206.861553800] [emergency_1.map_server]: Running Nav2 LifecycleNode rcl preshutdown (map_server)
[INFO] [1777348206.861716554] [emergency_1.map_server]: Deactivating
[INFO] [1777348206.861749965] [emergency_1.map_server]: Destroying bond (map_server) to lifecycle manager.
[INFO] [1777348206.865880744] [emergency_1.lifecycle_manager_localization]: [34m[1mHave not received a heartbeat from map_server.[0m[0m
[ERROR] [1777348206.865992015] [emergency_1.lifecycle_manager_localization]: CRITICAL FAILURE: SERVER map_server IS DOWN after not receiving a heartbeat for 4000 ms. Shutting down related nodes.
[INFO] [1777348206.866095834] [emergency_1.lifecycle_manager_localization]: [34m[1mTerminating bond timer...[0m[0m
[INFO] [1777348206.866115540] [emergency_1.lifecycle_manager_localization]: [34m[1mResetting managed nodes...[0m[0m
[INFO] [1777348206.866129892] [emergency_1.lifecycle_manager_localization]: [34m[1mDeactivating amcl[0m[0m
[INFO] [1777348206.869173298] [emergency_1.amcl]: Deactivating
[INFO] [1777348206.869266651] [emergency_1.amcl]: Destroying bond (amcl) to lifecycle manager.
[INFO] [1777348206.872331408] [emergency_1.map_server]: Cleaning up
[INFO] [1777348206.872405638] [emergency_1.map_server]: Destroying bond (map_server) to lifecycle manager.
[INFO] [1777348206.872421763] [emergency_1.controller_server]: Running Nav2 LifecycleNode rcl preshutdown (controller_server)
[INFO] [1777348206.872432755] [emergency_1.controller_server]: Destroying bond (controller_server) to lifecycle manager.
[INFO] [1777348206.872443250] [emergency_1.amcl]: Running Nav2 LifecycleNode rcl preshutdown (amcl)
[INFO] [1777348206.872453158] [emergency_1.amcl]: Destroying bond (amcl) to lifecycle manager.
[INFO] [1777348206.872463008] [emergency_1.smoother_server]: Running Nav2 LifecycleNode rcl preshutdown (smoother_server)
[INFO] [1777348206.872472933] [emergency_1.smoother_server]: Destroying bond (smoother_server) to lifecycle manager.
[INFO] [1777348206.872481050] [emergency_1.lifecycle_manager_localization]: Running Nav2 LifecycleManager rcl preshutdown (lifecycle_manager_localization)
[INFO] [1777348207.136841900] [emergency_1.lifecycle_manager_localization]: [34m[1mDeactivating map_server[0m[0m
[WARN] [1777348207.154582364] [rcl_lifecycle]: No transition matching 4 found for current state unconfigured
[WARN] [1777348207.154618605] [rcl_lifecycle]: No transition matching 4 found for current state unconfigured
[ERROR] [1777348207.154629424] [emergency_1.map_server]: Unable to start transition 4 from current state unconfigured: Transition is not registered., at ./src/rcl_lifecycle.c:355
[ERROR] [1777348207.178033824] [emergency_1.lifecycle_manager_localization]: Failed to change state for node: map_server
[INFO] [1777348207.178574648] [emergency_1.lifecycle_manager_localization]: [34m[1mCleaning up amcl[0m[0m
[INFO] [1777348207.181902661] [emergency_1.amcl]: Cleaning up
[INFO] [1777348207.400885799] [emergency_1.lifecycle_manager_localization]: [34m[1mCleaning up map_server[0m[0m
[WARN] [1777348207.401544851] [rcl_lifecycle]: No transition matching 2 found for current state unconfigured
[WARN] [1777348207.401566357] [rcl_lifecycle]: No transition matching 2 found for current state unconfigured
[ERROR] [1777348207.401575605] [emergency_1.map_server]: Unable to start transition 2 from current state unconfigured: Transition is not registered., at ./src/rcl_lifecycle.c:355
[INFO] [1777348207.402228091] [emergency_1.lifecycle_manager_localization]: [34m[1mManaged nodes have been reset[0m[0m
