[INFO] [1777348200.067535334] [cleaning_2.nav2_container]: Load Library: /opt/ros/jazzy/lib/libcontroller_server_core.so
[INFO] [1777348200.082269182] [cleaning_2.nav2_container]: Found class: rclcpp_components::NodeFactoryTemplate<nav2_controller::ControllerServer>
[INFO] [1777348200.082346548] [cleaning_2.nav2_container]: Instantiate class: rclcpp_components::NodeFactoryTemplate<nav2_controller::ControllerServer>
[INFO] [1777348200.321917326] [cleaning_2.controller_server]: 
	controller_server lifecycle node launched. 
	Waiting on external lifecycle transitions to activate
	See https://design.ros2.org/articles/node_lifecycle.html for more information.
[INFO] [1777348200.325121503] [cleaning_2.controller_server]: Creating controller server
[INFO] [1777348200.375074272] [cleaning_2.local_costmap.local_costmap]: 
	local_costmap lifecycle node launched. 
	Waiting on external lifecycle transitions to activate
	See https://design.ros2.org/articles/node_lifecycle.html for more information.
[INFO] [1777348200.375660047] [cleaning_2.local_costmap.local_costmap]: Creating Costmap
[INFO] [1777348200.377471289] [cleaning_2.nav2_container]: Load Library: /opt/ros/jazzy/lib/libmap_server_core.so
[INFO] [1777348200.392367738] [cleaning_2.nav2_container]: Found class: rclcpp_components::NodeFactoryTemplate<nav2_map_server::CostmapFilterInfoServer>
[INFO] [1777348200.392436846] [cleaning_2.nav2_container]: Found class: rclcpp_components::NodeFactoryTemplate<nav2_map_server::MapSaver>
[INFO] [1777348200.392439881] [cleaning_2.nav2_container]: Found class: rclcpp_components::NodeFactoryTemplate<nav2_map_server::MapServer>
[INFO] [1777348200.392442209] [cleaning_2.nav2_container]: Instantiate class: rclcpp_components::NodeFactoryTemplate<nav2_map_server::MapServer>
[INFO] [1777348200.417498327] [cleaning_2.map_server]: 
	map_server lifecycle node launched. 
	Waiting on external lifecycle transitions to activate
	See https://design.ros2.org/articles/node_lifecycle.html for more information.
[INFO] [1777348200.418417343] [cleaning_2.map_server]: Creating
[INFO] [1777348200.419254699] [cleaning_2.nav2_container]: Load Library: /opt/ros/jazzy/lib/libamcl_core.so
[INFO] [1777348200.421902346] [cleaning_2.nav2_container]: Found class: rclcpp_components::NodeFactoryTemplate<nav2_amcl::AmclNode>
[INFO] [1777348200.421935400] [cleaning_2.nav2_container]: Instantiate class: rclcpp_components::NodeFactoryTemplate<nav2_amcl::AmclNode>
[INFO] [1777348200.476182885] [cleaning_2.amcl]: 
	amcl lifecycle node launched. 
	Waiting on external lifecycle transitions to activate
	See https://design.ros2.org/articles/node_lifecycle.html for more information.
[INFO] [1777348200.476679366] [cleaning_2.amcl]: Creating
[INFO] [1777348201.374971657] [cleaning_2.nav2_container]: Load Library: /opt/ros/jazzy/lib/libsmoother_server_core.so
[INFO] [1777348201.383508661] [cleaning_2.nav2_container]: Found class: rclcpp_components::NodeFactoryTemplate<nav2_smoother::SmootherServer>
[INFO] [1777348201.383596840] [cleaning_2.nav2_container]: Instantiate class: rclcpp_components::NodeFactoryTemplate<nav2_smoother::SmootherServer>
[INFO] [1777348201.592946345] [cleaning_2.smoother_server]: 
	smoother_server lifecycle node launched. 
	Waiting on external lifecycle transitions to activate
	See https://design.ros2.org/articles/node_lifecycle.html for more information.
[INFO] [1777348201.594248882] [cleaning_2.smoother_server]: Creating smoother server
[INFO] [1777348201.602099232] [cleaning_2.nav2_container]: Load Library: /opt/ros/jazzy/lib/libnav2_lifecycle_manager_core.so
[INFO] [1777348201.603462398] [cleaning_2.nav2_container]: Found class: rclcpp_components::NodeFactoryTemplate<nav2_lifecycle_manager::LifecycleManager>
[INFO] [1777348201.603517909] [cleaning_2.nav2_container]: Instantiate class: rclcpp_components::NodeFactoryTemplate<nav2_lifecycle_manager::LifecycleManager>
[INFO] [1777348201.833522510] [cleaning_2.lifecycle_manager_localization]: Creating
[INFO] [1777348201.886457076] [cleaning_2.lifecycle_manager_localization]: [34m[1mCreating and initializing lifecycle service clients[0m[0m
[INFO] [1777348201.958483241] [cleaning_2.lifecycle_manager_localization]: [34m[1mStarting managed nodes bringup...[0m[0m
[INFO] [1777348201.958556995] [cleaning_2.lifecycle_manager_localization]: [34m[1mConfiguring map_server[0m[0m
[INFO] [1777348201.960093515] [cleaning_2.map_server]: Configuring
[INFO] [1777348201.960213823] [map_io]: Loading yaml file: /home/india/Documents/ai-hospital/hospital_ws/install/hospital_fleet_manager/share/hospital_fleet_manager/maps/hospital_map.yaml
[INFO] [1777348201.965673456] [map_io]: resolution: 0.05
[INFO] [1777348201.965733303] [map_io]: origin[0]: -10
[INFO] [1777348201.965743586] [map_io]: origin[1]: -10
[INFO] [1777348201.965749047] [map_io]: origin[2]: 0
[INFO] [1777348201.965762616] [map_io]: free_thresh: 0.196
[INFO] [1777348201.965769343] [map_io]: occupied_thresh: 0.65
[INFO] [1777348201.965777972] [map_io]: mode: trinary
[INFO] [1777348201.965785645] [map_io]: negate: 0
[INFO] [1777348201.966091383] [map_io]: Loading image_file: /home/india/Documents/ai-hospital/hospital_ws/install/hospital_fleet_manager/share/hospital_fleet_manager/maps/hospital_map.pgm
[INFO] [1777348201.981830240] [map_io]: Read map /home/india/Documents/ai-hospital/hospital_ws/install/hospital_fleet_manager/share/hospital_fleet_manager/maps/hospital_map.pgm: 400 X 400 map @ 0.05 m/cell
[INFO] [1777348202.067092842] [cleaning_2.lifecycle_manager_localization]: [34m[1mConfiguring amcl[0m[0m
[INFO] [1777348202.067669319] [cleaning_2.amcl]: Configuring
[INFO] [1777348202.068747787] [cleaning_2.amcl]: initTransforms
[INFO] [1777348202.187354540] [cleaning_2.amcl]: initPubSub
[INFO] [1777348202.196263119] [cleaning_2.nav2_container]: Load Library: /opt/ros/jazzy/lib/libplanner_server_core.so
[INFO] [1777348202.202445347] [cleaning_2.nav2_container]: Found class: rclcpp_components::NodeFactoryTemplate<nav2_planner::PlannerServer>
[INFO] [1777348202.202506953] [cleaning_2.nav2_container]: Instantiate class: rclcpp_components::NodeFactoryTemplate<nav2_planner::PlannerServer>
[INFO] [1777348202.298975910] [cleaning_2.amcl]: Subscribed to map topic.
[INFO] [1777348202.437651731] [cleaning_2.lifecycle_manager_localization]: [34m[1mActivating map_server[0m[0m
[INFO] [1777348202.443808703] [cleaning_2.map_server]: Activating
[INFO] [1777348202.444050349] [cleaning_2.map_server]: Creating bond (map_server) to lifecycle manager.
[INFO] [1777348202.444248554] [cleaning_2.amcl]: Received a 400 X 400 map @ 0.050 m/pix
[INFO] [1777348202.581791077] [cleaning_2.planner_server]: 
	planner_server lifecycle node launched. 
	Waiting on external lifecycle transitions to activate
	See https://design.ros2.org/articles/node_lifecycle.html for more information.
[INFO] [1777348202.584412587] [cleaning_2.planner_server]: Creating
[INFO] [1777348202.680499557] [cleaning_2.lifecycle_manager_localization]: Server map_server connected with bond.
[INFO] [1777348202.680554753] [cleaning_2.lifecycle_manager_localization]: [34m[1mActivating amcl[0m[0m
[INFO] [1777348202.681331529] [cleaning_2.amcl]: Activating
[INFO] [1777348202.681380784] [cleaning_2.amcl]: Creating bond (amcl) to lifecycle manager.
[INFO] [1777348202.804400743] [cleaning_2.lifecycle_manager_localization]: Server amcl connected with bond.
[INFO] [1777348202.804442216] [cleaning_2.lifecycle_manager_localization]: [34m[1mManaged nodes are active[0m[0m
[INFO] [1777348202.804463713] [cleaning_2.lifecycle_manager_localization]: [34m[1mCreating bond timer...[0m[0m
[INFO] [1777348203.127124360] [cleaning_2.global_costmap.global_costmap]: 
	global_costmap lifecycle node launched. 
	Waiting on external lifecycle transitions to activate
	See https://design.ros2.org/articles/node_lifecycle.html for more information.
[INFO] [1777348203.141965631] [cleaning_2.global_costmap.global_costmap]: Creating Costmap
[INFO] [1777348203.254159531] [cleaning_2.nav2_container]: Load Library: /opt/ros/jazzy/lib/libroute_server_core.so
[INFO] [1777348203.263253045] [cleaning_2.nav2_container]: Found class: rclcpp_components::NodeFactoryTemplate<nav2_route::RouteServer>
[INFO] [1777348203.263368823] [cleaning_2.nav2_container]: Instantiate class: rclcpp_components::NodeFactoryTemplate<nav2_route::RouteServer>
[INFO] [1777348203.748265400] [cleaning_2.route_server]: 
	route_server lifecycle node launched. 
	Waiting on external lifecycle transitions to activate
	See https://design.ros2.org/articles/node_lifecycle.html for more information.
[INFO] [1777348203.855512209] [cleaning_2.nav2_container]: Load Library: /opt/ros/jazzy/lib/libbehavior_server_core.so
[INFO] [1777348203.868656704] [cleaning_2.nav2_container]: Found class: rclcpp_components::NodeFactoryTemplate<behavior_server::BehaviorServer>
[INFO] [1777348203.868700199] [cleaning_2.nav2_container]: Instantiate class: rclcpp_components::NodeFactoryTemplate<behavior_server::BehaviorServer>
[INFO] [1777348204.222218128] [cleaning_2.behavior_server]: 
	behavior_server lifecycle node launched. 
	Waiting on external lifecycle transitions to activate
	See https://design.ros2.org/articles/node_lifecycle.html for more information.
[INFO] [1777348206.052332788] [cleaning_2.nav2_container]: Load Library: /opt/ros/jazzy/lib/libbt_navigator_core.so
[INFO] [1777348206.075640713] [cleaning_2.nav2_container]: Found class: rclcpp_components::NodeFactoryTemplate<nav2_bt_navigator::BtNavigator>
[INFO] [1777348206.075713795] [cleaning_2.nav2_container]: Instantiate class: rclcpp_components::NodeFactoryTemplate<nav2_bt_navigator::BtNavigator>
[INFO] [1777348206.567582440] [cleaning_2.bt_navigator]: 
	bt_navigator lifecycle node launched. 
	Waiting on external lifecycle transitions to activate
	See https://design.ros2.org/articles/node_lifecycle.html for more information.
[INFO] [1777348206.576215776] [cleaning_2.bt_navigator]: Creating
[INFO] [1777348206.912269099] [rclcpp]: signal_handler(SIGINT/SIGTERM)
[INFO] [1777348206.912422364] [cleaning_2.controller_server]: Running Nav2 LifecycleNode rcl preshutdown (controller_server)
[INFO] [1777348206.912499274] [cleaning_2.controller_server]: Destroying bond (controller_server) to lifecycle manager.
[INFO] [1777348206.912518271] [cleaning_2.map_server]: Running Nav2 LifecycleNode rcl preshutdown (map_server)
[INFO] [1777348206.912574259] [cleaning_2.map_server]: Deactivating
[INFO] [1777348206.912605241] [cleaning_2.map_server]: Destroying bond (map_server) to lifecycle manager.
[INFO] [1777348206.923952174] [cleaning_2.map_server]: Cleaning up
[INFO] [1777348206.924035837] [cleaning_2.map_server]: Destroying bond (map_server) to lifecycle manager.
[INFO] [1777348206.924056317] [cleaning_2.amcl]: Running Nav2 LifecycleNode rcl preshutdown (amcl)
[INFO] [1777348206.924088643] [cleaning_2.amcl]: Deactivating
[INFO] [1777348206.924121503] [cleaning_2.amcl]: Destroying bond (amcl) to lifecycle manager.
[INFO] [1777348206.936880133] [cleaning_2.amcl]: Cleaning up
[INFO] [1777348207.004593280] [cleaning_2.lifecycle_manager_localization]: [34m[1mHave not received a heartbeat from map_server.[0m[0m
[ERROR] [1777348207.004666087] [cleaning_2.lifecycle_manager_localization]: CRITICAL FAILURE: SERVER map_server IS DOWN after not receiving a heartbeat for 4000 ms. Shutting down related nodes.
[INFO] [1777348207.004749351] [cleaning_2.lifecycle_manager_localization]: [34m[1mTerminating bond timer...[0m[0m
[INFO] [1777348207.004796856] [cleaning_2.lifecycle_manager_localization]: [34m[1mResetting managed nodes...[0m[0m
[INFO] [1777348207.004812104] [cleaning_2.lifecycle_manager_localization]: [34m[1mDeactivating amcl[0m[0m
[INFO] [1777348208.445375584] [cleaning_2.amcl]: Destroying bond (amcl) to lifecycle manager.
[INFO] [1777348208.445405278] [cleaning_2.smoother_server]: Running Nav2 LifecycleNode rcl preshutdown (smoother_server)
[INFO] [1777348208.445414545] [cleaning_2.smoother_server]: Destroying bond (smoother_server) to lifecycle manager.
[INFO] [1777348208.445420678] [cleaning_2.lifecycle_manager_localization]: Running Nav2 LifecycleManager rcl preshutdown (lifecycle_manager_localization)
[WARN] [1777348208.592987149] [rcl_lifecycle]: No transition matching 4 found for current state unconfigured
[WARN] [1777348208.593049066] [rcl_lifecycle]: No transition matching 4 found for current state unconfigured
[ERROR] [1777348208.593079104] [cleaning_2.amcl]: Unable to start transition 4 from current state unconfigured: Transition is not registered., at ./src/rcl_lifecycle.c:355
[ERROR] [1777348208.596097423] [cleaning_2.lifecycle_manager_localization]: Failed to change state for node: amcl
[INFO] [1777348208.597350140] [cleaning_2.lifecycle_manager_localization]: [34m[1mDeactivating map_server[0m[0m
[WARN] [1777348208.604430775] [rcl_lifecycle]: No transition matching 4 found for current state unconfigured
[WARN] [1777348208.604485237] [rcl_lifecycle]: No transition matching 4 found for current state unconfigured
[ERROR] [1777348208.604496006] [cleaning_2.map_server]: Unable to start transition 4 from current state unconfigured: Transition is not registered., at ./src/rcl_lifecycle.c:355
[ERROR] [1777348208.616691386] [cleaning_2.lifecycle_manager_localization]: Failed to change state for node: map_server
[INFO] [1777348208.616847620] [cleaning_2.lifecycle_manager_localization]: [34m[1mCleaning up amcl[0m[0m
[WARN] [1777348208.618376967] [rcl_lifecycle]: No transition matching 2 found for current state unconfigured
[WARN] [1777348208.618418672] [rcl_lifecycle]: No transition matching 2 found for current state unconfigured
[ERROR] [1777348208.618428507] [cleaning_2.amcl]: Unable to start transition 2 from current state unconfigured: Transition is not registered., at ./src/rcl_lifecycle.c:355
[INFO] [1777348208.623509011] [cleaning_2.lifecycle_manager_localization]: [34m[1mCleaning up map_server[0m[0m
[WARN] [1777348208.627077703] [rcl_lifecycle]: No transition matching 2 found for current state unconfigured
[WARN] [1777348208.627125645] [rcl_lifecycle]: No transition matching 2 found for current state unconfigured
[ERROR] [1777348208.627135793] [cleaning_2.map_server]: Unable to start transition 2 from current state unconfigured: Transition is not registered., at ./src/rcl_lifecycle.c:355
[INFO] [1777348208.630630182] [cleaning_2.lifecycle_manager_localization]: [34m[1mManaged nodes have been reset[0m[0m
[INFO] [1777348208.979891605] [cleaning_2.planner_server]: Running Nav2 LifecycleNode rcl preshutdown (planner_server)
[INFO] [1777348208.979957233] [cleaning_2.planner_server]: Destroying bond (planner_server) to lifecycle manager.
[INFO] [1777348208.979977280] [cleaning_2.route_server]: Running Nav2 LifecycleNode rcl preshutdown (route_server)
[INFO] [1777348208.979993616] [cleaning_2.route_server]: Destroying bond (route_server) to lifecycle manager.
[INFO] [1777348208.980007253] [cleaning_2.behavior_server]: Running Nav2 LifecycleNode rcl preshutdown (behavior_server)
[INFO] [1777348208.980023027] [cleaning_2.behavior_server]: Destroying bond (behavior_server) to lifecycle manager.
[INFO] [1777348208.980036452] [cleaning_2.bt_navigator]: Running Nav2 LifecycleNode rcl preshutdown (bt_navigator)
[INFO] [1777348208.980052648] [cleaning_2.bt_navigator]: Destroying bond (bt_navigator) to lifecycle manager.
