[INFO] [1777348200.579714297] [patient_mover_2.nav2_container]: Load Library: /opt/ros/jazzy/lib/libmap_server_core.so
[INFO] [1777348200.651192175] [patient_mover_2.nav2_container]: Found class: rclcpp_components::NodeFactoryTemplate<nav2_map_server::CostmapFilterInfoServer>
[INFO] [1777348200.651288594] [patient_mover_2.nav2_container]: Found class: rclcpp_components::NodeFactoryTemplate<nav2_map_server::MapSaver>
[INFO] [1777348200.651301983] [patient_mover_2.nav2_container]: Found class: rclcpp_components::NodeFactoryTemplate<nav2_map_server::MapServer>
[INFO] [1777348200.651312389] [patient_mover_2.nav2_container]: Instantiate class: rclcpp_components::NodeFactoryTemplate<nav2_map_server::MapServer>
[INFO] [1777348200.806093916] [patient_mover_2.map_server]: 
	map_server lifecycle node launched. 
	Waiting on external lifecycle transitions to activate
	See https://design.ros2.org/articles/node_lifecycle.html for more information.
[INFO] [1777348200.806166913] [patient_mover_2.map_server]: Creating
[INFO] [1777348200.809361899] [patient_mover_2.nav2_container]: Load Library: /opt/ros/jazzy/lib/libamcl_core.so
[INFO] [1777348200.813463371] [patient_mover_2.nav2_container]: Found class: rclcpp_components::NodeFactoryTemplate<nav2_amcl::AmclNode>
[INFO] [1777348200.813508972] [patient_mover_2.nav2_container]: Instantiate class: rclcpp_components::NodeFactoryTemplate<nav2_amcl::AmclNode>
[INFO] [1777348201.001071291] [patient_mover_2.amcl]: 
	amcl lifecycle node launched. 
	Waiting on external lifecycle transitions to activate
	See https://design.ros2.org/articles/node_lifecycle.html for more information.
[INFO] [1777348201.003725737] [patient_mover_2.amcl]: Creating
[INFO] [1777348201.037154016] [patient_mover_2.nav2_container]: Load Library: /opt/ros/jazzy/lib/libcontroller_server_core.so
[INFO] [1777348201.061153489] [patient_mover_2.nav2_container]: Found class: rclcpp_components::NodeFactoryTemplate<nav2_controller::ControllerServer>
[INFO] [1777348201.061276287] [patient_mover_2.nav2_container]: Instantiate class: rclcpp_components::NodeFactoryTemplate<nav2_controller::ControllerServer>
[INFO] [1777348201.202667267] [patient_mover_2.controller_server]: 
	controller_server lifecycle node launched. 
	Waiting on external lifecycle transitions to activate
	See https://design.ros2.org/articles/node_lifecycle.html for more information.
[INFO] [1777348201.208490774] [patient_mover_2.controller_server]: Creating controller server
[INFO] [1777348201.426156092] [patient_mover_2.local_costmap.local_costmap]: 
	local_costmap lifecycle node launched. 
	Waiting on external lifecycle transitions to activate
	See https://design.ros2.org/articles/node_lifecycle.html for more information.
[INFO] [1777348201.426946162] [patient_mover_2.local_costmap.local_costmap]: Creating Costmap
[INFO] [1777348201.681529817] [patient_mover_2.nav2_container]: Load Library: /opt/ros/jazzy/lib/libnav2_lifecycle_manager_core.so
[INFO] [1777348201.686663689] [patient_mover_2.nav2_container]: Found class: rclcpp_components::NodeFactoryTemplate<nav2_lifecycle_manager::LifecycleManager>
[INFO] [1777348201.687176723] [patient_mover_2.nav2_container]: Instantiate class: rclcpp_components::NodeFactoryTemplate<nav2_lifecycle_manager::LifecycleManager>
[INFO] [1777348202.063700306] [patient_mover_2.lifecycle_manager_localization]: Creating
[INFO] [1777348202.095780336] [patient_mover_2.lifecycle_manager_localization]: [34m[1mCreating and initializing lifecycle service clients[0m[0m
[INFO] [1777348202.112078288] [patient_mover_2.nav2_container]: Load Library: /opt/ros/jazzy/lib/libsmoother_server_core.so
[INFO] [1777348202.114350367] [patient_mover_2.nav2_container]: Found class: rclcpp_components::NodeFactoryTemplate<nav2_smoother::SmootherServer>
[INFO] [1777348202.114399665] [patient_mover_2.nav2_container]: Instantiate class: rclcpp_components::NodeFactoryTemplate<nav2_smoother::SmootherServer>
[INFO] [1777348202.129510824] [patient_mover_2.lifecycle_manager_localization]: [34m[1mStarting managed nodes bringup...[0m[0m
[INFO] [1777348202.130935651] [patient_mover_2.lifecycle_manager_localization]: [34m[1mConfiguring map_server[0m[0m
[INFO] [1777348202.133316794] [patient_mover_2.map_server]: Configuring
[INFO] [1777348202.133417036] [map_io]: Loading yaml file: /home/india/Documents/ai-hospital/hospital_ws/install/hospital_fleet_manager/share/hospital_fleet_manager/maps/hospital_map.yaml
[INFO] [1777348202.133776808] [map_io]: resolution: 0.05
[INFO] [1777348202.133797548] [map_io]: origin[0]: -10
[INFO] [1777348202.133802910] [map_io]: origin[1]: -10
[INFO] [1777348202.133806823] [map_io]: origin[2]: 0
[INFO] [1777348202.133810837] [map_io]: free_thresh: 0.196
[INFO] [1777348202.133814686] [map_io]: occupied_thresh: 0.65
[INFO] [1777348202.133820628] [map_io]: mode: trinary
[INFO] [1777348202.133825302] [map_io]: negate: 0
[INFO] [1777348202.134063119] [map_io]: Loading image_file: /home/india/Documents/ai-hospital/hospital_ws/install/hospital_fleet_manager/share/hospital_fleet_manager/maps/hospital_map.pgm
[INFO] [1777348202.140327426] [map_io]: Read map /home/india/Documents/ai-hospital/hospital_ws/install/hospital_fleet_manager/share/hospital_fleet_manager/maps/hospital_map.pgm: 400 X 400 map @ 0.05 m/cell
[INFO] [1777348202.211610206] [patient_mover_2.lifecycle_manager_localization]: [34m[1mConfiguring amcl[0m[0m
[INFO] [1777348202.213008139] [patient_mover_2.amcl]: Configuring
[INFO] [1777348202.213170864] [patient_mover_2.amcl]: initTransforms
[INFO] [1777348202.411423227] [patient_mover_2.amcl]: initPubSub
[INFO] [1777348202.592984881] [patient_mover_2.smoother_server]: 
	smoother_server lifecycle node launched. 
	Waiting on external lifecycle transitions to activate
	See https://design.ros2.org/articles/node_lifecycle.html for more information.
[INFO] [1777348202.594297177] [patient_mover_2.smoother_server]: Creating smoother server
[INFO] [1777348202.615717485] [patient_mover_2.amcl]: Subscribed to map topic.
[INFO] [1777348202.682539674] [patient_mover_2.nav2_container]: Load Library: /opt/ros/jazzy/lib/libplanner_server_core.so
[INFO] [1777348202.684181077] [patient_mover_2.nav2_container]: Found class: rclcpp_components::NodeFactoryTemplate<nav2_planner::PlannerServer>
[INFO] [1777348202.684238848] [patient_mover_2.nav2_container]: Instantiate class: rclcpp_components::NodeFactoryTemplate<nav2_planner::PlannerServer>
[INFO] [1777348202.724007513] [patient_mover_2.lifecycle_manager_localization]: [34m[1mActivating map_server[0m[0m
[INFO] [1777348202.731247540] [patient_mover_2.map_server]: Activating
[INFO] [1777348202.731576239] [patient_mover_2.map_server]: Creating bond (map_server) to lifecycle manager.
[INFO] [1777348202.732210892] [patient_mover_2.amcl]: Received a 400 X 400 map @ 0.050 m/pix
[INFO] [1777348202.979671495] [patient_mover_2.lifecycle_manager_localization]: Server map_server connected with bond.
[INFO] [1777348202.979776801] [patient_mover_2.lifecycle_manager_localization]: [34m[1mActivating amcl[0m[0m
[INFO] [1777348202.984028876] [patient_mover_2.amcl]: Activating
[INFO] [1777348202.984101827] [patient_mover_2.amcl]: Creating bond (amcl) to lifecycle manager.
[INFO] [1777348203.282476881] [patient_mover_2.planner_server]: 
	planner_server lifecycle node launched. 
	Waiting on external lifecycle transitions to activate
	See https://design.ros2.org/articles/node_lifecycle.html for more information.
[INFO] [1777348203.288397132] [patient_mover_2.planner_server]: Creating
[INFO] [1777348203.342377328] [patient_mover_2.lifecycle_manager_localization]: Server amcl connected with bond.
[INFO] [1777348203.342444306] [patient_mover_2.lifecycle_manager_localization]: [34m[1mManaged nodes are active[0m[0m
[INFO] [1777348203.342468905] [patient_mover_2.lifecycle_manager_localization]: [34m[1mCreating bond timer...[0m[0m
[INFO] [1777348203.868445589] [patient_mover_2.global_costmap.global_costmap]: 
	global_costmap lifecycle node launched. 
	Waiting on external lifecycle transitions to activate
	See https://design.ros2.org/articles/node_lifecycle.html for more information.
[INFO] [1777348203.879833372] [patient_mover_2.global_costmap.global_costmap]: Creating Costmap
[INFO] [1777348204.012403066] [patient_mover_2.nav2_container]: Load Library: /opt/ros/jazzy/lib/libroute_server_core.so
[INFO] [1777348204.021103234] [patient_mover_2.nav2_container]: Found class: rclcpp_components::NodeFactoryTemplate<nav2_route::RouteServer>
[INFO] [1777348204.021173606] [patient_mover_2.nav2_container]: Instantiate class: rclcpp_components::NodeFactoryTemplate<nav2_route::RouteServer>
[INFO] [1777348204.484070009] [patient_mover_2.route_server]: 
	route_server lifecycle node launched. 
	Waiting on external lifecycle transitions to activate
	See https://design.ros2.org/articles/node_lifecycle.html for more information.
[INFO] [1777348206.090100734] [patient_mover_2.nav2_container]: Load Library: /opt/ros/jazzy/lib/libbehavior_server_core.so
[INFO] [1777348206.096017743] [patient_mover_2.nav2_container]: Found class: rclcpp_components::NodeFactoryTemplate<behavior_server::BehaviorServer>
[INFO] [1777348206.096090444] [patient_mover_2.nav2_container]: Instantiate class: rclcpp_components::NodeFactoryTemplate<behavior_server::BehaviorServer>
[INFO] [1777348206.754334393] [patient_mover_2.behavior_server]: 
	behavior_server lifecycle node launched. 
	Waiting on external lifecycle transitions to activate
	See https://design.ros2.org/articles/node_lifecycle.html for more information.
[INFO] [1777348206.892123790] [rclcpp]: signal_handler(SIGINT/SIGTERM)
[INFO] [1777348206.892293953] [patient_mover_2.map_server]: Running Nav2 LifecycleNode rcl preshutdown (map_server)
[INFO] [1777348206.892403564] [patient_mover_2.map_server]: Deactivating
[INFO] [1777348206.892423160] [patient_mover_2.map_server]: Destroying bond (map_server) to lifecycle manager.
[INFO] [1777348206.903219194] [patient_mover_2.map_server]: Cleaning up
[INFO] [1777348206.903292148] [patient_mover_2.map_server]: Destroying bond (map_server) to lifecycle manager.
[INFO] [1777348206.903305107] [patient_mover_2.amcl]: Running Nav2 LifecycleNode rcl preshutdown (amcl)
[INFO] [1777348206.903327505] [patient_mover_2.amcl]: Deactivating
[INFO] [1777348206.903353202] [patient_mover_2.amcl]: Destroying bond (amcl) to lifecycle manager.
[INFO] [1777348206.914626032] [patient_mover_2.amcl]: Cleaning up
[INFO] [1777348206.942595165] [patient_mover_2.lifecycle_manager_localization]: [34m[1mHave not received a heartbeat from map_server.[0m[0m
[ERROR] [1777348206.942653005] [patient_mover_2.lifecycle_manager_localization]: CRITICAL FAILURE: SERVER map_server IS DOWN after not receiving a heartbeat for 4000 ms. Shutting down related nodes.
[INFO] [1777348206.942726677] [patient_mover_2.lifecycle_manager_localization]: [34m[1mTerminating bond timer...[0m[0m
[INFO] [1777348206.942744613] [patient_mover_2.lifecycle_manager_localization]: [34m[1mResetting managed nodes...[0m[0m
[INFO] [1777348206.942768533] [patient_mover_2.lifecycle_manager_localization]: [34m[1mDeactivating amcl[0m[0m
[INFO] [1777348207.746871862] [patient_mover_2.amcl]: Destroying bond (amcl) to lifecycle manager.
[INFO] [1777348207.746948006] [patient_mover_2.controller_server]: Running Nav2 LifecycleNode rcl preshutdown (controller_server)
[INFO] [1777348207.746972668] [patient_mover_2.controller_server]: Destroying bond (controller_server) to lifecycle manager.
[INFO] [1777348207.746990709] [patient_mover_2.lifecycle_manager_localization]: Running Nav2 LifecycleManager rcl preshutdown (lifecycle_manager_localization)
[WARN] [1777348207.846122101] [rcl_lifecycle]: No transition matching 4 found for current state unconfigured
[WARN] [1777348207.846176497] [rcl_lifecycle]: No transition matching 4 found for current state unconfigured
[ERROR] [1777348207.846196235] [patient_mover_2.amcl]: Unable to start transition 4 from current state unconfigured: Transition is not registered., at ./src/rcl_lifecycle.c:355
[ERROR] [1777348207.853553901] [patient_mover_2.lifecycle_manager_localization]: Failed to change state for node: amcl
[INFO] [1777348207.853682613] [patient_mover_2.lifecycle_manager_localization]: [34m[1mDeactivating map_server[0m[0m
[WARN] [1777348207.854979148] [rcl_lifecycle]: No transition matching 4 found for current state unconfigured
[WARN] [1777348207.855012511] [rcl_lifecycle]: No transition matching 4 found for current state unconfigured
[ERROR] [1777348207.855020137] [patient_mover_2.map_server]: Unable to start transition 4 from current state unconfigured: Transition is not registered., at ./src/rcl_lifecycle.c:355
[ERROR] [1777348207.871786379] [patient_mover_2.lifecycle_manager_localization]: Failed to change state for node: map_server
[INFO] [1777348207.871919091] [patient_mover_2.lifecycle_manager_localization]: [34m[1mCleaning up amcl[0m[0m
[WARN] [1777348207.881092976] [rcl_lifecycle]: No transition matching 2 found for current state unconfigured
[WARN] [1777348207.881134315] [rcl_lifecycle]: No transition matching 2 found for current state unconfigured
[ERROR] [1777348207.881145220] [patient_mover_2.amcl]: Unable to start transition 2 from current state unconfigured: Transition is not registered., at ./src/rcl_lifecycle.c:355
[INFO] [1777348207.895428089] [patient_mover_2.lifecycle_manager_localization]: [34m[1mCleaning up map_server[0m[0m
[WARN] [1777348207.898540197] [rcl_lifecycle]: No transition matching 2 found for current state unconfigured
[WARN] [1777348207.898578927] [rcl_lifecycle]: No transition matching 2 found for current state unconfigured
[ERROR] [1777348207.898589778] [patient_mover_2.map_server]: Unable to start transition 2 from current state unconfigured: Transition is not registered., at ./src/rcl_lifecycle.c:355
[INFO] [1777348207.911588122] [patient_mover_2.lifecycle_manager_localization]: [34m[1mManaged nodes have been reset[0m[0m
[INFO] [1777348208.233611948] [patient_mover_2.smoother_server]: Running Nav2 LifecycleNode rcl preshutdown (smoother_server)
[INFO] [1777348208.233711689] [patient_mover_2.smoother_server]: Destroying bond (smoother_server) to lifecycle manager.
[INFO] [1777348208.233734327] [patient_mover_2.planner_server]: Running Nav2 LifecycleNode rcl preshutdown (planner_server)
[INFO] [1777348208.233765034] [patient_mover_2.planner_server]: Destroying bond (planner_server) to lifecycle manager.
[INFO] [1777348208.233784250] [patient_mover_2.route_server]: Running Nav2 LifecycleNode rcl preshutdown (route_server)
[INFO] [1777348208.233802649] [patient_mover_2.route_server]: Destroying bond (route_server) to lifecycle manager.
[INFO] [1777348208.233816890] [patient_mover_2.behavior_server]: Running Nav2 LifecycleNode rcl preshutdown (behavior_server)
[INFO] [1777348208.233834401] [patient_mover_2.behavior_server]: Destroying bond (behavior_server) to lifecycle manager.
