[INFO] [1777348201.203694965] [general_2.nav2_container]: Load Library: /opt/ros/jazzy/lib/libmap_server_core.so
[INFO] [1777348201.267045674] [general_2.nav2_container]: Found class: rclcpp_components::NodeFactoryTemplate<nav2_map_server::CostmapFilterInfoServer>
[INFO] [1777348201.267113951] [general_2.nav2_container]: Found class: rclcpp_components::NodeFactoryTemplate<nav2_map_server::MapSaver>
[INFO] [1777348201.267123744] [general_2.nav2_container]: Found class: rclcpp_components::NodeFactoryTemplate<nav2_map_server::MapServer>
[INFO] [1777348201.267131765] [general_2.nav2_container]: Instantiate class: rclcpp_components::NodeFactoryTemplate<nav2_map_server::MapServer>
[INFO] [1777348201.432880077] [general_2.map_server]: 
	map_server lifecycle node launched. 
	Waiting on external lifecycle transitions to activate
	See https://design.ros2.org/articles/node_lifecycle.html for more information.
[INFO] [1777348201.432943061] [general_2.map_server]: Creating
[INFO] [1777348201.433502656] [general_2.nav2_container]: Load Library: /opt/ros/jazzy/lib/libamcl_core.so
[INFO] [1777348201.439773822] [general_2.nav2_container]: Found class: rclcpp_components::NodeFactoryTemplate<nav2_amcl::AmclNode>
[INFO] [1777348201.439835004] [general_2.nav2_container]: Instantiate class: rclcpp_components::NodeFactoryTemplate<nav2_amcl::AmclNode>
[INFO] [1777348201.552310510] [general_2.amcl]: 
	amcl lifecycle node launched. 
	Waiting on external lifecycle transitions to activate
	See https://design.ros2.org/articles/node_lifecycle.html for more information.
[INFO] [1777348201.552792693] [general_2.amcl]: Creating
[INFO] [1777348201.574320645] [general_2.nav2_container]: Load Library: /opt/ros/jazzy/lib/libcontroller_server_core.so
[INFO] [1777348201.578665106] [general_2.nav2_container]: Found class: rclcpp_components::NodeFactoryTemplate<nav2_controller::ControllerServer>
[INFO] [1777348201.578734717] [general_2.nav2_container]: Instantiate class: rclcpp_components::NodeFactoryTemplate<nav2_controller::ControllerServer>
[INFO] [1777348201.838911273] [general_2.controller_server]: 
	controller_server lifecycle node launched. 
	Waiting on external lifecycle transitions to activate
	See https://design.ros2.org/articles/node_lifecycle.html for more information.
[INFO] [1777348201.843903502] [general_2.controller_server]: Creating controller server
[INFO] [1777348202.087368200] [general_2.local_costmap.local_costmap]: 
	local_costmap lifecycle node launched. 
	Waiting on external lifecycle transitions to activate
	See https://design.ros2.org/articles/node_lifecycle.html for more information.
[INFO] [1777348202.090596267] [general_2.local_costmap.local_costmap]: Creating Costmap
[INFO] [1777348202.173553416] [general_2.nav2_container]: Load Library: /opt/ros/jazzy/lib/libnav2_lifecycle_manager_core.so
[INFO] [1777348202.177158657] [general_2.nav2_container]: Found class: rclcpp_components::NodeFactoryTemplate<nav2_lifecycle_manager::LifecycleManager>
[INFO] [1777348202.177198791] [general_2.nav2_container]: Instantiate class: rclcpp_components::NodeFactoryTemplate<nav2_lifecycle_manager::LifecycleManager>
[INFO] [1777348202.347127976] [general_2.lifecycle_manager_localization]: Creating
[INFO] [1777348202.416690665] [general_2.lifecycle_manager_localization]: [34m[1mCreating and initializing lifecycle service clients[0m[0m
[INFO] [1777348202.487778532] [general_2.nav2_container]: Load Library: /opt/ros/jazzy/lib/libsmoother_server_core.so
[INFO] [1777348202.502577576] [general_2.nav2_container]: Found class: rclcpp_components::NodeFactoryTemplate<nav2_smoother::SmootherServer>
[INFO] [1777348202.504981898] [general_2.nav2_container]: Instantiate class: rclcpp_components::NodeFactoryTemplate<nav2_smoother::SmootherServer>
[INFO] [1777348202.513843381] [general_2.lifecycle_manager_localization]: [34m[1mStarting managed nodes bringup...[0m[0m
[INFO] [1777348202.513917578] [general_2.lifecycle_manager_localization]: [34m[1mConfiguring map_server[0m[0m
[INFO] [1777348202.515530053] [general_2.map_server]: Configuring
[INFO] [1777348202.525016665] [map_io]: Loading yaml file: /home/india/Documents/ai-hospital/hospital_ws/install/hospital_fleet_manager/share/hospital_fleet_manager/maps/hospital_map.yaml
[INFO] [1777348202.525446037] [map_io]: resolution: 0.05
[INFO] [1777348202.525468847] [map_io]: origin[0]: -10
[INFO] [1777348202.525476723] [map_io]: origin[1]: -10
[INFO] [1777348202.525482214] [map_io]: origin[2]: 0
[INFO] [1777348202.525487496] [map_io]: free_thresh: 0.196
[INFO] [1777348202.525492480] [map_io]: occupied_thresh: 0.65
[INFO] [1777348202.525500840] [map_io]: mode: trinary
[INFO] [1777348202.525507694] [map_io]: negate: 0
[INFO] [1777348202.526260586] [map_io]: Loading image_file: /home/india/Documents/ai-hospital/hospital_ws/install/hospital_fleet_manager/share/hospital_fleet_manager/maps/hospital_map.pgm
[INFO] [1777348202.544452961] [map_io]: Read map /home/india/Documents/ai-hospital/hospital_ws/install/hospital_fleet_manager/share/hospital_fleet_manager/maps/hospital_map.pgm: 400 X 400 map @ 0.05 m/cell
[INFO] [1777348202.747953031] [general_2.lifecycle_manager_localization]: [34m[1mConfiguring amcl[0m[0m
[INFO] [1777348202.749525332] [general_2.amcl]: Configuring
[INFO] [1777348202.750646265] [general_2.amcl]: initTransforms
[INFO] [1777348202.938700827] [general_2.amcl]: initPubSub
[INFO] [1777348202.983672089] [general_2.amcl]: Subscribed to map topic.
[INFO] [1777348203.118188133] [general_2.lifecycle_manager_localization]: [34m[1mActivating map_server[0m[0m
[INFO] [1777348203.119073597] [general_2.map_server]: Activating
[INFO] [1777348203.119421332] [general_2.map_server]: Creating bond (map_server) to lifecycle manager.
[INFO] [1777348203.120256056] [general_2.amcl]: Received a 400 X 400 map @ 0.050 m/pix
[INFO] [1777348203.148827076] [general_2.smoother_server]: 
	smoother_server lifecycle node launched. 
	Waiting on external lifecycle transitions to activate
	See https://design.ros2.org/articles/node_lifecycle.html for more information.
[INFO] [1777348203.150072979] [general_2.smoother_server]: Creating smoother server
[INFO] [1777348203.206934051] [general_2.nav2_container]: Load Library: /opt/ros/jazzy/lib/libplanner_server_core.so
[INFO] [1777348203.208407186] [general_2.nav2_container]: Found class: rclcpp_components::NodeFactoryTemplate<nav2_planner::PlannerServer>
[INFO] [1777348203.208464303] [general_2.nav2_container]: Instantiate class: rclcpp_components::NodeFactoryTemplate<nav2_planner::PlannerServer>
[INFO] [1777348203.318683235] [general_2.lifecycle_manager_localization]: Server map_server connected with bond.
[INFO] [1777348203.318739479] [general_2.lifecycle_manager_localization]: [34m[1mActivating amcl[0m[0m
[INFO] [1777348203.319527686] [general_2.amcl]: Activating
[INFO] [1777348203.319576691] [general_2.amcl]: Creating bond (amcl) to lifecycle manager.
[INFO] [1777348203.497803275] [general_2.lifecycle_manager_localization]: Server amcl connected with bond.
[INFO] [1777348203.497873655] [general_2.lifecycle_manager_localization]: [34m[1mManaged nodes are active[0m[0m
[INFO] [1777348203.497900692] [general_2.lifecycle_manager_localization]: [34m[1mCreating bond timer...[0m[0m
[INFO] [1777348203.755870790] [general_2.planner_server]: 
	planner_server lifecycle node launched. 
	Waiting on external lifecycle transitions to activate
	See https://design.ros2.org/articles/node_lifecycle.html for more information.
[INFO] [1777348203.757491521] [general_2.planner_server]: Creating
[INFO] [1777348204.457638067] [general_2.global_costmap.global_costmap]: 
	global_costmap lifecycle node launched. 
	Waiting on external lifecycle transitions to activate
	See https://design.ros2.org/articles/node_lifecycle.html for more information.
[INFO] [1777348204.464462503] [general_2.global_costmap.global_costmap]: Creating Costmap
[INFO] [1777348206.836902101] [rclcpp]: signal_handler(SIGINT/SIGTERM)
[INFO] [1777348206.837083394] [general_2.map_server]: Running Nav2 LifecycleNode rcl preshutdown (map_server)
[INFO] [1777348206.837206265] [general_2.map_server]: Deactivating
[INFO] [1777348206.837240855] [general_2.map_server]: Destroying bond (map_server) to lifecycle manager.
[INFO] [1777348206.847911687] [general_2.map_server]: Cleaning up
[INFO] [1777348206.847988187] [general_2.map_server]: Destroying bond (map_server) to lifecycle manager.
[INFO] [1777348206.848009364] [general_2.amcl]: Running Nav2 LifecycleNode rcl preshutdown (amcl)
[INFO] [1777348206.848043764] [general_2.amcl]: Deactivating
[INFO] [1777348206.848085541] [general_2.amcl]: Destroying bond (amcl) to lifecycle manager.
[INFO] [1777348206.860199415] [general_2.amcl]: Cleaning up
[INFO] [1777348206.898018146] [general_2.lifecycle_manager_localization]: [34m[1mHave not received a heartbeat from map_server.[0m[0m
[ERROR] [1777348206.898076262] [general_2.lifecycle_manager_localization]: CRITICAL FAILURE: SERVER map_server IS DOWN after not receiving a heartbeat for 4000 ms. Shutting down related nodes.
[INFO] [1777348206.898148430] [general_2.lifecycle_manager_localization]: [34m[1mTerminating bond timer...[0m[0m
[INFO] [1777348206.898161909] [general_2.lifecycle_manager_localization]: [34m[1mResetting managed nodes...[0m[0m
[INFO] [1777348206.898168707] [general_2.lifecycle_manager_localization]: [34m[1mDeactivating amcl[0m[0m
[INFO] [1777348207.544630954] [general_2.amcl]: Destroying bond (amcl) to lifecycle manager.
[INFO] [1777348207.544695751] [general_2.controller_server]: Running Nav2 LifecycleNode rcl preshutdown (controller_server)
[INFO] [1777348207.544716754] [general_2.controller_server]: Destroying bond (controller_server) to lifecycle manager.
[INFO] [1777348207.544735173] [general_2.lifecycle_manager_localization]: Running Nav2 LifecycleManager rcl preshutdown (lifecycle_manager_localization)
[WARN] [1777348207.606177340] [rcl_lifecycle]: No transition matching 4 found for current state unconfigured
[WARN] [1777348207.606670218] [rcl_lifecycle]: No transition matching 4 found for current state unconfigured
[ERROR] [1777348207.606696202] [general_2.amcl]: Unable to start transition 4 from current state unconfigured: Transition is not registered., at ./src/rcl_lifecycle.c:355
[ERROR] [1777348207.611617220] [general_2.lifecycle_manager_localization]: Failed to change state for node: amcl
[INFO] [1777348207.611719864] [general_2.lifecycle_manager_localization]: [34m[1mDeactivating map_server[0m[0m
[WARN] [1777348207.613642750] [rcl_lifecycle]: No transition matching 4 found for current state unconfigured
[WARN] [1777348207.613690779] [rcl_lifecycle]: No transition matching 4 found for current state unconfigured
[ERROR] [1777348207.613701944] [general_2.map_server]: Unable to start transition 4 from current state unconfigured: Transition is not registered., at ./src/rcl_lifecycle.c:355
[ERROR] [1777348207.616152373] [general_2.lifecycle_manager_localization]: Failed to change state for node: map_server
[INFO] [1777348207.616270377] [general_2.lifecycle_manager_localization]: [34m[1mCleaning up amcl[0m[0m
[WARN] [1777348207.617867624] [rcl_lifecycle]: No transition matching 2 found for current state unconfigured
[WARN] [1777348207.617913556] [rcl_lifecycle]: No transition matching 2 found for current state unconfigured
[ERROR] [1777348207.617923265] [general_2.amcl]: Unable to start transition 2 from current state unconfigured: Transition is not registered., at ./src/rcl_lifecycle.c:355
[INFO] [1777348207.623534925] [general_2.lifecycle_manager_localization]: [34m[1mCleaning up map_server[0m[0m
[WARN] [1777348207.626865079] [rcl_lifecycle]: No transition matching 2 found for current state unconfigured
[WARN] [1777348207.626907858] [rcl_lifecycle]: No transition matching 2 found for current state unconfigured
[ERROR] [1777348207.626917566] [general_2.map_server]: Unable to start transition 2 from current state unconfigured: Transition is not registered., at ./src/rcl_lifecycle.c:355
[INFO] [1777348207.631070147] [general_2.lifecycle_manager_localization]: [34m[1mManaged nodes have been reset[0m[0m
[INFO] [1777348207.693202009] [general_2.smoother_server]: Running Nav2 LifecycleNode rcl preshutdown (smoother_server)
[INFO] [1777348207.693295681] [general_2.smoother_server]: Destroying bond (smoother_server) to lifecycle manager.
[INFO] [1777348207.693314984] [general_2.planner_server]: Running Nav2 LifecycleNode rcl preshutdown (planner_server)
[INFO] [1777348207.693333698] [general_2.planner_server]: Destroying bond (planner_server) to lifecycle manager.
