[INFO] [1777349114.368645974] [ros_gz_bridge]: Creating GZ->ROS Bridge: [/delivery_1/cmd_vel (gz.msgs.Twist) -> /delivery_1/cmd_vel (geometry_msgs/msg/Twist)] (Lazy 0)
[INFO] [1777349114.370425941] [ros_gz_bridge]: Creating ROS->GZ Bridge: [/delivery_1/cmd_vel (geometry_msgs/msg/Twist) -> /delivery_1/cmd_vel (gz.msgs.Twist)] (Lazy 0)
[INFO] [1777349114.370993358] [ros_gz_bridge]: Creating GZ->ROS Bridge: [/delivery_1/odom (gz.msgs.Odometry) -> /delivery_1/odom (nav_msgs/msg/Odometry)] (Lazy 0)
[INFO] [1777349114.372188663] [ros_gz_bridge]: Creating ROS->GZ Bridge: [/delivery_1/odom (nav_msgs/msg/Odometry) -> /delivery_1/odom (gz.msgs.Odometry)] (Lazy 0)
[INFO] [1777349114.372679218] [ros_gz_bridge]: Creating GZ->ROS Bridge: [/delivery_2/cmd_vel (gz.msgs.Twist) -> /delivery_2/cmd_vel (geometry_msgs/msg/Twist)] (Lazy 0)
[INFO] [1777349114.372993242] [ros_gz_bridge]: Creating ROS->GZ Bridge: [/delivery_2/cmd_vel (geometry_msgs/msg/Twist) -> /delivery_2/cmd_vel (gz.msgs.Twist)] (Lazy 0)
[INFO] [1777349114.373270929] [ros_gz_bridge]: Creating GZ->ROS Bridge: [/delivery_2/odom (gz.msgs.Odometry) -> /delivery_2/odom (nav_msgs/msg/Odometry)] (Lazy 0)
[INFO] [1777349114.373527049] [ros_gz_bridge]: Creating ROS->GZ Bridge: [/delivery_2/odom (nav_msgs/msg/Odometry) -> /delivery_2/odom (gz.msgs.Odometry)] (Lazy 0)
[INFO] [1777349114.373823929] [ros_gz_bridge]: Creating GZ->ROS Bridge: [/delivery_3/cmd_vel (gz.msgs.Twist) -> /delivery_3/cmd_vel (geometry_msgs/msg/Twist)] (Lazy 0)
[INFO] [1777349114.374064343] [ros_gz_bridge]: Creating ROS->GZ Bridge: [/delivery_3/cmd_vel (geometry_msgs/msg/Twist) -> /delivery_3/cmd_vel (gz.msgs.Twist)] (Lazy 0)
[INFO] [1777349114.374352106] [ros_gz_bridge]: Creating GZ->ROS Bridge: [/delivery_3/odom (gz.msgs.Odometry) -> /delivery_3/odom (nav_msgs/msg/Odometry)] (Lazy 0)
[INFO] [1777349114.374612033] [ros_gz_bridge]: Creating ROS->GZ Bridge: [/delivery_3/odom (nav_msgs/msg/Odometry) -> /delivery_3/odom (gz.msgs.Odometry)] (Lazy 0)
[INFO] [1777349114.374990697] [ros_gz_bridge]: Creating GZ->ROS Bridge: [/cleaning_1/cmd_vel (gz.msgs.Twist) -> /cleaning_1/cmd_vel (geometry_msgs/msg/Twist)] (Lazy 0)
[INFO] [1777349114.375262969] [ros_gz_bridge]: Creating ROS->GZ Bridge: [/cleaning_1/cmd_vel (geometry_msgs/msg/Twist) -> /cleaning_1/cmd_vel (gz.msgs.Twist)] (Lazy 0)
[INFO] [1777349114.375552756] [ros_gz_bridge]: Creating GZ->ROS Bridge: [/cleaning_1/odom (gz.msgs.Odometry) -> /cleaning_1/odom (nav_msgs/msg/Odometry)] (Lazy 0)
[INFO] [1777349114.376334162] [ros_gz_bridge]: Creating ROS->GZ Bridge: [/cleaning_1/odom (nav_msgs/msg/Odometry) -> /cleaning_1/odom (gz.msgs.Odometry)] (Lazy 0)
[INFO] [1777349114.376944856] [ros_gz_bridge]: Creating GZ->ROS Bridge: [/cleaning_2/cmd_vel (gz.msgs.Twist) -> /cleaning_2/cmd_vel (geometry_msgs/msg/Twist)] (Lazy 0)
[INFO] [1777349114.377321955] [ros_gz_bridge]: Creating ROS->GZ Bridge: [/cleaning_2/cmd_vel (geometry_msgs/msg/Twist) -> /cleaning_2/cmd_vel (gz.msgs.Twist)] (Lazy 0)
[INFO] [1777349114.377774239] [ros_gz_bridge]: Creating GZ->ROS Bridge: [/cleaning_2/odom (gz.msgs.Odometry) -> /cleaning_2/odom (nav_msgs/msg/Odometry)] (Lazy 0)
[INFO] [1777349114.378064242] [ros_gz_bridge]: Creating ROS->GZ Bridge: [/cleaning_2/odom (nav_msgs/msg/Odometry) -> /cleaning_2/odom (gz.msgs.Odometry)] (Lazy 0)
[INFO] [1777349114.378372348] [ros_gz_bridge]: Creating GZ->ROS Bridge: [/patient_mover_1/cmd_vel (gz.msgs.Twist) -> /patient_mover_1/cmd_vel (geometry_msgs/msg/Twist)] (Lazy 0)
[INFO] [1777349114.378580440] [ros_gz_bridge]: Creating ROS->GZ Bridge: [/patient_mover_1/cmd_vel (geometry_msgs/msg/Twist) -> /patient_mover_1/cmd_vel (gz.msgs.Twist)] (Lazy 0)
[INFO] [1777349114.379246321] [ros_gz_bridge]: Creating GZ->ROS Bridge: [/patient_mover_1/odom (gz.msgs.Odometry) -> /patient_mover_1/odom (nav_msgs/msg/Odometry)] (Lazy 0)
[INFO] [1777349114.379548381] [ros_gz_bridge]: Creating ROS->GZ Bridge: [/patient_mover_1/odom (nav_msgs/msg/Odometry) -> /patient_mover_1/odom (gz.msgs.Odometry)] (Lazy 0)
[INFO] [1777349114.379976503] [ros_gz_bridge]: Creating GZ->ROS Bridge: [/patient_mover_2/cmd_vel (gz.msgs.Twist) -> /patient_mover_2/cmd_vel (geometry_msgs/msg/Twist)] (Lazy 0)
[INFO] [1777349114.380338837] [ros_gz_bridge]: Creating ROS->GZ Bridge: [/patient_mover_2/cmd_vel (geometry_msgs/msg/Twist) -> /patient_mover_2/cmd_vel (gz.msgs.Twist)] (Lazy 0)
[INFO] [1777349114.380627559] [ros_gz_bridge]: Creating GZ->ROS Bridge: [/patient_mover_2/odom (gz.msgs.Odometry) -> /patient_mover_2/odom (nav_msgs/msg/Odometry)] (Lazy 0)
[INFO] [1777349114.381001718] [ros_gz_bridge]: Creating ROS->GZ Bridge: [/patient_mover_2/odom (nav_msgs/msg/Odometry) -> /patient_mover_2/odom (gz.msgs.Odometry)] (Lazy 0)
[INFO] [1777349114.381666510] [ros_gz_bridge]: Creating GZ->ROS Bridge: [/heavy_supply_1/cmd_vel (gz.msgs.Twist) -> /heavy_supply_1/cmd_vel (geometry_msgs/msg/Twist)] (Lazy 0)
[INFO] [1777349114.382207323] [ros_gz_bridge]: Creating ROS->GZ Bridge: [/heavy_supply_1/cmd_vel (geometry_msgs/msg/Twist) -> /heavy_supply_1/cmd_vel (gz.msgs.Twist)] (Lazy 0)
[INFO] [1777349114.382869990] [ros_gz_bridge]: Creating GZ->ROS Bridge: [/heavy_supply_1/odom (gz.msgs.Odometry) -> /heavy_supply_1/odom (nav_msgs/msg/Odometry)] (Lazy 0)
[INFO] [1777349114.383417427] [ros_gz_bridge]: Creating ROS->GZ Bridge: [/heavy_supply_1/odom (nav_msgs/msg/Odometry) -> /heavy_supply_1/odom (gz.msgs.Odometry)] (Lazy 0)
[INFO] [1777349114.384009601] [ros_gz_bridge]: Creating GZ->ROS Bridge: [/lab_courier_1/cmd_vel (gz.msgs.Twist) -> /lab_courier_1/cmd_vel (geometry_msgs/msg/Twist)] (Lazy 0)
[INFO] [1777349114.384332475] [ros_gz_bridge]: Creating ROS->GZ Bridge: [/lab_courier_1/cmd_vel (geometry_msgs/msg/Twist) -> /lab_courier_1/cmd_vel (gz.msgs.Twist)] (Lazy 0)
[INFO] [1777349114.384695387] [ros_gz_bridge]: Creating GZ->ROS Bridge: [/lab_courier_1/odom (gz.msgs.Odometry) -> /lab_courier_1/odom (nav_msgs/msg/Odometry)] (Lazy 0)
[INFO] [1777349114.385135646] [ros_gz_bridge]: Creating ROS->GZ Bridge: [/lab_courier_1/odom (nav_msgs/msg/Odometry) -> /lab_courier_1/odom (gz.msgs.Odometry)] (Lazy 0)
[INFO] [1777349114.385651590] [ros_gz_bridge]: Creating GZ->ROS Bridge: [/emergency_1/cmd_vel (gz.msgs.Twist) -> /emergency_1/cmd_vel (geometry_msgs/msg/Twist)] (Lazy 0)
[INFO] [1777349114.386093614] [ros_gz_bridge]: Creating ROS->GZ Bridge: [/emergency_1/cmd_vel (geometry_msgs/msg/Twist) -> /emergency_1/cmd_vel (gz.msgs.Twist)] (Lazy 0)
[INFO] [1777349114.386535676] [ros_gz_bridge]: Creating GZ->ROS Bridge: [/emergency_1/odom (gz.msgs.Odometry) -> /emergency_1/odom (nav_msgs/msg/Odometry)] (Lazy 0)
[INFO] [1777349114.388000073] [ros_gz_bridge]: Creating ROS->GZ Bridge: [/emergency_1/odom (nav_msgs/msg/Odometry) -> /emergency_1/odom (gz.msgs.Odometry)] (Lazy 0)
[INFO] [1777349114.388897781] [ros_gz_bridge]: Creating GZ->ROS Bridge: [/general_1/cmd_vel (gz.msgs.Twist) -> /general_1/cmd_vel (geometry_msgs/msg/Twist)] (Lazy 0)
[INFO] [1777349114.389819788] [ros_gz_bridge]: Creating ROS->GZ Bridge: [/general_1/cmd_vel (geometry_msgs/msg/Twist) -> /general_1/cmd_vel (gz.msgs.Twist)] (Lazy 0)
[INFO] [1777349114.390693770] [ros_gz_bridge]: Creating GZ->ROS Bridge: [/general_1/odom (gz.msgs.Odometry) -> /general_1/odom (nav_msgs/msg/Odometry)] (Lazy 0)
[INFO] [1777349114.391496864] [ros_gz_bridge]: Creating ROS->GZ Bridge: [/general_1/odom (nav_msgs/msg/Odometry) -> /general_1/odom (gz.msgs.Odometry)] (Lazy 0)
[INFO] [1777349114.393106209] [ros_gz_bridge]: Creating GZ->ROS Bridge: [/general_2/cmd_vel (gz.msgs.Twist) -> /general_2/cmd_vel (geometry_msgs/msg/Twist)] (Lazy 0)
[INFO] [1777349114.393904372] [ros_gz_bridge]: Creating ROS->GZ Bridge: [/general_2/cmd_vel (geometry_msgs/msg/Twist) -> /general_2/cmd_vel (gz.msgs.Twist)] (Lazy 0)
[INFO] [1777349114.394712224] [ros_gz_bridge]: Creating GZ->ROS Bridge: [/general_2/odom (gz.msgs.Odometry) -> /general_2/odom (nav_msgs/msg/Odometry)] (Lazy 0)
[INFO] [1777349114.395402078] [ros_gz_bridge]: Creating ROS->GZ Bridge: [/general_2/odom (nav_msgs/msg/Odometry) -> /general_2/odom (gz.msgs.Odometry)] (Lazy 0)
[INFO] [1777349114.776398854] [rclcpp]: signal_handler(SIGINT/SIGTERM)
