[INFO] [1777436146.683373610] [ros_gz_bridge]: Creating GZ->ROS Bridge: [/delivery_1/cmd_vel (gz.msgs.Twist) -> /delivery_1/cmd_vel (geometry_msgs/msg/Twist)] (Lazy 0)
[INFO] [1777436146.685648832] [ros_gz_bridge]: Creating ROS->GZ Bridge: [/delivery_1/cmd_vel (geometry_msgs/msg/Twist) -> /delivery_1/cmd_vel (gz.msgs.Twist)] (Lazy 0)
[INFO] [1777436146.686379347] [ros_gz_bridge]: Creating GZ->ROS Bridge: [/delivery_1/odom (gz.msgs.Odometry) -> /delivery_1/odom (nav_msgs/msg/Odometry)] (Lazy 0)
[INFO] [1777436146.688210044] [ros_gz_bridge]: Creating ROS->GZ Bridge: [/delivery_1/odom (nav_msgs/msg/Odometry) -> /delivery_1/odom (gz.msgs.Odometry)] (Lazy 0)
[INFO] [1777436146.688846377] [ros_gz_bridge]: Creating GZ->ROS Bridge: [/delivery_2/cmd_vel (gz.msgs.Twist) -> /delivery_2/cmd_vel (geometry_msgs/msg/Twist)] (Lazy 0)
[INFO] [1777436146.689294412] [ros_gz_bridge]: Creating ROS->GZ Bridge: [/delivery_2/cmd_vel (geometry_msgs/msg/Twist) -> /delivery_2/cmd_vel (gz.msgs.Twist)] (Lazy 0)
[INFO] [1777436146.689757313] [ros_gz_bridge]: Creating GZ->ROS Bridge: [/delivery_2/odom (gz.msgs.Odometry) -> /delivery_2/odom (nav_msgs/msg/Odometry)] (Lazy 0)
[INFO] [1777436146.690380695] [ros_gz_bridge]: Creating ROS->GZ Bridge: [/delivery_2/odom (nav_msgs/msg/Odometry) -> /delivery_2/odom (gz.msgs.Odometry)] (Lazy 0)
[INFO] [1777436146.690857296] [ros_gz_bridge]: Creating GZ->ROS Bridge: [/delivery_3/cmd_vel (gz.msgs.Twist) -> /delivery_3/cmd_vel (geometry_msgs/msg/Twist)] (Lazy 0)
[INFO] [1777436146.691243236] [ros_gz_bridge]: Creating ROS->GZ Bridge: [/delivery_3/cmd_vel (geometry_msgs/msg/Twist) -> /delivery_3/cmd_vel (gz.msgs.Twist)] (Lazy 0)
[INFO] [1777436146.691681903] [ros_gz_bridge]: Creating GZ->ROS Bridge: [/delivery_3/odom (gz.msgs.Odometry) -> /delivery_3/odom (nav_msgs/msg/Odometry)] (Lazy 0)
[INFO] [1777436146.692071143] [ros_gz_bridge]: Creating ROS->GZ Bridge: [/delivery_3/odom (nav_msgs/msg/Odometry) -> /delivery_3/odom (gz.msgs.Odometry)] (Lazy 0)
[INFO] [1777436146.692545143] [ros_gz_bridge]: Creating GZ->ROS Bridge: [/cleaning_1/cmd_vel (gz.msgs.Twist) -> /cleaning_1/cmd_vel (geometry_msgs/msg/Twist)] (Lazy 0)
[INFO] [1777436146.692947267] [ros_gz_bridge]: Creating ROS->GZ Bridge: [/cleaning_1/cmd_vel (geometry_msgs/msg/Twist) -> /cleaning_1/cmd_vel (gz.msgs.Twist)] (Lazy 0)
[INFO] [1777436146.693467078] [ros_gz_bridge]: Creating GZ->ROS Bridge: [/cleaning_1/odom (gz.msgs.Odometry) -> /cleaning_1/odom (nav_msgs/msg/Odometry)] (Lazy 0)
[INFO] [1777436146.693906208] [ros_gz_bridge]: Creating ROS->GZ Bridge: [/cleaning_1/odom (nav_msgs/msg/Odometry) -> /cleaning_1/odom (gz.msgs.Odometry)] (Lazy 0)
[INFO] [1777436146.694438565] [ros_gz_bridge]: Creating GZ->ROS Bridge: [/cleaning_2/cmd_vel (gz.msgs.Twist) -> /cleaning_2/cmd_vel (geometry_msgs/msg/Twist)] (Lazy 0)
[INFO] [1777436146.694863015] [ros_gz_bridge]: Creating ROS->GZ Bridge: [/cleaning_2/cmd_vel (geometry_msgs/msg/Twist) -> /cleaning_2/cmd_vel (gz.msgs.Twist)] (Lazy 0)
[INFO] [1777436146.695287336] [ros_gz_bridge]: Creating GZ->ROS Bridge: [/cleaning_2/odom (gz.msgs.Odometry) -> /cleaning_2/odom (nav_msgs/msg/Odometry)] (Lazy 0)
[INFO] [1777436146.696557731] [ros_gz_bridge]: Creating ROS->GZ Bridge: [/cleaning_2/odom (nav_msgs/msg/Odometry) -> /cleaning_2/odom (gz.msgs.Odometry)] (Lazy 0)
[INFO] [1777436146.697095523] [ros_gz_bridge]: Creating GZ->ROS Bridge: [/patient_mover_1/cmd_vel (gz.msgs.Twist) -> /patient_mover_1/cmd_vel (geometry_msgs/msg/Twist)] (Lazy 0)
[INFO] [1777436146.697550907] [ros_gz_bridge]: Creating ROS->GZ Bridge: [/patient_mover_1/cmd_vel (geometry_msgs/msg/Twist) -> /patient_mover_1/cmd_vel (gz.msgs.Twist)] (Lazy 0)
[INFO] [1777436146.698001640] [ros_gz_bridge]: Creating GZ->ROS Bridge: [/patient_mover_1/odom (gz.msgs.Odometry) -> /patient_mover_1/odom (nav_msgs/msg/Odometry)] (Lazy 0)
[INFO] [1777436146.698437685] [ros_gz_bridge]: Creating ROS->GZ Bridge: [/patient_mover_1/odom (nav_msgs/msg/Odometry) -> /patient_mover_1/odom (gz.msgs.Odometry)] (Lazy 0)
[INFO] [1777436146.698909578] [ros_gz_bridge]: Creating GZ->ROS Bridge: [/patient_mover_2/cmd_vel (gz.msgs.Twist) -> /patient_mover_2/cmd_vel (geometry_msgs/msg/Twist)] (Lazy 0)
[INFO] [1777436146.699373477] [ros_gz_bridge]: Creating ROS->GZ Bridge: [/patient_mover_2/cmd_vel (geometry_msgs/msg/Twist) -> /patient_mover_2/cmd_vel (gz.msgs.Twist)] (Lazy 0)
[INFO] [1777436146.699847129] [ros_gz_bridge]: Creating GZ->ROS Bridge: [/patient_mover_2/odom (gz.msgs.Odometry) -> /patient_mover_2/odom (nav_msgs/msg/Odometry)] (Lazy 0)
[INFO] [1777436146.700275627] [ros_gz_bridge]: Creating ROS->GZ Bridge: [/patient_mover_2/odom (nav_msgs/msg/Odometry) -> /patient_mover_2/odom (gz.msgs.Odometry)] (Lazy 0)
[INFO] [1777436146.700766307] [ros_gz_bridge]: Creating GZ->ROS Bridge: [/heavy_supply_1/cmd_vel (gz.msgs.Twist) -> /heavy_supply_1/cmd_vel (geometry_msgs/msg/Twist)] (Lazy 0)
[INFO] [1777436146.701181404] [ros_gz_bridge]: Creating ROS->GZ Bridge: [/heavy_supply_1/cmd_vel (geometry_msgs/msg/Twist) -> /heavy_supply_1/cmd_vel (gz.msgs.Twist)] (Lazy 0)
[INFO] [1777436146.701629323] [ros_gz_bridge]: Creating GZ->ROS Bridge: [/heavy_supply_1/odom (gz.msgs.Odometry) -> /heavy_supply_1/odom (nav_msgs/msg/Odometry)] (Lazy 0)
[INFO] [1777436146.702030942] [ros_gz_bridge]: Creating ROS->GZ Bridge: [/heavy_supply_1/odom (nav_msgs/msg/Odometry) -> /heavy_supply_1/odom (gz.msgs.Odometry)] (Lazy 0)
[INFO] [1777436146.702507866] [ros_gz_bridge]: Creating GZ->ROS Bridge: [/lab_courier_1/cmd_vel (gz.msgs.Twist) -> /lab_courier_1/cmd_vel (geometry_msgs/msg/Twist)] (Lazy 0)
[INFO] [1777436146.702896790] [ros_gz_bridge]: Creating ROS->GZ Bridge: [/lab_courier_1/cmd_vel (geometry_msgs/msg/Twist) -> /lab_courier_1/cmd_vel (gz.msgs.Twist)] (Lazy 0)
[INFO] [1777436146.703307366] [ros_gz_bridge]: Creating GZ->ROS Bridge: [/lab_courier_1/odom (gz.msgs.Odometry) -> /lab_courier_1/odom (nav_msgs/msg/Odometry)] (Lazy 0)
[INFO] [1777436146.703709487] [ros_gz_bridge]: Creating ROS->GZ Bridge: [/lab_courier_1/odom (nav_msgs/msg/Odometry) -> /lab_courier_1/odom (gz.msgs.Odometry)] (Lazy 0)
[INFO] [1777436146.704167869] [ros_gz_bridge]: Creating GZ->ROS Bridge: [/emergency_1/cmd_vel (gz.msgs.Twist) -> /emergency_1/cmd_vel (geometry_msgs/msg/Twist)] (Lazy 0)
[INFO] [1777436146.704568002] [ros_gz_bridge]: Creating ROS->GZ Bridge: [/emergency_1/cmd_vel (geometry_msgs/msg/Twist) -> /emergency_1/cmd_vel (gz.msgs.Twist)] (Lazy 0)
[INFO] [1777436146.705004146] [ros_gz_bridge]: Creating GZ->ROS Bridge: [/emergency_1/odom (gz.msgs.Odometry) -> /emergency_1/odom (nav_msgs/msg/Odometry)] (Lazy 0)
[INFO] [1777436146.705399308] [ros_gz_bridge]: Creating ROS->GZ Bridge: [/emergency_1/odom (nav_msgs/msg/Odometry) -> /emergency_1/odom (gz.msgs.Odometry)] (Lazy 0)
[INFO] [1777436146.705865692] [ros_gz_bridge]: Creating GZ->ROS Bridge: [/general_1/cmd_vel (gz.msgs.Twist) -> /general_1/cmd_vel (geometry_msgs/msg/Twist)] (Lazy 0)
[INFO] [1777436146.706254546] [ros_gz_bridge]: Creating ROS->GZ Bridge: [/general_1/cmd_vel (geometry_msgs/msg/Twist) -> /general_1/cmd_vel (gz.msgs.Twist)] (Lazy 0)
[INFO] [1777436146.706710738] [ros_gz_bridge]: Creating GZ->ROS Bridge: [/general_1/odom (gz.msgs.Odometry) -> /general_1/odom (nav_msgs/msg/Odometry)] (Lazy 0)
[INFO] [1777436146.707112257] [ros_gz_bridge]: Creating ROS->GZ Bridge: [/general_1/odom (nav_msgs/msg/Odometry) -> /general_1/odom (gz.msgs.Odometry)] (Lazy 0)
[INFO] [1777436146.707610074] [ros_gz_bridge]: Creating GZ->ROS Bridge: [/general_2/cmd_vel (gz.msgs.Twist) -> /general_2/cmd_vel (geometry_msgs/msg/Twist)] (Lazy 0)
[INFO] [1777436146.708005838] [ros_gz_bridge]: Creating ROS->GZ Bridge: [/general_2/cmd_vel (geometry_msgs/msg/Twist) -> /general_2/cmd_vel (gz.msgs.Twist)] (Lazy 0)
[INFO] [1777436146.708434831] [ros_gz_bridge]: Creating GZ->ROS Bridge: [/general_2/odom (gz.msgs.Odometry) -> /general_2/odom (nav_msgs/msg/Odometry)] (Lazy 0)
[INFO] [1777436146.708811275] [ros_gz_bridge]: Creating ROS->GZ Bridge: [/general_2/odom (nav_msgs/msg/Odometry) -> /general_2/odom (gz.msgs.Odometry)] (Lazy 0)
[INFO] [1777436146.921401472] [rclcpp]: signal_handler(SIGINT/SIGTERM)
