[INFO] [1777435942.150870981] [fleet_scheduler]: Scheduler started with scenario: /home/india/Documents/ai-hospital/hospital_ws/src/hospital_fleet_manager/hospital_fleet_manager/config/scenario_default.yaml
[INFO] [1777435942.151538054] [fleet_scheduler]: Fleet scheduler node started
[INFO] [1777435962.112575569] [fleet_scheduler]: Published assignment: delivery_1: med_delivery_1 (Pharmacy -> WardB) [priority=high,type=delivery]
[INFO] [1777435962.113657247] [fleet_scheduler]: Published assignment: delivery_2: med_delivery_2 (Pharmacy -> ICU) [priority=critical,type=delivery]
[INFO] [1777435962.114465259] [fleet_scheduler]: Published assignment: delivery_3: clean_er (ER -> ER) [priority=high,type=cleaning]
[INFO] [1777435962.115220729] [fleet_scheduler]: Published assignment: cleaning_1: clean_ward_a (WardA -> WardA) [priority=medium,type=cleaning]
[INFO] [1777435962.116505588] [fleet_scheduler]: Published assignment: cleaning_2: lab_samples_1 (Lab -> Radiology) [priority=high,type=lab_courier]
[INFO] [1777435962.117689508] [fleet_scheduler]: Published assignment: patient_mover_1: patient_move_1 (ER -> ICU) [priority=critical,type=patient_mover]
[INFO] [1777435962.118862945] [fleet_scheduler]: Published assignment: heavy_supply_1: heavy_supply_1 (Supply -> OperatingRoom2) [priority=low,type=heavy_supply]
[INFO] [1777435962.120109795] [fleet_scheduler]: Published assignment: lab_courier_1: lab_samples_2 (Lab -> ER) [priority=critical,type=lab_courier]
[INFO] [1777435962.121180243] [fleet_scheduler]: Published assignment: emergency_1: patient_move_2 (Trauma -> Recovery) [priority=critical,type=patient_mover]
[INFO] [1777435962.122082769] [fleet_scheduler]: Published assignment: general_1: supply_stock_1 (Supply -> Pharmacy) [priority=medium,type=heavy_supply]
[INFO] [1777435962.122889335] [fleet_scheduler]: Published assignment: general_2: supply_stock_2 (Supply -> OperatingRoom1) [priority=high,type=heavy_supply]
[INFO] [1777435962.123709406] [fleet_scheduler]: Cycle done: queued_tasks=0, busy=11
[INFO] [1777435982.080923241] [fleet_scheduler]: Published assignment: cleaning_2: lab_courier_2 (Lab -> ICU) [priority=low,type=lab_courier]
[INFO] [1777435982.081916712] [fleet_scheduler]: Cycle done: queued_tasks=0, busy=2
[INFO] [1777436002.082553842] [fleet_scheduler]: Published assignment: general_1: delivery_3 (Pharmacy -> WardB) [priority=medium,type=delivery]
[INFO] [1777436002.083573689] [fleet_scheduler]: Cycle done: queued_tasks=0, busy=1
[INFO] [1777436022.089038282] [fleet_scheduler]: Published assignment: delivery_3: patient_mover_5 (Trauma -> ICU) [priority=low,type=patient_mover]
[INFO] [1777436022.090117230] [fleet_scheduler]: Published assignment: lab_courier_1: delivery_6 (Pharmacy -> WardB) [priority=critical,type=delivery]
[INFO] [1777436022.090934728] [fleet_scheduler]: Published assignment: general_1: cleaning_4 (WardB -> WardA) [priority=high,type=cleaning]
[INFO] [1777436022.091777063] [fleet_scheduler]: Cycle done: queued_tasks=0, busy=3
[INFO] [1777436042.080384209] [fleet_scheduler]: Published assignment: general_2: heavy_supply_7 (Supply -> ER) [priority=high,type=heavy_supply]
[INFO] [1777436042.081283954] [fleet_scheduler]: Cycle done: queued_tasks=0, busy=1
[INFO] [1777436062.084208002] [fleet_scheduler]: Published assignment: heavy_supply_1: heavy_supply_8 (Sterilization -> OperatingRoom1) [priority=low,type=heavy_supply]
[INFO] [1777436062.086118380] [fleet_scheduler]: Cycle done: queued_tasks=0, busy=2
[INFO] [1777436082.077730780] [fleet_scheduler]: Cycle done: queued_tasks=0, busy=0
[INFO] [1777436102.080778892] [fleet_scheduler]: Published assignment: heavy_supply_1: heavy_supply_9 (Supply -> OperatingRoom2) [priority=medium,type=heavy_supply]
[INFO] [1777436102.081780277] [fleet_scheduler]: Cycle done: queued_tasks=0, busy=1
[INFO] [1777436122.082069474] [fleet_scheduler]: Published assignment: general_2: patient_mover_10 (ER -> PICU) [priority=high,type=patient_mover]
[INFO] [1777436122.083529370] [fleet_scheduler]: Cycle done: queued_tasks=0, busy=1
[INFO] [1777436142.083154916] [fleet_scheduler]: Published assignment: heavy_supply_1: heavy_supply_11 (Sterilization -> ER) [priority=high,type=heavy_supply]
[INFO] [1777436142.083613579] [fleet_scheduler]: Published assignment: general_1: heavy_supply_12 (Supply -> ER) [priority=high,type=heavy_supply]
[INFO] [1777436142.083954821] [fleet_scheduler]: Cycle done: queued_tasks=0, busy=2
[INFO] [1777436162.080016062] [fleet_scheduler]: Published assignment: heavy_supply_1: cleaning_13 (ER -> WardA) [priority=high,type=cleaning]
[INFO] [1777436162.080991444] [fleet_scheduler]: Cycle done: queued_tasks=0, busy=2
[INFO] [1777436182.084989848] [fleet_scheduler]: Published assignment: delivery_2: lab_courier_14 (Lab -> ICU) [priority=medium,type=lab_courier]
[INFO] [1777436182.086146621] [fleet_scheduler]: Published assignment: general_1: delivery_15 (Pharmacy -> WardA) [priority=high,type=delivery]
[INFO] [1777436182.087068013] [fleet_scheduler]: Cycle done: queued_tasks=0, busy=2
[INFO] [1777436202.077669376] [fleet_scheduler]: Cycle done: queued_tasks=0, busy=0
[INFO] [1777436222.087866213] [fleet_scheduler]: Published assignment: delivery_1: delivery_17 (Pharmacy -> WardA) [priority=critical,type=delivery]
[INFO] [1777436222.088861231] [fleet_scheduler]: Published assignment: cleaning_1: cleaning_16 (WardC -> WardB) [priority=critical,type=cleaning]
[INFO] [1777436222.089643939] [fleet_scheduler]: Published assignment: general_1: patient_mover_18 (ER -> PICU) [priority=high,type=patient_mover]
[INFO] [1777436222.090328026] [fleet_scheduler]: Cycle done: queued_tasks=0, busy=3
[INFO] [1777436242.081159481] [fleet_scheduler]: Published assignment: delivery_2: lab_courier_19 (Lab -> ICU) [priority=medium,type=lab_courier]
[INFO] [1777436242.082204152] [fleet_scheduler]: Cycle done: queued_tasks=0, busy=2
[INFO] [1777436262.085854878] [fleet_scheduler]: Published assignment: delivery_2: lab_courier_20 (Lab -> ER) [priority=medium,type=lab_courier]
[INFO] [1777436262.086893246] [fleet_scheduler]: Published assignment: cleaning_1: cleaning_21 (WardB -> WardB) [priority=high,type=cleaning]
[INFO] [1777436262.087795021] [fleet_scheduler]: Cycle done: queued_tasks=0, busy=2
[INFO] [1777436282.080812206] [fleet_scheduler]: Published assignment: delivery_3: lab_courier_22 (Lab -> ICU) [priority=critical,type=lab_courier]
[INFO] [1777436282.081937558] [fleet_scheduler]: Cycle done: queued_tasks=0, busy=1
[INFO] [1777436302.077568749] [fleet_scheduler]: Published assignment: delivery_2: delivery_23 (Pharmacy -> ICU) [priority=high,type=delivery]
[INFO] [1777436302.077960659] [fleet_scheduler]: Cycle done: queued_tasks=0, busy=1
[INFO] [1777436322.076437948] [fleet_scheduler]: Cycle done: queued_tasks=0, busy=0
[INFO] [1777436342.081794149] [fleet_scheduler]: Published assignment: patient_mover_2: delivery_24 (Supply -> ICU) [priority=high,type=delivery]
[INFO] [1777436342.082793778] [fleet_scheduler]: Cycle done: queued_tasks=0, busy=1
[INFO] [1777436362.080735533] [fleet_scheduler]: Published assignment: lab_courier_1: delivery_25 (Pharmacy -> ICU) [priority=low,type=delivery]
[INFO] [1777436362.081452735] [fleet_scheduler]: Cycle done: queued_tasks=0, busy=1
[INFO] [1777436382.079590338] [fleet_scheduler]: Published assignment: delivery_1: delivery_26 (Pharmacy -> WardC) [priority=medium,type=delivery]
[INFO] [1777436382.080322534] [fleet_scheduler]: Cycle done: queued_tasks=0, busy=1
[INFO] [1777436402.078258812] [fleet_scheduler]: Published assignment: patient_mover_1: patient_mover_27 (Trauma -> ICU) [priority=medium,type=patient_mover]
[INFO] [1777436402.078953259] [fleet_scheduler]: Cycle done: queued_tasks=0, busy=1
[INFO] [1777436422.076345551] [fleet_scheduler]: Cycle done: queued_tasks=0, busy=1
[INFO] [1777436442.082218190] [fleet_scheduler]: Published assignment: delivery_2: lab_courier_29 (Lab -> ER) [priority=medium,type=lab_courier]
[INFO] [1777436442.082964253] [fleet_scheduler]: Published assignment: cleaning_1: delivery_28 (Pharmacy -> ICU) [priority=medium,type=delivery]
[INFO] [1777436442.083588978] [fleet_scheduler]: Published assignment: patient_mover_1: patient_mover_30 (Trauma -> PICU) [priority=medium,type=patient_mover]
[INFO] [1777436442.084182544] [fleet_scheduler]: Cycle done: queued_tasks=0, busy=3
[INFO] [1777436462.078353966] [fleet_scheduler]: Published assignment: delivery_3: lab_courier_31 (Lab -> Radiology) [priority=low,type=lab_courier]
[INFO] [1777436462.079039851] [fleet_scheduler]: Cycle done: queued_tasks=0, busy=1
[INFO] [1777436482.079005249] [fleet_scheduler]: Published assignment: emergency_1: delivery_32 (Supply -> WardB) [priority=high,type=delivery]
[INFO] [1777436482.079708313] [fleet_scheduler]: Cycle done: queued_tasks=0, busy=1
[INFO] [1777436502.077810717] [fleet_scheduler]: Published assignment: delivery_3: lab_courier_33 (Lab -> ICU) [priority=high,type=lab_courier]
[INFO] [1777436502.078224802] [fleet_scheduler]: Cycle done: queued_tasks=0, busy=1
[INFO] [1777436522.078317646] [fleet_scheduler]: Published assignment: delivery_2: cleaning_35 (ER -> WardB) [priority=critical,type=cleaning]
[INFO] [1777436522.078789087] [fleet_scheduler]: Published assignment: emergency_1: patient_mover_34 (ER -> Recovery) [priority=medium,type=patient_mover]
[INFO] [1777436522.079085241] [fleet_scheduler]: Cycle done: queued_tasks=0, busy=2
[INFO] [1777436542.079622220] [fleet_scheduler]: Published assignment: delivery_3: lab_courier_36 (Lab -> ER) [priority=high,type=lab_courier]
[INFO] [1777436542.080254403] [fleet_scheduler]: Published assignment: patient_mover_2: patient_mover_37 (Trauma -> Recovery) [priority=low,type=patient_mover]
[INFO] [1777436542.080745661] [fleet_scheduler]: Cycle done: queued_tasks=0, busy=2
[INFO] [1777436562.077624143] [fleet_scheduler]: Cycle done: queued_tasks=0, busy=0
[INFO] [1777436582.078301305] [fleet_scheduler]: Published assignment: delivery_3: patient_mover_38 (ER -> ICU) [priority=low,type=patient_mover]
[INFO] [1777436582.078777587] [fleet_scheduler]: Published assignment: patient_mover_2: heavy_supply_39 (Supply -> ER) [priority=high,type=heavy_supply]
[INFO] [1777436582.079118208] [fleet_scheduler]: Cycle done: queued_tasks=0, busy=2
[INFO] [1777436602.077301726] [fleet_scheduler]: Published assignment: delivery_3: lab_courier_40 (Lab -> ICU) [priority=high,type=lab_courier]
[INFO] [1777436602.077722907] [fleet_scheduler]: Cycle done: queued_tasks=0, busy=1
[INFO] [1777436622.076169859] [fleet_scheduler]: Cycle done: queued_tasks=0, busy=1
[INFO] [1777436642.078418301] [fleet_scheduler]: Published assignment: delivery_1: cleaning_41 (WardC -> WardC) [priority=medium,type=cleaning]
[INFO] [1777436642.078948698] [fleet_scheduler]: Published assignment: patient_mover_2: delivery_42 (Pharmacy -> ICU) [priority=low,type=delivery]
[INFO] [1777436642.079358751] [fleet_scheduler]: Cycle done: queued_tasks=0, busy=2
[INFO] [1777436662.077523704] [fleet_scheduler]: Published assignment: heavy_supply_1: delivery_43 (Pharmacy -> ICU) [priority=low,type=delivery]
[INFO] [1777436662.077921312] [fleet_scheduler]: Cycle done: queued_tasks=0, busy=1
[INFO] [1777436682.079729507] [fleet_scheduler]: Published assignment: delivery_1: delivery_45 (Pharmacy -> WardC) [priority=high,type=delivery]
[INFO] [1777436682.080169999] [fleet_scheduler]: Published assignment: delivery_2: delivery_44 (Pharmacy -> ICU) [priority=high,type=delivery]
[INFO] [1777436682.080555243] [fleet_scheduler]: Published assignment: emergency_1: heavy_supply_46 (Sterilization -> OperatingRoom1) [priority=critical,type=heavy_supply]
[INFO] [1777436682.080892521] [fleet_scheduler]: Cycle done: queued_tasks=0, busy=3
[INFO] [1777436702.077383803] [fleet_scheduler]: Published assignment: delivery_2: lab_courier_47 (Lab -> ER) [priority=low,type=lab_courier]
[INFO] [1777436702.077824805] [fleet_scheduler]: Cycle done: queued_tasks=0, busy=1
[INFO] [1777436722.078392100] [fleet_scheduler]: Published assignment: delivery_2: delivery_48 (Pharmacy -> WardB) [priority=high,type=delivery]
[INFO] [1777436722.078845279] [fleet_scheduler]: Published assignment: emergency_1: patient_mover_49 (ER -> PICU) [priority=high,type=patient_mover]
[INFO] [1777436722.079171595] [fleet_scheduler]: Cycle done: queued_tasks=0, busy=2
[INFO] [1777436742.077444414] [fleet_scheduler]: Published assignment: delivery_2: delivery_50 (Pharmacy -> WardA) [priority=medium,type=delivery]
[INFO] [1777436742.077858381] [fleet_scheduler]: Cycle done: queued_tasks=0, busy=1
[INFO] [1777436762.077250117] [fleet_scheduler]: Published assignment: delivery_1: cleaning_51 (WardC -> WardC) [priority=medium,type=cleaning]
[INFO] [1777436762.077681405] [fleet_scheduler]: Cycle done: queued_tasks=0, busy=2
[INFO] [1777436782.079703831] [fleet_scheduler]: Published assignment: delivery_3: lab_courier_52 (Lab -> Radiology) [priority=low,type=lab_courier]
[INFO] [1777436782.080472012] [fleet_scheduler]: Published assignment: lab_courier_1: lab_courier_53 (Lab -> Radiology) [priority=low,type=lab_courier]
[INFO] [1777436782.081143575] [fleet_scheduler]: Cycle done: queued_tasks=0, busy=3
[INFO] [1777436802.076350591] [fleet_scheduler]: Cycle done: queued_tasks=0, busy=0
[INFO] [1777436822.078469277] [fleet_scheduler]: Published assignment: patient_mover_2: patient_mover_54 (Trauma -> Recovery) [priority=medium,type=patient_mover]
[INFO] [1777436822.079173732] [fleet_scheduler]: Cycle done: queued_tasks=0, busy=1
[INFO] [1777436842.080687701] [fleet_scheduler]: Published assignment: delivery_2: delivery_56 (Pharmacy -> WardB) [priority=medium,type=delivery]
[INFO] [1777436842.081420543] [fleet_scheduler]: Published assignment: delivery_3: lab_courier_55 (Lab -> ER) [priority=medium,type=lab_courier]
[INFO] [1777436842.082306210] [fleet_scheduler]: Cycle done: queued_tasks=0, busy=2
[INFO] [1777436862.076487164] [fleet_scheduler]: Cycle done: queued_tasks=0, busy=0
[INFO] [1777436882.080313864] [fleet_scheduler]: Published assignment: patient_mover_2: heavy_supply_58 (Sterilization -> OperatingRoom1) [priority=medium,type=heavy_supply]
[INFO] [1777436882.081077057] [fleet_scheduler]: Published assignment: lab_courier_1: lab_courier_57 (Lab -> ICU) [priority=low,type=lab_courier]
[INFO] [1777436882.081707789] [fleet_scheduler]: Cycle done: queued_tasks=0, busy=2
[INFO] [1777436902.076349605] [fleet_scheduler]: Cycle done: queued_tasks=0, busy=1
[INFO] [1777436923.243238894] [fleet_scheduler]: Published assignment: delivery_1: cleaning_60 (WardA -> WardC) [priority=high,type=cleaning]
[INFO] [1777436923.243929377] [fleet_scheduler]: Published assignment: patient_mover_2: delivery_59 (Supply -> WardC) [priority=high,type=delivery]
[INFO] [1777436923.244675100] [fleet_scheduler]: Cycle done: queued_tasks=0, busy=2
[INFO] [1777436942.077730961] [fleet_scheduler]: Published assignment: delivery_3: delivery_61 (Pharmacy -> ICU) [priority=low,type=delivery]
[INFO] [1777436942.078488880] [fleet_scheduler]: Cycle done: queued_tasks=0, busy=1
[INFO] [1777436962.081578360] [fleet_scheduler]: Published assignment: delivery_1: heavy_supply_63 (Sterilization -> OperatingRoom2) [priority=high,type=heavy_supply]
[INFO] [1777436962.082146243] [fleet_scheduler]: Published assignment: delivery_2: heavy_supply_62 (Sterilization -> ER) [priority=critical,type=heavy_supply]
[INFO] [1777436962.083158380] [fleet_scheduler]: Cycle done: queued_tasks=0, busy=2
[INFO] [1777436982.079903994] [fleet_scheduler]: Published assignment: delivery_2: patient_mover_65 (Trauma -> ICU) [priority=high,type=patient_mover]
[INFO] [1777436982.080699646] [fleet_scheduler]: Published assignment: patient_mover_2: cleaning_64 (WardA -> WardB) [priority=medium,type=cleaning]
[INFO] [1777436982.081329190] [fleet_scheduler]: Cycle done: queued_tasks=0, busy=3
[INFO] [1777437002.082803788] [fleet_scheduler]: Published assignment: delivery_1: delivery_68 (Supply -> WardC) [priority=medium,type=delivery]
[INFO] [1777437002.083590768] [fleet_scheduler]: Published assignment: delivery_3: lab_courier_67 (Lab -> ICU) [priority=medium,type=lab_courier]
[INFO] [1777437002.084332160] [fleet_scheduler]: Published assignment: lab_courier_1: delivery_66 (Pharmacy -> WardC) [priority=high,type=delivery]
[INFO] [1777437002.084979657] [fleet_scheduler]: Cycle done: queued_tasks=0, busy=5
[INFO] [1777437022.078531920] [fleet_scheduler]: Published assignment: delivery_1: cleaning_69 (WardA -> WardB) [priority=medium,type=cleaning]
[INFO] [1777437022.079256574] [fleet_scheduler]: Cycle done: queued_tasks=0, busy=1
[INFO] [1777437042.078669087] [fleet_scheduler]: Published assignment: delivery_2: patient_mover_70 (Trauma -> Recovery) [priority=low,type=patient_mover]
[INFO] [1777437042.079423176] [fleet_scheduler]: Cycle done: queued_tasks=0, busy=1
[INFO] [1777437062.076433068] [fleet_scheduler]: Cycle done: queued_tasks=0, busy=0
[INFO] [1777437082.080755636] [fleet_scheduler]: Published assignment: delivery_1: delivery_72 (Pharmacy -> ICU) [priority=critical,type=delivery]
[INFO] [1777437082.081530334] [fleet_scheduler]: Published assignment: lab_courier_1: cleaning_71 (WardC -> WardB) [priority=high,type=cleaning]
[INFO] [1777437082.082163571] [fleet_scheduler]: Cycle done: queued_tasks=0, busy=2
[INFO] [1777437102.076533269] [fleet_scheduler]: Cycle done: queued_tasks=0, busy=0
[INFO] [1777437122.081409617] [fleet_scheduler]: Published assignment: delivery_2: heavy_supply_73 (Supply -> OperatingRoom1) [priority=high,type=heavy_supply]
[INFO] [1777437122.082189622] [fleet_scheduler]: Published assignment: lab_courier_1: delivery_74 (Supply -> WardC) [priority=medium,type=delivery]
[INFO] [1777437122.082800098] [fleet_scheduler]: Cycle done: queued_tasks=0, busy=2
