[INFO] [1777438279.446013237] [fleet_scheduler]: Scheduler started with scenario: /home/india/Documents/ai-hospital/hospital_ws/src/hospital_fleet_manager/hospital_fleet_manager/config/scenario_default.yaml
[INFO] [1777438279.446320607] [fleet_scheduler]: Fleet scheduler node started
[INFO] [1777438299.420953396] [fleet_scheduler]: Published assignment: delivery_1: med_delivery_2 (Pharmacy -> ICU) [priority=critical,type=delivery]
[INFO] [1777438299.421437496] [fleet_scheduler]: Published assignment: delivery_2: med_delivery_1 (Pharmacy -> WardB) [priority=high,type=delivery]
[INFO] [1777438299.421762500] [fleet_scheduler]: Published assignment: delivery_3: clean_ward_a (WardA -> WardA) [priority=medium,type=cleaning]
[INFO] [1777438299.422059117] [fleet_scheduler]: Published assignment: cleaning_1: cleaning_2 (WardA -> ER) [priority=low,type=cleaning]
[INFO] [1777438299.422373836] [fleet_scheduler]: Published assignment: cleaning_2: lab_samples_1 (Lab -> Radiology) [priority=high,type=lab_courier]
[INFO] [1777438299.422659711] [fleet_scheduler]: Published assignment: patient_mover_1: patient_move_1 (ER -> ICU) [priority=critical,type=patient_mover]
[INFO] [1777438299.422977410] [fleet_scheduler]: Published assignment: patient_mover_2: lab_courier_1 (Lab -> ER) [priority=low,type=lab_courier]
[INFO] [1777438299.423271659] [fleet_scheduler]: Published assignment: heavy_supply_1: supply_stock_2 (Supply -> OperatingRoom1) [priority=high,type=heavy_supply]
[INFO] [1777438299.423559184] [fleet_scheduler]: Published assignment: lab_courier_1: lab_samples_2 (Lab -> ER) [priority=critical,type=lab_courier]
[INFO] [1777438299.423848434] [fleet_scheduler]: Published assignment: emergency_1: patient_move_2 (Trauma -> Recovery) [priority=critical,type=patient_mover]
[INFO] [1777438299.424137960] [fleet_scheduler]: Published assignment: general_1: clean_er (ER -> ER) [priority=high,type=cleaning]
[INFO] [1777438299.424423996] [fleet_scheduler]: Published assignment: general_2: supply_stock_1 (Supply -> Pharmacy) [priority=medium,type=heavy_supply]
[INFO] [1777438299.424727006] [fleet_scheduler]: Cycle done: queued_tasks=0, busy=12
[INFO] [1777438319.406768648] [fleet_scheduler]: Cycle done: queued_tasks=0, busy=1
[INFO] [1777438339.406709394] [fleet_scheduler]: Cycle done: queued_tasks=0, busy=0
[INFO] [1777438359.406526613] [fleet_scheduler]: Cycle done: queued_tasks=0, busy=0
[INFO] [1777438379.406744542] [fleet_scheduler]: Cycle done: queued_tasks=0, busy=0
[INFO] [1777438399.408908883] [fleet_scheduler]: Published assignment: patient_mover_2: patient_mover_3 (Trauma -> ICU) [priority=low,type=patient_mover]
[INFO] [1777438399.409321188] [fleet_scheduler]: Published assignment: general_2: delivery_4 (Supply -> WardC) [priority=high,type=delivery]
[INFO] [1777438399.409613014] [fleet_scheduler]: Cycle done: queued_tasks=0, busy=2
[INFO] [1777438419.409165813] [fleet_scheduler]: Published assignment: heavy_supply_1: heavy_supply_5 (Supply -> OperatingRoom1) [priority=low,type=heavy_supply]
[INFO] [1777438419.409594918] [fleet_scheduler]: Published assignment: lab_courier_1: delivery_6 (Pharmacy -> WardB) [priority=medium,type=delivery]
[INFO] [1777438419.409912091] [fleet_scheduler]: Cycle done: queued_tasks=0, busy=2
[INFO] [1777438439.412138882] [fleet_scheduler]: Published assignment: delivery_2: cleaning_7 (WardB -> WardB) [priority=high,type=cleaning]
[INFO] [1777438439.412582929] [fleet_scheduler]: Published assignment: cleaning_2: lab_courier_9 (Lab -> ER) [priority=critical,type=lab_courier]
[INFO] [1777438439.412918361] [fleet_scheduler]: Published assignment: heavy_supply_1: delivery_8 (Supply -> WardC) [priority=low,type=delivery]
[INFO] [1777438439.413216451] [fleet_scheduler]: Cycle done: queued_tasks=0, busy=3
[INFO] [1777438459.409086872] [fleet_scheduler]: Published assignment: delivery_1: lab_courier_10 (Lab -> ICU) [priority=critical,type=lab_courier]
[INFO] [1777438459.409625692] [fleet_scheduler]: Published assignment: general_1: patient_mover_11 (ER -> ICU) [priority=high,type=patient_mover]
[INFO] [1777438459.410004344] [fleet_scheduler]: Cycle done: queued_tasks=0, busy=2
[INFO] [1777438479.407987818] [fleet_scheduler]: Published assignment: cleaning_1: delivery_12 (Pharmacy -> WardA) [priority=low,type=delivery]
[INFO] [1777438479.408364564] [fleet_scheduler]: Cycle done: queued_tasks=0, busy=1
[INFO] [1777438499.406558787] [fleet_scheduler]: Cycle done: queued_tasks=0, busy=0
[INFO] [1777438519.406620967] [fleet_scheduler]: Cycle done: queued_tasks=0, busy=0
[INFO] [1777438539.409053315] [fleet_scheduler]: Published assignment: cleaning_2: patient_mover_14 (Trauma -> PICU) [priority=low,type=patient_mover]
[INFO] [1777438539.409651492] [fleet_scheduler]: Published assignment: emergency_1: heavy_supply_13 (Supply -> OperatingRoom2) [priority=high,type=heavy_supply]
[INFO] [1777438539.410108523] [fleet_scheduler]: Cycle done: queued_tasks=0, busy=2
[INFO] [1777438559.408216545] [fleet_scheduler]: Published assignment: emergency_1: heavy_supply_15 (Supply -> ER) [priority=medium,type=heavy_supply]
[INFO] [1777438559.408717771] [fleet_scheduler]: Cycle done: queued_tasks=0, busy=1
[INFO] [1777438579.408330204] [fleet_scheduler]: Published assignment: emergency_1: delivery_16 (Supply -> WardA) [priority=critical,type=delivery]
[INFO] [1777438579.408846709] [fleet_scheduler]: Cycle done: queued_tasks=0, busy=1
[INFO] [1777438599.408977764] [fleet_scheduler]: Published assignment: delivery_1: lab_courier_17 (Lab -> Radiology) [priority=low,type=lab_courier]
[INFO] [1777438599.409416007] [fleet_scheduler]: Published assignment: delivery_2: heavy_supply_18 (Supply -> ER) [priority=medium,type=heavy_supply]
[INFO] [1777438599.409700655] [fleet_scheduler]: Cycle done: queued_tasks=0, busy=2
[INFO] [1777438619.408782470] [fleet_scheduler]: Published assignment: delivery_2: patient_mover_19 (ER -> Recovery) [priority=critical,type=patient_mover]
[INFO] [1777438619.409326262] [fleet_scheduler]: Cycle done: queued_tasks=0, busy=1
[INFO] [1777438639.409147490] [fleet_scheduler]: Published assignment: delivery_2: delivery_20 (Supply -> WardC) [priority=high,type=delivery]
[INFO] [1777438639.409740011] [fleet_scheduler]: Published assignment: cleaning_1: cleaning_21 (WardA -> WardC) [priority=high,type=cleaning]
[INFO] [1777438639.410202674] [fleet_scheduler]: Cycle done: queued_tasks=0, busy=2
[INFO] [1777438659.406613290] [fleet_scheduler]: Cycle done: queued_tasks=0, busy=1
[INFO] [1777438679.407886673] [fleet_scheduler]: Published assignment: patient_mover_1: patient_mover_22 (Trauma -> PICU) [priority=medium,type=patient_mover]
[INFO] [1777438679.408424543] [fleet_scheduler]: Cycle done: queued_tasks=0, busy=1
[INFO] [1777438699.408021033] [fleet_scheduler]: Published assignment: lab_courier_1: delivery_23 (Pharmacy -> WardA) [priority=low,type=delivery]
[INFO] [1777438699.408549725] [fleet_scheduler]: Cycle done: queued_tasks=0, busy=1
[INFO] [1777438719.408203001] [fleet_scheduler]: Published assignment: delivery_3: delivery_24 (Supply -> WardC) [priority=low,type=delivery]
[INFO] [1777438719.408667373] [fleet_scheduler]: Cycle done: queued_tasks=0, busy=1
[INFO] [1777438739.409003487] [fleet_scheduler]: Published assignment: cleaning_1: cleaning_25 (WardC -> WardA) [priority=medium,type=cleaning]
[INFO] [1777438739.409404236] [fleet_scheduler]: Published assignment: general_1: delivery_26 (Pharmacy -> WardB) [priority=high,type=delivery]
[INFO] [1777438739.409692852] [fleet_scheduler]: Cycle done: queued_tasks=0, busy=2
[INFO] [1777438759.408033322] [fleet_scheduler]: Published assignment: general_1: heavy_supply_27 (Sterilization -> ER) [priority=low,type=heavy_supply]
[INFO] [1777438759.408399514] [fleet_scheduler]: Cycle done: queued_tasks=0, busy=2
[INFO] [1777438779.410829836] [fleet_scheduler]: Published assignment: patient_mover_2: patient_mover_29 (ER -> PICU) [priority=medium,type=patient_mover]
[INFO] [1777438779.411578208] [fleet_scheduler]: Published assignment: general_1: patient_mover_28 (ER -> ICU) [priority=low,type=patient_mover]
[INFO] [1777438779.412205641] [fleet_scheduler]: Cycle done: queued_tasks=0, busy=2
[INFO] [1777438799.408939487] [fleet_scheduler]: Published assignment: general_2: cleaning_30 (WardC -> ER) [priority=medium,type=cleaning]
[INFO] [1777438799.409673263] [fleet_scheduler]: Cycle done: queued_tasks=0, busy=1
[INFO] [1777438819.409178279] [fleet_scheduler]: Published assignment: cleaning_1: heavy_supply_31 (Sterilization -> OperatingRoom2) [priority=high,type=heavy_supply]
[INFO] [1777438819.409846641] [fleet_scheduler]: Cycle done: queued_tasks=0, busy=1
[INFO] [1777438839.406548490] [fleet_scheduler]: Cycle done: queued_tasks=0, busy=0
[INFO] [1777438859.406709077] [fleet_scheduler]: Cycle done: queued_tasks=0, busy=0
[INFO] [1777438879.409383032] [fleet_scheduler]: Published assignment: cleaning_1: heavy_supply_32 (Supply -> OperatingRoom2) [priority=medium,type=heavy_supply]
[INFO] [1777438879.410098650] [fleet_scheduler]: Cycle done: queued_tasks=0, busy=1
[INFO] [1777438899.409269997] [fleet_scheduler]: Published assignment: delivery_1: lab_courier_33 (Lab -> ER) [priority=high,type=lab_courier]
[INFO] [1777438899.409933990] [fleet_scheduler]: Cycle done: queued_tasks=0, busy=1
[INFO] [1777438919.406826293] [fleet_scheduler]: Cycle done: queued_tasks=0, busy=0
[INFO] [1777438939.408763270] [fleet_scheduler]: Published assignment: general_2: patient_mover_34 (Trauma -> PICU) [priority=medium,type=patient_mover]
[INFO] [1777438939.409447124] [fleet_scheduler]: Cycle done: queued_tasks=0, busy=1
