[INFO] [1777436379.269460890] [fleet_scheduler]: Scheduler started with scenario: /home/india/Documents/ai-hospital/hospital_ws/src/hospital_fleet_manager/hospital_fleet_manager/config/scenario_default.yaml
[INFO] [1777436379.269744064] [fleet_scheduler]: Fleet scheduler node started
[INFO] [1777436399.252663355] [fleet_scheduler]: Published assignment: delivery_1: med_delivery_1 (Pharmacy -> WardB) [priority=high,type=delivery]
[INFO] [1777436399.253152582] [fleet_scheduler]: Published assignment: delivery_2: med_delivery_2 (Pharmacy -> ICU) [priority=critical,type=delivery]
[INFO] [1777436399.253517932] [fleet_scheduler]: Published assignment: delivery_3: clean_er (ER -> ER) [priority=high,type=cleaning]
[INFO] [1777436399.253852858] [fleet_scheduler]: Published assignment: cleaning_1: clean_ward_a (WardA -> WardA) [priority=medium,type=cleaning]
[INFO] [1777436399.254193988] [fleet_scheduler]: Published assignment: cleaning_2: lab_samples_1 (Lab -> Radiology) [priority=high,type=lab_courier]
[INFO] [1777436399.254523452] [fleet_scheduler]: Published assignment: patient_mover_1: patient_move_1 (ER -> ICU) [priority=critical,type=patient_mover]
[INFO] [1777436399.254864503] [fleet_scheduler]: Published assignment: heavy_supply_1: supply_stock_2 (Supply -> OperatingRoom1) [priority=high,type=heavy_supply]
[INFO] [1777436399.255201752] [fleet_scheduler]: Published assignment: lab_courier_1: lab_samples_2 (Lab -> ER) [priority=critical,type=lab_courier]
[INFO] [1777436399.255533269] [fleet_scheduler]: Published assignment: emergency_1: patient_move_2 (Trauma -> Recovery) [priority=critical,type=patient_mover]
[INFO] [1777436399.255852579] [fleet_scheduler]: Published assignment: general_2: supply_stock_1 (Supply -> Pharmacy) [priority=medium,type=heavy_supply]
[INFO] [1777436399.256173081] [fleet_scheduler]: Cycle done: queued_tasks=0, busy=10
[INFO] [1777436419.234964162] [fleet_scheduler]: Cycle done: queued_tasks=0, busy=1
[INFO] [1777436439.236539155] [fleet_scheduler]: Published assignment: general_2: delivery_1 (Supply -> WardC) [priority=high,type=delivery]
[INFO] [1777436439.236947881] [fleet_scheduler]: Cycle done: queued_tasks=0, busy=1
[INFO] [1777436459.239403404] [fleet_scheduler]: Published assignment: delivery_1: cleaning_2 (WardB -> WardC) [priority=high,type=cleaning]
[INFO] [1777436459.240192600] [fleet_scheduler]: Published assignment: general_1: delivery_3 (Pharmacy -> WardC) [priority=high,type=delivery]
[INFO] [1777436459.240838414] [fleet_scheduler]: Cycle done: queued_tasks=0, busy=2
[INFO] [1777436479.237534425] [fleet_scheduler]: Published assignment: heavy_supply_1: heavy_supply_4 (Sterilization -> OperatingRoom2) [priority=high,type=heavy_supply]
[INFO] [1777436479.238282062] [fleet_scheduler]: Cycle done: queued_tasks=0, busy=1
[INFO] [1777436499.237122757] [fleet_scheduler]: Published assignment: cleaning_1: cleaning_5 (WardB -> WardB) [priority=high,type=cleaning]
[INFO] [1777436499.237810253] [fleet_scheduler]: Cycle done: queued_tasks=0, busy=2
[INFO] [1777436519.237351496] [fleet_scheduler]: Published assignment: delivery_3: patient_mover_6 (Trauma -> ICU) [priority=low,type=patient_mover]
[INFO] [1777436519.238029126] [fleet_scheduler]: Cycle done: queued_tasks=0, busy=1
[INFO] [1777436539.236359234] [fleet_scheduler]: Published assignment: cleaning_2: lab_courier_7 (Lab -> ICU) [priority=low,type=lab_courier]
[INFO] [1777436539.236760622] [fleet_scheduler]: Cycle done: queued_tasks=0, busy=1
[INFO] [1777436559.236048477] [fleet_scheduler]: Published assignment: lab_courier_1: patient_mover_8 (Trauma -> ICU) [priority=medium,type=patient_mover]
[INFO] [1777436559.236512534] [fleet_scheduler]: Cycle done: queued_tasks=0, busy=1
[INFO] [1777436579.236471989] [fleet_scheduler]: Published assignment: heavy_supply_1: heavy_supply_9 (Sterilization -> ER) [priority=medium,type=heavy_supply]
[INFO] [1777436579.236906791] [fleet_scheduler]: Cycle done: queued_tasks=0, busy=1
[INFO] [1777436599.234943753] [fleet_scheduler]: Cycle done: queued_tasks=0, busy=0
[INFO] [1777436619.237561799] [fleet_scheduler]: Published assignment: cleaning_1: cleaning_10 (WardB -> ER) [priority=critical,type=cleaning]
[INFO] [1777436619.238151822] [fleet_scheduler]: Published assignment: heavy_supply_1: delivery_11 (Pharmacy -> WardC) [priority=low,type=delivery]
[INFO] [1777436619.238702834] [fleet_scheduler]: Cycle done: queued_tasks=0, busy=2
[INFO] [1777436639.237269885] [fleet_scheduler]: Published assignment: patient_mover_2: heavy_supply_13 (Supply -> OperatingRoom1) [priority=high,type=heavy_supply]
[INFO] [1777436639.237718449] [fleet_scheduler]: Published assignment: general_1: cleaning_12 (WardA -> WardC) [priority=critical,type=cleaning]
[INFO] [1777436639.238034235] [fleet_scheduler]: Cycle done: queued_tasks=0, busy=2
[INFO] [1777436659.237332431] [fleet_scheduler]: Published assignment: delivery_2: lab_courier_14 (Lab -> ER) [priority=medium,type=lab_courier]
[INFO] [1777436659.237825799] [fleet_scheduler]: Published assignment: general_1: cleaning_15 (WardC -> ER) [priority=critical,type=cleaning]
[INFO] [1777436659.238149216] [fleet_scheduler]: Cycle done: queued_tasks=0, busy=2
[INFO] [1777436679.236681873] [fleet_scheduler]: Published assignment: patient_mover_2: delivery_16 (Supply -> WardA) [priority=medium,type=delivery]
[INFO] [1777436679.237086154] [fleet_scheduler]: Cycle done: queued_tasks=0, busy=2
[INFO] [1777436699.237034249] [fleet_scheduler]: Published assignment: general_1: patient_mover_17 (ER -> ICU) [priority=critical,type=patient_mover]
[INFO] [1777436699.237665783] [fleet_scheduler]: Cycle done: queued_tasks=0, busy=1
[INFO] [1777436719.235035947] [fleet_scheduler]: Cycle done: queued_tasks=0, busy=1
[INFO] [1777436739.237208938] [fleet_scheduler]: Published assignment: delivery_3: lab_courier_18 (Lab -> Radiology) [priority=high,type=lab_courier]
[INFO] [1777436739.237676125] [fleet_scheduler]: Published assignment: lab_courier_1: lab_courier_19 (Lab -> ICU) [priority=low,type=lab_courier]
[INFO] [1777436739.238006237] [fleet_scheduler]: Cycle done: queued_tasks=0, busy=2
[INFO] [1777436759.235219679] [fleet_scheduler]: Cycle done: queued_tasks=0, busy=0
[INFO] [1777436779.237357440] [fleet_scheduler]: Published assignment: delivery_2: heavy_supply_21 (Supply -> ER) [priority=medium,type=heavy_supply]
[INFO] [1777436779.237853910] [fleet_scheduler]: Published assignment: cleaning_1: cleaning_20 (ER -> WardA) [priority=medium,type=cleaning]
[INFO] [1777436779.238201257] [fleet_scheduler]: Cycle done: queued_tasks=0, busy=2
[INFO] [1777436799.235026464] [fleet_scheduler]: Cycle done: queued_tasks=0, busy=0
[INFO] [1777436819.241080860] [fleet_scheduler]: Published assignment: delivery_2: delivery_22 (Supply -> WardA) [priority=critical,type=delivery]
[INFO] [1777436819.241826579] [fleet_scheduler]: Published assignment: cleaning_1: cleaning_23 (WardA -> WardB) [priority=high,type=cleaning]
[INFO] [1777436819.242542986] [fleet_scheduler]: Published assignment: emergency_1: heavy_supply_24 (Supply -> OperatingRoom1) [priority=critical,type=heavy_supply]
[INFO] [1777436819.243164503] [fleet_scheduler]: Cycle done: queued_tasks=0, busy=3
[INFO] [1777436839.235282579] [fleet_scheduler]: Cycle done: queued_tasks=0, busy=0
[INFO] [1777436859.237398875] [fleet_scheduler]: Published assignment: delivery_3: lab_courier_25 (Lab -> ICU) [priority=low,type=lab_courier]
[INFO] [1777436859.238088067] [fleet_scheduler]: Cycle done: queued_tasks=0, busy=1
[INFO] [1777436879.237308587] [fleet_scheduler]: Published assignment: general_2: cleaning_26 (WardC -> WardC) [priority=critical,type=cleaning]
[INFO] [1777436879.237995641] [fleet_scheduler]: Cycle done: queued_tasks=0, busy=1
[INFO] [1777436899.239226490] [fleet_scheduler]: Published assignment: cleaning_1: heavy_supply_28 (Sterilization -> ER) [priority=critical,type=heavy_supply]
[INFO] [1777436899.240205482] [fleet_scheduler]: Published assignment: emergency_1: heavy_supply_27 (Supply -> OperatingRoom2) [priority=medium,type=heavy_supply]
[INFO] [1777436899.240895062] [fleet_scheduler]: Cycle done: queued_tasks=0, busy=2
[INFO] [1777436920.401052454] [fleet_scheduler]: Published assignment: cleaning_1: patient_mover_29 (Trauma -> Recovery) [priority=high,type=patient_mover]
[INFO] [1777436920.401770526] [fleet_scheduler]: Cycle done: queued_tasks=0, busy=1
[INFO] [1777436939.237545146] [fleet_scheduler]: Published assignment: delivery_3: lab_courier_30 (Lab -> Radiology) [priority=low,type=lab_courier]
[INFO] [1777436939.238287514] [fleet_scheduler]: Cycle done: queued_tasks=0, busy=2
[INFO] [1777436959.240914167] [fleet_scheduler]: Published assignment: patient_mover_1: patient_mover_32 (Trauma -> Recovery) [priority=critical,type=patient_mover]
[INFO] [1777436959.242423893] [fleet_scheduler]: Published assignment: emergency_1: heavy_supply_31 (Sterilization -> OperatingRoom2) [priority=critical,type=heavy_supply]
[INFO] [1777436959.243494617] [fleet_scheduler]: Cycle done: queued_tasks=0, busy=2
[INFO] [1777436979.237040106] [fleet_scheduler]: Published assignment: emergency_1: delivery_33 (Supply -> WardA) [priority=critical,type=delivery]
[INFO] [1777436979.237552869] [fleet_scheduler]: Cycle done: queued_tasks=0, busy=1
[INFO] [1777436999.242410454] [fleet_scheduler]: Published assignment: cleaning_1: heavy_supply_34 (Supply -> ER) [priority=low,type=heavy_supply]
[INFO] [1777436999.242922918] [fleet_scheduler]: Published assignment: general_2: cleaning_35 (WardC -> ER) [priority=high,type=cleaning]
[INFO] [1777436999.243293787] [fleet_scheduler]: Cycle done: queued_tasks=0, busy=2
[INFO] [1777437019.238975980] [fleet_scheduler]: Published assignment: patient_mover_1: heavy_supply_36 (Sterilization -> ER) [priority=high,type=heavy_supply]
[INFO] [1777437019.239784717] [fleet_scheduler]: Published assignment: general_2: delivery_37 (Supply -> WardC) [priority=high,type=delivery]
[INFO] [1777437019.240455480] [fleet_scheduler]: Cycle done: queued_tasks=0, busy=2
[INFO] [1777437039.238664665] [fleet_scheduler]: Published assignment: delivery_3: lab_courier_38 (Lab -> Radiology) [priority=critical,type=lab_courier]
[INFO] [1777437039.239746794] [fleet_scheduler]: Cycle done: queued_tasks=0, busy=1
[INFO] [1777437059.240639348] [fleet_scheduler]: Published assignment: delivery_3: lab_courier_41 (Lab -> Radiology) [priority=low,type=lab_courier]
[INFO] [1777437059.241402553] [fleet_scheduler]: Published assignment: cleaning_1: cleaning_39 (ER -> ER) [priority=medium,type=cleaning]
[INFO] [1777437059.242124387] [fleet_scheduler]: Published assignment: patient_mover_1: delivery_40 (Pharmacy -> WardC) [priority=critical,type=delivery]
[INFO] [1777437059.242748099] [fleet_scheduler]: Cycle done: queued_tasks=0, busy=3
[INFO] [1777437079.235386555] [fleet_scheduler]: Cycle done: queued_tasks=0, busy=1
[INFO] [1777437099.239064534] [fleet_scheduler]: Published assignment: delivery_3: lab_courier_43 (Lab -> Radiology) [priority=medium,type=lab_courier]
[INFO] [1777437099.239898595] [fleet_scheduler]: Published assignment: general_2: cleaning_42 (WardC -> ER) [priority=high,type=cleaning]
[INFO] [1777437099.240543243] [fleet_scheduler]: Cycle done: queued_tasks=0, busy=2
[INFO] [1777437119.240447557] [fleet_scheduler]: Published assignment: delivery_2: heavy_supply_45 (Sterilization -> OperatingRoom1) [priority=critical,type=heavy_supply]
[INFO] [1777437119.241623485] [fleet_scheduler]: Published assignment: general_2: heavy_supply_44 (Supply -> ER) [priority=high,type=heavy_supply]
[INFO] [1777437119.242215875] [fleet_scheduler]: Cycle done: queued_tasks=0, busy=2
[INFO] [1777437139.237766823] [fleet_scheduler]: Published assignment: general_2: delivery_46 (Pharmacy -> WardC) [priority=critical,type=delivery]
[INFO] [1777437139.238534594] [fleet_scheduler]: Cycle done: queued_tasks=0, busy=1
