[INFO] [1777346881.129102352] [fleet_scheduler]: Scheduler started with scenario: /home/india/Documents/ai-hospital/hospital_ws/src/hospital_fleet_manager/hospital_fleet_manager/config/scenario_default.yaml
[INFO] [1777346881.129441159] [fleet_scheduler]: Fleet scheduler node started
[INFO] [1777346901.128340268] [fleet_scheduler]: Published assignment: delivery_1: med_delivery_1 (Pharmacy -> WardB) [priority=high,type=delivery]
[INFO] [1777346901.129156819] [fleet_scheduler]: Published assignment: delivery_2: med_delivery_2 (Pharmacy -> ICU) [priority=critical,type=delivery]
[INFO] [1777346901.129494802] [fleet_scheduler]: Published assignment: delivery_3: clean_er (ER -> ER) [priority=high,type=cleaning]
[INFO] [1777346901.129780303] [fleet_scheduler]: Published assignment: cleaning_1: clean_ward_a (WardA -> WardA) [priority=medium,type=cleaning]
[INFO] [1777346901.130099231] [fleet_scheduler]: Published assignment: cleaning_2: lab_samples_1 (Lab -> Radiology) [priority=high,type=lab_courier]
[INFO] [1777346901.130480368] [fleet_scheduler]: Published assignment: patient_mover_1: patient_move_1 (ER -> ICU) [priority=critical,type=patient_mover]
[INFO] [1777346901.130910788] [fleet_scheduler]: Published assignment: heavy_supply_1: supply_stock_2 (Supply -> OperatingRoom1) [priority=high,type=heavy_supply]
[INFO] [1777346901.131331290] [fleet_scheduler]: Published assignment: lab_courier_1: lab_samples_2 (Lab -> ER) [priority=critical,type=lab_courier]
[INFO] [1777346901.131818028] [fleet_scheduler]: Published assignment: emergency_1: patient_move_2 (Trauma -> Recovery) [priority=critical,type=patient_mover]
[INFO] [1777346901.132270091] [fleet_scheduler]: Published assignment: general_1: supply_stock_1 (Supply -> Pharmacy) [priority=medium,type=heavy_supply]
[INFO] [1777346901.132775050] [fleet_scheduler]: Published assignment: general_2: heavy_supply_1 (Supply -> OperatingRoom2) [priority=medium,type=heavy_supply]
[INFO] [1777346901.133172247] [fleet_scheduler]: Cycle done: queued_tasks=0, busy=11
[INFO] [1777346921.090837543] [fleet_scheduler]: Published assignment: general_1: delivery_2 (Supply -> WardA) [priority=medium,type=delivery]
[INFO] [1777346921.091448833] [fleet_scheduler]: Cycle done: queued_tasks=0, busy=2
[INFO] [1777346941.088112576] [fleet_scheduler]: Cycle done: queued_tasks=0, busy=0
[INFO] [1777346961.094659898] [fleet_scheduler]: Published assignment: delivery_3: delivery_4 (Pharmacy -> ICU) [priority=medium,type=delivery]
[INFO] [1777346961.095665141] [fleet_scheduler]: Published assignment: heavy_supply_1: heavy_supply_3 (Supply -> OperatingRoom2) [priority=medium,type=heavy_supply]
[INFO] [1777346961.096377062] [fleet_scheduler]: Cycle done: queued_tasks=0, busy=2
[INFO] [1777346981.100285264] [fleet_scheduler]: Published assignment: lab_courier_1: heavy_supply_5 (Supply -> ER) [priority=medium,type=heavy_supply]
[INFO] [1777346981.102643886] [fleet_scheduler]: Cycle done: queued_tasks=0, busy=1
[INFO] [1777347001.097772557] [fleet_scheduler]: Published assignment: cleaning_1: cleaning_7 (WardC -> ER) [priority=medium,type=cleaning]
[INFO] [1777347001.099438448] [fleet_scheduler]: Published assignment: general_2: delivery_6 (Supply -> WardA) [priority=critical,type=delivery]
[INFO] [1777347001.100978968] [fleet_scheduler]: Cycle done: queued_tasks=0, busy=2
[INFO] [1777347021.094845659] [fleet_scheduler]: Published assignment: cleaning_1: cleaning_10 (ER -> WardB) [priority=medium,type=cleaning]
[INFO] [1777347021.095862659] [fleet_scheduler]: Published assignment: heavy_supply_1: delivery_9 (Supply -> WardB) [priority=medium,type=delivery]
[INFO] [1777347021.096460648] [fleet_scheduler]: Published assignment: lab_courier_1: patient_mover_8 (Trauma -> Recovery) [priority=critical,type=patient_mover]
[INFO] [1777347021.096955133] [fleet_scheduler]: Cycle done: queued_tasks=0, busy=3
[INFO] [1777347041.089241425] [fleet_scheduler]: Published assignment: cleaning_1: cleaning_11 (ER -> WardB) [priority=medium,type=cleaning]
[INFO] [1777347041.091869591] [fleet_scheduler]: Cycle done: queued_tasks=0, busy=1
[INFO] [1777347061.089135081] [fleet_scheduler]: Published assignment: patient_mover_1: patient_mover_12 (Trauma -> Recovery) [priority=medium,type=patient_mover]
[INFO] [1777347061.089601128] [fleet_scheduler]: Cycle done: queued_tasks=0, busy=1
[INFO] [1777347081.087595062] [fleet_scheduler]: Cycle done: queued_tasks=0, busy=1
[INFO] [1777347101.087792102] [fleet_scheduler]: Cycle done: queued_tasks=0, busy=0
[INFO] [1777347121.090397563] [fleet_scheduler]: Published assignment: general_1: delivery_13 (Pharmacy -> WardB) [priority=low,type=delivery]
[INFO] [1777347121.090914517] [fleet_scheduler]: Published assignment: general_2: heavy_supply_14 (Sterilization -> OperatingRoom2) [priority=critical,type=heavy_supply]
[INFO] [1777347121.091340794] [fleet_scheduler]: Cycle done: queued_tasks=0, busy=2
[INFO] [1777347141.091053467] [fleet_scheduler]: Published assignment: delivery_2: patient_mover_17 (ER -> PICU) [priority=medium,type=patient_mover]
[INFO] [1777347141.091570457] [fleet_scheduler]: Published assignment: cleaning_1: cleaning_15 (WardB -> WardB) [priority=medium,type=cleaning]
[INFO] [1777347141.091950300] [fleet_scheduler]: Published assignment: cleaning_2: lab_courier_16 (Lab -> ICU) [priority=low,type=lab_courier]
[INFO] [1777347141.092282338] [fleet_scheduler]: Cycle done: queued_tasks=0, busy=3
[INFO] [1777347161.090249456] [fleet_scheduler]: Published assignment: delivery_3: lab_courier_18 (Lab -> ICU) [priority=medium,type=lab_courier]
[INFO] [1777347161.090744098] [fleet_scheduler]: Published assignment: general_2: delivery_19 (Pharmacy -> WardB) [priority=medium,type=delivery]
[INFO] [1777347161.091065410] [fleet_scheduler]: Cycle done: queued_tasks=0, busy=2
[INFO] [1777347181.087563920] [fleet_scheduler]: Cycle done: queued_tasks=0, busy=0
[INFO] [1777347201.092703783] [fleet_scheduler]: Published assignment: delivery_3: patient_mover_22 (Trauma -> Recovery) [priority=low,type=patient_mover]
[INFO] [1777347201.093536681] [fleet_scheduler]: Published assignment: cleaning_1: cleaning_20 (WardB -> WardB) [priority=medium,type=cleaning]
[INFO] [1777347201.094024190] [fleet_scheduler]: Published assignment: patient_mover_1: heavy_supply_21 (Supply -> OperatingRoom1) [priority=critical,type=heavy_supply]
[INFO] [1777347201.094486074] [fleet_scheduler]: Cycle done: queued_tasks=0, busy=3
[INFO] [1777347221.095783052] [fleet_scheduler]: Published assignment: patient_mover_1: delivery_25 (Supply -> WardB) [priority=high,type=delivery]
[INFO] [1777347221.096546016] [fleet_scheduler]: Published assignment: heavy_supply_1: heavy_supply_23 (Sterilization -> OperatingRoom2) [priority=high,type=heavy_supply]
[INFO] [1777347221.097141966] [fleet_scheduler]: Published assignment: general_1: patient_mover_24 (ER -> PICU) [priority=medium,type=patient_mover]
[INFO] [1777347221.097931552] [fleet_scheduler]: Cycle done: queued_tasks=0, busy=3
[INFO] [1777347241.089343333] [fleet_scheduler]: Published assignment: cleaning_2: patient_mover_26 (Trauma -> Recovery) [priority=medium,type=patient_mover]
[INFO] [1777347241.089910877] [fleet_scheduler]: Cycle done: queued_tasks=0, busy=1
[INFO] [1777347261.090655810] [fleet_scheduler]: Published assignment: delivery_2: lab_courier_28 (Lab -> ICU) [priority=high,type=lab_courier]
[INFO] [1777347261.091188658] [fleet_scheduler]: Published assignment: cleaning_2: cleaning_27 (WardC -> WardB) [priority=medium,type=cleaning]
[INFO] [1777347261.091537023] [fleet_scheduler]: Cycle done: queued_tasks=0, busy=2
[INFO] [1777347281.089555522] [fleet_scheduler]: Published assignment: delivery_1: delivery_29 (Pharmacy -> WardC) [priority=high,type=delivery]
[INFO] [1777347281.090215575] [fleet_scheduler]: Cycle done: queued_tasks=0, busy=1
[INFO] [1777347301.087764866] [fleet_scheduler]: Cycle done: queued_tasks=0, busy=0
[INFO] [1777347321.094187429] [fleet_scheduler]: Published assignment: delivery_1: cleaning_31 (WardA -> ER) [priority=low,type=cleaning]
[INFO] [1777347321.094889834] [fleet_scheduler]: Published assignment: heavy_supply_1: heavy_supply_30 (Sterilization -> OperatingRoom1) [priority=low,type=heavy_supply]
[INFO] [1777347321.095408364] [fleet_scheduler]: Cycle done: queued_tasks=0, busy=2
[INFO] [1777347341.097379878] [fleet_scheduler]: Published assignment: delivery_1: patient_mover_32 (ER -> PICU) [priority=medium,type=patient_mover]
[INFO] [1777347341.098689887] [fleet_scheduler]: Cycle done: queued_tasks=0, busy=1
[INFO] [1777347361.090832744] [fleet_scheduler]: Published assignment: delivery_2: lab_courier_33 (Lab -> ICU) [priority=low,type=lab_courier]
[INFO] [1777347361.091900304] [fleet_scheduler]: Cycle done: queued_tasks=0, busy=1
[INFO] [1777347381.090576367] [fleet_scheduler]: Published assignment: heavy_supply_1: patient_mover_34 (ER -> ICU) [priority=critical,type=patient_mover]
[INFO] [1777347381.091358742] [fleet_scheduler]: Cycle done: queued_tasks=0, busy=1
[INFO] [1777347401.091057409] [fleet_scheduler]: Published assignment: delivery_2: delivery_35 (Pharmacy -> WardB) [priority=medium,type=delivery]
[INFO] [1777347401.092026420] [fleet_scheduler]: Cycle done: queued_tasks=0, busy=2
[INFO] [1777347421.091784188] [fleet_scheduler]: Published assignment: delivery_3: delivery_36 (Supply -> WardC) [priority=high,type=delivery]
[INFO] [1777347421.092314050] [fleet_scheduler]: Published assignment: patient_mover_2: heavy_supply_37 (Sterilization -> OperatingRoom2) [priority=critical,type=heavy_supply]
[INFO] [1777347421.092667558] [fleet_scheduler]: Published assignment: lab_courier_1: delivery_38 (Supply -> WardA) [priority=high,type=delivery]
[INFO] [1777347421.092961302] [fleet_scheduler]: Cycle done: queued_tasks=0, busy=3
[INFO] [1777347441.093216104] [fleet_scheduler]: Published assignment: lab_courier_1: heavy_supply_39 (Sterilization -> OperatingRoom1) [priority=low,type=heavy_supply]
[INFO] [1777347441.094929771] [fleet_scheduler]: Cycle done: queued_tasks=0, busy=1
[INFO] [1777347461.093651762] [fleet_scheduler]: Published assignment: heavy_supply_1: lab_courier_40 (Lab -> Radiology) [priority=medium,type=lab_courier]
[INFO] [1777347461.094424652] [fleet_scheduler]: Published assignment: lab_courier_1: heavy_supply_41 (Sterilization -> OperatingRoom2) [priority=high,type=heavy_supply]
[INFO] [1777347461.095047539] [fleet_scheduler]: Cycle done: queued_tasks=0, busy=2
[INFO] [1777347481.088572067] [fleet_scheduler]: Cycle done: queued_tasks=0, busy=0
[INFO] [1777347501.094432033] [fleet_scheduler]: Published assignment: cleaning_1: cleaning_42 (WardB -> WardA) [priority=medium,type=cleaning]
[INFO] [1777347501.095829787] [fleet_scheduler]: Published assignment: general_1: patient_mover_43 (ER -> PICU) [priority=low,type=patient_mover]
[INFO] [1777347501.096662295] [fleet_scheduler]: Cycle done: queued_tasks=0, busy=2
[INFO] [1777347521.087823939] [fleet_scheduler]: Cycle done: queued_tasks=0, busy=0
[INFO] [1777347541.088506619] [fleet_scheduler]: Cycle done: queued_tasks=0, busy=0
[INFO] [1777347561.105096745] [fleet_scheduler]: Published assignment: heavy_supply_1: lab_courier_44 (Lab -> ER) [priority=high,type=lab_courier]
[INFO] [1777347561.108102376] [fleet_scheduler]: Cycle done: queued_tasks=0, busy=1
[INFO] [1777347581.090643734] [fleet_scheduler]: Published assignment: delivery_1: lab_courier_45 (Lab -> Radiology) [priority=high,type=lab_courier]
[INFO] [1777347581.091359951] [fleet_scheduler]: Cycle done: queued_tasks=0, busy=1
[INFO] [1777347601.092511840] [fleet_scheduler]: Published assignment: delivery_1: lab_courier_46 (Lab -> Radiology) [priority=medium,type=lab_courier]
[INFO] [1777347601.093298339] [fleet_scheduler]: Published assignment: heavy_supply_1: patient_mover_47 (ER -> Recovery) [priority=low,type=patient_mover]
[INFO] [1777347601.094012188] [fleet_scheduler]: Cycle done: queued_tasks=0, busy=2
[INFO] [1777347621.092707957] [fleet_scheduler]: Published assignment: cleaning_1: delivery_48 (Pharmacy -> WardC) [priority=high,type=delivery]
[INFO] [1777347621.093710005] [fleet_scheduler]: Cycle done: queued_tasks=0, busy=1
[INFO] [1777347641.100352430] [fleet_scheduler]: Published assignment: delivery_1: lab_courier_50 (Lab -> ICU) [priority=high,type=lab_courier]
[INFO] [1777347641.101605255] [fleet_scheduler]: Published assignment: delivery_2: delivery_49 (Pharmacy -> WardC) [priority=high,type=delivery]
[INFO] [1777347641.105052227] [fleet_scheduler]: Cycle done: queued_tasks=0, busy=2
[INFO] [1777347661.092529509] [fleet_scheduler]: Published assignment: delivery_1: patient_mover_51 (ER -> Recovery) [priority=high,type=patient_mover]
[INFO] [1777347661.093456537] [fleet_scheduler]: Cycle done: queued_tasks=0, busy=1
[INFO] [1777347681.100113902] [fleet_scheduler]: Published assignment: patient_mover_2: heavy_supply_52 (Sterilization -> OperatingRoom1) [priority=low,type=heavy_supply]
[INFO] [1777347681.101985803] [fleet_scheduler]: Published assignment: general_1: lab_courier_53 (Lab -> Radiology) [priority=low,type=lab_courier]
[INFO] [1777347681.103832342] [fleet_scheduler]: Cycle done: queued_tasks=0, busy=2
[INFO] [1777347701.099591044] [fleet_scheduler]: Published assignment: cleaning_1: cleaning_55 (WardA -> ER) [priority=critical,type=cleaning]
[INFO] [1777347701.100681301] [fleet_scheduler]: Published assignment: patient_mover_2: heavy_supply_54 (Supply -> OperatingRoom2) [priority=medium,type=heavy_supply]
[INFO] [1777347701.101525629] [fleet_scheduler]: Cycle done: queued_tasks=0, busy=2
[INFO] [1777347721.098085816] [fleet_scheduler]: Published assignment: cleaning_1: patient_mover_57 (ER -> ICU) [priority=medium,type=patient_mover]
[INFO] [1777347721.100090392] [fleet_scheduler]: Published assignment: lab_courier_1: delivery_56 (Supply -> WardA) [priority=medium,type=delivery]
[INFO] [1777347721.101362450] [fleet_scheduler]: Cycle done: queued_tasks=0, busy=2
[INFO] [1777347741.087854696] [fleet_scheduler]: Cycle done: queued_tasks=0, busy=0
[INFO] [1777347761.089005340] [fleet_scheduler]: Published assignment: patient_mover_1: patient_mover_58 (ER -> ICU) [priority=medium,type=patient_mover]
[INFO] [1777347761.089447649] [fleet_scheduler]: Cycle done: queued_tasks=0, busy=1
[INFO] [1777347781.087553724] [fleet_scheduler]: Cycle done: queued_tasks=0, busy=0
[INFO] [1777347801.091073549] [fleet_scheduler]: Published assignment: patient_mover_1: patient_mover_60 (Trauma -> Recovery) [priority=high,type=patient_mover]
[INFO] [1777347801.091530537] [fleet_scheduler]: Published assignment: patient_mover_2: heavy_supply_59 (Supply -> OperatingRoom1) [priority=low,type=heavy_supply]
[INFO] [1777347801.091866880] [fleet_scheduler]: Cycle done: queued_tasks=0, busy=2
[INFO] [1777347821.089345282] [fleet_scheduler]: Published assignment: patient_mover_2: heavy_supply_61 (Sterilization -> ER) [priority=high,type=heavy_supply]
[INFO] [1777347821.089784585] [fleet_scheduler]: Cycle done: queued_tasks=0, busy=1
[INFO] [1777347841.090551458] [fleet_scheduler]: Published assignment: cleaning_2: cleaning_62 (WardB -> WardA) [priority=medium,type=cleaning]
[INFO] [1777347841.091273475] [fleet_scheduler]: Cycle done: queued_tasks=0, busy=1
[INFO] [1777347861.090265944] [fleet_scheduler]: Published assignment: general_2: heavy_supply_63 (Sterilization -> OperatingRoom2) [priority=high,type=heavy_supply]
[INFO] [1777347861.090724868] [fleet_scheduler]: Cycle done: queued_tasks=0, busy=1
[INFO] [1777347881.089073845] [fleet_scheduler]: Published assignment: patient_mover_2: patient_mover_64 (ER -> PICU) [priority=medium,type=patient_mover]
[INFO] [1777347881.089548313] [fleet_scheduler]: Cycle done: queued_tasks=0, busy=1
[INFO] [1777347901.089192470] [fleet_scheduler]: Published assignment: general_2: heavy_supply_65 (Sterilization -> OperatingRoom1) [priority=low,type=heavy_supply]
[INFO] [1777347901.089647674] [fleet_scheduler]: Cycle done: queued_tasks=0, busy=1
[INFO] [1777347921.090224547] [fleet_scheduler]: Published assignment: general_1: lab_courier_66 (Lab -> ICU) [priority=medium,type=lab_courier]
[INFO] [1777347921.090947481] [fleet_scheduler]: Cycle done: queued_tasks=0, busy=1
[INFO] [1777347941.090286628] [fleet_scheduler]: Published assignment: general_1: lab_courier_68 (Lab -> Radiology) [priority=low,type=lab_courier]
[INFO] [1777347941.090722078] [fleet_scheduler]: Published assignment: general_2: heavy_supply_67 (Sterilization -> OperatingRoom2) [priority=medium,type=heavy_supply]
[INFO] [1777347941.091060253] [fleet_scheduler]: Cycle done: queued_tasks=0, busy=2
[INFO] [1777347961.089667588] [fleet_scheduler]: Published assignment: lab_courier_1: delivery_69 (Pharmacy -> ICU) [priority=low,type=delivery]
[INFO] [1777347961.090114498] [fleet_scheduler]: Cycle done: queued_tasks=0, busy=1
[INFO] [1777347981.087529926] [fleet_scheduler]: Cycle done: queued_tasks=0, busy=0
[INFO] [1777348001.088267657] [fleet_scheduler]: Cycle done: queued_tasks=0, busy=0
[INFO] [1777348021.092224383] [fleet_scheduler]: Published assignment: cleaning_2: cleaning_70 (WardA -> WardB) [priority=medium,type=cleaning]
[INFO] [1777348021.093026693] [fleet_scheduler]: Cycle done: queued_tasks=0, busy=1
[INFO] [1777348041.090497604] [fleet_scheduler]: Published assignment: general_2: heavy_supply_71 (Sterilization -> ER) [priority=high,type=heavy_supply]
[INFO] [1777348041.091175241] [fleet_scheduler]: Cycle done: queued_tasks=0, busy=1
[INFO] [1777348061.092616879] [fleet_scheduler]: Published assignment: delivery_1: delivery_73 (Supply -> WardA) [priority=critical,type=delivery]
[INFO] [1777348061.093280775] [fleet_scheduler]: Published assignment: delivery_2: cleaning_74 (WardC -> WardC) [priority=high,type=cleaning]
[INFO] [1777348061.093957378] [fleet_scheduler]: Published assignment: cleaning_2: patient_mover_72 (ER -> Recovery) [priority=high,type=patient_mover]
[INFO] [1777348061.094532216] [fleet_scheduler]: Cycle done: queued_tasks=0, busy=4
[INFO] [1777348081.090101574] [fleet_scheduler]: Published assignment: general_2: patient_mover_75 (Trauma -> ICU) [priority=medium,type=patient_mover]
[INFO] [1777348081.090904660] [fleet_scheduler]: Cycle done: queued_tasks=0, busy=1
[INFO] [1777348101.091696779] [fleet_scheduler]: Published assignment: delivery_1: patient_mover_77 (ER -> ICU) [priority=low,type=patient_mover]
[INFO] [1777348101.092236233] [fleet_scheduler]: Published assignment: general_2: patient_mover_76 (ER -> ICU) [priority=medium,type=patient_mover]
[INFO] [1777348101.092589401] [fleet_scheduler]: Cycle done: queued_tasks=0, busy=2
[INFO] [1777348121.093089869] [fleet_scheduler]: Published assignment: delivery_2: cleaning_79 (WardB -> ER) [priority=high,type=cleaning]
[INFO] [1777348121.093785238] [fleet_scheduler]: Published assignment: cleaning_2: delivery_78 (Supply -> WardB) [priority=high,type=delivery]
[INFO] [1777348121.094322726] [fleet_scheduler]: Cycle done: queued_tasks=0, busy=2
[INFO] [1777348141.088964231] [fleet_scheduler]: Published assignment: delivery_2: patient_mover_80 (ER -> PICU) [priority=high,type=patient_mover]
[INFO] [1777348141.089403144] [fleet_scheduler]: Cycle done: queued_tasks=0, busy=1
[INFO] [1777348161.096347069] [fleet_scheduler]: Published assignment: cleaning_2: delivery_81 (Pharmacy -> WardB) [priority=medium,type=delivery]
[INFO] [1777348161.097827190] [fleet_scheduler]: Cycle done: queued_tasks=0, busy=1
[INFO] [1777348181.099339318] [fleet_scheduler]: Published assignment: delivery_1: delivery_82 (Pharmacy -> WardC) [priority=low,type=delivery]
[INFO] [1777348181.100969782] [fleet_scheduler]: Published assignment: cleaning_2: patient_mover_83 (ER -> Recovery) [priority=medium,type=patient_mover]
[INFO] [1777348181.102410205] [fleet_scheduler]: Cycle done: queued_tasks=0, busy=2
[INFO] [1777348201.096211973] [fleet_scheduler]: Published assignment: general_2: patient_mover_84 (ER -> ICU) [priority=low,type=patient_mover]
[INFO] [1777348201.100019176] [fleet_scheduler]: Cycle done: queued_tasks=0, busy=1
[INFO] [1777348221.093353353] [fleet_scheduler]: Published assignment: cleaning_2: delivery_85 (Supply -> ICU) [priority=medium,type=delivery]
[INFO] [1777348221.094450695] [fleet_scheduler]: Cycle done: queued_tasks=0, busy=1
[INFO] [1777348241.090695809] [fleet_scheduler]: Published assignment: delivery_1: patient_mover_86 (ER -> PICU) [priority=high,type=patient_mover]
[INFO] [1777348241.091472632] [fleet_scheduler]: Cycle done: queued_tasks=0, busy=1
[INFO] [1777348261.110254539] [fleet_scheduler]: Published assignment: patient_mover_1: delivery_87 (Supply -> WardB) [priority=medium,type=delivery]
[INFO] [1777348261.112741610] [fleet_scheduler]: Published assignment: heavy_supply_1: heavy_supply_88 (Sterilization -> ER) [priority=medium,type=heavy_supply]
[INFO] [1777348261.116405783] [fleet_scheduler]: Cycle done: queued_tasks=0, busy=2
[INFO] [1777348281.090374849] [fleet_scheduler]: Published assignment: delivery_3: cleaning_89 (WardC -> WardB) [priority=low,type=cleaning]
[INFO] [1777348281.092284880] [fleet_scheduler]: Cycle done: queued_tasks=0, busy=1
[INFO] [1777348301.090164153] [fleet_scheduler]: Published assignment: heavy_supply_1: delivery_90 (Supply -> WardC) [priority=critical,type=delivery]
[INFO] [1777348301.090606608] [fleet_scheduler]: Cycle done: queued_tasks=0, busy=1
[INFO] [1777348321.093623776] [fleet_scheduler]: Published assignment: delivery_3: delivery_91 (Pharmacy -> WardC) [priority=critical,type=delivery]
[INFO] [1777348321.094872241] [fleet_scheduler]: Cycle done: queued_tasks=0, busy=1
[INFO] [1777348341.093914667] [fleet_scheduler]: Published assignment: delivery_3: cleaning_92 (WardC -> WardB) [priority=high,type=cleaning]
[INFO] [1777348341.095059665] [fleet_scheduler]: Cycle done: queued_tasks=0, busy=1
[INFO] [1777348361.100246832] [fleet_scheduler]: Published assignment: general_2: patient_mover_93 (Trauma -> PICU) [priority=high,type=patient_mover]
[INFO] [1777348361.104459316] [fleet_scheduler]: Cycle done: queued_tasks=0, busy=1
[INFO] [1777348381.098008108] [fleet_scheduler]: Published assignment: patient_mover_1: patient_mover_94 (ER -> PICU) [priority=low,type=patient_mover]
[INFO] [1777348381.100663138] [fleet_scheduler]: Cycle done: queued_tasks=0, busy=1
[INFO] [1777348401.090644083] [fleet_scheduler]: Published assignment: delivery_3: cleaning_95 (WardB -> ER) [priority=high,type=cleaning]
[INFO] [1777348401.091400393] [fleet_scheduler]: Cycle done: queued_tasks=0, busy=1
[INFO] [1777348421.099479083] [fleet_scheduler]: Published assignment: general_1: lab_courier_96 (Lab -> ER) [priority=high,type=lab_courier]
[INFO] [1777348421.102915755] [fleet_scheduler]: Cycle done: queued_tasks=0, busy=1
[INFO] [1777348441.103746182] [fleet_scheduler]: Published assignment: delivery_3: heavy_supply_98 (Supply -> ER) [priority=critical,type=heavy_supply]
[INFO] [1777348441.108221275] [fleet_scheduler]: Published assignment: general_1: heavy_supply_97 (Supply -> OperatingRoom2) [priority=medium,type=heavy_supply]
[INFO] [1777348441.109474452] [fleet_scheduler]: Cycle done: queued_tasks=0, busy=2
[INFO] [1777348461.088124979] [fleet_scheduler]: Cycle done: queued_tasks=0, busy=0
[INFO] [1777348481.090807543] [fleet_scheduler]: Published assignment: lab_courier_1: lab_courier_99 (Lab -> ICU) [priority=low,type=lab_courier]
[INFO] [1777348481.091542182] [fleet_scheduler]: Cycle done: queued_tasks=0, busy=1
[INFO] [1777348501.090701582] [fleet_scheduler]: Published assignment: delivery_3: cleaning_101 (ER -> ER) [priority=high,type=cleaning]
[INFO] [1777348501.091136303] [fleet_scheduler]: Published assignment: cleaning_1: lab_courier_102 (Lab -> Radiology) [priority=medium,type=lab_courier]
[INFO] [1777348501.091434770] [fleet_scheduler]: Published assignment: lab_courier_1: lab_courier_100 (Lab -> Radiology) [priority=medium,type=lab_courier]
[INFO] [1777348501.091720888] [fleet_scheduler]: Cycle done: queued_tasks=0, busy=3
[INFO] [1777348521.093648775] [fleet_scheduler]: Published assignment: delivery_3: delivery_105 (Pharmacy -> WardC) [priority=medium,type=delivery]
[INFO] [1777348521.094082257] [fleet_scheduler]: Published assignment: cleaning_1: lab_courier_104 (Lab -> ICU) [priority=high,type=lab_courier]
[INFO] [1777348521.094402177] [fleet_scheduler]: Published assignment: general_1: cleaning_103 (WardB -> WardC) [priority=medium,type=cleaning]
[INFO] [1777348521.094685520] [fleet_scheduler]: Cycle done: queued_tasks=0, busy=4
[INFO] [1777348541.090863826] [fleet_scheduler]: Published assignment: emergency_1: heavy_supply_106 (Supply -> OperatingRoom1) [priority=high,type=heavy_supply]
[INFO] [1777348541.091563318] [fleet_scheduler]: Cycle done: queued_tasks=0, busy=1
[INFO] [1777348561.090346322] [fleet_scheduler]: Published assignment: lab_courier_1: lab_courier_107 (Lab -> ER) [priority=low,type=lab_courier]
[INFO] [1777348561.090745399] [fleet_scheduler]: Cycle done: queued_tasks=0, busy=2
[INFO] [1777348581.087851025] [fleet_scheduler]: Cycle done: queued_tasks=0, busy=0
[INFO] [1777348601.091186703] [fleet_scheduler]: Published assignment: lab_courier_1: delivery_108 (Pharmacy -> ICU) [priority=medium,type=delivery]
[INFO] [1777348601.092188508] [fleet_scheduler]: Cycle done: queued_tasks=0, busy=1
[INFO] [1777348621.090029453] [fleet_scheduler]: Published assignment: general_1: cleaning_109 (WardA -> WardC) [priority=medium,type=cleaning]
[INFO] [1777348621.090676721] [fleet_scheduler]: Cycle done: queued_tasks=0, busy=1
[INFO] [1777348641.092224288] [fleet_scheduler]: Published assignment: lab_courier_1: lab_courier_111 (Lab -> Radiology) [priority=medium,type=lab_courier]
[INFO] [1777348641.093105752] [fleet_scheduler]: Published assignment: emergency_1: delivery_110 (Pharmacy -> ICU) [priority=low,type=delivery]
[INFO] [1777348641.093768810] [fleet_scheduler]: Cycle done: queued_tasks=0, busy=2
[INFO] [1777348661.087863413] [fleet_scheduler]: Cycle done: queued_tasks=0, busy=0
[INFO] [1777348681.092235985] [fleet_scheduler]: Published assignment: heavy_supply_1: heavy_supply_112 (Sterilization -> OperatingRoom1) [priority=medium,type=heavy_supply]
[INFO] [1777348681.094181015] [fleet_scheduler]: Cycle done: queued_tasks=0, busy=1
[INFO] [1777348701.090332666] [fleet_scheduler]: Published assignment: heavy_supply_1: heavy_supply_113 (Sterilization -> OperatingRoom1) [priority=low,type=heavy_supply]
[INFO] [1777348701.091084326] [fleet_scheduler]: Cycle done: queued_tasks=0, busy=1
[INFO] [1777348721.087818838] [fleet_scheduler]: Cycle done: queued_tasks=0, busy=0
[INFO] [1777348741.092618052] [fleet_scheduler]: Published assignment: heavy_supply_1: delivery_114 (Supply -> WardB) [priority=medium,type=delivery]
[INFO] [1777348741.093374705] [fleet_scheduler]: Published assignment: general_1: cleaning_115 (WardC -> WardB) [priority=high,type=cleaning]
[INFO] [1777348741.093977038] [fleet_scheduler]: Cycle done: queued_tasks=0, busy=2
[INFO] [1777348761.090507553] [fleet_scheduler]: Published assignment: heavy_supply_1: heavy_supply_116 (Sterilization -> OperatingRoom2) [priority=medium,type=heavy_supply]
[INFO] [1777348761.091208947] [fleet_scheduler]: Cycle done: queued_tasks=0, busy=2
[INFO] [1777348781.094923047] [fleet_scheduler]: Published assignment: heavy_supply_1: heavy_supply_117 (Supply -> OperatingRoom2) [priority=high,type=heavy_supply]
[INFO] [1777348781.095792499] [fleet_scheduler]: Published assignment: general_1: delivery_118 (Pharmacy -> WardA) [priority=high,type=delivery]
[INFO] [1777348781.096425214] [fleet_scheduler]: Cycle done: queued_tasks=0, busy=2
[INFO] [1777348801.092145627] [fleet_scheduler]: Published assignment: cleaning_1: lab_courier_120 (Lab -> ER) [priority=medium,type=lab_courier]
[INFO] [1777348801.092905935] [fleet_scheduler]: Published assignment: lab_courier_1: lab_courier_119 (Lab -> Radiology) [priority=critical,type=lab_courier]
[INFO] [1777348801.093627164] [fleet_scheduler]: Cycle done: queued_tasks=0, busy=2
[INFO] [1777348821.094997814] [fleet_scheduler]: Published assignment: cleaning_1: patient_mover_122 (ER -> PICU) [priority=critical,type=patient_mover]
[INFO] [1777348821.095858476] [fleet_scheduler]: Published assignment: heavy_supply_1: heavy_supply_121 (Supply -> OperatingRoom1) [priority=medium,type=heavy_supply]
[INFO] [1777348821.096586771] [fleet_scheduler]: Published assignment: general_1: patient_mover_123 (ER -> PICU) [priority=critical,type=patient_mover]
[INFO] [1777348821.097327252] [fleet_scheduler]: Cycle done: queued_tasks=0, busy=3
[INFO] [1777348841.092253032] [fleet_scheduler]: Published assignment: heavy_supply_1: heavy_supply_124 (Supply -> OperatingRoom2) [priority=low,type=heavy_supply]
[INFO] [1777348841.093013761] [fleet_scheduler]: Cycle done: queued_tasks=0, busy=2
[INFO] [1777348861.089898311] [fleet_scheduler]: Published assignment: emergency_1: patient_mover_125 (Trauma -> PICU) [priority=high,type=patient_mover]
[INFO] [1777348861.090356797] [fleet_scheduler]: Cycle done: queued_tasks=0, busy=1
[INFO] [1777348881.090671064] [fleet_scheduler]: Published assignment: heavy_supply_1: heavy_supply_126 (Supply -> OperatingRoom2) [priority=medium,type=heavy_supply]
[INFO] [1777348881.091257684] [fleet_scheduler]: Cycle done: queued_tasks=0, busy=1
[INFO] [1777348901.093044902] [fleet_scheduler]: Published assignment: heavy_supply_1: delivery_128 (Supply -> ICU) [priority=medium,type=delivery]
[INFO] [1777348901.093738180] [fleet_scheduler]: Published assignment: lab_courier_1: lab_courier_127 (Lab -> ER) [priority=medium,type=lab_courier]
[INFO] [1777348901.094311303] [fleet_scheduler]: Cycle done: queued_tasks=0, busy=2
[INFO] [1777348921.090222220] [fleet_scheduler]: Published assignment: lab_courier_1: heavy_supply_129 (Supply -> OperatingRoom2) [priority=high,type=heavy_supply]
[INFO] [1777348921.090618300] [fleet_scheduler]: Cycle done: queued_tasks=0, busy=1
[INFO] [1777348941.093896945] [fleet_scheduler]: Published assignment: delivery_3: cleaning_131 (WardB -> WardC) [priority=high,type=cleaning]
[INFO] [1777348941.094594338] [fleet_scheduler]: Published assignment: lab_courier_1: heavy_supply_130 (Supply -> OperatingRoom2) [priority=critical,type=heavy_supply]
[INFO] [1777348941.095182467] [fleet_scheduler]: Cycle done: queued_tasks=0, busy=2
[INFO] [1777348961.090299382] [fleet_scheduler]: Published assignment: cleaning_2: delivery_132 (Pharmacy -> WardA) [priority=critical,type=delivery]
[INFO] [1777348961.091037255] [fleet_scheduler]: Cycle done: queued_tasks=0, busy=1
[INFO] [1777348981.091686122] [fleet_scheduler]: Published assignment: patient_mover_1: patient_mover_134 (Trauma -> PICU) [priority=medium,type=patient_mover]
[INFO] [1777348981.092206554] [fleet_scheduler]: Published assignment: heavy_supply_1: patient_mover_133 (Trauma -> ICU) [priority=high,type=patient_mover]
[INFO] [1777348981.092550506] [fleet_scheduler]: Cycle done: queued_tasks=0, busy=2
[INFO] [1777349001.093829590] [fleet_scheduler]: Published assignment: delivery_3: cleaning_136 (WardC -> WardC) [priority=medium,type=cleaning]
[INFO] [1777349001.094359191] [fleet_scheduler]: Published assignment: heavy_supply_1: lab_courier_135 (Lab -> Radiology) [priority=critical,type=lab_courier]
[INFO] [1777349001.094777849] [fleet_scheduler]: Published assignment: lab_courier_1: heavy_supply_137 (Sterilization -> OperatingRoom2) [priority=medium,type=heavy_supply]
[INFO] [1777349001.095143081] [fleet_scheduler]: Cycle done: queued_tasks=0, busy=3
[INFO] [1777349021.090513966] [fleet_scheduler]: Published assignment: lab_courier_1: delivery_138 (Supply -> ICU) [priority=high,type=delivery]
[INFO] [1777349021.090973285] [fleet_scheduler]: Cycle done: queued_tasks=0, busy=1
[INFO] [1777349041.089612831] [fleet_scheduler]: Published assignment: cleaning_2: patient_mover_139 (ER -> ICU) [priority=critical,type=patient_mover]
[INFO] [1777349041.090031949] [fleet_scheduler]: Cycle done: queued_tasks=0, busy=1
[INFO] [1777349061.090117512] [fleet_scheduler]: Published assignment: delivery_3: heavy_supply_141 (Sterilization -> OperatingRoom2) [priority=medium,type=heavy_supply]
[INFO] [1777349061.090585522] [fleet_scheduler]: Published assignment: heavy_supply_1: lab_courier_140 (Lab -> Radiology) [priority=high,type=lab_courier]
[INFO] [1777349061.090916859] [fleet_scheduler]: Cycle done: queued_tasks=0, busy=2
[INFO] [1777349081.091978337] [fleet_scheduler]: Published assignment: heavy_supply_1: lab_courier_143 (Lab -> ER) [priority=high,type=lab_courier]
[INFO] [1777349081.092676098] [fleet_scheduler]: Published assignment: lab_courier_1: lab_courier_142 (Lab -> ER) [priority=medium,type=lab_courier]
[INFO] [1777349081.093215054] [fleet_scheduler]: Cycle done: queued_tasks=0, busy=2
[INFO] [1777349101.089807594] [fleet_scheduler]: Published assignment: cleaning_2: lab_courier_145 (Lab -> ICU) [priority=high,type=lab_courier]
[INFO] [1777349101.090258834] [fleet_scheduler]: Published assignment: heavy_supply_1: patient_mover_144 (ER -> PICU) [priority=medium,type=patient_mover]
[INFO] [1777349101.090573315] [fleet_scheduler]: Cycle done: queued_tasks=0, busy=2
[INFO] [1777349121.088751071] [fleet_scheduler]: Published assignment: lab_courier_1: cleaning_146 (ER -> WardB) [priority=low,type=cleaning]
[INFO] [1777349121.089206932] [fleet_scheduler]: Cycle done: queued_tasks=0, busy=1
[INFO] [1777349141.090996866] [fleet_scheduler]: Published assignment: lab_courier_1: delivery_147 (Pharmacy -> WardC) [priority=medium,type=delivery]
[INFO] [1777349141.091476056] [fleet_scheduler]: Cycle done: queued_tasks=0, busy=1
[INFO] [1777349161.088707099] [fleet_scheduler]: Published assignment: cleaning_2: lab_courier_148 (Lab -> Radiology) [priority=low,type=lab_courier]
[INFO] [1777349161.089117731] [fleet_scheduler]: Cycle done: queued_tasks=0, busy=1
[INFO] [1777349181.093556946] [fleet_scheduler]: Published assignment: delivery_3: heavy_supply_150 (Sterilization -> OperatingRoom1) [priority=medium,type=heavy_supply]
[INFO] [1777349181.094851347] [fleet_scheduler]: Published assignment: lab_courier_1: cleaning_149 (ER -> WardC) [priority=medium,type=cleaning]
[INFO] [1777349181.095904116] [fleet_scheduler]: Cycle done: queued_tasks=0, busy=2
[INFO] [1777349201.092713135] [fleet_scheduler]: Published assignment: delivery_3: cleaning_151 (WardB -> WardB) [priority=high,type=cleaning]
[INFO] [1777349201.093287815] [fleet_scheduler]: Published assignment: lab_courier_1: heavy_supply_152 (Supply -> ER) [priority=critical,type=heavy_supply]
[INFO] [1777349201.093667939] [fleet_scheduler]: Cycle done: queued_tasks=0, busy=2
[INFO] [1777349221.089065804] [fleet_scheduler]: Published assignment: lab_courier_1: patient_mover_153 (Trauma -> Recovery) [priority=medium,type=patient_mover]
[INFO] [1777349221.089485926] [fleet_scheduler]: Cycle done: queued_tasks=0, busy=1
[INFO] [1777349241.090785385] [fleet_scheduler]: Published assignment: delivery_3: cleaning_154 (WardB -> WardC) [priority=low,type=cleaning]
[INFO] [1777349241.091585503] [fleet_scheduler]: Published assignment: cleaning_2: lab_courier_155 (Lab -> ICU) [priority=medium,type=lab_courier]
[INFO] [1777349241.092184333] [fleet_scheduler]: Cycle done: queued_tasks=0, busy=2
[INFO] [1777349261.090609351] [fleet_scheduler]: Published assignment: lab_courier_1: delivery_156 (Supply -> WardB) [priority=high,type=delivery]
[INFO] [1777349261.091252613] [fleet_scheduler]: Cycle done: queued_tasks=0, busy=1
[INFO] [1777349281.087630881] [fleet_scheduler]: Cycle done: queued_tasks=0, busy=0
[INFO] [1777349301.090282027] [fleet_scheduler]: Published assignment: cleaning_2: lab_courier_158 (Lab -> ER) [priority=critical,type=lab_courier]
[INFO] [1777349301.090733063] [fleet_scheduler]: Published assignment: lab_courier_1: delivery_157 (Supply -> ICU) [priority=critical,type=delivery]
[INFO] [1777349301.091065044] [fleet_scheduler]: Cycle done: queued_tasks=0, busy=2
[INFO] [1777349321.087939020] [fleet_scheduler]: Published assignment: lab_courier_1: charge_lab_courier_1 (ICU -> ER) [priority=critical,type=charge]
[INFO] [1777349321.088411348] [fleet_scheduler]: Cycle done: queued_tasks=0, busy=1
[INFO] [1777349341.088338460] [fleet_scheduler]: Cycle done: queued_tasks=0, busy=1
[INFO] [1777349361.091019717] [fleet_scheduler]: Published assignment: cleaning_2: heavy_supply_160 (Supply -> OperatingRoom1) [priority=high,type=heavy_supply]
[INFO] [1777349361.091588668] [fleet_scheduler]: Published assignment: lab_courier_1: delivery_159 (Supply -> WardC) [priority=high,type=delivery]
[INFO] [1777349361.091924720] [fleet_scheduler]: Cycle done: queued_tasks=0, busy=2
[INFO] [1777349381.090051369] [fleet_scheduler]: Published assignment: cleaning_2: heavy_supply_162 (Supply -> OperatingRoom1) [priority=high,type=heavy_supply]
[INFO] [1777349381.090542834] [fleet_scheduler]: Published assignment: patient_mover_1: patient_mover_161 (Trauma -> Recovery) [priority=critical,type=patient_mover]
[INFO] [1777349381.090896447] [fleet_scheduler]: Cycle done: queued_tasks=0, busy=2
[INFO] [1777349401.090059949] [fleet_scheduler]: Published assignment: delivery_3: cleaning_163 (WardA -> WardC) [priority=critical,type=cleaning]
[INFO] [1777349401.090680440] [fleet_scheduler]: Published assignment: cleaning_2: delivery_164 (Supply -> WardC) [priority=critical,type=delivery]
[INFO] [1777349401.091117711] [fleet_scheduler]: Cycle done: queued_tasks=0, busy=2
[INFO] [1777349421.088892121] [fleet_scheduler]: Published assignment: cleaning_2: cleaning_165 (WardC -> WardB) [priority=medium,type=cleaning]
[INFO] [1777349421.089279416] [fleet_scheduler]: Cycle done: queued_tasks=0, busy=1
[INFO] [1777349441.087507393] [fleet_scheduler]: Cycle done: queued_tasks=0, busy=1
[INFO] [1777349461.087860182] [fleet_scheduler]: Cycle done: queued_tasks=0, busy=0
[INFO] [1777349481.096815230] [fleet_scheduler]: Published assignment: delivery_3: delivery_168 (Pharmacy -> WardB) [priority=medium,type=delivery]
[INFO] [1777349481.097680400] [fleet_scheduler]: Published assignment: cleaning_2: delivery_166 (Pharmacy -> ICU) [priority=critical,type=delivery]
[INFO] [1777349481.098677021] [fleet_scheduler]: Published assignment: patient_mover_1: heavy_supply_167 (Supply -> OperatingRoom1) [priority=low,type=heavy_supply]
[INFO] [1777349481.099622284] [fleet_scheduler]: Cycle done: queued_tasks=0, busy=3
