[INFO] [1775387220.718908642] [robot_simulator]: Robot simulator initialized with async execution and status pub
[INFO] [1775387220.719286081] [robot_simulator]: Robot simulator node started
[INFO] [1775387346.285412095] [robot_simulator]: Received assignment: robot_1: deliver_food_1 (Cafeteria -> WardA)
[INFO] [1775387346.289119041] [robot_simulator]: [robot_1] starts task: deliver_food_1 (Cafeteria -> WardA)
[INFO] [1775387346.290324036] [robot_simulator]: Received assignment: robot_2: clean_room_1 (NurseStation -> WardB)
[INFO] [1775387346.294965007] [robot_simulator]: [robot_2] starts task: clean_room_1 (NurseStation -> WardB)
[INFO] [1775387346.296135133] [robot_simulator]: Received assignment: robot_3: pickup_samples_1 (Lab -> Radiology)
[INFO] [1775387346.300935163] [robot_simulator]: Received assignment: robot_4: assist_patient_1 (ER -> ICU)
[INFO] [1775387346.302566882] [robot_simulator]: [robot_3] starts task: pickup_samples_1 (Lab -> Radiology)
[INFO] [1775387346.313181109] [robot_simulator]: Received assignment: robot_5: deliver_meds_1 (Pharmacy -> WardB)
[INFO] [1775387346.319022120] [robot_simulator]: [robot_4] starts task: assist_patient_1 (ER -> ICU)
[INFO] [1775387346.323242283] [robot_simulator]: [robot_5] starts task: deliver_meds_1 (Pharmacy -> WardB)
[INFO] [1775387359.290448324] [robot_simulator]: [robot_1] completed task: deliver_food_1 (Cafeteria -> WardA)
[INFO] [1775387361.324551987] [robot_simulator]: [robot_5] completed task: deliver_meds_1 (Pharmacy -> WardB)
[INFO] [1775387364.304967148] [robot_simulator]: [robot_3] completed task: pickup_samples_1 (Lab -> Radiology)
[INFO] [1775387365.296208306] [robot_simulator]: [robot_2] completed task: clean_room_1 (NurseStation -> WardB)
[INFO] [1775387365.320371785] [robot_simulator]: [robot_4] completed task: assist_patient_1 (ER -> ICU)
[INFO] [1775387376.266049624] [robot_simulator]: Received assignment: robot_1: clean_room_1 (NurseStation -> WardB)
[INFO] [1775387376.269812775] [robot_simulator]: Received assignment: robot_2: deliver_meds_1 (Pharmacy -> WardB)
[INFO] [1775387376.273624097] [robot_simulator]: [robot_1] starts task: clean_room_1 (NurseStation -> WardB)
[INFO] [1775387376.275563201] [robot_simulator]: [robot_2] starts task: deliver_meds_1 (Pharmacy -> WardB)
[INFO] [1775387376.275944009] [robot_simulator]: Received assignment: robot_3: pickup_samples_1 (Lab -> Radiology)
[INFO] [1775387376.280487556] [robot_simulator]: Received assignment: robot_4: assist_patient_1 (ER -> ICU)
[INFO] [1775387376.280755053] [robot_simulator]: [robot_3] starts task: pickup_samples_1 (Lab -> Radiology)
[INFO] [1775387376.282515806] [robot_simulator]: Received assignment: robot_5: deliver_food_1 (Cafeteria -> WardA)
[INFO] [1775387376.282861606] [robot_simulator]: [robot_4] starts task: assist_patient_1 (ER -> ICU)
[INFO] [1775387376.284107428] [robot_simulator]: [robot_5] starts task: deliver_food_1 (Cafeteria -> WardA)
[INFO] [1775387389.284909132] [robot_simulator]: [robot_5] completed task: deliver_food_1 (Cafeteria -> WardA)
[INFO] [1775387391.276972859] [robot_simulator]: [robot_2] completed task: deliver_meds_1 (Pharmacy -> WardB)
[INFO] [1775387394.282209162] [robot_simulator]: [robot_3] completed task: pickup_samples_1 (Lab -> Radiology)
[INFO] [1775387395.274938490] [robot_simulator]: [robot_1] completed task: clean_room_1 (NurseStation -> WardB)
[INFO] [1775387395.284522253] [robot_simulator]: [robot_4] completed task: assist_patient_1 (ER -> ICU)
[INFO] [1775387406.269053343] [robot_simulator]: Received assignment: robot_1: deliver_meds_1 (Pharmacy -> WardB)
[INFO] [1775387406.271533273] [robot_simulator]: Received assignment: robot_2: deliver_food_1 (Cafeteria -> WardA)
[INFO] [1775387406.271898049] [robot_simulator]: [robot_1] starts task: deliver_meds_1 (Pharmacy -> WardB)
[INFO] [1775387406.274323726] [robot_simulator]: [robot_2] starts task: deliver_food_1 (Cafeteria -> WardA)
[INFO] [1775387406.274704607] [robot_simulator]: Received assignment: robot_3: pickup_samples_1 (Lab -> Radiology)
[INFO] [1775387406.276263076] [robot_simulator]: [robot_3] starts task: pickup_samples_1 (Lab -> Radiology)
[INFO] [1775387406.276440217] [robot_simulator]: Received assignment: robot_4: assist_patient_1 (ER -> ICU)
[INFO] [1775387406.277840840] [robot_simulator]: Received assignment: robot_5: clean_room_1 (NurseStation -> WardB)
[INFO] [1775387406.277953740] [robot_simulator]: [robot_4] starts task: assist_patient_1 (ER -> ICU)
[INFO] [1775387406.278997677] [robot_simulator]: [robot_5] starts task: clean_room_1 (NurseStation -> WardB)
[INFO] [1775387419.275216455] [robot_simulator]: [robot_2] completed task: deliver_food_1 (Cafeteria -> WardA)
[INFO] [1775387421.273180522] [robot_simulator]: [robot_1] completed task: deliver_meds_1 (Pharmacy -> WardB)
[INFO] [1775387424.277648059] [robot_simulator]: [robot_3] completed task: pickup_samples_1 (Lab -> Radiology)
[INFO] [1775387425.278925233] [robot_simulator]: [robot_4] completed task: assist_patient_1 (ER -> ICU)
[INFO] [1775387425.279708059] [robot_simulator]: [robot_5] completed task: clean_room_1 (NurseStation -> WardB)
[INFO] [1775387436.262836988] [robot_simulator]: Received assignment: robot_1: deliver_meds_1 (Pharmacy -> WardB)
[INFO] [1775387436.264084190] [robot_simulator]: [robot_1] starts task: deliver_meds_1 (Pharmacy -> WardB)
[INFO] [1775387436.265641007] [robot_simulator]: Received assignment: robot_2: clean_room_1 (NurseStation -> WardB)
[INFO] [1775387436.266811565] [robot_simulator]: [robot_2] starts task: clean_room_1 (NurseStation -> WardB)
[INFO] [1775387436.267779246] [robot_simulator]: Received assignment: robot_3: pickup_samples_1 (Lab -> Radiology)
[INFO] [1775387436.268471665] [robot_simulator]: [robot_3] starts task: pickup_samples_1 (Lab -> Radiology)
[INFO] [1775387436.269345841] [robot_simulator]: Received assignment: robot_4: assist_patient_1 (ER -> ICU)
[INFO] [1775387436.272969123] [robot_simulator]: [robot_4] starts task: assist_patient_1 (ER -> ICU)
[INFO] [1775387436.274064553] [robot_simulator]: Received assignment: robot_5: deliver_food_1 (Cafeteria -> WardA)
[INFO] [1775387436.275551599] [robot_simulator]: [robot_5] starts task: deliver_food_1 (Cafeteria -> WardA)
[INFO] [1775387449.276373901] [robot_simulator]: [robot_5] completed task: deliver_food_1 (Cafeteria -> WardA)
[INFO] [1775387451.266641480] [robot_simulator]: [robot_1] completed task: deliver_meds_1 (Pharmacy -> WardB)
[INFO] [1775387454.269355719] [robot_simulator]: [robot_3] completed task: pickup_samples_1 (Lab -> Radiology)
[INFO] [1775387455.267664689] [robot_simulator]: [robot_2] completed task: clean_room_1 (NurseStation -> WardB)
[INFO] [1775387455.274812814] [robot_simulator]: [robot_4] completed task: assist_patient_1 (ER -> ICU)
[INFO] [1775387466.267669996] [robot_simulator]: Received assignment: robot_1: deliver_meds_1 (Pharmacy -> WardB)
[INFO] [1775387466.270945677] [robot_simulator]: Received assignment: robot_2: deliver_food_1 (Cafeteria -> WardA)
[INFO] [1775387466.272172565] [robot_simulator]: [robot_1] starts task: deliver_meds_1 (Pharmacy -> WardB)
[INFO] [1775387466.272851945] [robot_simulator]: Received assignment: robot_3: pickup_samples_1 (Lab -> Radiology)
[INFO] [1775387466.274204149] [robot_simulator]: Received assignment: robot_4: assist_patient_1 (ER -> ICU)
[INFO] [1775387466.274817705] [robot_simulator]: [robot_2] starts task: deliver_food_1 (Cafeteria -> WardA)
[INFO] [1775387466.275958613] [robot_simulator]: Received assignment: robot_5: clean_room_1 (NurseStation -> WardB)
[INFO] [1775387466.278241696] [robot_simulator]: [robot_5] starts task: clean_room_1 (NurseStation -> WardB)
[INFO] [1775387466.278966059] [robot_simulator]: [robot_3] starts task: pickup_samples_1 (Lab -> Radiology)
[INFO] [1775387466.279382636] [robot_simulator]: [robot_4] starts task: assist_patient_1 (ER -> ICU)
[INFO] [1775387479.276677519] [robot_simulator]: [robot_2] completed task: deliver_food_1 (Cafeteria -> WardA)
[INFO] [1775387481.274352129] [robot_simulator]: [robot_1] completed task: deliver_meds_1 (Pharmacy -> WardB)
[INFO] [1775387484.280235516] [robot_simulator]: [robot_3] completed task: pickup_samples_1 (Lab -> Radiology)
[INFO] [1775387485.279145940] [robot_simulator]: [robot_5] completed task: clean_room_1 (NurseStation -> WardB)
[INFO] [1775387485.280121515] [robot_simulator]: [robot_4] completed task: assist_patient_1 (ER -> ICU)
[INFO] [1775387496.273445956] [robot_simulator]: Received assignment: robot_1: deliver_meds_1 (Pharmacy -> WardB)
[INFO] [1775387496.275050238] [robot_simulator]: [robot_1] starts task: deliver_meds_1 (Pharmacy -> WardB)
[INFO] [1775387496.275501680] [robot_simulator]: Received assignment: robot_2: clean_room_1 (NurseStation -> WardB)
[INFO] [1775387496.277283730] [robot_simulator]: [robot_2] starts task: clean_room_1 (NurseStation -> WardB)
[INFO] [1775387496.277586097] [robot_simulator]: Received assignment: robot_3: pickup_samples_1 (Lab -> Radiology)
[INFO] [1775387496.279226640] [robot_simulator]: [robot_3] starts task: pickup_samples_1 (Lab -> Radiology)
[INFO] [1775387496.279630568] [robot_simulator]: Received assignment: robot_4: assist_patient_1 (ER -> ICU)
[INFO] [1775387496.281337607] [robot_simulator]: Received assignment: robot_5: deliver_food_1 (Cafeteria -> WardA)
[INFO] [1775387496.281523348] [robot_simulator]: [robot_4] starts task: assist_patient_1 (ER -> ICU)
[INFO] [1775387496.282648954] [robot_simulator]: [robot_5] starts task: deliver_food_1 (Cafeteria -> WardA)
[INFO] [1775387509.283458090] [robot_simulator]: [robot_5] completed task: deliver_food_1 (Cafeteria -> WardA)
[INFO] [1775387511.276092205] [robot_simulator]: [robot_1] completed task: deliver_meds_1 (Pharmacy -> WardB)
[INFO] [1775387514.280122272] [robot_simulator]: [robot_3] completed task: pickup_samples_1 (Lab -> Radiology)
[INFO] [1775387515.278343820] [robot_simulator]: [robot_2] completed task: clean_room_1 (NurseStation -> WardB)
[INFO] [1775387515.282450477] [robot_simulator]: [robot_4] completed task: assist_patient_1 (ER -> ICU)
[INFO] [1775387526.255027753] [robot_simulator]: Received assignment: robot_1: deliver_meds_1 (Pharmacy -> WardB)
[INFO] [1775387526.256230213] [robot_simulator]: Received assignment: robot_2: deliver_food_1 (Cafeteria -> WardA)
[INFO] [1775387526.257423882] [robot_simulator]: Received assignment: robot_3: pickup_samples_1 (Lab -> Radiology)
[INFO] [1775387526.258676329] [robot_simulator]: Received assignment: robot_4: assist_patient_1 (ER -> ICU)
[INFO] [1775387526.259077796] [robot_simulator]: [robot_1] starts task: deliver_meds_1 (Pharmacy -> WardB)
[INFO] [1775387526.260249478] [robot_simulator]: [robot_2] starts task: deliver_food_1 (Cafeteria -> WardA)
[INFO] [1775387526.261479081] [robot_simulator]: Received assignment: robot_5: clean_room_1 (NurseStation -> WardB)
[INFO] [1775387526.261741205] [robot_simulator]: [robot_3] starts task: pickup_samples_1 (Lab -> Radiology)
[INFO] [1775387526.262205752] [robot_simulator]: [robot_4] starts task: assist_patient_1 (ER -> ICU)
[INFO] [1775387526.263300332] [robot_simulator]: [robot_5] starts task: clean_room_1 (NurseStation -> WardB)
[INFO] [1775387539.261110639] [robot_simulator]: [robot_2] completed task: deliver_food_1 (Cafeteria -> WardA)
[INFO] [1775387541.260402562] [robot_simulator]: [robot_1] completed task: deliver_meds_1 (Pharmacy -> WardB)
[INFO] [1775387544.263047376] [robot_simulator]: [robot_3] completed task: pickup_samples_1 (Lab -> Radiology)
[INFO] [1775387545.268921862] [robot_simulator]: [robot_4] completed task: assist_patient_1 (ER -> ICU)
[INFO] [1775387545.275519069] [robot_simulator]: [robot_5] completed task: clean_room_1 (NurseStation -> WardB)
[INFO] [1775387556.269000822] [robot_simulator]: Received assignment: robot_1: deliver_meds_1 (Pharmacy -> WardB)
[INFO] [1775387556.270693647] [robot_simulator]: [robot_1] starts task: deliver_meds_1 (Pharmacy -> WardB)
[INFO] [1775387556.272643984] [robot_simulator]: Received assignment: robot_2: clean_room_1 (NurseStation -> WardB)
[INFO] [1775387556.274142162] [robot_simulator]: [robot_2] starts task: clean_room_1 (NurseStation -> WardB)
[INFO] [1775387556.275966697] [robot_simulator]: Received assignment: robot_3: pickup_samples_1 (Lab -> Radiology)
[INFO] [1775387556.277535574] [robot_simulator]: [robot_3] starts task: pickup_samples_1 (Lab -> Radiology)
[INFO] [1775387556.279510228] [robot_simulator]: Received assignment: robot_4: assist_patient_1 (ER -> ICU)
[INFO] [1775387556.280937740] [robot_simulator]: [robot_4] starts task: assist_patient_1 (ER -> ICU)
[INFO] [1775387556.282817854] [robot_simulator]: Received assignment: robot_5: deliver_food_1 (Cafeteria -> WardA)
[INFO] [1775387556.286603243] [robot_simulator]: [robot_5] starts task: deliver_food_1 (Cafeteria -> WardA)
[INFO] [1775387569.287759365] [robot_simulator]: [robot_5] completed task: deliver_food_1 (Cafeteria -> WardA)
[INFO] [1775387571.271718684] [robot_simulator]: [robot_1] completed task: deliver_meds_1 (Pharmacy -> WardB)
[INFO] [1775387574.278679780] [robot_simulator]: [robot_3] completed task: pickup_samples_1 (Lab -> Radiology)
[INFO] [1775387575.275038772] [robot_simulator]: [robot_2] completed task: clean_room_1 (NurseStation -> WardB)
[INFO] [1775387575.281938161] [robot_simulator]: [robot_4] completed task: assist_patient_1 (ER -> ICU)
[INFO] [1775387586.264619626] [robot_simulator]: Received assignment: robot_1: deliver_meds_1 (Pharmacy -> WardB)
[INFO] [1775387586.266275878] [robot_simulator]: [robot_1] starts task: deliver_meds_1 (Pharmacy -> WardB)
[INFO] [1775387586.266723320] [robot_simulator]: Received assignment: robot_2: deliver_food_1 (Cafeteria -> WardA)
[INFO] [1775387586.268361550] [robot_simulator]: [robot_2] starts task: deliver_food_1 (Cafeteria -> WardA)
[INFO] [1775387586.268718840] [robot_simulator]: Received assignment: robot_3: pickup_samples_1 (Lab -> Radiology)
[INFO] [1775387586.270230660] [robot_simulator]: Received assignment: robot_4: assist_patient_1 (ER -> ICU)
[INFO] [1775387586.271020930] [robot_simulator]: [robot_3] starts task: pickup_samples_1 (Lab -> Radiology)
[INFO] [1775387586.272267927] [robot_simulator]: Received assignment: robot_5: clean_room_1 (NurseStation -> WardB)
[INFO] [1775387586.272447724] [robot_simulator]: [robot_4] starts task: assist_patient_1 (ER -> ICU)
[INFO] [1775387586.273673580] [robot_simulator]: [robot_5] starts task: clean_room_1 (NurseStation -> WardB)
[INFO] [1775387599.269503342] [robot_simulator]: [robot_2] completed task: deliver_food_1 (Cafeteria -> WardA)
[INFO] [1775387601.267194692] [robot_simulator]: [robot_1] completed task: deliver_meds_1 (Pharmacy -> WardB)
[INFO] [1775387604.272491600] [robot_simulator]: [robot_3] completed task: pickup_samples_1 (Lab -> Radiology)
[INFO] [1775387605.273491450] [robot_simulator]: [robot_4] completed task: assist_patient_1 (ER -> ICU)
[INFO] [1775387605.274364491] [robot_simulator]: [robot_5] completed task: clean_room_1 (NurseStation -> WardB)
[INFO] [1775387616.265731715] [robot_simulator]: Received assignment: robot_1: deliver_meds_1 (Pharmacy -> WardB)
[INFO] [1775387616.267776080] [robot_simulator]: Received assignment: robot_2: clean_room_1 (NurseStation -> WardB)
[INFO] [1775387616.268284226] [robot_simulator]: [robot_1] starts task: deliver_meds_1 (Pharmacy -> WardB)
[INFO] [1775387616.272670444] [robot_simulator]: [robot_2] starts task: clean_room_1 (NurseStation -> WardB)
[INFO] [1775387616.273347549] [robot_simulator]: Received assignment: robot_3: pickup_samples_1 (Lab -> Radiology)
[INFO] [1775387616.276063786] [robot_simulator]: [robot_3] starts task: pickup_samples_1 (Lab -> Radiology)
[INFO] [1775387616.276373467] [robot_simulator]: Received assignment: robot_4: assist_patient_1 (ER -> ICU)
[INFO] [1775387616.277935302] [robot_simulator]: [robot_4] starts task: assist_patient_1 (ER -> ICU)
[INFO] [1775387616.278317734] [robot_simulator]: Received assignment: robot_5: deliver_food_1 (Cafeteria -> WardA)
[INFO] [1775387616.279522198] [robot_simulator]: [robot_5] starts task: deliver_food_1 (Cafeteria -> WardA)
[INFO] [1775387629.280397594] [robot_simulator]: [robot_5] completed task: deliver_food_1 (Cafeteria -> WardA)
[INFO] [1775387631.271569846] [robot_simulator]: [robot_1] completed task: deliver_meds_1 (Pharmacy -> WardB)
[INFO] [1775387634.276992700] [robot_simulator]: [robot_3] completed task: pickup_samples_1 (Lab -> Radiology)
[INFO] [1775387635.273485984] [robot_simulator]: [robot_2] completed task: clean_room_1 (NurseStation -> WardB)
[INFO] [1775387635.278932530] [robot_simulator]: [robot_4] completed task: assist_patient_1 (ER -> ICU)
[INFO] [1775387646.288088480] [robot_simulator]: Received assignment: robot_1: deliver_meds_1 (Pharmacy -> WardB)
[INFO] [1775387646.290098971] [robot_simulator]: [robot_1] starts task: deliver_meds_1 (Pharmacy -> WardB)
[INFO] [1775387646.291191250] [robot_simulator]: Received assignment: robot_2: deliver_food_1 (Cafeteria -> WardA)
[INFO] [1775387646.294988792] [robot_simulator]: [robot_2] starts task: deliver_food_1 (Cafeteria -> WardA)
[INFO] [1775387646.296140027] [robot_simulator]: Received assignment: robot_3: pickup_samples_1 (Lab -> Radiology)
[INFO] [1775387646.296924641] [robot_simulator]: [robot_3] starts task: pickup_samples_1 (Lab -> Radiology)
[INFO] [1775387646.297874972] [robot_simulator]: Received assignment: robot_4: assist_patient_1 (ER -> ICU)
[INFO] [1775387646.298580313] [robot_simulator]: [robot_4] starts task: assist_patient_1 (ER -> ICU)
[INFO] [1775387646.299472392] [robot_simulator]: Received assignment: robot_5: clean_room_1 (NurseStation -> WardB)
[INFO] [1775387646.300915424] [robot_simulator]: [robot_5] starts task: clean_room_1 (NurseStation -> WardB)
[INFO] [1775387659.295957401] [robot_simulator]: [robot_2] completed task: deliver_food_1 (Cafeteria -> WardA)
[INFO] [1775387661.292331486] [robot_simulator]: [robot_1] completed task: deliver_meds_1 (Pharmacy -> WardB)
[INFO] [1775387664.297817845] [robot_simulator]: [robot_3] completed task: pickup_samples_1 (Lab -> Radiology)
[INFO] [1775387665.299463789] [robot_simulator]: [robot_4] completed task: assist_patient_1 (ER -> ICU)
[INFO] [1775387665.301756286] [robot_simulator]: [robot_5] completed task: clean_room_1 (NurseStation -> WardB)
[INFO] [1775387676.257072303] [robot_simulator]: Received assignment: robot_1: deliver_meds_1 (Pharmacy -> WardB)
[INFO] [1775387676.259102758] [robot_simulator]: Received assignment: robot_2: clean_room_1 (NurseStation -> WardB)
[INFO] [1775387676.260064968] [robot_simulator]: [robot_1] starts task: deliver_meds_1 (Pharmacy -> WardB)
[INFO] [1775387676.260316770] [robot_simulator]: [robot_2] starts task: clean_room_1 (NurseStation -> WardB)
[INFO] [1775387676.260500451] [robot_simulator]: Received assignment: robot_3: pickup_samples_1 (Lab -> Radiology)
[INFO] [1775387676.261410442] [robot_simulator]: Received assignment: robot_4: assist_patient_1 (ER -> ICU)
[INFO] [1775387676.261551073] [robot_simulator]: [robot_3] starts task: pickup_samples_1 (Lab -> Radiology)
[INFO] [1775387676.262363932] [robot_simulator]: [robot_4] starts task: assist_patient_1 (ER -> ICU)
[INFO] [1775387676.262528961] [robot_simulator]: Received assignment: robot_5: deliver_food_1 (Cafeteria -> WardA)
[INFO] [1775387676.263352608] [robot_simulator]: [robot_5] starts task: deliver_food_1 (Cafeteria -> WardA)
[INFO] [1775387689.264079272] [robot_simulator]: [robot_5] completed task: deliver_food_1 (Cafeteria -> WardA)
[INFO] [1775387691.260928566] [robot_simulator]: [robot_1] completed task: deliver_meds_1 (Pharmacy -> WardB)
[INFO] [1775387694.262547617] [robot_simulator]: [robot_3] completed task: pickup_samples_1 (Lab -> Radiology)
[INFO] [1775387695.261213491] [robot_simulator]: [robot_2] completed task: clean_room_1 (NurseStation -> WardB)
[INFO] [1775387695.263064102] [robot_simulator]: [robot_4] completed task: assist_patient_1 (ER -> ICU)
[INFO] [1775387706.266742693] [robot_simulator]: Received assignment: robot_1: deliver_meds_1 (Pharmacy -> WardB)
[INFO] [1775387706.268263761] [robot_simulator]: [robot_1] starts task: deliver_meds_1 (Pharmacy -> WardB)
[INFO] [1775387706.268852727] [robot_simulator]: Received assignment: robot_2: deliver_food_1 (Cafeteria -> WardA)
[INFO] [1775387706.270708762] [robot_simulator]: Received assignment: robot_3: pickup_samples_1 (Lab -> Radiology)
[INFO] [1775387706.271358615] [robot_simulator]: [robot_2] starts task: deliver_food_1 (Cafeteria -> WardA)
[INFO] [1775387706.272107238] [robot_simulator]: [robot_3] starts task: pickup_samples_1 (Lab -> Radiology)
[INFO] [1775387706.273108828] [robot_simulator]: Received assignment: robot_4: assist_patient_1 (ER -> ICU)
[INFO] [1775387706.273806390] [robot_simulator]: [robot_4] starts task: assist_patient_1 (ER -> ICU)
[INFO] [1775387706.274668800] [robot_simulator]: Received assignment: robot_5: clean_room_1 (NurseStation -> WardB)
[INFO] [1775387706.275383340] [robot_simulator]: [robot_5] starts task: clean_room_1 (NurseStation -> WardB)
[INFO] [1775387719.272097261] [robot_simulator]: [robot_2] completed task: deliver_food_1 (Cafeteria -> WardA)
[INFO] [1775387721.269439879] [robot_simulator]: [robot_1] completed task: deliver_meds_1 (Pharmacy -> WardB)
[INFO] [1775387724.272879851] [robot_simulator]: [robot_3] completed task: pickup_samples_1 (Lab -> Radiology)
[INFO] [1775387725.274681348] [robot_simulator]: [robot_4] completed task: assist_patient_1 (ER -> ICU)
[INFO] [1775387725.275974603] [robot_simulator]: [robot_5] completed task: clean_room_1 (NurseStation -> WardB)
[INFO] [1775387736.290732546] [robot_simulator]: Received assignment: robot_1: deliver_meds_1 (Pharmacy -> WardB)
[INFO] [1775387736.294428789] [robot_simulator]: [robot_1] starts task: deliver_meds_1 (Pharmacy -> WardB)
[INFO] [1775387736.296823675] [robot_simulator]: Received assignment: robot_2: clean_room_1 (NurseStation -> WardB)
[INFO] [1775387736.298550534] [robot_simulator]: [robot_2] starts task: clean_room_1 (NurseStation -> WardB)
[INFO] [1775387736.300573881] [robot_simulator]: Received assignment: robot_3: pickup_samples_1 (Lab -> Radiology)
[INFO] [1775387736.302076266] [robot_simulator]: [robot_3] starts task: pickup_samples_1 (Lab -> Radiology)
[INFO] [1775387736.304094845] [robot_simulator]: Received assignment: robot_4: assist_patient_1 (ER -> ICU)
[INFO] [1775387736.307483222] [robot_simulator]: [robot_4] starts task: assist_patient_1 (ER -> ICU)
[INFO] [1775387736.308711438] [robot_simulator]: Received assignment: robot_5: deliver_food_1 (Cafeteria -> WardA)
[INFO] [1775387736.311683600] [robot_simulator]: [robot_5] starts task: deliver_food_1 (Cafeteria -> WardA)
[INFO] [1775387749.313738082] [robot_simulator]: [robot_5] completed task: deliver_food_1 (Cafeteria -> WardA)
[INFO] [1775387751.296383900] [robot_simulator]: [robot_1] completed task: deliver_meds_1 (Pharmacy -> WardB)
[INFO] [1775387754.303796951] [robot_simulator]: [robot_3] completed task: pickup_samples_1 (Lab -> Radiology)
[INFO] [1775387755.300503294] [robot_simulator]: [robot_2] completed task: clean_room_1 (NurseStation -> WardB)
[INFO] [1775387755.309376473] [robot_simulator]: [robot_4] completed task: assist_patient_1 (ER -> ICU)
[INFO] [1775387766.305648812] [robot_simulator]: Received assignment: robot_1: deliver_meds_1 (Pharmacy -> WardB)
[INFO] [1775387766.310882518] [robot_simulator]: Received assignment: robot_2: deliver_food_1 (Cafeteria -> WardA)
[INFO] [1775387766.311522246] [robot_simulator]: [robot_1] starts task: deliver_meds_1 (Pharmacy -> WardB)
[INFO] [1775387766.314892815] [robot_simulator]: Received assignment: robot_3: pickup_samples_1 (Lab -> Radiology)
[INFO] [1775387766.318910519] [robot_simulator]: [robot_2] starts task: deliver_food_1 (Cafeteria -> WardA)
[INFO] [1775387766.320003279] [robot_simulator]: [robot_3] starts task: pickup_samples_1 (Lab -> Radiology)
[INFO] [1775387766.321927726] [robot_simulator]: Received assignment: robot_4: assist_patient_1 (ER -> ICU)
[INFO] [1775387766.325283724] [robot_simulator]: [robot_4] starts task: assist_patient_1 (ER -> ICU)
[INFO] [1775387766.326400619] [robot_simulator]: Received assignment: robot_5: clean_room_1 (NurseStation -> WardB)
[INFO] [1775387766.330170326] [robot_simulator]: [robot_5] starts task: clean_room_1 (NurseStation -> WardB)
[INFO] [1775387779.322936971] [robot_simulator]: [robot_2] completed task: deliver_food_1 (Cafeteria -> WardA)
[INFO] [1775387781.314397030] [robot_simulator]: [robot_1] completed task: deliver_meds_1 (Pharmacy -> WardB)
[INFO] [1775387784.322798198] [robot_simulator]: [robot_3] completed task: pickup_samples_1 (Lab -> Radiology)
[INFO] [1775387785.326870378] [robot_simulator]: [robot_4] completed task: assist_patient_1 (ER -> ICU)
[INFO] [1775387785.332090433] [robot_simulator]: [robot_5] completed task: clean_room_1 (NurseStation -> WardB)
[INFO] [1775387796.297608734] [robot_simulator]: Received assignment: robot_1: deliver_meds_1 (Pharmacy -> WardB)
[INFO] [1775387796.300093488] [robot_simulator]: [robot_1] starts task: deliver_meds_1 (Pharmacy -> WardB)
[INFO] [1775387796.303238672] [robot_simulator]: Received assignment: robot_2: clean_room_1 (NurseStation -> WardB)
[INFO] [1775387796.305014921] [robot_simulator]: [robot_2] starts task: clean_room_1 (NurseStation -> WardB)
[INFO] [1775387796.306919901] [robot_simulator]: Received assignment: robot_3: pickup_samples_1 (Lab -> Radiology)
[INFO] [1775387796.310928684] [robot_simulator]: Received assignment: robot_4: assist_patient_1 (ER -> ICU)
[INFO] [1775387796.312932160] [robot_simulator]: [robot_3] starts task: pickup_samples_1 (Lab -> Radiology)
[INFO] [1775387796.316036647] [robot_simulator]: Received assignment: robot_5: deliver_food_1 (Cafeteria -> WardA)
[INFO] [1775387796.316954433] [robot_simulator]: [robot_4] starts task: assist_patient_1 (ER -> ICU)
[INFO] [1775387796.318922091] [robot_simulator]: [robot_5] starts task: deliver_food_1 (Cafeteria -> WardA)
[INFO] [1775387809.320731550] [robot_simulator]: [robot_5] completed task: deliver_food_1 (Cafeteria -> WardA)
[INFO] [1775387811.302216053] [robot_simulator]: [robot_1] completed task: deliver_meds_1 (Pharmacy -> WardB)
[INFO] [1775387814.314955579] [robot_simulator]: [robot_3] completed task: pickup_samples_1 (Lab -> Radiology)
[INFO] [1775387815.306707737] [robot_simulator]: [robot_2] completed task: clean_room_1 (NurseStation -> WardB)
[INFO] [1775387815.318573845] [robot_simulator]: [robot_4] completed task: assist_patient_1 (ER -> ICU)
[INFO] [1775387826.335504875] [robot_simulator]: Received assignment: robot_1: deliver_meds_1 (Pharmacy -> WardB)
[INFO] [1775387826.336798469] [robot_simulator]: [robot_1] starts task: deliver_meds_1 (Pharmacy -> WardB)
[INFO] [1775387826.338015365] [robot_simulator]: Received assignment: robot_2: deliver_food_1 (Cafeteria -> WardA)
[INFO] [1775387826.338965375] [robot_simulator]: [robot_2] starts task: deliver_food_1 (Cafeteria -> WardA)
[INFO] [1775387826.340148031] [robot_simulator]: Received assignment: robot_3: pickup_samples_1 (Lab -> Radiology)
[INFO] [1775387826.340980913] [robot_simulator]: [robot_3] starts task: pickup_samples_1 (Lab -> Radiology)
[INFO] [1775387826.342034419] [robot_simulator]: Received assignment: robot_4: assist_patient_1 (ER -> ICU)
[INFO] [1775387826.342836709] [robot_simulator]: [robot_4] starts task: assist_patient_1 (ER -> ICU)
[INFO] [1775387826.343815619] [robot_simulator]: Received assignment: robot_5: clean_room_1 (NurseStation -> WardB)
[INFO] [1775387826.344907875] [robot_simulator]: [robot_5] starts task: clean_room_1 (NurseStation -> WardB)
[INFO] [1775387839.339599915] [robot_simulator]: [robot_2] completed task: deliver_food_1 (Cafeteria -> WardA)
[INFO] [1775387841.338598450] [robot_simulator]: [robot_1] completed task: deliver_meds_1 (Pharmacy -> WardB)
[INFO] [1775387844.342673934] [robot_simulator]: [robot_3] completed task: pickup_samples_1 (Lab -> Radiology)
[INFO] [1775387845.344204878] [robot_simulator]: [robot_4] completed task: assist_patient_1 (ER -> ICU)
[INFO] [1775387845.346109629] [robot_simulator]: [robot_5] completed task: clean_room_1 (NurseStation -> WardB)
[INFO] [1775387856.272168389] [robot_simulator]: Received assignment: robot_1: deliver_meds_1 (Pharmacy -> WardB)
[INFO] [1775387856.272901796] [robot_simulator]: [robot_1] starts task: deliver_meds_1 (Pharmacy -> WardB)
[INFO] [1775387856.274130657] [robot_simulator]: Received assignment: robot_2: clean_room_1 (NurseStation -> WardB)
[INFO] [1775387856.276232741] [robot_simulator]: [robot_2] starts task: clean_room_1 (NurseStation -> WardB)
[INFO] [1775387856.278487608] [robot_simulator]: Received assignment: robot_3: pickup_samples_1 (Lab -> Radiology)
[INFO] [1775387856.280250761] [robot_simulator]: [robot_3] starts task: pickup_samples_1 (Lab -> Radiology)
[INFO] [1775387856.282439445] [robot_simulator]: Received assignment: robot_4: assist_patient_1 (ER -> ICU)
[INFO] [1775387856.287093922] [robot_simulator]: Received assignment: robot_5: deliver_food_1 (Cafeteria -> WardA)
[INFO] [1775387856.288205507] [robot_simulator]: [robot_4] starts task: assist_patient_1 (ER -> ICU)
[INFO] [1775387856.291841507] [robot_simulator]: [robot_5] starts task: deliver_food_1 (Cafeteria -> WardA)
[INFO] [1775387869.294526899] [robot_simulator]: [robot_5] completed task: deliver_food_1 (Cafeteria -> WardA)
[INFO] [1775387871.273660451] [robot_simulator]: [robot_1] completed task: deliver_meds_1 (Pharmacy -> WardB)
[INFO] [1775387874.282538249] [robot_simulator]: [robot_3] completed task: pickup_samples_1 (Lab -> Radiology)
[INFO] [1775387875.278425944] [robot_simulator]: [robot_2] completed task: clean_room_1 (NurseStation -> WardB)
[INFO] [1775387875.290985976] [robot_simulator]: [robot_4] completed task: assist_patient_1 (ER -> ICU)
