[INFO] [1775839166.183969242] [robot_simulator]: Robot simulator initialized with Gazebo integration
[INFO] [1775839166.184370207] [robot_simulator]: Robot simulator node started
[INFO] [1775839197.463468245] [robot_simulator]: Received assignment: delivery_1: med_delivery_2 (Pharmacy -> ICU)
[INFO] [1775839197.465221239] [robot_simulator]: Received assignment: delivery_2: med_delivery_1 (Pharmacy -> WardB)
[INFO] [1775839197.466493357] [robot_simulator]: [delivery_1] starts task: med_delivery_2 (Pharmacy -> ICU)
[INFO] [1775839197.466691009] [robot_simulator]: [delivery_2] starts task: med_delivery_1 (Pharmacy -> WardB)
[INFO] [1775839197.467174195] [robot_simulator]: Received assignment: delivery_3: clean_er (ER -> ER)
[INFO] [1775839197.468970815] [robot_simulator]: [delivery_3] starts task: clean_er (ER -> ER)
[INFO] [1775839197.469159820] [robot_simulator]: Received assignment: cleaning_1: clean_ward_a (WardA -> WardA)
[INFO] [1775839197.470842598] [robot_simulator]: [cleaning_1] starts task: clean_ward_a (WardA -> WardA)
[INFO] [1775839197.471221914] [robot_simulator]: Received assignment: cleaning_2: lab_samples_1 (Lab -> Radiology)
[INFO] [1775839197.472624419] [robot_simulator]: [cleaning_2] starts task: lab_samples_1 (Lab -> Radiology)
[INFO] [1775839197.472986563] [robot_simulator]: Received assignment: patient_mover_1: patient_move_1 (ER -> ICU)
[INFO] [1775839197.473868992] [robot_simulator]: Received assignment: patient_mover_2: lab_samples_2 (Lab -> ER)
[INFO] [1775839197.474919012] [robot_simulator]: Received assignment: heavy_supply_1: supply_stock_2 (Supply -> OperatingRoom1)
[INFO] [1775839197.475170980] [robot_simulator]: [patient_mover_1] starts task: patient_move_1 (ER -> ICU)
[INFO] [1775839197.476284332] [robot_simulator]: Received assignment: lab_courier_1: equip_move_1 (Radiology -> ICU)
[INFO] [1775839197.477892193] [robot_simulator]: [patient_mover_2] starts task: lab_samples_2 (Lab -> ER)
[INFO] [1775839197.478190099] [robot_simulator]: Received assignment: emergency_1: patient_move_2 (Trauma -> Recovery)
[INFO] [1775839197.478954369] [robot_simulator]: [heavy_supply_1] starts task: supply_stock_2 (Supply -> OperatingRoom1)
[INFO] [1775839197.479663070] [robot_simulator]: [lab_courier_1] starts task: equip_move_1 (Radiology -> ICU)
[INFO] [1775839197.480910184] [robot_simulator]: [emergency_1] starts task: patient_move_2 (Trauma -> Recovery)
[INFO] [1775839197.481045887] [robot_simulator]: Received assignment: general_1: delivery_task_1 (Pharmacy -> ICU)
[INFO] [1775839197.482469870] [robot_simulator]: [general_1] starts task: delivery_task_1 (Pharmacy -> ICU)
[INFO] [1775839197.482839584] [robot_simulator]: Received assignment: general_2: supply_stock_1 (Supply -> Pharmacy)
[INFO] [1775839197.483748347] [robot_simulator]: [general_2] starts task: supply_stock_1 (Supply -> Pharmacy)
[INFO] [1775839200.485423182] [robot_simulator]: [delivery_3] moved to ER
[INFO] [1775839200.485838641] [robot_simulator]: [delivery_2] moved to WardB
[INFO] [1775839200.488650259] [robot_simulator]: [cleaning_1] moved to WardA
[INFO] [1775839200.490872360] [robot_simulator]: [delivery_1] moved to ICU
[INFO] [1775839200.494359256] [robot_simulator]: [emergency_1] moved to Recovery
[INFO] [1775839200.495263752] [robot_simulator]: [cleaning_2] moved to Radiology
[INFO] [1775839200.495473253] [robot_simulator]: [patient_mover_1] moved to ICU
[INFO] [1775839200.496044444] [robot_simulator]: [patient_mover_2] moved to ER
[INFO] [1775839200.498648378] [robot_simulator]: [heavy_supply_1] moved to OperatingRoom1
[INFO] [1775839200.499163159] [robot_simulator]: [lab_courier_1] moved to ICU
[INFO] [1775839200.499608608] [robot_simulator]: [general_1] moved to ICU
[INFO] [1775839200.500063822] [robot_simulator]: [general_2] moved to Pharmacy
[INFO] [1775839205.490022215] [robot_simulator]: [cleaning_1] completed task: clean_ward_a (WardA -> WardA)
[INFO] [1775839205.500771593] [robot_simulator]: [lab_courier_1] completed task: equip_move_1 (Radiology -> ICU)
[INFO] [1775839206.492591045] [robot_simulator]: [delivery_1] completed task: med_delivery_2 (Pharmacy -> ICU)
[INFO] [1775839206.497087069] [robot_simulator]: [cleaning_2] completed task: lab_samples_1 (Lab -> Radiology)
[INFO] [1775839206.501548032] [robot_simulator]: [general_1] completed task: delivery_task_1 (Pharmacy -> ICU)
[INFO] [1775839207.495942966] [robot_simulator]: [emergency_1] completed task: patient_move_2 (Trauma -> Recovery)
[INFO] [1775839207.500924708] [robot_simulator]: [heavy_supply_1] completed task: supply_stock_2 (Supply -> OperatingRoom1)
[INFO] [1775839208.487429192] [robot_simulator]: [delivery_2] completed task: med_delivery_1 (Pharmacy -> WardB)
[INFO] [1775839208.497006940] [robot_simulator]: [patient_mover_1] completed task: patient_move_1 (ER -> ICU)
[INFO] [1775839208.501748751] [robot_simulator]: [general_2] completed task: supply_stock_1 (Supply -> Pharmacy)
[INFO] [1775839209.486966093] [robot_simulator]: [delivery_3] completed task: clean_er (ER -> ER)
[INFO] [1775839209.497177542] [robot_simulator]: [patient_mover_2] completed task: lab_samples_2 (Lab -> ER)
[INFO] [1775839227.705547350] [robot_simulator]: Received assignment: delivery_1: med_delivery_2 (Pharmacy -> ICU)
[INFO] [1775839227.713385159] [robot_simulator]: Received assignment: delivery_2: clean_er (ER -> ER)
[INFO] [1775839227.714364953] [robot_simulator]: [delivery_1] starts task: med_delivery_2 (Pharmacy -> ICU)
[INFO] [1775839227.722898723] [robot_simulator]: [delivery_2] starts task: clean_er (ER -> ER)
[INFO] [1775839227.723928599] [robot_simulator]: Received assignment: delivery_3: med_delivery_1 (Pharmacy -> WardB)
[INFO] [1775839227.728172905] [robot_simulator]: Received assignment: cleaning_1: clean_ward_a (WardA -> WardA)
[INFO] [1775839227.734606811] [robot_simulator]: Received assignment: cleaning_2: equip_move_1 (Radiology -> ICU)
[INFO] [1775839227.735120192] [robot_simulator]: [delivery_3] starts task: med_delivery_1 (Pharmacy -> WardB)
[INFO] [1775839227.739400108] [robot_simulator]: [cleaning_1] starts task: clean_ward_a (WardA -> WardA)
[INFO] [1775839227.740222841] [robot_simulator]: Received assignment: patient_mover_1: lab_courier_task_2 (Lab -> ER)
[INFO] [1775839227.744253801] [robot_simulator]: Received assignment: patient_mover_2: patient_move_1 (ER -> ICU)
[INFO] [1775839227.750208897] [robot_simulator]: [cleaning_2] starts task: equip_move_1 (Radiology -> ICU)
[INFO] [1775839227.750752779] [robot_simulator]: Received assignment: heavy_supply_1: supply_stock_2 (Supply -> OperatingRoom1)
[INFO] [1775839227.751447897] [robot_simulator]: [patient_mover_2] starts task: patient_move_1 (ER -> ICU)
[INFO] [1775839227.754866478] [robot_simulator]: [heavy_supply_1] starts task: supply_stock_2 (Supply -> OperatingRoom1)
[INFO] [1775839227.755354737] [robot_simulator]: Received assignment: lab_courier_1: lab_samples_1 (Lab -> Radiology)
[INFO] [1775839227.758670579] [robot_simulator]: [patient_mover_1] starts task: lab_courier_task_2 (Lab -> ER)
[INFO] [1775839227.760538997] [robot_simulator]: Received assignment: emergency_1: patient_move_2 (Trauma -> Recovery)
[INFO] [1775839227.765467384] [robot_simulator]: [emergency_1] starts task: patient_move_2 (Trauma -> Recovery)
[INFO] [1775839227.766972024] [robot_simulator]: Received assignment: general_1: lab_samples_2 (Lab -> ER)
[INFO] [1775839227.767947665] [robot_simulator]: [lab_courier_1] starts task: lab_samples_1 (Lab -> Radiology)
[INFO] [1775839227.771522630] [robot_simulator]: [general_1] starts task: lab_samples_2 (Lab -> ER)
[INFO] [1775839227.771950976] [robot_simulator]: Received assignment: general_2: supply_stock_1 (Supply -> Pharmacy)
[INFO] [1775839227.776621886] [robot_simulator]: [general_2] starts task: supply_stock_1 (Supply -> Pharmacy)
[INFO] [1775839230.729562684] [robot_simulator]: [delivery_1] moved to ICU
[INFO] [1775839230.736472152] [robot_simulator]: [delivery_2] moved to ER
[INFO] [1775839230.748238853] [robot_simulator]: [delivery_3] moved to WardB
[INFO] [1775839230.750769477] [robot_simulator]: [cleaning_1] moved to WardA
[INFO] [1775839230.768114935] [robot_simulator]: [patient_mover_2] moved to ICU
[INFO] [1775839230.768847913] [robot_simulator]: [cleaning_2] moved to ICU
[INFO] [1775839230.771708763] [robot_simulator]: [patient_mover_1] moved to ER
[INFO] [1775839230.772091437] [robot_simulator]: [heavy_supply_1] moved to OperatingRoom1
[INFO] [1775839230.776737775] [robot_simulator]: [emergency_1] moved to Recovery
[INFO] [1775839230.785712232] [robot_simulator]: [lab_courier_1] moved to Radiology
[INFO] [1775839230.786367764] [robot_simulator]: [general_1] moved to ER
[INFO] [1775839230.790669880] [robot_simulator]: [general_2] moved to Pharmacy
[INFO] [1775839235.752939319] [robot_simulator]: [cleaning_1] completed task: clean_ward_a (WardA -> WardA)
[INFO] [1775839235.771260286] [robot_simulator]: [cleaning_2] completed task: equip_move_1 (Radiology -> ICU)
[INFO] [1775839236.731736827] [robot_simulator]: [delivery_1] completed task: med_delivery_2 (Pharmacy -> ICU)
[INFO] [1775839236.787752353] [robot_simulator]: [lab_courier_1] completed task: lab_samples_1 (Lab -> Radiology)
[INFO] [1775839237.775560440] [robot_simulator]: [heavy_supply_1] completed task: supply_stock_2 (Supply -> OperatingRoom1)
[INFO] [1775839237.776628440] [robot_simulator]: [patient_mover_1] completed task: lab_courier_task_2 (Lab -> ER)
[INFO] [1775839237.778643057] [robot_simulator]: [emergency_1] completed task: patient_move_2 (Trauma -> Recovery)
[INFO] [1775839238.750414459] [robot_simulator]: [delivery_3] completed task: med_delivery_1 (Pharmacy -> WardB)
[INFO] [1775839238.769479868] [robot_simulator]: [patient_mover_2] completed task: patient_move_1 (ER -> ICU)
[INFO] [1775839238.792234596] [robot_simulator]: [general_2] completed task: supply_stock_1 (Supply -> Pharmacy)
[INFO] [1775839239.737991061] [robot_simulator]: [delivery_2] completed task: clean_er (ER -> ER)
[INFO] [1775839239.788169162] [robot_simulator]: [general_1] completed task: lab_samples_2 (Lab -> ER)
[INFO] [1775839257.588367437] [robot_simulator]: Received assignment: delivery_1: lab_samples_1 (Lab -> Radiology)
[INFO] [1775839257.590022098] [robot_simulator]: [delivery_1] starts task: lab_samples_1 (Lab -> Radiology)
[INFO] [1775839257.590135612] [robot_simulator]: Received assignment: delivery_2: delivery_task_1 (Pharmacy -> ICU)
[INFO] [1775839257.591638577] [robot_simulator]: [delivery_2] starts task: delivery_task_1 (Pharmacy -> ICU)
[INFO] [1775839257.591765215] [robot_simulator]: Received assignment: delivery_3: med_delivery_2 (Pharmacy -> ICU)
[INFO] [1775839257.593235467] [robot_simulator]: Received assignment: cleaning_1: clean_ward_a (WardA -> WardA)
[INFO] [1775839257.593360839] [robot_simulator]: [delivery_3] starts task: med_delivery_2 (Pharmacy -> ICU)
[INFO] [1775839257.594778296] [robot_simulator]: Received assignment: cleaning_2: clean_er (ER -> ER)
[INFO] [1775839257.595290402] [robot_simulator]: [cleaning_1] starts task: clean_ward_a (WardA -> WardA)
[INFO] [1775839257.596311130] [robot_simulator]: Received assignment: patient_mover_1: patient_mover_task_3 (ER -> WardB)
[INFO] [1775839257.597359249] [robot_simulator]: Received assignment: patient_mover_2: patient_move_2 (Trauma -> Recovery)
[INFO] [1775839257.599402486] [robot_simulator]: [cleaning_2] starts task: clean_er (ER -> ER)
[INFO] [1775839257.600722496] [robot_simulator]: [patient_mover_1] starts task: patient_mover_task_3 (ER -> WardB)
[INFO] [1775839257.600998644] [robot_simulator]: [patient_mover_2] starts task: patient_move_2 (Trauma -> Recovery)
[INFO] [1775839257.601317391] [robot_simulator]: Received assignment: heavy_supply_1: supply_stock_2 (Supply -> OperatingRoom1)
[INFO] [1775839257.602991213] [robot_simulator]: Received assignment: lab_courier_1: equip_move_1 (Radiology -> ICU)
[INFO] [1775839257.603837456] [robot_simulator]: [heavy_supply_1] starts task: supply_stock_2 (Supply -> OperatingRoom1)
[INFO] [1775839257.604674534] [robot_simulator]: [lab_courier_1] starts task: equip_move_1 (Radiology -> ICU)
[INFO] [1775839257.604938541] [robot_simulator]: Received assignment: emergency_1: lab_samples_2 (Lab -> ER)
[INFO] [1775839257.606058090] [robot_simulator]: [emergency_1] starts task: lab_samples_2 (Lab -> ER)
[INFO] [1775839257.606282011] [robot_simulator]: Received assignment: general_1: patient_move_1 (ER -> ICU)
[INFO] [1775839257.607035804] [robot_simulator]: Received assignment: general_2: supply_stock_1 (Supply -> Pharmacy)
[INFO] [1775839257.608264352] [robot_simulator]: [general_2] starts task: supply_stock_1 (Supply -> Pharmacy)
[INFO] [1775839257.608550967] [robot_simulator]: [general_1] starts task: patient_move_1 (ER -> ICU)
[INFO] [1775839260.600586005] [robot_simulator]: [delivery_1] moved to Radiology
[INFO] [1775839260.602034062] [robot_simulator]: [delivery_2] moved to ICU
[INFO] [1775839260.604087374] [robot_simulator]: [delivery_3] moved to ICU
[INFO] [1775839260.604941417] [robot_simulator]: [cleaning_1] moved to WardA
[INFO] [1775839260.616732524] [robot_simulator]: [cleaning_2] moved to ER
[INFO] [1775839260.617306168] [robot_simulator]: [patient_mover_1] moved to WardB
[INFO] [1775839260.618260611] [robot_simulator]: [lab_courier_1] moved to ICU
[INFO] [1775839260.618415185] [robot_simulator]: [patient_mover_2] moved to Recovery
[INFO] [1775839260.621390716] [robot_simulator]: [emergency_1] moved to ER
[INFO] [1775839260.622253857] [robot_simulator]: [general_2] moved to Pharmacy
[INFO] [1775839260.622496230] [robot_simulator]: [heavy_supply_1] moved to OperatingRoom1
[INFO] [1775839260.623623329] [robot_simulator]: [general_1] moved to ICU
[INFO] [1775839265.608431249] [robot_simulator]: [cleaning_1] completed task: clean_ward_a (WardA -> WardA)
[INFO] [1775839265.619513335] [robot_simulator]: [lab_courier_1] completed task: equip_move_1 (Radiology -> ICU)
[INFO] [1775839266.602310566] [robot_simulator]: [delivery_1] completed task: lab_samples_1 (Lab -> Radiology)
[INFO] [1775839266.604885665] [robot_simulator]: [delivery_2] completed task: delivery_task_1 (Pharmacy -> ICU)
[INFO] [1775839266.607005948] [robot_simulator]: [delivery_3] completed task: med_delivery_2 (Pharmacy -> ICU)
[INFO] [1775839267.620855349] [robot_simulator]: [patient_mover_2] completed task: patient_move_2 (Trauma -> Recovery)
[INFO] [1775839267.624121621] [robot_simulator]: [heavy_supply_1] completed task: supply_stock_2 (Supply -> OperatingRoom1)
[INFO] [1775839268.624029347] [robot_simulator]: [general_2] completed task: supply_stock_1 (Supply -> Pharmacy)
[INFO] [1775839268.626988689] [robot_simulator]: [general_1] completed task: patient_move_1 (ER -> ICU)
[INFO] [1775839269.620589028] [robot_simulator]: [cleaning_2] completed task: clean_er (ER -> ER)
[INFO] [1775839269.622317350] [robot_simulator]: [patient_mover_1] completed task: patient_mover_task_3 (ER -> WardB)
[INFO] [1775839269.623149047] [robot_simulator]: [emergency_1] completed task: lab_samples_2 (Lab -> ER)
[INFO] [1775839287.547697221] [robot_simulator]: Received assignment: delivery_1: equip_move_1 (Radiology -> ICU)
[INFO] [1775839287.548903196] [robot_simulator]: Received assignment: delivery_2: med_delivery_2 (Pharmacy -> ICU)
[INFO] [1775839287.553769898] [robot_simulator]: Received assignment: delivery_3: lab_samples_1 (Lab -> Radiology)
[INFO] [1775839287.556674612] [robot_simulator]: [delivery_3] starts task: lab_samples_1 (Lab -> Radiology)
[INFO] [1775839287.557858303] [robot_simulator]: [delivery_1] starts task: equip_move_1 (Radiology -> ICU)
[INFO] [1775839287.558527831] [robot_simulator]: Received assignment: cleaning_1: clean_ward_a (WardA -> WardA)
[INFO] [1775839287.559614608] [robot_simulator]: [delivery_2] starts task: med_delivery_2 (Pharmacy -> ICU)
[INFO] [1775839287.560154959] [robot_simulator]: Received assignment: cleaning_2: clean_er (ER -> ER)
[INFO] [1775839287.561630621] [robot_simulator]: [cleaning_1] starts task: clean_ward_a (WardA -> WardA)
[INFO] [1775839287.562215125] [robot_simulator]: [cleaning_2] starts task: clean_er (ER -> ER)
[INFO] [1775839287.562815214] [robot_simulator]: Received assignment: patient_mover_1: patient_move_1 (ER -> ICU)
[INFO] [1775839287.564675542] [robot_simulator]: [patient_mover_1] starts task: patient_move_1 (ER -> ICU)
[INFO] [1775839287.565020736] [robot_simulator]: Received assignment: patient_mover_2: patient_move_2 (Trauma -> Recovery)
[INFO] [1775839287.566774571] [robot_simulator]: Received assignment: heavy_supply_1: supply_stock_2 (Supply -> OperatingRoom1)
[INFO] [1775839287.568023208] [robot_simulator]: [patient_mover_2] starts task: patient_move_2 (Trauma -> Recovery)
[INFO] [1775839287.569297612] [robot_simulator]: [heavy_supply_1] starts task: supply_stock_2 (Supply -> OperatingRoom1)
[INFO] [1775839287.569480596] [robot_simulator]: Received assignment: lab_courier_1: lab_samples_2 (Lab -> ER)
[INFO] [1775839287.570718592] [robot_simulator]: Received assignment: emergency_1: patient_mover_task_3 (ER -> WardB)
[INFO] [1775839287.572429670] [robot_simulator]: Received assignment: general_1: lab_courier_task_5 (Lab -> ICU)
[INFO] [1775839287.572672229] [robot_simulator]: [lab_courier_1] starts task: lab_samples_2 (Lab -> ER)
[INFO] [1775839287.574742786] [robot_simulator]: [general_1] starts task: lab_courier_task_5 (Lab -> ICU)
[INFO] [1775839287.575029979] [robot_simulator]: [emergency_1] starts task: patient_mover_task_3 (ER -> WardB)
[INFO] [1775839287.575305954] [robot_simulator]: Received assignment: general_2: supply_stock_1 (Supply -> Pharmacy)
[INFO] [1775839287.576794576] [robot_simulator]: [general_2] starts task: supply_stock_1 (Supply -> Pharmacy)
[INFO] [1775839290.568928183] [robot_simulator]: [delivery_3] moved to Radiology
[INFO] [1775839290.569614552] [robot_simulator]: [delivery_1] moved to ICU
[INFO] [1775839290.572941112] [robot_simulator]: [delivery_2] moved to ICU
[INFO] [1775839290.574115956] [robot_simulator]: [patient_mover_1] moved to ICU
[INFO] [1775839290.575063205] [robot_simulator]: [cleaning_2] moved to ER
[INFO] [1775839290.578008525] [robot_simulator]: [patient_mover_2] moved to Recovery
[INFO] [1775839290.578815099] [robot_simulator]: [cleaning_1] moved to WardA
[INFO] [1775839290.579545514] [robot_simulator]: [heavy_supply_1] moved to OperatingRoom1
[INFO] [1775839290.585971921] [robot_simulator]: [general_2] moved to Pharmacy
[INFO] [1775839290.586606540] [robot_simulator]: [emergency_1] moved to WardB
[INFO] [1775839290.587023162] [robot_simulator]: [lab_courier_1] moved to ER
[INFO] [1775839290.587666157] [robot_simulator]: [general_1] moved to ICU
[INFO] [1775839295.571148686] [robot_simulator]: [delivery_1] completed task: equip_move_1 (Radiology -> ICU)
[INFO] [1775839295.580337549] [robot_simulator]: [cleaning_1] completed task: clean_ward_a (WardA -> WardA)
[INFO] [1775839296.570695343] [robot_simulator]: [delivery_3] completed task: lab_samples_1 (Lab -> Radiology)
[INFO] [1775839296.574686807] [robot_simulator]: [delivery_2] completed task: med_delivery_2 (Pharmacy -> ICU)
[INFO] [1775839296.589108794] [robot_simulator]: [general_1] completed task: lab_courier_task_5 (Lab -> ICU)
[INFO] [1775839297.580567722] [robot_simulator]: [patient_mover_2] completed task: patient_move_2 (Trauma -> Recovery)
[INFO] [1775839297.582216950] [robot_simulator]: [heavy_supply_1] completed task: supply_stock_2 (Supply -> OperatingRoom1)
[INFO] [1775839298.575976484] [robot_simulator]: [patient_mover_1] completed task: patient_move_1 (ER -> ICU)
[INFO] [1775839298.587872065] [robot_simulator]: [general_2] completed task: supply_stock_1 (Supply -> Pharmacy)
[INFO] [1775839299.577089818] [robot_simulator]: [cleaning_2] completed task: clean_er (ER -> ER)
[INFO] [1775839299.589556616] [robot_simulator]: [emergency_1] completed task: patient_mover_task_3 (ER -> WardB)
[INFO] [1775839299.590375470] [robot_simulator]: [lab_courier_1] completed task: lab_samples_2 (Lab -> ER)
[INFO] [1775839317.506838069] [robot_simulator]: Received assignment: delivery_1: lab_courier_task_5 (Lab -> ICU)
[INFO] [1775839317.508490646] [robot_simulator]: [delivery_1] starts task: lab_courier_task_5 (Lab -> ICU)
[INFO] [1775839317.508863041] [robot_simulator]: Received assignment: delivery_2: lab_samples_1 (Lab -> Radiology)
[INFO] [1775839317.510267882] [robot_simulator]: [delivery_2] starts task: lab_samples_1 (Lab -> Radiology)
[INFO] [1775839317.510536608] [robot_simulator]: Received assignment: delivery_3: equip_move_1 (Radiology -> ICU)
[INFO] [1775839317.511978888] [robot_simulator]: Received assignment: cleaning_1: clean_ward_a (WardA -> WardA)
[INFO] [1775839317.513257704] [robot_simulator]: [delivery_3] starts task: equip_move_1 (Radiology -> ICU)
[INFO] [1775839317.513947042] [robot_simulator]: Received assignment: cleaning_2: patient_mover_task_3 (ER -> WardB)
[INFO] [1775839317.515003515] [robot_simulator]: Received assignment: patient_mover_1: lab_samples_2 (Lab -> ER)
[INFO] [1775839317.516306314] [robot_simulator]: [cleaning_1] starts task: clean_ward_a (WardA -> WardA)
[INFO] [1775839317.516769782] [robot_simulator]: [cleaning_2] starts task: patient_mover_task_3 (ER -> WardB)
[INFO] [1775839317.516899349] [robot_simulator]: [patient_mover_1] starts task: lab_samples_2 (Lab -> ER)
[INFO] [1775839317.517083754] [robot_simulator]: Received assignment: patient_mover_2: patient_move_2 (Trauma -> Recovery)
[INFO] [1775839317.517866891] [robot_simulator]: Received assignment: heavy_supply_1: supply_stock_2 (Supply -> OperatingRoom1)
[INFO] [1775839317.519046231] [robot_simulator]: Received assignment: lab_courier_1: med_delivery_2 (Pharmacy -> ICU)
[INFO] [1775839317.520473804] [robot_simulator]: Received assignment: emergency_1: patient_move_1 (ER -> ICU)
[INFO] [1775839317.521267380] [robot_simulator]: [patient_mover_2] starts task: patient_move_2 (Trauma -> Recovery)
[INFO] [1775839317.521719783] [robot_simulator]: Received assignment: general_1: clean_er (ER -> ER)
[INFO] [1775839317.522077039] [robot_simulator]: [heavy_supply_1] starts task: supply_stock_2 (Supply -> OperatingRoom1)
[INFO] [1775839317.523094269] [robot_simulator]: Received assignment: general_2: supply_stock_1 (Supply -> Pharmacy)
[INFO] [1775839317.523860620] [robot_simulator]: [emergency_1] starts task: patient_move_1 (ER -> ICU)
[INFO] [1775839317.524688340] [robot_simulator]: [general_1] starts task: clean_er (ER -> ER)
[INFO] [1775839317.524810672] [robot_simulator]: [lab_courier_1] starts task: med_delivery_2 (Pharmacy -> ICU)
[INFO] [1775839317.524927997] [robot_simulator]: [general_2] starts task: supply_stock_1 (Supply -> Pharmacy)
[INFO] [1775839320.522387708] [robot_simulator]: [delivery_1] moved to ICU
[INFO] [1775839320.525242466] [robot_simulator]: [delivery_3] moved to ICU
[INFO] [1775839320.525717893] [robot_simulator]: [delivery_2] moved to Radiology
[INFO] [1775839320.527225164] [robot_simulator]: [cleaning_1] moved to WardA
[INFO] [1775839320.528132050] [robot_simulator]: [cleaning_2] moved to WardB
[INFO] [1775839320.528845081] [robot_simulator]: [patient_mover_1] moved to ER
[INFO] [1775839320.531930456] [robot_simulator]: [patient_mover_2] moved to Recovery
[INFO] [1775839320.537731267] [robot_simulator]: [emergency_1] moved to ICU
[INFO] [1775839320.539606111] [robot_simulator]: [heavy_supply_1] moved to OperatingRoom1
[INFO] [1775839320.539739222] [robot_simulator]: [lab_courier_1] moved to ICU
[INFO] [1775839320.541074223] [robot_simulator]: [general_1] moved to ER
[INFO] [1775839320.541356616] [robot_simulator]: [general_2] moved to Pharmacy
[INFO] [1775839325.526857650] [robot_simulator]: [delivery_3] completed task: equip_move_1 (Radiology -> ICU)
[INFO] [1775839325.528936307] [robot_simulator]: [cleaning_1] completed task: clean_ward_a (WardA -> WardA)
[INFO] [1775839326.524236601] [robot_simulator]: [delivery_1] completed task: lab_courier_task_5 (Lab -> ICU)
[INFO] [1775839326.527217976] [robot_simulator]: [delivery_2] completed task: lab_samples_1 (Lab -> Radiology)
[INFO] [1775839326.541431437] [robot_simulator]: [lab_courier_1] completed task: med_delivery_2 (Pharmacy -> ICU)
[INFO] [1775839327.533713204] [robot_simulator]: [patient_mover_2] completed task: patient_move_2 (Trauma -> Recovery)
[INFO] [1775839327.541011337] [robot_simulator]: [heavy_supply_1] completed task: supply_stock_2 (Supply -> OperatingRoom1)
[INFO] [1775839328.539461722] [robot_simulator]: [emergency_1] completed task: patient_move_1 (ER -> ICU)
[INFO] [1775839328.542938310] [robot_simulator]: [general_2] completed task: supply_stock_1 (Supply -> Pharmacy)
[INFO] [1775839329.531711751] [robot_simulator]: [cleaning_2] completed task: patient_mover_task_3 (ER -> WardB)
[INFO] [1775839329.533077097] [robot_simulator]: [patient_mover_1] completed task: lab_samples_2 (Lab -> ER)
[INFO] [1775839329.542587728] [robot_simulator]: [general_1] completed task: clean_er (ER -> ER)
[INFO] [1775839347.817921780] [robot_simulator]: Received assignment: delivery_1: lab_courier_task_9 (Lab -> Radiology)
[INFO] [1775839347.821268909] [robot_simulator]: [delivery_1] starts task: lab_courier_task_9 (Lab -> Radiology)
[INFO] [1775839347.822547793] [robot_simulator]: Received assignment: delivery_2: equip_move_1 (Radiology -> ICU)
[INFO] [1775839347.825083816] [robot_simulator]: [delivery_2] starts task: equip_move_1 (Radiology -> ICU)
[INFO] [1775839347.826790938] [robot_simulator]: Received assignment: delivery_3: lab_samples_1 (Lab -> Radiology)
[INFO] [1775839347.828751498] [robot_simulator]: [delivery_3] starts task: lab_samples_1 (Lab -> Radiology)
[INFO] [1775839347.831205791] [robot_simulator]: Received assignment: cleaning_1: clean_ward_a (WardA -> WardA)
[INFO] [1775839347.832632804] [robot_simulator]: [cleaning_1] starts task: clean_ward_a (WardA -> WardA)
[INFO] [1775839347.833268999] [robot_simulator]: Received assignment: cleaning_2: clean_er (ER -> ER)
[INFO] [1775839347.834037380] [robot_simulator]: [cleaning_2] starts task: clean_er (ER -> ER)
[INFO] [1775839347.835425138] [robot_simulator]: Received assignment: patient_mover_1: patient_move_1 (ER -> ICU)
[INFO] [1775839347.837187832] [robot_simulator]: [patient_mover_1] starts task: patient_move_1 (ER -> ICU)
[INFO] [1775839347.837668023] [robot_simulator]: Received assignment: patient_mover_2: patient_move_2 (Trauma -> Recovery)
[INFO] [1775839347.839486667] [robot_simulator]: [patient_mover_2] starts task: patient_move_2 (Trauma -> Recovery)
[INFO] [1775839347.840092884] [robot_simulator]: Received assignment: heavy_supply_1: supply_stock_1 (Supply -> Pharmacy)
[INFO] [1775839347.842694715] [robot_simulator]: [heavy_supply_1] starts task: supply_stock_1 (Supply -> Pharmacy)
[INFO] [1775839347.843464168] [robot_simulator]: Received assignment: lab_courier_1: lab_courier_task_5 (Lab -> ICU)
[INFO] [1775839347.845829385] [robot_simulator]: [lab_courier_1] starts task: lab_courier_task_5 (Lab -> ICU)
[INFO] [1775839347.846670016] [robot_simulator]: Received assignment: emergency_1: lab_samples_2 (Lab -> ER)
[INFO] [1775839347.848846972] [robot_simulator]: Received assignment: general_1: patient_mover_task_3 (ER -> WardB)
[INFO] [1775839347.849051430] [robot_simulator]: [emergency_1] starts task: lab_samples_2 (Lab -> ER)
[INFO] [1775839347.850597285] [robot_simulator]: [general_1] starts task: patient_mover_task_3 (ER -> WardB)
[INFO] [1775839347.851427159] [robot_simulator]: Received assignment: general_2: med_delivery_2 (Pharmacy -> ICU)
[INFO] [1775839347.853806964] [robot_simulator]: [general_2] starts task: med_delivery_2 (Pharmacy -> ICU)
[INFO] [1775839350.834118221] [robot_simulator]: [delivery_1] moved to Radiology
[INFO] [1775839350.835112541] [robot_simulator]: [delivery_2] moved to ICU
[INFO] [1775839350.839274454] [robot_simulator]: [delivery_3] moved to Radiology
[INFO] [1775839350.844461529] [robot_simulator]: [cleaning_2] moved to ER
[INFO] [1775839350.844619011] [robot_simulator]: [cleaning_1] moved to WardA
[INFO] [1775839350.845979161] [robot_simulator]: [patient_mover_1] moved to ICU
[INFO] [1775839350.847995730] [robot_simulator]: [patient_mover_2] moved to Recovery
[INFO] [1775839350.851442731] [robot_simulator]: [heavy_supply_1] moved to Pharmacy
[INFO] [1775839350.857331381] [robot_simulator]: [lab_courier_1] moved to ICU
[INFO] [1775839350.859770384] [robot_simulator]: [emergency_1] moved to ER
[INFO] [1775839350.864192838] [robot_simulator]: [general_2] moved to ICU
[INFO] [1775839350.865065589] [robot_simulator]: [general_1] moved to WardB
[INFO] [1775839355.836947296] [robot_simulator]: [delivery_2] completed task: equip_move_1 (Radiology -> ICU)
[INFO] [1775839355.846627104] [robot_simulator]: [cleaning_1] completed task: clean_ward_a (WardA -> WardA)
[INFO] [1775839356.835579397] [robot_simulator]: [delivery_1] completed task: lab_courier_task_9 (Lab -> Radiology)
[INFO] [1775839356.840452368] [robot_simulator]: [delivery_3] completed task: lab_samples_1 (Lab -> Radiology)
[INFO] [1775839356.858786205] [robot_simulator]: [lab_courier_1] completed task: lab_courier_task_5 (Lab -> ICU)
[INFO] [1775839356.866576800] [robot_simulator]: [general_2] completed task: med_delivery_2 (Pharmacy -> ICU)
[INFO] [1775839357.850250873] [robot_simulator]: [patient_mover_2] completed task: patient_move_2 (Trauma -> Recovery)
[INFO] [1775839358.847693368] [robot_simulator]: [patient_mover_1] completed task: patient_move_1 (ER -> ICU)
[INFO] [1775839358.853097869] [robot_simulator]: [heavy_supply_1] completed task: supply_stock_1 (Supply -> Pharmacy)
[INFO] [1775839359.846542962] [robot_simulator]: [cleaning_2] completed task: clean_er (ER -> ER)
[INFO] [1775839359.861726937] [robot_simulator]: [emergency_1] completed task: lab_samples_2 (Lab -> ER)
[INFO] [1775839359.866635416] [robot_simulator]: [general_1] completed task: patient_mover_task_3 (ER -> WardB)
[INFO] [1775839377.510332833] [robot_simulator]: Received assignment: delivery_1: lab_samples_1 (Lab -> Radiology)
[INFO] [1775839377.511983130] [robot_simulator]: [delivery_1] starts task: lab_samples_1 (Lab -> Radiology)
[INFO] [1775839377.512489065] [robot_simulator]: Received assignment: delivery_2: med_delivery_2 (Pharmacy -> ICU)
[INFO] [1775839377.514465109] [robot_simulator]: Received assignment: delivery_3: equip_move_1 (Radiology -> ICU)
[INFO] [1775839377.514654804] [robot_simulator]: [delivery_2] starts task: med_delivery_2 (Pharmacy -> ICU)
[INFO] [1775839377.516467103] [robot_simulator]: Received assignment: cleaning_1: clean_ward_a (WardA -> WardA)
[INFO] [1775839377.517450965] [robot_simulator]: [delivery_3] starts task: equip_move_1 (Radiology -> ICU)
[INFO] [1775839377.518461460] [robot_simulator]: [cleaning_1] starts task: clean_ward_a (WardA -> WardA)
[INFO] [1775839377.518794683] [robot_simulator]: Received assignment: cleaning_2: patient_mover_task_3 (ER -> WardB)
[INFO] [1775839377.520253820] [robot_simulator]: Received assignment: patient_mover_1: lab_samples_2 (Lab -> ER)
[INFO] [1775839377.520557793] [robot_simulator]: [cleaning_2] starts task: patient_mover_task_3 (ER -> WardB)
[INFO] [1775839377.522737437] [robot_simulator]: [patient_mover_1] starts task: lab_samples_2 (Lab -> ER)
[INFO] [1775839377.523090042] [robot_simulator]: Received assignment: patient_mover_2: patient_move_2 (Trauma -> Recovery)
[INFO] [1775839377.524176109] [robot_simulator]: [patient_mover_2] starts task: patient_move_2 (Trauma -> Recovery)
[INFO] [1775839377.524549082] [robot_simulator]: Received assignment: heavy_supply_1: supply_stock_1 (Supply -> Pharmacy)
[INFO] [1775839377.526176944] [robot_simulator]: Received assignment: lab_courier_1: lab_courier_task_5 (Lab -> ICU)
[INFO] [1775839377.526504173] [robot_simulator]: [heavy_supply_1] starts task: supply_stock_1 (Supply -> Pharmacy)
[INFO] [1775839377.527901381] [robot_simulator]: [lab_courier_1] starts task: lab_courier_task_5 (Lab -> ICU)
[INFO] [1775839377.528061665] [robot_simulator]: Received assignment: emergency_1: patient_move_1 (ER -> ICU)
[INFO] [1775839377.529799575] [robot_simulator]: Received assignment: general_1: clean_er (ER -> ER)
[INFO] [1775839377.530054850] [robot_simulator]: [emergency_1] starts task: patient_move_1 (ER -> ICU)
[INFO] [1775839377.531995030] [robot_simulator]: Received assignment: general_2: lab_courier_task_9 (Lab -> Radiology)
[INFO] [1775839377.532101328] [robot_simulator]: [general_1] starts task: clean_er (ER -> ER)
[INFO] [1775839377.533256775] [robot_simulator]: [general_2] starts task: lab_courier_task_9 (Lab -> Radiology)
[INFO] [1775839380.522967521] [robot_simulator]: [delivery_1] moved to Radiology
[INFO] [1775839380.525433504] [robot_simulator]: [delivery_2] moved to ICU
[INFO] [1775839380.527722821] [robot_simulator]: [cleaning_1] moved to WardA
[INFO] [1775839380.529925027] [robot_simulator]: [delivery_3] moved to ICU
[INFO] [1775839380.532284667] [robot_simulator]: [cleaning_2] moved to WardB
[INFO] [1775839380.533137664] [robot_simulator]: [patient_mover_1] moved to ER
[INFO] [1775839380.535374982] [robot_simulator]: [patient_mover_2] moved to Recovery
[INFO] [1775839380.539396351] [robot_simulator]: [lab_courier_1] moved to ICU
[INFO] [1775839380.541514878] [robot_simulator]: [heavy_supply_1] moved to Pharmacy
[INFO] [1775839380.543261443] [robot_simulator]: [general_2] moved to Radiology
[INFO] [1775839380.544012870] [robot_simulator]: [general_1] moved to ER
[INFO] [1775839380.544233386] [robot_simulator]: [emergency_1] moved to ICU
[INFO] [1775839385.529395837] [robot_simulator]: [cleaning_1] completed task: clean_ward_a (WardA -> WardA)
[INFO] [1775839385.531252623] [robot_simulator]: [delivery_3] completed task: equip_move_1 (Radiology -> ICU)
[INFO] [1775839386.524194753] [robot_simulator]: [delivery_1] completed task: lab_samples_1 (Lab -> Radiology)
[INFO] [1775839386.526878289] [robot_simulator]: [delivery_2] completed task: med_delivery_2 (Pharmacy -> ICU)
[INFO] [1775839386.541043595] [robot_simulator]: [lab_courier_1] completed task: lab_courier_task_5 (Lab -> ICU)
[INFO] [1775839386.545181145] [robot_simulator]: [general_2] completed task: lab_courier_task_9 (Lab -> Radiology)
[INFO] [1775839387.537133105] [robot_simulator]: [patient_mover_2] completed task: patient_move_2 (Trauma -> Recovery)
[INFO] [1775839388.542808430] [robot_simulator]: [heavy_supply_1] completed task: supply_stock_1 (Supply -> Pharmacy)
[INFO] [1775839388.545389436] [robot_simulator]: [emergency_1] completed task: patient_move_1 (ER -> ICU)
[INFO] [1775839389.536152747] [robot_simulator]: [patient_mover_1] completed task: lab_samples_2 (Lab -> ER)
[INFO] [1775839389.537177538] [robot_simulator]: [cleaning_2] completed task: patient_mover_task_3 (ER -> WardB)
[INFO] [1775839389.545897853] [robot_simulator]: [general_1] completed task: clean_er (ER -> ER)
[INFO] [1775839407.591824835] [robot_simulator]: Received assignment: delivery_1: lab_courier_task_5 (Lab -> ICU)
[INFO] [1775839407.593218526] [robot_simulator]: [delivery_1] starts task: lab_courier_task_5 (Lab -> ICU)
[INFO] [1775839407.593644905] [robot_simulator]: Received assignment: delivery_2: med_delivery_2 (Pharmacy -> ICU)
[INFO] [1775839407.595703706] [robot_simulator]: Received assignment: delivery_3: lab_samples_1 (Lab -> Radiology)
[INFO] [1775839407.596183048] [robot_simulator]: [delivery_2] starts task: med_delivery_2 (Pharmacy -> ICU)
[INFO] [1775839407.598029356] [robot_simulator]: [delivery_3] starts task: lab_samples_1 (Lab -> Radiology)
[INFO] [1775839407.598351464] [robot_simulator]: Received assignment: cleaning_1: clean_ward_a (WardA -> WardA)
[INFO] [1775839407.600217096] [robot_simulator]: Received assignment: cleaning_2: clean_er (ER -> ER)
[INFO] [1775839407.600383572] [robot_simulator]: [cleaning_1] starts task: clean_ward_a (WardA -> WardA)
[INFO] [1775839407.601418023] [robot_simulator]: Received assignment: patient_mover_1: patient_move_1 (ER -> ICU)
[INFO] [1775839407.602337071] [robot_simulator]: Received assignment: patient_mover_2: patient_move_2 (Trauma -> Recovery)
[INFO] [1775839407.603444786] [robot_simulator]: Received assignment: heavy_supply_1: supply_stock_1 (Supply -> Pharmacy)
[INFO] [1775839407.603763261] [robot_simulator]: [cleaning_2] starts task: clean_er (ER -> ER)
[INFO] [1775839407.604651992] [robot_simulator]: [patient_mover_1] starts task: patient_move_1 (ER -> ICU)
[INFO] [1775839407.604895083] [robot_simulator]: Received assignment: lab_courier_1: lab_samples_2 (Lab -> ER)
[INFO] [1775839407.606009320] [robot_simulator]: Received assignment: emergency_1: lab_courier_task_9 (Lab -> Radiology)
[INFO] [1775839407.606773318] [robot_simulator]: [patient_mover_2] starts task: patient_move_2 (Trauma -> Recovery)
[INFO] [1775839407.607316636] [robot_simulator]: Received assignment: general_1: patient_mover_task_3 (ER -> WardB)
[INFO] [1775839407.608444701] [robot_simulator]: Received assignment: general_2: equip_move_1 (Radiology -> ICU)
[INFO] [1775839407.609336452] [robot_simulator]: [heavy_supply_1] starts task: supply_stock_1 (Supply -> Pharmacy)
[INFO] [1775839407.609705356] [robot_simulator]: [lab_courier_1] starts task: lab_samples_2 (Lab -> ER)
[INFO] [1775839407.610097494] [robot_simulator]: [emergency_1] starts task: lab_courier_task_9 (Lab -> Radiology)
[INFO] [1775839407.610247428] [robot_simulator]: [general_1] starts task: patient_mover_task_3 (ER -> WardB)
[INFO] [1775839407.610745678] [robot_simulator]: [general_2] starts task: equip_move_1 (Radiology -> ICU)
[INFO] [1775839410.604615487] [robot_simulator]: [delivery_1] moved to ICU
[INFO] [1775839410.607016572] [robot_simulator]: [delivery_2] moved to ICU
[INFO] [1775839410.608182742] [robot_simulator]: [delivery_3] moved to Radiology
[INFO] [1775839410.611659151] [robot_simulator]: [cleaning_1] moved to WardA
[INFO] [1775839410.620912309] [robot_simulator]: [cleaning_2] moved to ER
[INFO] [1775839410.621814590] [robot_simulator]: [patient_mover_2] moved to Recovery
[INFO] [1775839410.625518092] [robot_simulator]: [general_2] moved to ICU
[INFO] [1775839410.626267212] [robot_simulator]: [emergency_1] moved to Radiology
[INFO] [1775839410.628152162] [robot_simulator]: [general_1] moved to WardB
[INFO] [1775839410.628504081] [robot_simulator]: [lab_courier_1] moved to ER
[INFO] [1775839410.629092585] [robot_simulator]: [heavy_supply_1] moved to Pharmacy
[INFO] [1775839410.629320083] [robot_simulator]: [patient_mover_1] moved to ICU
[INFO] [1775839415.612426911] [robot_simulator]: [cleaning_1] completed task: clean_ward_a (WardA -> WardA)
[INFO] [1775839415.627242321] [robot_simulator]: [general_2] completed task: equip_move_1 (Radiology -> ICU)
[INFO] [1775839416.605984012] [robot_simulator]: [delivery_1] completed task: lab_courier_task_5 (Lab -> ICU)
[INFO] [1775839416.608369088] [robot_simulator]: [delivery_2] completed task: med_delivery_2 (Pharmacy -> ICU)
[INFO] [1775839416.609970965] [robot_simulator]: [delivery_3] completed task: lab_samples_1 (Lab -> Radiology)
[INFO] [1775839416.627802146] [robot_simulator]: [emergency_1] completed task: lab_courier_task_9 (Lab -> Radiology)
[INFO] [1775839417.623493554] [robot_simulator]: [patient_mover_2] completed task: patient_move_2 (Trauma -> Recovery)
[INFO] [1775839418.633155406] [robot_simulator]: [heavy_supply_1] completed task: supply_stock_1 (Supply -> Pharmacy)
[INFO] [1775839418.633831380] [robot_simulator]: [patient_mover_1] completed task: patient_move_1 (ER -> ICU)
[INFO] [1775839419.622815285] [robot_simulator]: [cleaning_2] completed task: clean_er (ER -> ER)
[INFO] [1775839419.630040667] [robot_simulator]: [general_1] completed task: patient_mover_task_3 (ER -> WardB)
[INFO] [1775839419.631308182] [robot_simulator]: [lab_courier_1] completed task: lab_samples_2 (Lab -> ER)
[INFO] [1775839437.529244714] [robot_simulator]: Received assignment: delivery_1: lab_courier_task_9 (Lab -> Radiology)
[INFO] [1775839437.531323795] [robot_simulator]: [delivery_1] starts task: lab_courier_task_9 (Lab -> Radiology)
[INFO] [1775839437.531737751] [robot_simulator]: Received assignment: delivery_2: lab_samples_1 (Lab -> Radiology)
[INFO] [1775839437.533176702] [robot_simulator]: Received assignment: delivery_3: lab_courier_task_5 (Lab -> ICU)
[INFO] [1775839437.534364191] [robot_simulator]: Received assignment: cleaning_1: clean_ward_a (WardA -> WardA)
[INFO] [1775839437.536266616] [robot_simulator]: Received assignment: cleaning_2: patient_mover_task_3 (ER -> WardB)
[INFO] [1775839437.537647249] [robot_simulator]: [cleaning_2] starts task: patient_mover_task_3 (ER -> WardB)
[INFO] [1775839437.538364632] [robot_simulator]: [cleaning_1] starts task: clean_ward_a (WardA -> WardA)
[INFO] [1775839437.538704944] [robot_simulator]: [delivery_2] starts task: lab_samples_1 (Lab -> Radiology)
[INFO] [1775839437.539228632] [robot_simulator]: [delivery_3] starts task: lab_courier_task_5 (Lab -> ICU)
[INFO] [1775839437.539495328] [robot_simulator]: Received assignment: patient_mover_1: patient_move_1 (ER -> ICU)
[INFO] [1775839437.540934565] [robot_simulator]: [patient_mover_1] starts task: patient_move_1 (ER -> ICU)
[INFO] [1775839437.541743216] [robot_simulator]: Received assignment: patient_mover_2: patient_move_2 (Trauma -> Recovery)
[INFO] [1775839437.543355259] [robot_simulator]: [patient_mover_2] starts task: patient_move_2 (Trauma -> Recovery)
[INFO] [1775839437.543754460] [robot_simulator]: Received assignment: heavy_supply_1: heavy_supply_task_11 (Supply -> OperatingRoom1)
[INFO] [1775839437.544246353] [robot_simulator]: [heavy_supply_1] starts task: heavy_supply_task_11 (Supply -> OperatingRoom1)
[INFO] [1775839437.544937612] [robot_simulator]: Received assignment: lab_courier_1: med_delivery_2 (Pharmacy -> ICU)
[INFO] [1775839437.546030440] [robot_simulator]: [lab_courier_1] starts task: med_delivery_2 (Pharmacy -> ICU)
[INFO] [1775839437.546828341] [robot_simulator]: Received assignment: emergency_1: equip_move_1 (Radiology -> ICU)
[INFO] [1775839437.547285521] [robot_simulator]: [emergency_1] starts task: equip_move_1 (Radiology -> ICU)
[INFO] [1775839437.547977501] [robot_simulator]: Received assignment: general_1: clean_er (ER -> ER)
[INFO] [1775839437.548396424] [robot_simulator]: [general_1] starts task: clean_er (ER -> ER)
[INFO] [1775839437.549016583] [robot_simulator]: Received assignment: general_2: lab_samples_2 (Lab -> ER)
[INFO] [1775839437.550114043] [robot_simulator]: [general_2] starts task: lab_samples_2 (Lab -> ER)
[INFO] [1775839440.542669622] [robot_simulator]: [delivery_1] moved to Radiology
[INFO] [1775839440.555371596] [robot_simulator]: [cleaning_2] moved to WardB
[INFO] [1775839440.560529288] [robot_simulator]: [delivery_3] moved to ICU
[INFO] [1775839440.561330835] [robot_simulator]: [delivery_2] moved to Radiology
[INFO] [1775839440.561863497] [robot_simulator]: [emergency_1] moved to ICU
[INFO] [1775839440.563827152] [robot_simulator]: [general_2] moved to ER
[INFO] [1775839440.566330834] [robot_simulator]: [patient_mover_1] moved to ICU
[INFO] [1775839440.566896010] [robot_simulator]: [general_1] moved to ER
[INFO] [1775839440.567176414] [robot_simulator]: [heavy_supply_1] moved to OperatingRoom1
[INFO] [1775839440.567492051] [robot_simulator]: [patient_mover_2] moved to Recovery
[INFO] [1775839440.567871045] [robot_simulator]: [lab_courier_1] moved to ICU
[INFO] [1775839440.568118580] [robot_simulator]: [cleaning_1] moved to WardA
[INFO] [1775839445.563675451] [robot_simulator]: [emergency_1] completed task: equip_move_1 (Radiology -> ICU)
[INFO] [1775839445.569478612] [robot_simulator]: [cleaning_1] completed task: clean_ward_a (WardA -> WardA)
[INFO] [1775839446.544237895] [robot_simulator]: [delivery_1] completed task: lab_courier_task_9 (Lab -> Radiology)
[INFO] [1775839446.564626377] [robot_simulator]: [delivery_3] completed task: lab_courier_task_5 (Lab -> ICU)
[INFO] [1775839446.565757472] [robot_simulator]: [delivery_2] completed task: lab_samples_1 (Lab -> Radiology)
[INFO] [1775839446.569390510] [robot_simulator]: [lab_courier_1] completed task: med_delivery_2 (Pharmacy -> ICU)
[INFO] [1775839447.569592218] [robot_simulator]: [patient_mover_2] completed task: patient_move_2 (Trauma -> Recovery)
[INFO] [1775839448.568454419] [robot_simulator]: [patient_mover_1] completed task: patient_move_1 (ER -> ICU)
[INFO] [1775839449.556722543] [robot_simulator]: [cleaning_2] completed task: patient_mover_task_3 (ER -> WardB)
[INFO] [1775839449.565442269] [robot_simulator]: [general_2] completed task: lab_samples_2 (Lab -> ER)
[INFO] [1775839449.570779459] [robot_simulator]: [heavy_supply_1] completed task: heavy_supply_task_11 (Supply -> OperatingRoom1)
[INFO] [1775839449.571986154] [robot_simulator]: [general_1] completed task: clean_er (ER -> ER)
[INFO] [1775839467.595214559] [robot_simulator]: Received assignment: delivery_1: equip_move_1 (Radiology -> ICU)
[INFO] [1775839467.597087039] [robot_simulator]: Received assignment: delivery_2: lab_samples_2 (Lab -> ER)
[INFO] [1775839467.598494421] [robot_simulator]: [delivery_1] starts task: equip_move_1 (Radiology -> ICU)
[INFO] [1775839467.599179245] [robot_simulator]: Received assignment: delivery_3: lab_courier_task_9 (Lab -> Radiology)
[INFO] [1775839467.600166969] [robot_simulator]: Received assignment: cleaning_1: clean_ward_a (WardA -> WardA)
[INFO] [1775839467.601109623] [robot_simulator]: [delivery_2] starts task: lab_samples_2 (Lab -> ER)
[INFO] [1775839467.601782895] [robot_simulator]: Received assignment: cleaning_2: clean_er (ER -> ER)
[INFO] [1775839467.603199495] [robot_simulator]: Received assignment: patient_mover_1: patient_move_2 (Trauma -> Recovery)
[INFO] [1775839467.603951048] [robot_simulator]: [delivery_3] starts task: lab_courier_task_9 (Lab -> Radiology)
[INFO] [1775839467.605063866] [robot_simulator]: [cleaning_1] starts task: clean_ward_a (WardA -> WardA)
[INFO] [1775839467.605244445] [robot_simulator]: [cleaning_2] starts task: clean_er (ER -> ER)
[INFO] [1775839467.605598120] [robot_simulator]: Received assignment: patient_mover_2: patient_move_1 (ER -> ICU)
[INFO] [1775839467.605780487] [robot_simulator]: [patient_mover_1] starts task: patient_move_2 (Trauma -> Recovery)
[INFO] [1775839467.607600647] [robot_simulator]: [patient_mover_2] starts task: patient_move_1 (ER -> ICU)
[INFO] [1775839467.607747902] [robot_simulator]: Received assignment: heavy_supply_1: heavy_supply_task_11 (Supply -> OperatingRoom1)
[INFO] [1775839467.609088109] [robot_simulator]: [heavy_supply_1] starts task: heavy_supply_task_11 (Supply -> OperatingRoom1)
[INFO] [1775839467.609330189] [robot_simulator]: Received assignment: lab_courier_1: lab_courier_task_5 (Lab -> ICU)
[INFO] [1775839467.610510739] [robot_simulator]: [lab_courier_1] starts task: lab_courier_task_5 (Lab -> ICU)
[INFO] [1775839467.610849476] [robot_simulator]: Received assignment: emergency_1: lab_samples_1 (Lab -> Radiology)
[INFO] [1775839467.612472213] [robot_simulator]: Received assignment: general_1: patient_mover_task_3 (ER -> WardB)
[INFO] [1775839467.612648153] [robot_simulator]: [emergency_1] starts task: lab_samples_1 (Lab -> Radiology)
[INFO] [1775839467.614534685] [robot_simulator]: Received assignment: general_2: patient_mover_task_12 (ER -> ICU)
[INFO] [1775839467.615251299] [robot_simulator]: [general_1] starts task: patient_mover_task_3 (ER -> WardB)
[INFO] [1775839467.616494169] [robot_simulator]: [general_2] starts task: patient_mover_task_12 (ER -> ICU)
[INFO] [1775839470.610653526] [robot_simulator]: [delivery_1] moved to ICU
[INFO] [1775839470.612795555] [robot_simulator]: [delivery_2] moved to ER
[INFO] [1775839470.621440715] [robot_simulator]: [delivery_3] moved to Radiology
[INFO] [1775839470.623052404] [robot_simulator]: [cleaning_2] moved to ER
[INFO] [1775839470.623480030] [robot_simulator]: [cleaning_1] moved to WardA
[INFO] [1775839470.627950422] [robot_simulator]: [patient_mover_2] moved to ICU
[INFO] [1775839470.629754527] [robot_simulator]: [patient_mover_1] moved to Recovery
[INFO] [1775839470.632584902] [robot_simulator]: [emergency_1] moved to Radiology
[INFO] [1775839470.633379509] [robot_simulator]: [general_2] moved to ICU
[INFO] [1775839470.634628587] [robot_simulator]: [lab_courier_1] moved to ICU
[INFO] [1775839470.635093777] [robot_simulator]: [heavy_supply_1] moved to OperatingRoom1
[INFO] [1775839470.636056371] [robot_simulator]: [general_1] moved to WardB
[INFO] [1775839475.612252324] [robot_simulator]: [delivery_1] completed task: equip_move_1 (Radiology -> ICU)
[INFO] [1775839475.625287687] [robot_simulator]: [cleaning_1] completed task: clean_ward_a (WardA -> WardA)
[INFO] [1775839476.623089070] [robot_simulator]: [delivery_3] completed task: lab_courier_task_9 (Lab -> Radiology)
[INFO] [1775839476.634638920] [robot_simulator]: [emergency_1] completed task: lab_samples_1 (Lab -> Radiology)
[INFO] [1775839476.637350837] [robot_simulator]: [lab_courier_1] completed task: lab_courier_task_5 (Lab -> ICU)
[INFO] [1775839477.631898272] [robot_simulator]: [patient_mover_1] completed task: patient_move_2 (Trauma -> Recovery)
[INFO] [1775839478.629630988] [robot_simulator]: [patient_mover_2] completed task: patient_move_1 (ER -> ICU)
[INFO] [1775839479.614374990] [robot_simulator]: [delivery_2] completed task: lab_samples_2 (Lab -> ER)
[INFO] [1775839479.624585804] [robot_simulator]: [cleaning_2] completed task: clean_er (ER -> ER)
[INFO] [1775839479.635373194] [robot_simulator]: [general_2] completed task: patient_mover_task_12 (ER -> ICU)
[INFO] [1775839479.639587765] [robot_simulator]: [general_1] completed task: patient_mover_task_3 (ER -> WardB)
[INFO] [1775839479.640277011] [robot_simulator]: [heavy_supply_1] completed task: heavy_supply_task_11 (Supply -> OperatingRoom1)
[INFO] [1775839497.597892749] [robot_simulator]: Received assignment: delivery_1: lab_samples_1 (Lab -> Radiology)
[INFO] [1775839497.599529887] [robot_simulator]: Received assignment: delivery_2: patient_mover_task_12 (ER -> ICU)
[INFO] [1775839497.600048280] [robot_simulator]: [delivery_1] starts task: lab_samples_1 (Lab -> Radiology)
[INFO] [1775839497.601245660] [robot_simulator]: Received assignment: delivery_3: lab_courier_task_5 (Lab -> ICU)
[INFO] [1775839497.602381497] [robot_simulator]: Received assignment: cleaning_1: clean_ward_a (WardA -> WardA)
[INFO] [1775839497.603316189] [robot_simulator]: [delivery_2] starts task: patient_mover_task_12 (ER -> ICU)
[INFO] [1775839497.603586894] [robot_simulator]: Received assignment: cleaning_2: patient_mover_task_3 (ER -> WardB)
[INFO] [1775839497.604588120] [robot_simulator]: Received assignment: patient_mover_1: patient_move_2 (Trauma -> Recovery)
[INFO] [1775839497.607148423] [robot_simulator]: [cleaning_2] starts task: patient_mover_task_3 (ER -> WardB)
[INFO] [1775839497.607850605] [robot_simulator]: [cleaning_1] starts task: clean_ward_a (WardA -> WardA)
[INFO] [1775839497.608191609] [robot_simulator]: [delivery_3] starts task: lab_courier_task_5 (Lab -> ICU)
[INFO] [1775839497.608496266] [robot_simulator]: [patient_mover_1] starts task: patient_move_2 (Trauma -> Recovery)
[INFO] [1775839497.608687843] [robot_simulator]: Received assignment: patient_mover_2: patient_move_1 (ER -> ICU)
[INFO] [1775839497.610413356] [robot_simulator]: Received assignment: heavy_supply_1: heavy_supply_task_13 (Sterilization -> OperatingRoom1)
[INFO] [1775839497.612149414] [robot_simulator]: [patient_mover_2] starts task: patient_move_1 (ER -> ICU)
[INFO] [1775839497.613908220] [robot_simulator]: [heavy_supply_1] starts task: heavy_supply_task_13 (Sterilization -> OperatingRoom1)
[INFO] [1775839497.614162950] [robot_simulator]: Received assignment: lab_courier_1: lab_samples_2 (Lab -> ER)
[INFO] [1775839497.616145031] [robot_simulator]: Received assignment: emergency_1: equip_move_1 (Radiology -> ICU)
[INFO] [1775839497.616686064] [robot_simulator]: [lab_courier_1] starts task: lab_samples_2 (Lab -> ER)
[INFO] [1775839497.618260860] [robot_simulator]: [emergency_1] starts task: equip_move_1 (Radiology -> ICU)
[INFO] [1775839497.618435986] [robot_simulator]: Received assignment: general_1: clean_er (ER -> ER)
[INFO] [1775839497.620124161] [robot_simulator]: [general_1] starts task: clean_er (ER -> ER)
[INFO] [1775839497.620291680] [robot_simulator]: Received assignment: general_2: lab_courier_task_9 (Lab -> Radiology)
[INFO] [1775839497.621623236] [robot_simulator]: [general_2] starts task: lab_courier_task_9 (Lab -> Radiology)
[INFO] [1775839500.612813673] [robot_simulator]: [delivery_1] moved to Radiology
[INFO] [1775839500.614191103] [robot_simulator]: [delivery_2] moved to ICU
[INFO] [1775839500.623182475] [robot_simulator]: [patient_mover_1] moved to Recovery
[INFO] [1775839500.623629088] [robot_simulator]: [cleaning_2] moved to WardB
[INFO] [1775839500.623750159] [robot_simulator]: [cleaning_1] moved to WardA
[INFO] [1775839500.625404828] [robot_simulator]: [delivery_3] moved to ICU
[INFO] [1775839500.625713216] [robot_simulator]: [patient_mover_2] moved to ICU
[INFO] [1775839500.626173352] [robot_simulator]: [heavy_supply_1] moved to OperatingRoom1
[INFO] [1775839500.628561569] [robot_simulator]: [emergency_1] moved to ICU
[INFO] [1775839500.628976166] [robot_simulator]: [lab_courier_1] moved to ER
[INFO] [1775839500.630038561] [robot_simulator]: [general_1] moved to ER
[INFO] [1775839500.632184784] [robot_simulator]: [general_2] moved to Radiology
[INFO] [1775839505.625389144] [robot_simulator]: [cleaning_1] completed task: clean_ward_a (WardA -> WardA)
[INFO] [1775839505.630449482] [robot_simulator]: [emergency_1] completed task: equip_move_1 (Radiology -> ICU)
[INFO] [1775839506.614657329] [robot_simulator]: [delivery_1] completed task: lab_samples_1 (Lab -> Radiology)
[INFO] [1775839506.626764116] [robot_simulator]: [delivery_3] completed task: lab_courier_task_5 (Lab -> ICU)
[INFO] [1775839506.633656857] [robot_simulator]: [general_2] completed task: lab_courier_task_9 (Lab -> Radiology)
[INFO] [1775839507.624620060] [robot_simulator]: [patient_mover_1] completed task: patient_move_2 (Trauma -> Recovery)
[INFO] [1775839507.627585589] [robot_simulator]: [heavy_supply_1] completed task: heavy_supply_task_13 (Sterilization -> OperatingRoom1)
[INFO] [1775839508.627353402] [robot_simulator]: [patient_mover_2] completed task: patient_move_1 (ER -> ICU)
[INFO] [1775839509.615903220] [robot_simulator]: [delivery_2] completed task: patient_mover_task_12 (ER -> ICU)
[INFO] [1775839509.625222410] [robot_simulator]: [cleaning_2] completed task: patient_mover_task_3 (ER -> WardB)
[INFO] [1775839509.632030818] [robot_simulator]: [lab_courier_1] completed task: lab_samples_2 (Lab -> ER)
[INFO] [1775839509.632920931] [robot_simulator]: [general_1] completed task: clean_er (ER -> ER)
[INFO] [1775839527.507484893] [robot_simulator]: Received assignment: delivery_1: lab_courier_task_5 (Lab -> ICU)
[INFO] [1775839527.508968799] [robot_simulator]: [delivery_1] starts task: lab_courier_task_5 (Lab -> ICU)
[INFO] [1775839527.509399149] [robot_simulator]: Received assignment: delivery_2: lab_courier_task_9 (Lab -> Radiology)
[INFO] [1775839527.510888653] [robot_simulator]: [delivery_2] starts task: lab_courier_task_9 (Lab -> Radiology)
[INFO] [1775839527.511022903] [robot_simulator]: Received assignment: delivery_3: lab_samples_1 (Lab -> Radiology)
[INFO] [1775839527.512323257] [robot_simulator]: [delivery_3] starts task: lab_samples_1 (Lab -> Radiology)
[INFO] [1775839527.512642355] [robot_simulator]: Received assignment: cleaning_1: clean_ward_a (WardA -> WardA)
[INFO] [1775839527.514163875] [robot_simulator]: Received assignment: cleaning_2: clean_er (ER -> ER)
[INFO] [1775839527.515038361] [robot_simulator]: [cleaning_1] starts task: clean_ward_a (WardA -> WardA)
[INFO] [1775839527.515877295] [robot_simulator]: [cleaning_2] starts task: clean_er (ER -> ER)
[INFO] [1775839527.516233859] [robot_simulator]: Received assignment: patient_mover_1: patient_move_1 (ER -> ICU)
[INFO] [1775839527.517504690] [robot_simulator]: [patient_mover_1] starts task: patient_move_1 (ER -> ICU)
[INFO] [1775839527.517786273] [robot_simulator]: Received assignment: patient_mover_2: patient_move_2 (Trauma -> Recovery)
[INFO] [1775839527.518807379] [robot_simulator]: [patient_mover_2] starts task: patient_move_2 (Trauma -> Recovery)
[INFO] [1775839527.519077919] [robot_simulator]: Received assignment: heavy_supply_1: heavy_supply_task_13 (Sterilization -> OperatingRoom1)
[INFO] [1775839527.520551089] [robot_simulator]: Received assignment: lab_courier_1: patient_mover_task_12 (ER -> ICU)
[INFO] [1775839527.520697334] [robot_simulator]: [heavy_supply_1] starts task: heavy_supply_task_13 (Sterilization -> OperatingRoom1)
[INFO] [1775839527.522822424] [robot_simulator]: [lab_courier_1] starts task: patient_mover_task_12 (ER -> ICU)
[INFO] [1775839527.522985033] [robot_simulator]: Received assignment: emergency_1: lab_samples_2 (Lab -> ER)
[INFO] [1775839527.524130726] [robot_simulator]: [emergency_1] starts task: lab_samples_2 (Lab -> ER)
[INFO] [1775839527.524548458] [robot_simulator]: Received assignment: general_1: patient_mover_task_3 (ER -> WardB)
[INFO] [1775839527.525956635] [robot_simulator]: [general_1] starts task: patient_mover_task_3 (ER -> WardB)
[INFO] [1775839527.526055798] [robot_simulator]: Received assignment: general_2: equip_move_1 (Radiology -> ICU)
[INFO] [1775839527.527185330] [robot_simulator]: [general_2] starts task: equip_move_1 (Radiology -> ICU)
[INFO] [1775839530.522731801] [robot_simulator]: [delivery_2] moved to Radiology
[INFO] [1775839530.523236532] [robot_simulator]: [delivery_1] moved to ICU
[INFO] [1775839530.524252617] [robot_simulator]: [delivery_3] moved to Radiology
[INFO] [1775839530.525033998] [robot_simulator]: [cleaning_1] moved to WardA
[INFO] [1775839530.527671383] [robot_simulator]: [cleaning_2] moved to ER
[INFO] [1775839530.527928773] [robot_simulator]: [patient_mover_1] moved to ICU
[INFO] [1775839530.528686767] [robot_simulator]: [patient_mover_2] moved to Recovery
[INFO] [1775839530.531823333] [robot_simulator]: [heavy_supply_1] moved to OperatingRoom1
[INFO] [1775839530.533177465] [robot_simulator]: [lab_courier_1] moved to ICU
[INFO] [1775839530.538441966] [robot_simulator]: [general_1] moved to WardB
[INFO] [1775839530.538615391] [robot_simulator]: [general_2] moved to ICU
[INFO] [1775839530.538894734] [robot_simulator]: [emergency_1] moved to ER
[INFO] [1775839535.527220515] [robot_simulator]: [cleaning_1] completed task: clean_ward_a (WardA -> WardA)
[INFO] [1775839535.540451767] [robot_simulator]: [general_2] completed task: equip_move_1 (Radiology -> ICU)
[INFO] [1775839536.524073033] [robot_simulator]: [delivery_2] completed task: lab_courier_task_9 (Lab -> Radiology)
[INFO] [1775839536.525472602] [robot_simulator]: [delivery_1] completed task: lab_courier_task_5 (Lab -> ICU)
[INFO] [1775839536.526402362] [robot_simulator]: [delivery_3] completed task: lab_samples_1 (Lab -> Radiology)
[INFO] [1775839537.529689014] [robot_simulator]: [patient_mover_2] completed task: patient_move_2 (Trauma -> Recovery)
[INFO] [1775839537.532978085] [robot_simulator]: [heavy_supply_1] completed task: heavy_supply_task_13 (Sterilization -> OperatingRoom1)
[INFO] [1775839538.529911576] [robot_simulator]: [patient_mover_1] completed task: patient_move_1 (ER -> ICU)
[INFO] [1775839539.529117948] [robot_simulator]: [cleaning_2] completed task: clean_er (ER -> ER)
[INFO] [1775839539.535427278] [robot_simulator]: [lab_courier_1] completed task: patient_mover_task_12 (ER -> ICU)
[INFO] [1775839539.542122404] [robot_simulator]: [general_1] completed task: patient_mover_task_3 (ER -> WardB)
[INFO] [1775839539.542746770] [robot_simulator]: [emergency_1] completed task: lab_samples_2 (Lab -> ER)
[INFO] [1775839557.537341721] [robot_simulator]: Received assignment: delivery_1: lab_courier_task_9 (Lab -> Radiology)
[INFO] [1775839557.539151989] [robot_simulator]: [delivery_1] starts task: lab_courier_task_9 (Lab -> Radiology)
[INFO] [1775839557.539273194] [robot_simulator]: Received assignment: delivery_2: lab_samples_1 (Lab -> Radiology)
[INFO] [1775839557.540901218] [robot_simulator]: [delivery_2] starts task: lab_samples_1 (Lab -> Radiology)
[INFO] [1775839557.541040100] [robot_simulator]: Received assignment: delivery_3: equip_move_1 (Radiology -> ICU)
[INFO] [1775839557.542100191] [robot_simulator]: [delivery_3] starts task: equip_move_1 (Radiology -> ICU)
[INFO] [1775839557.542436468] [robot_simulator]: Received assignment: cleaning_1: clean_ward_a (WardA -> WardA)
[INFO] [1775839557.543575076] [robot_simulator]: Received assignment: cleaning_2: clean_er (ER -> ER)
[INFO] [1775839557.545000662] [robot_simulator]: Received assignment: patient_mover_1: patient_move_1 (ER -> ICU)
[INFO] [1775839557.546398697] [robot_simulator]: [cleaning_1] starts task: clean_ward_a (WardA -> WardA)
[INFO] [1775839557.546674823] [robot_simulator]: [patient_mover_1] starts task: patient_move_1 (ER -> ICU)
[INFO] [1775839557.547755994] [robot_simulator]: [cleaning_2] starts task: clean_er (ER -> ER)
[INFO] [1775839557.548173375] [robot_simulator]: Received assignment: patient_mover_2: patient_move_2 (Trauma -> Recovery)
[INFO] [1775839557.549838142] [robot_simulator]: Received assignment: heavy_supply_1: heavy_supply_task_13 (Sterilization -> OperatingRoom1)
[INFO] [1775839557.550831107] [robot_simulator]: [patient_mover_2] starts task: patient_move_2 (Trauma -> Recovery)
[INFO] [1775839557.551709821] [robot_simulator]: [heavy_supply_1] starts task: heavy_supply_task_13 (Sterilization -> OperatingRoom1)
[INFO] [1775839557.551867177] [robot_simulator]: Received assignment: lab_courier_1: lab_courier_task_5 (Lab -> ICU)
[INFO] [1775839557.553257876] [robot_simulator]: [lab_courier_1] starts task: lab_courier_task_5 (Lab -> ICU)
[INFO] [1775839557.553396158] [robot_simulator]: Received assignment: emergency_1: patient_mover_task_3 (ER -> WardB)
[INFO] [1775839557.554714485] [robot_simulator]: Received assignment: general_1: cleaning_task_16 (WardA -> WardA)
[INFO] [1775839557.554914469] [robot_simulator]: [emergency_1] starts task: patient_mover_task_3 (ER -> WardB)
[INFO] [1775839557.556209999] [robot_simulator]: [general_1] starts task: cleaning_task_16 (WardA -> WardA)
[INFO] [1775839557.556354560] [robot_simulator]: Received assignment: general_2: lab_samples_2 (Lab -> ER)
[INFO] [1775839557.557463455] [robot_simulator]: [general_2] starts task: lab_samples_2 (Lab -> ER)
[INFO] [1775839560.552191775] [robot_simulator]: [delivery_1] moved to Radiology
[INFO] [1775839560.552390547] [robot_simulator]: [delivery_2] moved to Radiology
[INFO] [1775839560.554848200] [robot_simulator]: [delivery_3] moved to ICU
[INFO] [1775839560.556898016] [robot_simulator]: [cleaning_2] moved to ER
[INFO] [1775839560.559464485] [robot_simulator]: [patient_mover_1] moved to ICU
[INFO] [1775839560.566758042] [robot_simulator]: [emergency_1] moved to WardB
[INFO] [1775839560.569597742] [robot_simulator]: [heavy_supply_1] moved to OperatingRoom1
[INFO] [1775839560.570096781] [robot_simulator]: [lab_courier_1] moved to ICU
[INFO] [1775839560.571135296] [robot_simulator]: [cleaning_1] moved to WardA
[INFO] [1775839560.572058119] [robot_simulator]: [general_1] moved to WardA
[INFO] [1775839560.572183552] [robot_simulator]: [general_2] moved to ER
[INFO] [1775839560.572424325] [robot_simulator]: [patient_mover_2] moved to Recovery
[INFO] [1775839565.556386281] [robot_simulator]: [delivery_3] completed task: equip_move_1 (Radiology -> ICU)
[INFO] [1775839565.573179146] [robot_simulator]: [cleaning_1] completed task: clean_ward_a (WardA -> WardA)
[INFO] [1775839565.574262895] [robot_simulator]: [general_1] completed task: cleaning_task_16 (WardA -> WardA)
[INFO] [1775839566.555780608] [robot_simulator]: [delivery_2] completed task: lab_samples_1 (Lab -> Radiology)
[INFO] [1775839566.556708977] [robot_simulator]: [delivery_1] completed task: lab_courier_task_9 (Lab -> Radiology)
[INFO] [1775839566.571419909] [robot_simulator]: [lab_courier_1] completed task: lab_courier_task_5 (Lab -> ICU)
[INFO] [1775839567.570998859] [robot_simulator]: [heavy_supply_1] completed task: heavy_supply_task_13 (Sterilization -> OperatingRoom1)
[INFO] [1775839567.573910492] [robot_simulator]: [patient_mover_2] completed task: patient_move_2 (Trauma -> Recovery)
[INFO] [1775839568.561178836] [robot_simulator]: [patient_mover_1] completed task: patient_move_1 (ER -> ICU)
[INFO] [1775839569.558256805] [robot_simulator]: [cleaning_2] completed task: clean_er (ER -> ER)
[INFO] [1775839569.568436174] [robot_simulator]: [emergency_1] completed task: patient_mover_task_3 (ER -> WardB)
[INFO] [1775839569.573829950] [robot_simulator]: [general_2] completed task: lab_samples_2 (Lab -> ER)
[INFO] [1775839587.542453577] [robot_simulator]: Received assignment: delivery_1: lab_samples_1 (Lab -> Radiology)
[INFO] [1775839587.544306865] [robot_simulator]: [delivery_1] starts task: lab_samples_1 (Lab -> Radiology)
[INFO] [1775839587.544495186] [robot_simulator]: Received assignment: delivery_2: equip_move_1 (Radiology -> ICU)
[INFO] [1775839587.545686435] [robot_simulator]: [delivery_2] starts task: equip_move_1 (Radiology -> ICU)
[INFO] [1775839587.546141256] [robot_simulator]: Received assignment: delivery_3: lab_courier_task_9 (Lab -> Radiology)
[INFO] [1775839587.547619870] [robot_simulator]: [delivery_3] starts task: lab_courier_task_9 (Lab -> Radiology)
[INFO] [1775839587.547997403] [robot_simulator]: Received assignment: cleaning_1: clean_ward_a (WardA -> WardA)
[INFO] [1775839587.549487338] [robot_simulator]: [cleaning_1] starts task: clean_ward_a (WardA -> WardA)
[INFO] [1775839587.549620150] [robot_simulator]: Received assignment: cleaning_2: clean_er (ER -> ER)
[INFO] [1775839587.550945274] [robot_simulator]: Received assignment: patient_mover_1: patient_move_2 (Trauma -> Recovery)
[INFO] [1775839587.552197274] [robot_simulator]: [cleaning_2] starts task: clean_er (ER -> ER)
[INFO] [1775839587.552501809] [robot_simulator]: [patient_mover_1] starts task: patient_move_2 (Trauma -> Recovery)
[INFO] [1775839587.552907635] [robot_simulator]: Received assignment: patient_mover_2: lab_samples_2 (Lab -> ER)
[INFO] [1775839587.554303445] [robot_simulator]: [patient_mover_2] starts task: lab_samples_2 (Lab -> ER)
[INFO] [1775839587.554608602] [robot_simulator]: Received assignment: heavy_supply_1: heavy_supply_task_13 (Sterilization -> OperatingRoom1)
[INFO] [1775839587.556303464] [robot_simulator]: [heavy_supply_1] starts task: heavy_supply_task_13 (Sterilization -> OperatingRoom1)
[INFO] [1775839587.556485110] [robot_simulator]: Received assignment: lab_courier_1: lab_courier_task_5 (Lab -> ICU)
[INFO] [1775839587.557700384] [robot_simulator]: [lab_courier_1] starts task: lab_courier_task_5 (Lab -> ICU)
[INFO] [1775839587.557993534] [robot_simulator]: Received assignment: emergency_1: patient_move_1 (ER -> ICU)
[INFO] [1775839587.559732863] [robot_simulator]: [emergency_1] starts task: patient_move_1 (ER -> ICU)
[INFO] [1775839587.560005023] [robot_simulator]: Received assignment: general_1: cleaning_task_16 (WardA -> WardA)
[INFO] [1775839587.561459410] [robot_simulator]: Received assignment: general_2: patient_mover_task_3 (ER -> WardB)
[INFO] [1775839587.561559568] [robot_simulator]: [general_1] starts task: cleaning_task_16 (WardA -> WardA)
[INFO] [1775839587.562709578] [robot_simulator]: [general_2] starts task: patient_mover_task_3 (ER -> WardB)
[INFO] [1775839590.559680991] [robot_simulator]: [delivery_1] moved to Radiology
[INFO] [1775839590.562083063] [robot_simulator]: [delivery_2] moved to ICU
[INFO] [1775839590.562831569] [robot_simulator]: [delivery_3] moved to Radiology
[INFO] [1775839590.563109825] [robot_simulator]: [cleaning_1] moved to WardA
[INFO] [1775839590.566760871] [robot_simulator]: [heavy_supply_1] moved to OperatingRoom1
[INFO] [1775839590.568102091] [robot_simulator]: [lab_courier_1] moved to ICU
[INFO] [1775839590.568833274] [robot_simulator]: [patient_mover_2] moved to ER
[INFO] [1775839590.571866595] [robot_simulator]: [patient_mover_1] moved to Recovery
[INFO] [1775839590.571994242] [robot_simulator]: [cleaning_2] moved to ER
[INFO] [1775839590.573316869] [robot_simulator]: [general_2] moved to WardB
[INFO] [1775839590.573638469] [robot_simulator]: [emergency_1] moved to ICU
[INFO] [1775839590.573940376] [robot_simulator]: [general_1] moved to WardA
[INFO] [1775839595.566687500] [robot_simulator]: [delivery_2] completed task: equip_move_1 (Radiology -> ICU)
[INFO] [1775839595.567329819] [robot_simulator]: [cleaning_1] completed task: clean_ward_a (WardA -> WardA)
[INFO] [1775839595.575855941] [robot_simulator]: [general_1] completed task: cleaning_task_16 (WardA -> WardA)
[INFO] [1775839596.561422620] [robot_simulator]: [delivery_1] completed task: lab_samples_1 (Lab -> Radiology)
[INFO] [1775839596.564531731] [robot_simulator]: [delivery_3] completed task: lab_courier_task_9 (Lab -> Radiology)
[INFO] [1775839596.569256314] [robot_simulator]: [lab_courier_1] completed task: lab_courier_task_5 (Lab -> ICU)
[INFO] [1775839597.568722933] [robot_simulator]: [heavy_supply_1] completed task: heavy_supply_task_13 (Sterilization -> OperatingRoom1)
[INFO] [1775839597.573618833] [robot_simulator]: [patient_mover_1] completed task: patient_move_2 (Trauma -> Recovery)
[INFO] [1775839598.575279856] [robot_simulator]: [emergency_1] completed task: patient_move_1 (ER -> ICU)
[INFO] [1775839599.570508298] [robot_simulator]: [patient_mover_2] completed task: lab_samples_2 (Lab -> ER)
[INFO] [1775839599.573613168] [robot_simulator]: [cleaning_2] completed task: clean_er (ER -> ER)
[INFO] [1775839599.575951508] [robot_simulator]: [general_2] completed task: patient_mover_task_3 (ER -> WardB)
