[INFO] [1775809232.750461716] [robot_simulator]: Robot simulator initialized with Gazebo integration
[INFO] [1775809232.750823182] [robot_simulator]: Robot simulator node started
[INFO] [1775809264.503657870] [robot_simulator]: Received assignment: delivery_1: med_delivery_2 (Pharmacy -> ICU)
[INFO] [1775809264.505754470] [robot_simulator]: [delivery_1] starts task: med_delivery_2 (Pharmacy -> ICU)
[INFO] [1775809264.506566936] [robot_simulator]: Received assignment: delivery_2: delivery_task_1 (Pharmacy -> WardB)
[INFO] [1775809264.509067838] [robot_simulator]: Received assignment: delivery_3: clean_er (ER -> ER)
[INFO] [1775809264.509948891] [robot_simulator]: [delivery_2] starts task: delivery_task_1 (Pharmacy -> WardB)
[INFO] [1775809264.512750486] [robot_simulator]: [delivery_3] starts task: clean_er (ER -> ER)
[INFO] [1775809264.513620985] [robot_simulator]: Received assignment: cleaning_1: clean_ward_a (WardA -> WardA)
[INFO] [1775809264.517916039] [robot_simulator]: [cleaning_1] starts task: clean_ward_a (WardA -> WardA)
[INFO] [1775809264.518636869] [robot_simulator]: Received assignment: cleaning_2: lab_samples_1 (Lab -> Radiology)
[INFO] [1775809264.521529260] [robot_simulator]: [cleaning_2] starts task: lab_samples_1 (Lab -> Radiology)
[INFO] [1775809264.521989506] [robot_simulator]: Received assignment: patient_mover_1: patient_move_1 (ER -> ICU)
[INFO] [1775809264.524795143] [robot_simulator]: [patient_mover_1] starts task: patient_move_1 (ER -> ICU)
[INFO] [1775809264.525078293] [robot_simulator]: Received assignment: patient_mover_2: lab_samples_2 (Lab -> ER)
[INFO] [1775809264.527642414] [robot_simulator]: [patient_mover_2] starts task: lab_samples_2 (Lab -> ER)
[INFO] [1775809264.528139319] [robot_simulator]: Received assignment: heavy_supply_1: supply_stock_2 (Supply -> OperatingRoom1)
[INFO] [1775809264.530402855] [robot_simulator]: [heavy_supply_1] starts task: supply_stock_2 (Supply -> OperatingRoom1)
[INFO] [1775809264.532117642] [robot_simulator]: Received assignment: lab_courier_1: equip_move_1 (Radiology -> ICU)
[INFO] [1775809264.534072139] [robot_simulator]: Received assignment: emergency_1: patient_move_2 (Trauma -> Recovery)
[INFO] [1775809264.536484241] [robot_simulator]: [lab_courier_1] starts task: equip_move_1 (Radiology -> ICU)
[INFO] [1775809264.537358988] [robot_simulator]: Received assignment: general_1: med_delivery_1 (Pharmacy -> WardB)
[INFO] [1775809264.539175419] [robot_simulator]: [emergency_1] starts task: patient_move_2 (Trauma -> Recovery)
[INFO] [1775809264.540451058] [robot_simulator]: Received assignment: general_2: supply_stock_1 (Supply -> Pharmacy)
[INFO] [1775809264.540851630] [robot_simulator]: [general_1] starts task: med_delivery_1 (Pharmacy -> WardB)
[INFO] [1775809264.542506259] [robot_simulator]: [general_2] starts task: supply_stock_1 (Supply -> Pharmacy)
[INFO] [1775809267.517414185] [robot_simulator]: [delivery_1] moved to ICU
[INFO] [1775809267.521537457] [robot_simulator]: [delivery_2] moved to WardB
[INFO] [1775809267.524421854] [robot_simulator]: [delivery_3] moved to ER
[INFO] [1775809267.528303699] [robot_simulator]: [cleaning_1] moved to WardA
[INFO] [1775809267.534126825] [robot_simulator]: [cleaning_2] moved to Radiology
[INFO] [1775809267.534761522] [robot_simulator]: [patient_mover_1] moved to ICU
[INFO] [1775809267.540328696] [robot_simulator]: [patient_mover_2] moved to ER
[INFO] [1775809267.541252785] [robot_simulator]: [heavy_supply_1] moved to OperatingRoom1
[INFO] [1775809267.548819917] [robot_simulator]: [lab_courier_1] moved to ICU
[INFO] [1775809267.553404764] [robot_simulator]: [general_2] moved to Pharmacy
[INFO] [1775809267.554697392] [robot_simulator]: [general_1] moved to WardB
[INFO] [1775809267.555073505] [robot_simulator]: [emergency_1] moved to Recovery
[INFO] [1775809272.536482753] [robot_simulator]: [patient_mover_1] completed task: patient_move_1 (ER -> ICU)
[INFO] [1775809272.554674167] [robot_simulator]: [general_2] completed task: supply_stock_1 (Supply -> Pharmacy)
[INFO] [1775809272.556364668] [robot_simulator]: [emergency_1] completed task: patient_move_2 (Trauma -> Recovery)
[INFO] [1775809274.518967879] [robot_simulator]: [delivery_1] completed task: med_delivery_2 (Pharmacy -> ICU)
[INFO] [1775809274.525947412] [robot_simulator]: [delivery_3] completed task: clean_er (ER -> ER)
[INFO] [1775809275.523720332] [robot_simulator]: [delivery_2] completed task: delivery_task_1 (Pharmacy -> WardB)
[INFO] [1775809275.535796179] [robot_simulator]: [cleaning_2] completed task: lab_samples_1 (Lab -> Radiology)
[INFO] [1775809275.541537793] [robot_simulator]: [patient_mover_2] completed task: lab_samples_2 (Lab -> ER)
[INFO] [1775809275.550264795] [robot_simulator]: [lab_courier_1] completed task: equip_move_1 (Radiology -> ICU)
[INFO] [1775809276.529713928] [robot_simulator]: [cleaning_1] completed task: clean_ward_a (WardA -> WardA)
[INFO] [1775809276.542527456] [robot_simulator]: [heavy_supply_1] completed task: supply_stock_2 (Supply -> OperatingRoom1)
[INFO] [1775809276.557299452] [robot_simulator]: [general_1] completed task: med_delivery_1 (Pharmacy -> WardB)
[INFO] [1775809294.427113449] [robot_simulator]: Received assignment: delivery_1: lab_samples_1 (Lab -> Radiology)
[INFO] [1775809294.429218276] [robot_simulator]: Received assignment: delivery_2: med_delivery_2 (Pharmacy -> ICU)
[INFO] [1775809294.431327505] [robot_simulator]: [delivery_1] starts task: lab_samples_1 (Lab -> Radiology)
[INFO] [1775809294.431491341] [robot_simulator]: Received assignment: delivery_3: med_delivery_1 (Pharmacy -> WardB)
[INFO] [1775809294.431888662] [robot_simulator]: [delivery_2] starts task: med_delivery_2 (Pharmacy -> ICU)
[INFO] [1775809294.433342527] [robot_simulator]: Received assignment: cleaning_1: clean_ward_a (WardA -> WardA)
[INFO] [1775809294.433495149] [robot_simulator]: [delivery_3] starts task: med_delivery_1 (Pharmacy -> WardB)
[INFO] [1775809294.434641903] [robot_simulator]: [cleaning_1] starts task: clean_ward_a (WardA -> WardA)
[INFO] [1775809294.435191590] [robot_simulator]: Received assignment: cleaning_2: equip_move_1 (Radiology -> ICU)
[INFO] [1775809294.436292390] [robot_simulator]: [cleaning_2] starts task: equip_move_1 (Radiology -> ICU)
[INFO] [1775809294.436691274] [robot_simulator]: Received assignment: patient_mover_1: patient_move_2 (Trauma -> Recovery)
[INFO] [1775809294.438241838] [robot_simulator]: Received assignment: patient_mover_2: patient_move_1 (ER -> ICU)
[INFO] [1775809294.440114618] [robot_simulator]: Received assignment: heavy_supply_1: supply_stock_2 (Supply -> OperatingRoom1)
[INFO] [1775809294.440559361] [robot_simulator]: [patient_mover_2] starts task: patient_move_1 (ER -> ICU)
[INFO] [1775809294.442130532] [robot_simulator]: [patient_mover_1] starts task: patient_move_2 (Trauma -> Recovery)
[INFO] [1775809294.443131983] [robot_simulator]: [heavy_supply_1] starts task: supply_stock_2 (Supply -> OperatingRoom1)
[INFO] [1775809294.443433631] [robot_simulator]: Received assignment: lab_courier_1: lab_courier_task_2 (Lab -> ICU)
[INFO] [1775809294.444358591] [robot_simulator]: [lab_courier_1] starts task: lab_courier_task_2 (Lab -> ICU)
[INFO] [1775809294.444505758] [robot_simulator]: Received assignment: emergency_1: lab_samples_2 (Lab -> ER)
[INFO] [1775809294.444905616] [robot_simulator]: [emergency_1] starts task: lab_samples_2 (Lab -> ER)
[INFO] [1775809294.445540943] [robot_simulator]: Received assignment: general_1: clean_er (ER -> ER)
[INFO] [1775809294.448614114] [robot_simulator]: Received assignment: general_2: supply_stock_1 (Supply -> Pharmacy)
[INFO] [1775809294.449760733] [robot_simulator]: [general_1] starts task: clean_er (ER -> ER)
[INFO] [1775809294.450028747] [robot_simulator]: [general_2] starts task: supply_stock_1 (Supply -> Pharmacy)
[INFO] [1775809297.448789935] [robot_simulator]: [cleaning_2] moved to ICU
[INFO] [1775809297.452272502] [robot_simulator]: [delivery_1] moved to Radiology
[INFO] [1775809297.452502990] [robot_simulator]: [delivery_3] moved to WardB
[INFO] [1775809297.453130027] [robot_simulator]: [cleaning_1] moved to WardA
[INFO] [1775809297.453256216] [robot_simulator]: [delivery_2] moved to ICU
[INFO] [1775809297.455385828] [robot_simulator]: [patient_mover_2] moved to ICU
[INFO] [1775809297.457437816] [robot_simulator]: [heavy_supply_1] moved to OperatingRoom1
[INFO] [1775809297.457809486] [robot_simulator]: [emergency_1] moved to ER
[INFO] [1775809297.459191611] [robot_simulator]: [lab_courier_1] moved to ICU
[INFO] [1775809297.459591916] [robot_simulator]: [general_2] moved to Pharmacy
[INFO] [1775809297.459970491] [robot_simulator]: [patient_mover_1] moved to Recovery
[INFO] [1775809297.460703844] [robot_simulator]: [general_1] moved to ER
[INFO] [1775809302.456672258] [robot_simulator]: [patient_mover_2] completed task: patient_move_1 (ER -> ICU)
[INFO] [1775809302.463698225] [robot_simulator]: [general_2] completed task: supply_stock_1 (Supply -> Pharmacy)
[INFO] [1775809302.466344826] [robot_simulator]: [patient_mover_1] completed task: patient_move_2 (Trauma -> Recovery)
[INFO] [1775809302.467385595] [robot_simulator]: [lab_courier_1] completed task: lab_courier_task_2 (Lab -> ICU)
[INFO] [1775809304.455451457] [robot_simulator]: [delivery_2] completed task: med_delivery_2 (Pharmacy -> ICU)
[INFO] [1775809304.462328068] [robot_simulator]: [general_1] completed task: clean_er (ER -> ER)
[INFO] [1775809305.450320940] [robot_simulator]: [cleaning_2] completed task: equip_move_1 (Radiology -> ICU)
[INFO] [1775809305.453975207] [robot_simulator]: [delivery_1] completed task: lab_samples_1 (Lab -> Radiology)
[INFO] [1775809305.459179890] [robot_simulator]: [emergency_1] completed task: lab_samples_2 (Lab -> ER)
[INFO] [1775809306.453381898] [robot_simulator]: [delivery_3] completed task: med_delivery_1 (Pharmacy -> WardB)
[INFO] [1775809306.454712567] [robot_simulator]: [cleaning_1] completed task: clean_ward_a (WardA -> WardA)
[INFO] [1775809306.458369913] [robot_simulator]: [heavy_supply_1] completed task: supply_stock_2 (Supply -> OperatingRoom1)
[INFO] [1775809324.448250651] [robot_simulator]: Received assignment: delivery_1: equip_move_1 (Radiology -> ICU)
[INFO] [1775809324.450501234] [robot_simulator]: [delivery_1] starts task: equip_move_1 (Radiology -> ICU)
[INFO] [1775809324.451024827] [robot_simulator]: Received assignment: delivery_2: lab_courier_task_2 (Lab -> ICU)
[INFO] [1775809324.453552240] [robot_simulator]: Received assignment: delivery_3: med_delivery_2 (Pharmacy -> ICU)
[INFO] [1775809324.455807872] [robot_simulator]: Received assignment: cleaning_1: clean_ward_a (WardA -> WardA)
[INFO] [1775809324.460584767] [robot_simulator]: [delivery_2] starts task: lab_courier_task_2 (Lab -> ICU)
[INFO] [1775809324.462689533] [robot_simulator]: [cleaning_1] starts task: clean_ward_a (WardA -> WardA)
[INFO] [1775809324.463514758] [robot_simulator]: [delivery_3] starts task: med_delivery_2 (Pharmacy -> ICU)
[INFO] [1775809324.464474234] [robot_simulator]: Received assignment: cleaning_2: clean_er (ER -> ER)
[INFO] [1775809324.468236508] [robot_simulator]: [cleaning_2] starts task: clean_er (ER -> ER)
[INFO] [1775809324.468714419] [robot_simulator]: Received assignment: patient_mover_1: lab_samples_2 (Lab -> ER)
[INFO] [1775809324.470184718] [robot_simulator]: [patient_mover_1] starts task: lab_samples_2 (Lab -> ER)
[INFO] [1775809324.472051880] [robot_simulator]: Received assignment: patient_mover_2: patient_move_2 (Trauma -> Recovery)
[INFO] [1775809324.473235119] [robot_simulator]: [patient_mover_2] starts task: patient_move_2 (Trauma -> Recovery)
[INFO] [1775809324.474847686] [robot_simulator]: Received assignment: heavy_supply_1: supply_stock_2 (Supply -> OperatingRoom1)
[INFO] [1775809324.476255037] [robot_simulator]: [heavy_supply_1] starts task: supply_stock_2 (Supply -> OperatingRoom1)
[INFO] [1775809324.477841781] [robot_simulator]: Received assignment: lab_courier_1: lab_samples_1 (Lab -> Radiology)
[INFO] [1775809324.480358373] [robot_simulator]: Received assignment: emergency_1: patient_move_1 (ER -> ICU)
[INFO] [1775809324.482715189] [robot_simulator]: [lab_courier_1] starts task: lab_samples_1 (Lab -> Radiology)
[INFO] [1775809324.483719236] [robot_simulator]: [emergency_1] starts task: patient_move_1 (ER -> ICU)
[INFO] [1775809324.484914200] [robot_simulator]: Received assignment: general_1: med_delivery_1 (Pharmacy -> WardB)
[INFO] [1775809324.488056996] [robot_simulator]: Received assignment: general_2: supply_stock_1 (Supply -> Pharmacy)
[INFO] [1775809324.488564600] [robot_simulator]: [general_1] starts task: med_delivery_1 (Pharmacy -> WardB)
[INFO] [1775809324.490167994] [robot_simulator]: [general_2] starts task: supply_stock_1 (Supply -> Pharmacy)
[INFO] [1775809327.463069159] [robot_simulator]: [delivery_1] moved to ICU
[INFO] [1775809327.477347315] [robot_simulator]: [delivery_3] moved to ICU
[INFO] [1775809327.478196745] [robot_simulator]: [cleaning_1] moved to WardA
[INFO] [1775809327.478437929] [robot_simulator]: [delivery_2] moved to ICU
[INFO] [1775809327.483949232] [robot_simulator]: [cleaning_2] moved to ER
[INFO] [1775809327.484557648] [robot_simulator]: [patient_mover_1] moved to ER
[INFO] [1775809327.486422541] [robot_simulator]: [patient_mover_2] moved to Recovery
[INFO] [1775809327.489446112] [robot_simulator]: [heavy_supply_1] moved to OperatingRoom1
[INFO] [1775809327.495969047] [robot_simulator]: [lab_courier_1] moved to Radiology
[INFO] [1775809327.498356550] [robot_simulator]: [emergency_1] moved to ICU
[INFO] [1775809327.501129323] [robot_simulator]: [general_1] moved to WardB
[INFO] [1775809327.502513179] [robot_simulator]: [general_2] moved to Pharmacy
[INFO] [1775809332.480238189] [robot_simulator]: [delivery_2] completed task: lab_courier_task_2 (Lab -> ICU)
[INFO] [1775809332.488470061] [robot_simulator]: [patient_mover_2] completed task: patient_move_2 (Trauma -> Recovery)
[INFO] [1775809332.500383605] [robot_simulator]: [emergency_1] completed task: patient_move_1 (ER -> ICU)
[INFO] [1775809332.504402494] [robot_simulator]: [general_2] completed task: supply_stock_1 (Supply -> Pharmacy)
[INFO] [1775809334.479943519] [robot_simulator]: [delivery_3] completed task: med_delivery_2 (Pharmacy -> ICU)
[INFO] [1775809334.485646008] [robot_simulator]: [cleaning_2] completed task: clean_er (ER -> ER)
[INFO] [1775809335.465593885] [robot_simulator]: [delivery_1] completed task: equip_move_1 (Radiology -> ICU)
[INFO] [1775809335.486595411] [robot_simulator]: [patient_mover_1] completed task: lab_samples_2 (Lab -> ER)
[INFO] [1775809335.498848668] [robot_simulator]: [lab_courier_1] completed task: lab_samples_1 (Lab -> Radiology)
[INFO] [1775809336.479195060] [robot_simulator]: [cleaning_1] completed task: clean_ward_a (WardA -> WardA)
[INFO] [1775809336.490591802] [robot_simulator]: [heavy_supply_1] completed task: supply_stock_2 (Supply -> OperatingRoom1)
[INFO] [1775809336.503243170] [robot_simulator]: [general_1] completed task: med_delivery_1 (Pharmacy -> WardB)
[INFO] [1775809354.417779432] [robot_simulator]: Received assignment: delivery_1: lab_courier_task_2 (Lab -> ICU)
[INFO] [1775809354.420245671] [robot_simulator]: [delivery_1] starts task: lab_courier_task_2 (Lab -> ICU)
[INFO] [1775809354.420945439] [robot_simulator]: Received assignment: delivery_2: lab_samples_1 (Lab -> Radiology)
[INFO] [1775809354.422009227] [robot_simulator]: [delivery_2] starts task: lab_samples_1 (Lab -> Radiology)
[INFO] [1775809354.422832195] [robot_simulator]: Received assignment: delivery_3: med_delivery_2 (Pharmacy -> ICU)
[INFO] [1775809354.423369840] [robot_simulator]: [delivery_3] starts task: med_delivery_2 (Pharmacy -> ICU)
[INFO] [1775809354.424170998] [robot_simulator]: Received assignment: cleaning_1: clean_ward_a (WardA -> WardA)
[INFO] [1775809354.424690527] [robot_simulator]: [cleaning_1] starts task: clean_ward_a (WardA -> WardA)
[INFO] [1775809354.425459272] [robot_simulator]: Received assignment: cleaning_2: supply_stock_2 (Supply -> OperatingRoom1)
[INFO] [1775809354.426233065] [robot_simulator]: Received assignment: patient_mover_1: patient_move_1 (ER -> ICU)
[INFO] [1775809354.426550424] [robot_simulator]: [cleaning_2] starts task: supply_stock_2 (Supply -> OperatingRoom1)
[INFO] [1775809354.427382746] [robot_simulator]: Received assignment: patient_mover_2: patient_move_2 (Trauma -> Recovery)
[INFO] [1775809354.427618857] [robot_simulator]: [patient_mover_1] starts task: patient_move_1 (ER -> ICU)
[INFO] [1775809354.428052498] [robot_simulator]: [patient_mover_2] starts task: patient_move_2 (Trauma -> Recovery)
[INFO] [1775809354.428637587] [robot_simulator]: Received assignment: heavy_supply_1: heavy_supply_task_3 (Sterilization -> OperatingRoom2)
[INFO] [1775809354.429005906] [robot_simulator]: [heavy_supply_1] starts task: heavy_supply_task_3 (Sterilization -> OperatingRoom2)
[INFO] [1775809354.429599364] [robot_simulator]: Received assignment: lab_courier_1: equip_move_1 (Radiology -> ICU)
[INFO] [1775809354.429985185] [robot_simulator]: [lab_courier_1] starts task: equip_move_1 (Radiology -> ICU)
[INFO] [1775809354.430614397] [robot_simulator]: Received assignment: emergency_1: lab_samples_2 (Lab -> ER)
[INFO] [1775809354.430985488] [robot_simulator]: [emergency_1] starts task: lab_samples_2 (Lab -> ER)
[INFO] [1775809354.431572579] [robot_simulator]: Received assignment: general_1: clean_er (ER -> ER)
[INFO] [1775809354.432442167] [robot_simulator]: Received assignment: general_2: supply_stock_1 (Supply -> Pharmacy)
[INFO] [1775809354.433661143] [robot_simulator]: [general_2] starts task: supply_stock_1 (Supply -> Pharmacy)
[INFO] [1775809354.433854332] [robot_simulator]: [general_1] starts task: clean_er (ER -> ER)
[INFO] [1775809357.435264006] [robot_simulator]: [delivery_1] moved to ICU
[INFO] [1775809357.438063427] [robot_simulator]: [delivery_2] moved to Radiology
[INFO] [1775809357.443224835] [robot_simulator]: [cleaning_1] moved to WardA
[INFO] [1775809357.449590878] [robot_simulator]: [general_2] moved to Pharmacy
[INFO] [1775809357.450307702] [robot_simulator]: [general_1] moved to ER
[INFO] [1775809357.450761058] [robot_simulator]: [patient_mover_1] moved to ICU
[INFO] [1775809357.450880536] [robot_simulator]: [heavy_supply_1] moved to OperatingRoom2
[INFO] [1775809357.450980595] [robot_simulator]: [emergency_1] moved to ER
[INFO] [1775809357.451251605] [robot_simulator]: [delivery_3] moved to ICU
[INFO] [1775809357.451821645] [robot_simulator]: [patient_mover_2] moved to Recovery
[INFO] [1775809357.452303376] [robot_simulator]: [cleaning_2] moved to OperatingRoom1
[INFO] [1775809357.452844937] [robot_simulator]: [lab_courier_1] moved to ICU
[INFO] [1775809362.437069783] [robot_simulator]: [delivery_1] completed task: lab_courier_task_2 (Lab -> ICU)
[INFO] [1775809362.453121476] [robot_simulator]: [general_2] completed task: supply_stock_1 (Supply -> Pharmacy)
[INFO] [1775809362.454573918] [robot_simulator]: [patient_mover_1] completed task: patient_move_1 (ER -> ICU)
[INFO] [1775809362.455824442] [robot_simulator]: [patient_mover_2] completed task: patient_move_2 (Trauma -> Recovery)
[INFO] [1775809364.452185274] [robot_simulator]: [general_1] completed task: clean_er (ER -> ER)
[INFO] [1775809364.453562633] [robot_simulator]: [delivery_3] completed task: med_delivery_2 (Pharmacy -> ICU)
[INFO] [1775809365.439795747] [robot_simulator]: [delivery_2] completed task: lab_samples_1 (Lab -> Radiology)
[INFO] [1775809365.452034734] [robot_simulator]: [emergency_1] completed task: lab_samples_2 (Lab -> ER)
[INFO] [1775809365.453809987] [robot_simulator]: [lab_courier_1] completed task: equip_move_1 (Radiology -> ICU)
[INFO] [1775809366.444356833] [robot_simulator]: [cleaning_1] completed task: clean_ward_a (WardA -> WardA)
[INFO] [1775809366.452411386] [robot_simulator]: [heavy_supply_1] completed task: heavy_supply_task_3 (Sterilization -> OperatingRoom2)
[INFO] [1775809366.454161508] [robot_simulator]: [cleaning_2] completed task: supply_stock_2 (Supply -> OperatingRoom1)
[INFO] [1775809384.323269290] [robot_simulator]: Received assignment: delivery_1: clean_er (ER -> ER)
[INFO] [1775809384.323955130] [robot_simulator]: [delivery_1] starts task: clean_er (ER -> ER)
[INFO] [1775809384.325332241] [robot_simulator]: Received assignment: delivery_2: equip_move_1 (Radiology -> ICU)
[INFO] [1775809384.326684681] [robot_simulator]: Received assignment: delivery_3: lab_samples_1 (Lab -> Radiology)
[INFO] [1775809384.326838011] [robot_simulator]: [delivery_2] starts task: equip_move_1 (Radiology -> ICU)
[INFO] [1775809384.327859661] [robot_simulator]: Received assignment: cleaning_1: clean_ward_a (WardA -> WardA)
[INFO] [1775809384.329386942] [robot_simulator]: [delivery_3] starts task: lab_samples_1 (Lab -> Radiology)
[INFO] [1775809384.329590767] [robot_simulator]: Received assignment: cleaning_2: heavy_supply_task_3 (Sterilization -> OperatingRoom2)
[INFO] [1775809384.329920931] [robot_simulator]: [cleaning_1] starts task: clean_ward_a (WardA -> WardA)
[INFO] [1775809384.331016814] [robot_simulator]: [cleaning_2] starts task: heavy_supply_task_3 (Sterilization -> OperatingRoom2)
[INFO] [1775809384.331395887] [robot_simulator]: Received assignment: patient_mover_1: patient_move_2 (Trauma -> Recovery)
[INFO] [1775809384.331836649] [robot_simulator]: [patient_mover_1] starts task: patient_move_2 (Trauma -> Recovery)
[INFO] [1775809384.332555160] [robot_simulator]: Received assignment: patient_mover_2: lab_samples_2 (Lab -> ER)
[INFO] [1775809384.333705773] [robot_simulator]: [patient_mover_2] starts task: lab_samples_2 (Lab -> ER)
[INFO] [1775809384.333968484] [robot_simulator]: Received assignment: heavy_supply_1: supply_stock_2 (Supply -> OperatingRoom1)
[INFO] [1775809384.334804186] [robot_simulator]: Received assignment: lab_courier_1: lab_courier_task_2 (Lab -> ICU)
[INFO] [1775809384.335811904] [robot_simulator]: [heavy_supply_1] starts task: supply_stock_2 (Supply -> OperatingRoom1)
[INFO] [1775809384.336130735] [robot_simulator]: [lab_courier_1] starts task: lab_courier_task_2 (Lab -> ICU)
[INFO] [1775809384.336281311] [robot_simulator]: Received assignment: emergency_1: patient_move_1 (ER -> ICU)
[INFO] [1775809384.336904299] [robot_simulator]: Received assignment: general_1: med_delivery_2 (Pharmacy -> ICU)
[INFO] [1775809384.337834084] [robot_simulator]: [emergency_1] starts task: patient_move_1 (ER -> ICU)
[INFO] [1775809384.338097865] [robot_simulator]: Received assignment: general_2: supply_stock_1 (Supply -> Pharmacy)
[INFO] [1775809384.338299478] [robot_simulator]: [general_1] starts task: med_delivery_2 (Pharmacy -> ICU)
[INFO] [1775809384.338891568] [robot_simulator]: [general_2] starts task: supply_stock_1 (Supply -> Pharmacy)
[INFO] [1775809387.335488207] [robot_simulator]: [delivery_1] moved to ER
[INFO] [1775809387.345505992] [robot_simulator]: [patient_mover_2] moved to ER
[INFO] [1775809387.355687107] [robot_simulator]: [delivery_3] moved to Radiology
[INFO] [1775809387.356693452] [robot_simulator]: [general_1] moved to ICU
[INFO] [1775809387.358670055] [robot_simulator]: [cleaning_1] moved to WardA
[INFO] [1775809387.360616602] [robot_simulator]: [delivery_2] moved to ICU
[INFO] [1775809387.365370037] [robot_simulator]: [lab_courier_1] moved to ICU
[INFO] [1775809387.365865964] [robot_simulator]: [cleaning_2] moved to OperatingRoom2
[INFO] [1775809387.368114936] [robot_simulator]: [general_2] moved to Pharmacy
[INFO] [1775809387.369466255] [robot_simulator]: [patient_mover_1] moved to Recovery
[INFO] [1775809387.370282736] [robot_simulator]: [emergency_1] moved to ICU
[INFO] [1775809387.371642763] [robot_simulator]: [heavy_supply_1] moved to OperatingRoom1
[INFO] [1775809392.367196548] [robot_simulator]: [lab_courier_1] completed task: lab_courier_task_2 (Lab -> ICU)
[INFO] [1775809392.369927244] [robot_simulator]: [general_2] completed task: supply_stock_1 (Supply -> Pharmacy)
[INFO] [1775809392.371211654] [robot_simulator]: [patient_mover_1] completed task: patient_move_2 (Trauma -> Recovery)
[INFO] [1775809392.372396640] [robot_simulator]: [emergency_1] completed task: patient_move_1 (ER -> ICU)
[INFO] [1775809394.337313312] [robot_simulator]: [delivery_1] completed task: clean_er (ER -> ER)
[INFO] [1775809394.358815596] [robot_simulator]: [general_1] completed task: med_delivery_2 (Pharmacy -> ICU)
[INFO] [1775809395.347305993] [robot_simulator]: [patient_mover_2] completed task: lab_samples_2 (Lab -> ER)
[INFO] [1775809395.357444819] [robot_simulator]: [delivery_3] completed task: lab_samples_1 (Lab -> Radiology)
[INFO] [1775809395.361833175] [robot_simulator]: [delivery_2] completed task: equip_move_1 (Radiology -> ICU)
[INFO] [1775809396.360460851] [robot_simulator]: [cleaning_1] completed task: clean_ward_a (WardA -> WardA)
[INFO] [1775809396.367638245] [robot_simulator]: [cleaning_2] completed task: heavy_supply_task_3 (Sterilization -> OperatingRoom2)
[INFO] [1775809396.372508107] [robot_simulator]: [heavy_supply_1] completed task: supply_stock_2 (Supply -> OperatingRoom1)
[INFO] [1775809414.460125375] [robot_simulator]: Received assignment: delivery_1: med_delivery_2 (Pharmacy -> ICU)
[INFO] [1775809414.462355335] [robot_simulator]: [delivery_1] starts task: med_delivery_2 (Pharmacy -> ICU)
[INFO] [1775809414.462604531] [robot_simulator]: Received assignment: delivery_2: lab_samples_1 (Lab -> Radiology)
[INFO] [1775809414.464868597] [robot_simulator]: [delivery_2] starts task: lab_samples_1 (Lab -> Radiology)
[INFO] [1775809414.465064205] [robot_simulator]: Received assignment: delivery_3: equip_move_1 (Radiology -> ICU)
[INFO] [1775809414.467210175] [robot_simulator]: Received assignment: cleaning_1: clean_ward_a (WardA -> WardA)
[INFO] [1775809414.468331783] [robot_simulator]: [delivery_3] starts task: equip_move_1 (Radiology -> ICU)
[INFO] [1775809414.469708083] [robot_simulator]: [cleaning_1] starts task: clean_ward_a (WardA -> WardA)
[INFO] [1775809414.469989697] [robot_simulator]: Received assignment: cleaning_2: clean_er (ER -> ER)
[INFO] [1775809414.471692605] [robot_simulator]: [cleaning_2] starts task: clean_er (ER -> ER)
[INFO] [1775809414.471802200] [robot_simulator]: Received assignment: patient_mover_1: patient_move_2 (Trauma -> Recovery)
[INFO] [1775809414.472980582] [robot_simulator]: Received assignment: patient_mover_2: patient_move_1 (ER -> ICU)
[INFO] [1775809414.473448050] [robot_simulator]: [patient_mover_1] starts task: patient_move_2 (Trauma -> Recovery)
[INFO] [1775809414.474255776] [robot_simulator]: [patient_mover_2] starts task: patient_move_1 (ER -> ICU)
[INFO] [1775809414.475179651] [robot_simulator]: Received assignment: heavy_supply_1: heavy_supply_task_3 (Sterilization -> OperatingRoom2)
[INFO] [1775809414.475811486] [robot_simulator]: [heavy_supply_1] starts task: heavy_supply_task_3 (Sterilization -> OperatingRoom2)
[INFO] [1775809414.476614635] [robot_simulator]: Received assignment: lab_courier_1: lab_courier_task_6 (Lab -> Radiology)
[INFO] [1775809414.477291197] [robot_simulator]: [lab_courier_1] starts task: lab_courier_task_6 (Lab -> Radiology)
[INFO] [1775809414.478081921] [robot_simulator]: Received assignment: emergency_1: lab_courier_task_2 (Lab -> ICU)
[INFO] [1775809414.478750705] [robot_simulator]: [emergency_1] starts task: lab_courier_task_2 (Lab -> ICU)
[INFO] [1775809414.479505778] [robot_simulator]: Received assignment: general_1: lab_samples_2 (Lab -> ER)
[INFO] [1775809414.480738603] [robot_simulator]: Received assignment: general_2: supply_stock_1 (Supply -> Pharmacy)
[INFO] [1775809414.482026523] [robot_simulator]: [general_2] starts task: supply_stock_1 (Supply -> Pharmacy)
[INFO] [1775809414.482256459] [robot_simulator]: [general_1] starts task: lab_samples_2 (Lab -> ER)
[INFO] [1775809417.474773783] [robot_simulator]: [delivery_1] moved to ICU
[INFO] [1775809417.476300616] [robot_simulator]: [delivery_2] moved to Radiology
[INFO] [1775809417.481690445] [robot_simulator]: [delivery_3] moved to ICU
[INFO] [1775809417.489515644] [robot_simulator]: [cleaning_1] moved to WardA
[INFO] [1775809417.490781430] [robot_simulator]: [patient_mover_1] moved to Recovery
[INFO] [1775809417.491234032] [robot_simulator]: [heavy_supply_1] moved to OperatingRoom2
[INFO] [1775809417.492000366] [robot_simulator]: [cleaning_2] moved to ER
[INFO] [1775809417.492965405] [robot_simulator]: [patient_mover_2] moved to ICU
[INFO] [1775809417.494984114] [robot_simulator]: [lab_courier_1] moved to Radiology
[INFO] [1775809417.495988316] [robot_simulator]: [emergency_1] moved to ICU
[INFO] [1775809417.497125909] [robot_simulator]: [general_1] moved to ER
[INFO] [1775809417.498429531] [robot_simulator]: [general_2] moved to Pharmacy
[INFO] [1775809422.492716397] [robot_simulator]: [patient_mover_1] completed task: patient_move_2 (Trauma -> Recovery)
[INFO] [1775809422.494387473] [robot_simulator]: [patient_mover_2] completed task: patient_move_1 (ER -> ICU)
[INFO] [1775809422.496199665] [robot_simulator]: [lab_courier_1] completed task: lab_courier_task_6 (Lab -> Radiology)
[INFO] [1775809422.497613530] [robot_simulator]: [emergency_1] completed task: lab_courier_task_2 (Lab -> ICU)
[INFO] [1775809422.499515116] [robot_simulator]: [general_2] completed task: supply_stock_1 (Supply -> Pharmacy)
[INFO] [1775809424.475618310] [robot_simulator]: [delivery_1] completed task: med_delivery_2 (Pharmacy -> ICU)
[INFO] [1775809424.493194095] [robot_simulator]: [cleaning_2] completed task: clean_er (ER -> ER)
[INFO] [1775809425.478069022] [robot_simulator]: [delivery_2] completed task: lab_samples_1 (Lab -> Radiology)
[INFO] [1775809425.482898875] [robot_simulator]: [delivery_3] completed task: equip_move_1 (Radiology -> ICU)
[INFO] [1775809425.498910377] [robot_simulator]: [general_1] completed task: lab_samples_2 (Lab -> ER)
[INFO] [1775809426.491026502] [robot_simulator]: [cleaning_1] completed task: clean_ward_a (WardA -> WardA)
[INFO] [1775809426.493202527] [robot_simulator]: [heavy_supply_1] completed task: heavy_supply_task_3 (Sterilization -> OperatingRoom2)
[INFO] [1775809444.484058211] [robot_simulator]: Received assignment: delivery_1: lab_samples_1 (Lab -> Radiology)
[INFO] [1775809444.485163880] [robot_simulator]: Received assignment: delivery_2: equip_move_1 (Radiology -> ICU)
[INFO] [1775809444.485596374] [robot_simulator]: [delivery_1] starts task: lab_samples_1 (Lab -> Radiology)
[INFO] [1775809444.486571481] [robot_simulator]: Received assignment: delivery_3: med_delivery_2 (Pharmacy -> ICU)
[INFO] [1775809444.486875216] [robot_simulator]: [delivery_2] starts task: equip_move_1 (Radiology -> ICU)
[INFO] [1775809444.487287597] [robot_simulator]: [delivery_3] starts task: med_delivery_2 (Pharmacy -> ICU)
[INFO] [1775809444.487863074] [robot_simulator]: Received assignment: cleaning_1: clean_ward_a (WardA -> WardA)
[INFO] [1775809444.488176528] [robot_simulator]: [cleaning_1] starts task: clean_ward_a (WardA -> WardA)
[INFO] [1775809444.488710948] [robot_simulator]: Received assignment: cleaning_2: clean_er (ER -> ER)
[INFO] [1775809444.490098499] [robot_simulator]: [cleaning_2] starts task: clean_er (ER -> ER)
[INFO] [1775809444.490430302] [robot_simulator]: Received assignment: patient_mover_1: patient_move_2 (Trauma -> Recovery)
[INFO] [1775809444.492859407] [robot_simulator]: Received assignment: patient_mover_2: lab_courier_task_2 (Lab -> ICU)
[INFO] [1775809444.493040427] [robot_simulator]: [patient_mover_1] starts task: patient_move_2 (Trauma -> Recovery)
[INFO] [1775809444.494358962] [robot_simulator]: Received assignment: heavy_supply_1: supply_stock_2 (Supply -> OperatingRoom1)
[INFO] [1775809444.494828617] [robot_simulator]: [patient_mover_2] starts task: lab_courier_task_2 (Lab -> ICU)
[INFO] [1775809444.497284975] [robot_simulator]: [heavy_supply_1] starts task: supply_stock_2 (Supply -> OperatingRoom1)
[INFO] [1775809444.498485448] [robot_simulator]: Received assignment: lab_courier_1: lab_samples_2 (Lab -> ER)
[INFO] [1775809444.500641528] [robot_simulator]: Received assignment: emergency_1: lab_courier_task_6 (Lab -> Radiology)
[INFO] [1775809444.500999482] [robot_simulator]: [lab_courier_1] starts task: lab_samples_2 (Lab -> ER)
[INFO] [1775809444.502453549] [robot_simulator]: Received assignment: general_1: patient_move_1 (ER -> ICU)
[INFO] [1775809444.503479050] [robot_simulator]: Received assignment: general_2: supply_stock_1 (Supply -> Pharmacy)
[INFO] [1775809444.503852170] [robot_simulator]: [general_1] starts task: patient_move_1 (ER -> ICU)
[INFO] [1775809444.504951217] [robot_simulator]: [emergency_1] starts task: lab_courier_task_6 (Lab -> Radiology)
[INFO] [1775809444.505468271] [robot_simulator]: [general_2] starts task: supply_stock_1 (Supply -> Pharmacy)
[INFO] [1775809447.503394315] [robot_simulator]: [delivery_1] moved to Radiology
[INFO] [1775809447.505920026] [robot_simulator]: [cleaning_1] moved to WardA
[INFO] [1775809447.506548396] [robot_simulator]: [delivery_3] moved to ICU
[INFO] [1775809447.506721510] [robot_simulator]: [delivery_2] moved to ICU
[INFO] [1775809447.508155120] [robot_simulator]: [patient_mover_1] moved to Recovery
[INFO] [1775809447.508403916] [robot_simulator]: [patient_mover_2] moved to ICU
[INFO] [1775809447.509101540] [robot_simulator]: [cleaning_2] moved to ER
[INFO] [1775809447.510161985] [robot_simulator]: [heavy_supply_1] moved to OperatingRoom1
[INFO] [1775809447.510608506] [robot_simulator]: [lab_courier_1] moved to ER
[INFO] [1775809447.513584263] [robot_simulator]: [general_1] moved to ICU
[INFO] [1775809447.516730258] [robot_simulator]: [general_2] moved to Pharmacy
[INFO] [1775809447.517540668] [robot_simulator]: [emergency_1] moved to Radiology
[INFO] [1775809452.510545682] [robot_simulator]: [patient_mover_1] completed task: patient_move_2 (Trauma -> Recovery)
[INFO] [1775809452.511470091] [robot_simulator]: [patient_mover_2] completed task: lab_courier_task_2 (Lab -> ICU)
[INFO] [1775809452.515227942] [robot_simulator]: [general_1] completed task: patient_move_1 (ER -> ICU)
[INFO] [1775809452.520575687] [robot_simulator]: [emergency_1] completed task: lab_courier_task_6 (Lab -> Radiology)
[INFO] [1775809452.521146295] [robot_simulator]: [general_2] completed task: supply_stock_1 (Supply -> Pharmacy)
[INFO] [1775809454.508593746] [robot_simulator]: [delivery_3] completed task: med_delivery_2 (Pharmacy -> ICU)
[INFO] [1775809454.510752227] [robot_simulator]: [cleaning_2] completed task: clean_er (ER -> ER)
[INFO] [1775809455.505392663] [robot_simulator]: [delivery_1] completed task: lab_samples_1 (Lab -> Radiology)
[INFO] [1775809455.508450634] [robot_simulator]: [delivery_2] completed task: equip_move_1 (Radiology -> ICU)
[INFO] [1775809455.511954369] [robot_simulator]: [lab_courier_1] completed task: lab_samples_2 (Lab -> ER)
[INFO] [1775809456.507845459] [robot_simulator]: [cleaning_1] completed task: clean_ward_a (WardA -> WardA)
[INFO] [1775809456.512036794] [robot_simulator]: [heavy_supply_1] completed task: supply_stock_2 (Supply -> OperatingRoom1)
[INFO] [1775809474.480730065] [robot_simulator]: Received assignment: delivery_1: equip_move_1 (Radiology -> ICU)
[INFO] [1775809474.482521375] [robot_simulator]: [delivery_1] starts task: equip_move_1 (Radiology -> ICU)
[INFO] [1775809474.482856903] [robot_simulator]: Received assignment: delivery_2: lab_samples_1 (Lab -> Radiology)
[INFO] [1775809474.483983651] [robot_simulator]: [delivery_2] starts task: lab_samples_1 (Lab -> Radiology)
[INFO] [1775809474.484314178] [robot_simulator]: Received assignment: delivery_3: lab_courier_task_6 (Lab -> Radiology)
[INFO] [1775809474.485784113] [robot_simulator]: [delivery_3] starts task: lab_courier_task_6 (Lab -> Radiology)
[INFO] [1775809474.485917821] [robot_simulator]: Received assignment: cleaning_1: clean_ward_a (WardA -> WardA)
[INFO] [1775809474.487167380] [robot_simulator]: [cleaning_1] starts task: clean_ward_a (WardA -> WardA)
[INFO] [1775809474.487423423] [robot_simulator]: Received assignment: cleaning_2: clean_er (ER -> ER)
[INFO] [1775809474.488941166] [robot_simulator]: Received assignment: patient_mover_1: patient_move_2 (Trauma -> Recovery)
[INFO] [1775809474.489894406] [robot_simulator]: [cleaning_2] starts task: clean_er (ER -> ER)
[INFO] [1775809474.490881707] [robot_simulator]: [patient_mover_1] starts task: patient_move_2 (Trauma -> Recovery)
[INFO] [1775809474.491165773] [robot_simulator]: Received assignment: patient_mover_2: patient_move_1 (ER -> ICU)
[INFO] [1775809474.492525481] [robot_simulator]: [patient_mover_2] starts task: patient_move_1 (ER -> ICU)
[INFO] [1775809474.492939158] [robot_simulator]: Received assignment: heavy_supply_1: heavy_supply_task_3 (Sterilization -> OperatingRoom2)
[INFO] [1775809474.495088866] [robot_simulator]: [heavy_supply_1] starts task: heavy_supply_task_3 (Sterilization -> OperatingRoom2)
[INFO] [1775809474.495273713] [robot_simulator]: Received assignment: lab_courier_1: med_delivery_2 (Pharmacy -> ICU)
[INFO] [1775809474.497263870] [robot_simulator]: Received assignment: emergency_1: lab_samples_2 (Lab -> ER)
[INFO] [1775809474.498531048] [robot_simulator]: [lab_courier_1] starts task: med_delivery_2 (Pharmacy -> ICU)
[INFO] [1775809474.500561483] [robot_simulator]: Received assignment: general_1: lab_courier_task_2 (Lab -> ICU)
[INFO] [1775809474.500984153] [robot_simulator]: [emergency_1] starts task: lab_samples_2 (Lab -> ER)
[INFO] [1775809474.504079844] [robot_simulator]: [general_1] starts task: lab_courier_task_2 (Lab -> ICU)
[INFO] [1775809474.504876013] [robot_simulator]: Received assignment: general_2: supply_stock_1 (Supply -> Pharmacy)
[INFO] [1775809474.506850612] [robot_simulator]: [general_2] starts task: supply_stock_1 (Supply -> Pharmacy)
[INFO] [1775809477.496618085] [robot_simulator]: [delivery_1] moved to ICU
[INFO] [1775809477.498633092] [robot_simulator]: [delivery_2] moved to Radiology
[INFO] [1775809477.502162916] [robot_simulator]: [delivery_3] moved to Radiology
[INFO] [1775809477.502371162] [robot_simulator]: [cleaning_2] moved to ER
[INFO] [1775809477.505482866] [robot_simulator]: [cleaning_1] moved to WardA
[INFO] [1775809477.506127512] [robot_simulator]: [patient_mover_2] moved to ICU
[INFO] [1775809477.506294321] [robot_simulator]: [patient_mover_1] moved to Recovery
[INFO] [1775809477.506937341] [robot_simulator]: [heavy_supply_1] moved to OperatingRoom2
[INFO] [1775809477.510209236] [robot_simulator]: [lab_courier_1] moved to ICU
[INFO] [1775809477.512824331] [robot_simulator]: [emergency_1] moved to ER
[INFO] [1775809477.515586718] [robot_simulator]: [general_1] moved to ICU
[INFO] [1775809477.519970512] [robot_simulator]: [general_2] moved to Pharmacy
[INFO] [1775809482.503574129] [robot_simulator]: [delivery_3] completed task: lab_courier_task_6 (Lab -> Radiology)
[INFO] [1775809482.509171945] [robot_simulator]: [patient_mover_1] completed task: patient_move_2 (Trauma -> Recovery)
[INFO] [1775809482.510012233] [robot_simulator]: [patient_mover_2] completed task: patient_move_1 (ER -> ICU)
[INFO] [1775809482.517423544] [robot_simulator]: [general_1] completed task: lab_courier_task_2 (Lab -> ICU)
[INFO] [1775809482.522116728] [robot_simulator]: [general_2] completed task: supply_stock_1 (Supply -> Pharmacy)
[INFO] [1775809484.504112655] [robot_simulator]: [cleaning_2] completed task: clean_er (ER -> ER)
[INFO] [1775809484.511454886] [robot_simulator]: [lab_courier_1] completed task: med_delivery_2 (Pharmacy -> ICU)
[INFO] [1775809485.498502287] [robot_simulator]: [delivery_1] completed task: equip_move_1 (Radiology -> ICU)
[INFO] [1775809485.500078940] [robot_simulator]: [delivery_2] completed task: lab_samples_1 (Lab -> Radiology)
[INFO] [1775809485.514112960] [robot_simulator]: [emergency_1] completed task: lab_samples_2 (Lab -> ER)
[INFO] [1775809486.507227084] [robot_simulator]: [cleaning_1] completed task: clean_ward_a (WardA -> WardA)
[INFO] [1775809486.509417272] [robot_simulator]: [heavy_supply_1] completed task: heavy_supply_task_3 (Sterilization -> OperatingRoom2)
[INFO] [1775809504.487502794] [robot_simulator]: Received assignment: delivery_1: lab_courier_task_6 (Lab -> Radiology)
[INFO] [1775809504.488298588] [robot_simulator]: [delivery_1] starts task: lab_courier_task_6 (Lab -> Radiology)
[INFO] [1775809504.489054101] [robot_simulator]: Received assignment: delivery_2: lab_samples_1 (Lab -> Radiology)
[INFO] [1775809504.489441087] [robot_simulator]: [delivery_2] starts task: lab_samples_1 (Lab -> Radiology)
[INFO] [1775809504.490076471] [robot_simulator]: Received assignment: delivery_3: equip_move_1 (Radiology -> ICU)
[INFO] [1775809504.490444836] [robot_simulator]: [delivery_3] starts task: equip_move_1 (Radiology -> ICU)
[INFO] [1775809504.491040495] [robot_simulator]: Received assignment: cleaning_1: clean_ward_a (WardA -> WardA)
[INFO] [1775809504.491480804] [robot_simulator]: [cleaning_1] starts task: clean_ward_a (WardA -> WardA)
[INFO] [1775809504.492493231] [robot_simulator]: Received assignment: cleaning_2: clean_er (ER -> ER)
[INFO] [1775809504.492936423] [robot_simulator]: [cleaning_2] starts task: clean_er (ER -> ER)
[INFO] [1775809504.493586664] [robot_simulator]: Received assignment: patient_mover_1: heavy_supply_task_9 (Sterilization -> OperatingRoom1)
[INFO] [1775809504.494044327] [robot_simulator]: [patient_mover_1] starts task: heavy_supply_task_9 (Sterilization -> OperatingRoom1)
[INFO] [1775809504.494682095] [robot_simulator]: Received assignment: patient_mover_2: patient_move_2 (Trauma -> Recovery)
[INFO] [1775809504.495070343] [robot_simulator]: [patient_mover_2] starts task: patient_move_2 (Trauma -> Recovery)
[INFO] [1775809504.495660471] [robot_simulator]: Received assignment: heavy_supply_1: heavy_supply_task_8 (Sterilization -> OperatingRoom1)
[INFO] [1775809504.496543348] [robot_simulator]: Received assignment: lab_courier_1: lab_courier_task_2 (Lab -> ICU)
[INFO] [1775809504.497334570] [robot_simulator]: [heavy_supply_1] starts task: heavy_supply_task_8 (Sterilization -> OperatingRoom1)
[INFO] [1775809504.497759666] [robot_simulator]: Received assignment: emergency_1: patient_move_1 (ER -> ICU)
[INFO] [1775809504.498617409] [robot_simulator]: [lab_courier_1] starts task: lab_courier_task_2 (Lab -> ICU)
[INFO] [1775809504.498990142] [robot_simulator]: Received assignment: general_1: lab_samples_2 (Lab -> ER)
[INFO] [1775809504.499813918] [robot_simulator]: [emergency_1] starts task: patient_move_1 (ER -> ICU)
[INFO] [1775809504.500464866] [robot_simulator]: [general_1] starts task: lab_samples_2 (Lab -> ER)
[INFO] [1775809504.500860001] [robot_simulator]: Received assignment: general_2: med_delivery_2 (Pharmacy -> ICU)
[INFO] [1775809504.501905554] [robot_simulator]: [general_2] starts task: med_delivery_2 (Pharmacy -> ICU)
[INFO] [1775809507.509105837] [robot_simulator]: [delivery_1] moved to Radiology
[INFO] [1775809507.511858238] [robot_simulator]: [lab_courier_1] moved to ICU
[INFO] [1775809507.512301309] [robot_simulator]: [cleaning_1] moved to WardA
[INFO] [1775809507.512769290] [robot_simulator]: [heavy_supply_1] moved to OperatingRoom1
[INFO] [1775809507.513971915] [robot_simulator]: [patient_mover_1] moved to OperatingRoom1
[INFO] [1775809507.515449198] [robot_simulator]: [emergency_1] moved to ICU
[INFO] [1775809507.516493995] [robot_simulator]: [cleaning_2] moved to ER
[INFO] [1775809507.518365754] [robot_simulator]: [general_2] moved to ICU
[INFO] [1775809507.518888200] [robot_simulator]: [general_1] moved to ER
[INFO] [1775809507.519218673] [robot_simulator]: [delivery_3] moved to ICU
[INFO] [1775809507.520484571] [robot_simulator]: [delivery_2] moved to Radiology
[INFO] [1775809507.521356200] [robot_simulator]: [patient_mover_2] moved to Recovery
[INFO] [1775809512.510481441] [robot_simulator]: [delivery_1] completed task: lab_courier_task_6 (Lab -> Radiology)
[INFO] [1775809512.512938995] [robot_simulator]: [lab_courier_1] completed task: lab_courier_task_2 (Lab -> ICU)
[INFO] [1775809512.516472857] [robot_simulator]: [emergency_1] completed task: patient_move_1 (ER -> ICU)
[INFO] [1775809512.522812974] [robot_simulator]: [patient_mover_2] completed task: patient_move_2 (Trauma -> Recovery)
[INFO] [1775809514.513337550] [robot_simulator]: [heavy_supply_1] completed task: heavy_supply_task_8 (Sterilization -> OperatingRoom1)
[INFO] [1775809514.517132640] [robot_simulator]: [cleaning_2] completed task: clean_er (ER -> ER)
[INFO] [1775809514.518822308] [robot_simulator]: [general_2] completed task: med_delivery_2 (Pharmacy -> ICU)
[INFO] [1775809515.523879686] [robot_simulator]: [delivery_3] completed task: equip_move_1 (Radiology -> ICU)
[INFO] [1775809515.525252469] [robot_simulator]: [general_1] completed task: lab_samples_2 (Lab -> ER)
[INFO] [1775809515.526756074] [robot_simulator]: [delivery_2] completed task: lab_samples_1 (Lab -> Radiology)
[INFO] [1775809516.513251131] [robot_simulator]: [cleaning_1] completed task: clean_ward_a (WardA -> WardA)
[INFO] [1775809516.515053879] [robot_simulator]: [patient_mover_1] completed task: heavy_supply_task_9 (Sterilization -> OperatingRoom1)
[INFO] [1775809534.479784232] [robot_simulator]: Received assignment: delivery_1: lab_samples_1 (Lab -> Radiology)
[INFO] [1775809534.484755107] [robot_simulator]: Received assignment: delivery_2: equip_move_1 (Radiology -> ICU)
[INFO] [1775809534.485111757] [robot_simulator]: [delivery_1] starts task: lab_samples_1 (Lab -> Radiology)
[INFO] [1775809534.487152030] [robot_simulator]: Received assignment: delivery_3: med_delivery_2 (Pharmacy -> ICU)
[INFO] [1775809534.487309530] [robot_simulator]: [delivery_2] starts task: equip_move_1 (Radiology -> ICU)
[INFO] [1775809534.489115401] [robot_simulator]: Received assignment: cleaning_1: clean_ward_a (WardA -> WardA)
[INFO] [1775809534.489564336] [robot_simulator]: [delivery_3] starts task: med_delivery_2 (Pharmacy -> ICU)
[INFO] [1775809534.490857291] [robot_simulator]: [cleaning_1] starts task: clean_ward_a (WardA -> WardA)
[INFO] [1775809534.491059297] [robot_simulator]: Received assignment: cleaning_2: clean_er (ER -> ER)
[INFO] [1775809534.491502679] [robot_simulator]: [cleaning_2] starts task: clean_er (ER -> ER)
[INFO] [1775809534.492159588] [robot_simulator]: Received assignment: patient_mover_1: heavy_supply_task_9 (Sterilization -> OperatingRoom1)
[INFO] [1775809534.492897937] [robot_simulator]: Received assignment: patient_mover_2: lab_samples_2 (Lab -> ER)
[INFO] [1775809534.493602094] [robot_simulator]: [patient_mover_2] starts task: lab_samples_2 (Lab -> ER)
[INFO] [1775809534.494066955] [robot_simulator]: [patient_mover_1] starts task: heavy_supply_task_9 (Sterilization -> OperatingRoom1)
[INFO] [1775809534.495050434] [robot_simulator]: Received assignment: heavy_supply_1: heavy_supply_task_8 (Sterilization -> OperatingRoom1)
[INFO] [1775809534.495685919] [robot_simulator]: [heavy_supply_1] starts task: heavy_supply_task_8 (Sterilization -> OperatingRoom1)
[INFO] [1775809534.496673726] [robot_simulator]: Received assignment: lab_courier_1: lab_courier_task_2 (Lab -> ICU)
[INFO] [1775809534.497988517] [robot_simulator]: Received assignment: emergency_1: patient_move_2 (Trauma -> Recovery)
[INFO] [1775809534.499426746] [robot_simulator]: [lab_courier_1] starts task: lab_courier_task_2 (Lab -> ICU)
[INFO] [1775809534.500165101] [robot_simulator]: [emergency_1] starts task: patient_move_2 (Trauma -> Recovery)
[INFO] [1775809534.500397352] [robot_simulator]: Received assignment: general_1: patient_move_1 (ER -> ICU)
[INFO] [1775809534.501915113] [robot_simulator]: [general_1] starts task: patient_move_1 (ER -> ICU)
[INFO] [1775809534.502233202] [robot_simulator]: Received assignment: general_2: lab_courier_task_6 (Lab -> Radiology)
[INFO] [1775809534.503194359] [robot_simulator]: [general_2] starts task: lab_courier_task_6 (Lab -> Radiology)
[INFO] [1775809537.497978544] [robot_simulator]: [delivery_1] moved to Radiology
[INFO] [1775809537.499151222] [robot_simulator]: [delivery_2] moved to ICU
[INFO] [1775809537.501632994] [robot_simulator]: [delivery_3] moved to ICU
[INFO] [1775809537.506028725] [robot_simulator]: [cleaning_1] moved to WardA
[INFO] [1775809537.511385686] [robot_simulator]: [cleaning_2] moved to ER
[INFO] [1775809537.514475795] [robot_simulator]: [heavy_supply_1] moved to OperatingRoom1
[INFO] [1775809537.515721102] [robot_simulator]: [patient_mover_2] moved to ER
[INFO] [1775809537.518295348] [robot_simulator]: [emergency_1] moved to Recovery
[INFO] [1775809537.518638143] [robot_simulator]: [patient_mover_1] moved to OperatingRoom1
[INFO] [1775809537.519504180] [robot_simulator]: [general_1] moved to ICU
[INFO] [1775809537.521359783] [robot_simulator]: [lab_courier_1] moved to ICU
[INFO] [1775809537.521706866] [robot_simulator]: [general_2] moved to Radiology
[INFO] [1775809542.519615137] [robot_simulator]: [emergency_1] completed task: patient_move_2 (Trauma -> Recovery)
[INFO] [1775809542.521558443] [robot_simulator]: [general_1] completed task: patient_move_1 (ER -> ICU)
[INFO] [1775809542.524112758] [robot_simulator]: [general_2] completed task: lab_courier_task_6 (Lab -> Radiology)
[INFO] [1775809542.525001481] [robot_simulator]: [lab_courier_1] completed task: lab_courier_task_2 (Lab -> ICU)
[INFO] [1775809544.502874105] [robot_simulator]: [delivery_3] completed task: med_delivery_2 (Pharmacy -> ICU)
[INFO] [1775809544.513241577] [robot_simulator]: [cleaning_2] completed task: clean_er (ER -> ER)
[INFO] [1775809544.516063262] [robot_simulator]: [heavy_supply_1] completed task: heavy_supply_task_8 (Sterilization -> OperatingRoom1)
[INFO] [1775809545.501471053] [robot_simulator]: [delivery_1] completed task: lab_samples_1 (Lab -> Radiology)
[INFO] [1775809545.503058308] [robot_simulator]: [delivery_2] completed task: equip_move_1 (Radiology -> ICU)
[INFO] [1775809545.518162551] [robot_simulator]: [patient_mover_2] completed task: lab_samples_2 (Lab -> ER)
[INFO] [1775809546.508096152] [robot_simulator]: [cleaning_1] completed task: clean_ward_a (WardA -> WardA)
[INFO] [1775809546.520489360] [robot_simulator]: [patient_mover_1] completed task: heavy_supply_task_9 (Sterilization -> OperatingRoom1)
[INFO] [1775809564.467980509] [robot_simulator]: Received assignment: delivery_1: equip_move_1 (Radiology -> ICU)
[INFO] [1775809564.469582663] [robot_simulator]: [delivery_1] starts task: equip_move_1 (Radiology -> ICU)
[INFO] [1775809564.470435383] [robot_simulator]: Received assignment: delivery_2: lab_samples_1 (Lab -> Radiology)
[INFO] [1775809564.470877263] [robot_simulator]: [delivery_2] starts task: lab_samples_1 (Lab -> Radiology)
[INFO] [1775809564.472463360] [robot_simulator]: Received assignment: delivery_3: med_delivery_2 (Pharmacy -> ICU)
[INFO] [1775809564.473072969] [robot_simulator]: [delivery_3] starts task: med_delivery_2 (Pharmacy -> ICU)
[INFO] [1775809564.473959632] [robot_simulator]: Received assignment: cleaning_1: clean_ward_a (WardA -> WardA)
[INFO] [1775809564.475270819] [robot_simulator]: [cleaning_1] starts task: clean_ward_a (WardA -> WardA)
[INFO] [1775809564.475398354] [robot_simulator]: Received assignment: cleaning_2: clean_er (ER -> ER)
[INFO] [1775809564.475965824] [robot_simulator]: [cleaning_2] starts task: clean_er (ER -> ER)
[INFO] [1775809564.476653304] [robot_simulator]: Received assignment: patient_mover_1: heavy_supply_task_9 (Sterilization -> OperatingRoom1)
[INFO] [1775809564.477121062] [robot_simulator]: [patient_mover_1] starts task: heavy_supply_task_9 (Sterilization -> OperatingRoom1)
[INFO] [1775809564.477739043] [robot_simulator]: Received assignment: patient_mover_2: patient_move_1 (ER -> ICU)
[INFO] [1775809564.478171205] [robot_simulator]: [patient_mover_2] starts task: patient_move_1 (ER -> ICU)
[INFO] [1775809564.478840266] [robot_simulator]: Received assignment: heavy_supply_1: heavy_supply_task_8 (Sterilization -> OperatingRoom1)
[INFO] [1775809564.479860383] [robot_simulator]: [heavy_supply_1] starts task: heavy_supply_task_8 (Sterilization -> OperatingRoom1)
[INFO] [1775809564.479996372] [robot_simulator]: Received assignment: lab_courier_1: lab_courier_task_2 (Lab -> ICU)
[INFO] [1775809564.480962737] [robot_simulator]: Received assignment: emergency_1: patient_move_2 (Trauma -> Recovery)
[INFO] [1775809564.481047381] [robot_simulator]: [lab_courier_1] starts task: lab_courier_task_2 (Lab -> ICU)
[INFO] [1775809564.482090524] [robot_simulator]: Received assignment: general_1: lab_samples_2 (Lab -> ER)
[INFO] [1775809564.482155845] [robot_simulator]: [emergency_1] starts task: patient_move_2 (Trauma -> Recovery)
[INFO] [1775809564.483482634] [robot_simulator]: [general_1] starts task: lab_samples_2 (Lab -> ER)
[INFO] [1775809564.483954163] [robot_simulator]: Received assignment: general_2: lab_courier_task_6 (Lab -> Radiology)
[INFO] [1775809564.485364034] [robot_simulator]: [general_2] starts task: lab_courier_task_6 (Lab -> Radiology)
[INFO] [1775809567.480926515] [robot_simulator]: [delivery_1] moved to ICU
[INFO] [1775809567.482731262] [robot_simulator]: [delivery_2] moved to Radiology
[INFO] [1775809567.483260673] [robot_simulator]: [delivery_3] moved to ICU
[INFO] [1775809567.486629697] [robot_simulator]: [cleaning_2] moved to ER
[INFO] [1775809567.486999929] [robot_simulator]: [patient_mover_1] moved to OperatingRoom1
[INFO] [1775809567.487690303] [robot_simulator]: [cleaning_1] moved to WardA
[INFO] [1775809567.488688421] [robot_simulator]: [heavy_supply_1] moved to OperatingRoom1
[INFO] [1775809567.489570535] [robot_simulator]: [patient_mover_2] moved to ICU
[INFO] [1775809567.490005371] [robot_simulator]: [lab_courier_1] moved to ICU
[INFO] [1775809567.492136692] [robot_simulator]: [emergency_1] moved to Recovery
[INFO] [1775809567.494611848] [robot_simulator]: [general_2] moved to Radiology
[INFO] [1775809567.494961418] [robot_simulator]: [general_1] moved to ER
[INFO] [1775809572.494439090] [robot_simulator]: [patient_mover_2] completed task: patient_move_1 (ER -> ICU)
[INFO] [1775809572.497377052] [robot_simulator]: [lab_courier_1] completed task: lab_courier_task_2 (Lab -> ICU)
[INFO] [1775809572.498417307] [robot_simulator]: [general_2] completed task: lab_courier_task_6 (Lab -> Radiology)
[INFO] [1775809572.498697202] [robot_simulator]: [emergency_1] completed task: patient_move_2 (Trauma -> Recovery)
[INFO] [1775809574.485354200] [robot_simulator]: [delivery_3] completed task: med_delivery_2 (Pharmacy -> ICU)
[INFO] [1775809574.488056736] [robot_simulator]: [cleaning_2] completed task: clean_er (ER -> ER)
[INFO] [1775809574.489792217] [robot_simulator]: [heavy_supply_1] completed task: heavy_supply_task_8 (Sterilization -> OperatingRoom1)
[INFO] [1775809575.481795180] [robot_simulator]: [delivery_1] completed task: equip_move_1 (Radiology -> ICU)
[INFO] [1775809575.483293981] [robot_simulator]: [delivery_2] completed task: lab_samples_1 (Lab -> Radiology)
[INFO] [1775809575.496181458] [robot_simulator]: [general_1] completed task: lab_samples_2 (Lab -> ER)
[INFO] [1775809576.490790077] [robot_simulator]: [patient_mover_1] completed task: heavy_supply_task_9 (Sterilization -> OperatingRoom1)
[INFO] [1775809576.491916594] [robot_simulator]: [cleaning_1] completed task: clean_ward_a (WardA -> WardA)
[INFO] [1775809594.394982033] [robot_simulator]: Received assignment: delivery_1: lab_samples_1 (Lab -> Radiology)
[INFO] [1775809594.396179122] [robot_simulator]: [delivery_1] starts task: lab_samples_1 (Lab -> Radiology)
[INFO] [1775809594.396306300] [robot_simulator]: Received assignment: delivery_2: equip_move_1 (Radiology -> ICU)
[INFO] [1775809594.396808418] [robot_simulator]: [delivery_2] starts task: equip_move_1 (Radiology -> ICU)
[INFO] [1775809594.397451551] [robot_simulator]: Received assignment: delivery_3: lab_courier_task_6 (Lab -> Radiology)
[INFO] [1775809594.398414553] [robot_simulator]: [delivery_3] starts task: lab_courier_task_6 (Lab -> Radiology)
[INFO] [1775809594.399825637] [robot_simulator]: Received assignment: cleaning_1: clean_ward_a (WardA -> WardA)
[INFO] [1775809594.400258451] [robot_simulator]: [cleaning_1] starts task: clean_ward_a (WardA -> WardA)
[INFO] [1775809594.400881410] [robot_simulator]: Received assignment: cleaning_2: clean_er (ER -> ER)
[INFO] [1775809594.402529325] [robot_simulator]: [cleaning_2] starts task: clean_er (ER -> ER)
[INFO] [1775809594.402894618] [robot_simulator]: Received assignment: patient_mover_1: heavy_supply_task_9 (Sterilization -> OperatingRoom1)
[INFO] [1775809594.403351105] [robot_simulator]: [patient_mover_1] starts task: heavy_supply_task_9 (Sterilization -> OperatingRoom1)
[INFO] [1775809594.404351922] [robot_simulator]: Received assignment: patient_mover_2: patient_move_1 (ER -> ICU)
[INFO] [1775809594.405350188] [robot_simulator]: Received assignment: heavy_supply_1: heavy_supply_task_8 (Sterilization -> OperatingRoom1)
[INFO] [1775809594.406229746] [robot_simulator]: Received assignment: lab_courier_1: lab_courier_task_2 (Lab -> ICU)
[INFO] [1775809594.407255448] [robot_simulator]: [lab_courier_1] starts task: lab_courier_task_2 (Lab -> ICU)
[INFO] [1775809594.407499865] [robot_simulator]: [patient_mover_2] starts task: patient_move_1 (ER -> ICU)
[INFO] [1775809594.407845525] [robot_simulator]: Received assignment: emergency_1: patient_move_2 (Trauma -> Recovery)
[INFO] [1775809594.408105901] [robot_simulator]: [heavy_supply_1] starts task: heavy_supply_task_8 (Sterilization -> OperatingRoom1)
[INFO] [1775809594.408779633] [robot_simulator]: [emergency_1] starts task: patient_move_2 (Trauma -> Recovery)
[INFO] [1775809594.408908406] [robot_simulator]: Received assignment: general_1: med_delivery_2 (Pharmacy -> ICU)
[INFO] [1775809594.409624788] [robot_simulator]: Received assignment: general_2: lab_samples_2 (Lab -> ER)
[INFO] [1775809594.410522991] [robot_simulator]: [general_1] starts task: med_delivery_2 (Pharmacy -> ICU)
[INFO] [1775809594.410898296] [robot_simulator]: [general_2] starts task: lab_samples_2 (Lab -> ER)
[INFO] [1775809597.412742616] [robot_simulator]: [delivery_1] moved to Radiology
[INFO] [1775809597.413812794] [robot_simulator]: [delivery_2] moved to ICU
[INFO] [1775809597.416191042] [robot_simulator]: [cleaning_1] moved to WardA
[INFO] [1775809597.417071659] [robot_simulator]: [patient_mover_1] moved to OperatingRoom1
[INFO] [1775809597.418340098] [robot_simulator]: [delivery_3] moved to Radiology
[INFO] [1775809597.423452918] [robot_simulator]: [general_1] moved to ICU
[INFO] [1775809597.423588200] [robot_simulator]: [cleaning_2] moved to ER
[INFO] [1775809597.423776016] [robot_simulator]: [patient_mover_2] moved to ICU
[INFO] [1775809597.423881144] [robot_simulator]: [lab_courier_1] moved to ICU
[INFO] [1775809597.424193799] [robot_simulator]: [emergency_1] moved to Recovery
[INFO] [1775809597.424722754] [robot_simulator]: [general_2] moved to ER
[INFO] [1775809597.425045411] [robot_simulator]: [heavy_supply_1] moved to OperatingRoom1
[INFO] [1775809602.419817210] [robot_simulator]: [delivery_3] completed task: lab_courier_task_6 (Lab -> Radiology)
[INFO] [1775809602.429840093] [robot_simulator]: [patient_mover_2] completed task: patient_move_1 (ER -> ICU)
[INFO] [1775809602.430562333] [robot_simulator]: [lab_courier_1] completed task: lab_courier_task_2 (Lab -> ICU)
[INFO] [1775809602.431568640] [robot_simulator]: [emergency_1] completed task: patient_move_2 (Trauma -> Recovery)
[INFO] [1775809604.429370017] [robot_simulator]: [cleaning_2] completed task: clean_er (ER -> ER)
[INFO] [1775809604.430683829] [robot_simulator]: [general_1] completed task: med_delivery_2 (Pharmacy -> ICU)
[INFO] [1775809604.432008217] [robot_simulator]: [heavy_supply_1] completed task: heavy_supply_task_8 (Sterilization -> OperatingRoom1)
[INFO] [1775809605.415380400] [robot_simulator]: [delivery_2] completed task: equip_move_1 (Radiology -> ICU)
[INFO] [1775809605.415918246] [robot_simulator]: [delivery_1] completed task: lab_samples_1 (Lab -> Radiology)
[INFO] [1775809605.426188230] [robot_simulator]: [general_2] completed task: lab_samples_2 (Lab -> ER)
[INFO] [1775809606.418216148] [robot_simulator]: [cleaning_1] completed task: clean_ward_a (WardA -> WardA)
[INFO] [1775809606.419962837] [robot_simulator]: [patient_mover_1] completed task: heavy_supply_task_9 (Sterilization -> OperatingRoom1)
[INFO] [1775809624.561044755] [robot_simulator]: Received assignment: delivery_1: lab_samples_1 (Lab -> Radiology)
[INFO] [1775809624.562658876] [robot_simulator]: [delivery_1] starts task: lab_samples_1 (Lab -> Radiology)
[INFO] [1775809624.563893357] [robot_simulator]: Received assignment: delivery_2: lab_courier_task_6 (Lab -> Radiology)
[INFO] [1775809624.566234684] [robot_simulator]: [delivery_2] starts task: lab_courier_task_6 (Lab -> Radiology)
[INFO] [1775809624.566901832] [robot_simulator]: Received assignment: delivery_3: equip_move_1 (Radiology -> ICU)
[INFO] [1775809624.568459363] [robot_simulator]: Received assignment: cleaning_1: clean_ward_a (WardA -> WardA)
[INFO] [1775809624.569249368] [robot_simulator]: [delivery_3] starts task: equip_move_1 (Radiology -> ICU)
[INFO] [1775809624.572913953] [robot_simulator]: [cleaning_1] starts task: clean_ward_a (WardA -> WardA)
[INFO] [1775809624.573399603] [robot_simulator]: Received assignment: cleaning_2: clean_er (ER -> ER)
[INFO] [1775809624.574870427] [robot_simulator]: [cleaning_2] starts task: clean_er (ER -> ER)
[INFO] [1775809624.576144689] [robot_simulator]: Received assignment: patient_mover_1: heavy_supply_task_9 (Sterilization -> OperatingRoom1)
[INFO] [1775809624.577481800] [robot_simulator]: Received assignment: patient_mover_2: patient_move_2 (Trauma -> Recovery)
[INFO] [1775809624.578216524] [robot_simulator]: [patient_mover_1] starts task: heavy_supply_task_9 (Sterilization -> OperatingRoom1)
[INFO] [1775809624.579132241] [robot_simulator]: [patient_mover_2] starts task: patient_move_2 (Trauma -> Recovery)
[INFO] [1775809624.580812066] [robot_simulator]: Received assignment: heavy_supply_1: heavy_supply_task_8 (Sterilization -> OperatingRoom1)
[INFO] [1775809624.583853226] [robot_simulator]: [heavy_supply_1] starts task: heavy_supply_task_8 (Sterilization -> OperatingRoom1)
[INFO] [1775809624.585305806] [robot_simulator]: Received assignment: lab_courier_1: lab_courier_task_2 (Lab -> ICU)
[INFO] [1775809624.589058233] [robot_simulator]: [lab_courier_1] starts task: lab_courier_task_2 (Lab -> ICU)
[INFO] [1775809624.590587623] [robot_simulator]: Received assignment: emergency_1: patient_move_1 (ER -> ICU)
[INFO] [1775809624.591875229] [robot_simulator]: [emergency_1] starts task: patient_move_1 (ER -> ICU)
[INFO] [1775809624.592252429] [robot_simulator]: Received assignment: general_1: lab_samples_2 (Lab -> ER)
[INFO] [1775809624.594781448] [robot_simulator]: Received assignment: general_2: med_delivery_2 (Pharmacy -> ICU)
[INFO] [1775809624.596055425] [robot_simulator]: [general_1] starts task: lab_samples_2 (Lab -> ER)
[INFO] [1775809624.596407066] [robot_simulator]: [general_2] starts task: med_delivery_2 (Pharmacy -> ICU)
[INFO] [1775809627.575059673] [robot_simulator]: [delivery_1] moved to Radiology
[INFO] [1775809627.578417119] [robot_simulator]: [delivery_2] moved to Radiology
[INFO] [1775809627.582150550] [robot_simulator]: [delivery_3] moved to ICU
[INFO] [1775809627.584247552] [robot_simulator]: [cleaning_1] moved to WardA
[INFO] [1775809627.585199916] [robot_simulator]: [cleaning_2] moved to ER
[INFO] [1775809627.591491768] [robot_simulator]: [patient_mover_1] moved to OperatingRoom1
[INFO] [1775809627.592815913] [robot_simulator]: [patient_mover_2] moved to Recovery
[INFO] [1775809627.594783037] [robot_simulator]: [heavy_supply_1] moved to OperatingRoom1
[INFO] [1775809627.601041707] [robot_simulator]: [lab_courier_1] moved to ICU
[INFO] [1775809627.604266079] [robot_simulator]: [emergency_1] moved to ICU
[INFO] [1775809627.606718840] [robot_simulator]: [general_1] moved to ER
[INFO] [1775809627.608936451] [robot_simulator]: [general_2] moved to ICU
[INFO] [1775809632.579743731] [robot_simulator]: [delivery_2] completed task: lab_courier_task_6 (Lab -> Radiology)
[INFO] [1775809632.594393743] [robot_simulator]: [patient_mover_2] completed task: patient_move_2 (Trauma -> Recovery)
[INFO] [1775809632.602924005] [robot_simulator]: [lab_courier_1] completed task: lab_courier_task_2 (Lab -> ICU)
[INFO] [1775809632.606668402] [robot_simulator]: [emergency_1] completed task: patient_move_1 (ER -> ICU)
[INFO] [1775809634.586977105] [robot_simulator]: [cleaning_2] completed task: clean_er (ER -> ER)
[INFO] [1775809634.596173741] [robot_simulator]: [heavy_supply_1] completed task: heavy_supply_task_8 (Sterilization -> OperatingRoom1)
[INFO] [1775809634.610866000] [robot_simulator]: [general_2] completed task: med_delivery_2 (Pharmacy -> ICU)
[INFO] [1775809635.577089164] [robot_simulator]: [delivery_1] completed task: lab_samples_1 (Lab -> Radiology)
[INFO] [1775809635.583441636] [robot_simulator]: [delivery_3] completed task: equip_move_1 (Radiology -> ICU)
[INFO] [1775809635.608418607] [robot_simulator]: [general_1] completed task: lab_samples_2 (Lab -> ER)
[INFO] [1775809636.586067750] [robot_simulator]: [cleaning_1] completed task: clean_ward_a (WardA -> WardA)
[INFO] [1775809636.593315663] [robot_simulator]: [patient_mover_1] completed task: heavy_supply_task_9 (Sterilization -> OperatingRoom1)
[INFO] [1775809654.508016330] [robot_simulator]: Received assignment: delivery_1: lab_samples_1 (Lab -> Radiology)
[INFO] [1775809654.509026453] [robot_simulator]: [delivery_1] starts task: lab_samples_1 (Lab -> Radiology)
[INFO] [1775809654.509817015] [robot_simulator]: Received assignment: delivery_2: equip_move_1 (Radiology -> ICU)
[INFO] [1775809654.510659272] [robot_simulator]: Received assignment: delivery_3: lab_courier_task_6 (Lab -> Radiology)
[INFO] [1775809654.510891095] [robot_simulator]: [delivery_2] starts task: equip_move_1 (Radiology -> ICU)
[INFO] [1775809654.511337905] [robot_simulator]: [delivery_3] starts task: lab_courier_task_6 (Lab -> Radiology)
[INFO] [1775809654.511944970] [robot_simulator]: Received assignment: cleaning_1: clean_ward_a (WardA -> WardA)
[INFO] [1775809654.512768873] [robot_simulator]: [cleaning_1] starts task: clean_ward_a (WardA -> WardA)
[INFO] [1775809654.513727582] [robot_simulator]: Received assignment: cleaning_2: clean_er (ER -> ER)
[INFO] [1775809654.514954917] [robot_simulator]: [cleaning_2] starts task: clean_er (ER -> ER)
[INFO] [1775809654.515842155] [robot_simulator]: Received assignment: patient_mover_1: heavy_supply_task_9 (Sterilization -> OperatingRoom1)
[INFO] [1775809654.516417329] [robot_simulator]: [patient_mover_1] starts task: heavy_supply_task_9 (Sterilization -> OperatingRoom1)
[INFO] [1775809654.517225919] [robot_simulator]: Received assignment: patient_mover_2: patient_move_2 (Trauma -> Recovery)
[INFO] [1775809654.518246023] [robot_simulator]: [patient_mover_2] starts task: patient_move_2 (Trauma -> Recovery)
[INFO] [1775809654.518593457] [robot_simulator]: Received assignment: heavy_supply_1: heavy_supply_task_8 (Sterilization -> OperatingRoom1)
[INFO] [1775809654.519552541] [robot_simulator]: [heavy_supply_1] starts task: heavy_supply_task_8 (Sterilization -> OperatingRoom1)
[INFO] [1775809654.519935071] [robot_simulator]: Received assignment: lab_courier_1: lab_courier_task_2 (Lab -> ICU)
[INFO] [1775809654.520547368] [robot_simulator]: [lab_courier_1] starts task: lab_courier_task_2 (Lab -> ICU)
[INFO] [1775809654.521306447] [robot_simulator]: Received assignment: emergency_1: lab_courier_task_13 (Lab -> Radiology)
[INFO] [1775809654.521990080] [robot_simulator]: [emergency_1] starts task: lab_courier_task_13 (Lab -> Radiology)
[INFO] [1775809654.522655381] [robot_simulator]: Received assignment: general_1: patient_move_1 (ER -> ICU)
[INFO] [1775809654.523557157] [robot_simulator]: Received assignment: general_2: lab_samples_2 (Lab -> ER)
[INFO] [1775809654.524429873] [robot_simulator]: [general_2] starts task: lab_samples_2 (Lab -> ER)
[INFO] [1775809654.524966825] [robot_simulator]: [general_1] starts task: patient_move_1 (ER -> ICU)
[INFO] [1775809657.528895440] [robot_simulator]: [delivery_3] moved to Radiology
[INFO] [1775809657.531031976] [robot_simulator]: [cleaning_1] moved to WardA
[INFO] [1775809657.534749423] [robot_simulator]: [cleaning_2] moved to ER
[INFO] [1775809657.535825150] [robot_simulator]: [delivery_1] moved to Radiology
[INFO] [1775809657.536928536] [robot_simulator]: [heavy_supply_1] moved to OperatingRoom1
[INFO] [1775809657.538238241] [robot_simulator]: [patient_mover_1] moved to OperatingRoom1
[INFO] [1775809657.538918493] [robot_simulator]: [patient_mover_2] moved to Recovery
[INFO] [1775809657.539938307] [robot_simulator]: [emergency_1] moved to Radiology
[INFO] [1775809657.541271998] [robot_simulator]: [delivery_2] moved to ICU
[INFO] [1775809657.544866600] [robot_simulator]: [lab_courier_1] moved to ICU
[INFO] [1775809657.545176970] [robot_simulator]: [general_2] moved to ER
[INFO] [1775809657.545818559] [robot_simulator]: [general_1] moved to ICU
[INFO] [1775809662.530371133] [robot_simulator]: [delivery_3] completed task: lab_courier_task_6 (Lab -> Radiology)
[INFO] [1775809662.540615723] [robot_simulator]: [patient_mover_2] completed task: patient_move_2 (Trauma -> Recovery)
[INFO] [1775809662.547439910] [robot_simulator]: [general_1] completed task: patient_move_1 (ER -> ICU)
[INFO] [1775809662.548899350] [robot_simulator]: [lab_courier_1] completed task: lab_courier_task_2 (Lab -> ICU)
[INFO] [1775809664.535613368] [robot_simulator]: [cleaning_2] completed task: clean_er (ER -> ER)
[INFO] [1775809664.537729786] [robot_simulator]: [heavy_supply_1] completed task: heavy_supply_task_8 (Sterilization -> OperatingRoom1)
[INFO] [1775809664.540720820] [robot_simulator]: [emergency_1] completed task: lab_courier_task_13 (Lab -> Radiology)
[INFO] [1775809665.537723057] [robot_simulator]: [delivery_1] completed task: lab_samples_1 (Lab -> Radiology)
[INFO] [1775809665.543082432] [robot_simulator]: [delivery_2] completed task: equip_move_1 (Radiology -> ICU)
[INFO] [1775809665.546273640] [robot_simulator]: [general_2] completed task: lab_samples_2 (Lab -> ER)
[INFO] [1775809666.532984870] [robot_simulator]: [cleaning_1] completed task: clean_ward_a (WardA -> WardA)
[INFO] [1775809666.539412394] [robot_simulator]: [patient_mover_1] completed task: heavy_supply_task_9 (Sterilization -> OperatingRoom1)
[INFO] [1775809684.530238328] [robot_simulator]: Received assignment: delivery_1: lab_samples_1 (Lab -> Radiology)
[INFO] [1775809684.531177532] [robot_simulator]: Received assignment: delivery_2: lab_courier_task_6 (Lab -> Radiology)
[INFO] [1775809684.532007103] [robot_simulator]: Received assignment: delivery_3: equip_move_1 (Radiology -> ICU)
[INFO] [1775809684.532995700] [robot_simulator]: Received assignment: cleaning_1: clean_ward_a (WardA -> WardA)
[INFO] [1775809684.533845193] [robot_simulator]: [delivery_1] starts task: lab_samples_1 (Lab -> Radiology)
[INFO] [1775809684.534367777] [robot_simulator]: Received assignment: cleaning_2: clean_er (ER -> ER)
[INFO] [1775809684.535393782] [robot_simulator]: [cleaning_2] starts task: clean_er (ER -> ER)
[INFO] [1775809684.536288002] [robot_simulator]: [delivery_2] starts task: lab_courier_task_6 (Lab -> Radiology)
[INFO] [1775809684.536691049] [robot_simulator]: [cleaning_1] starts task: clean_ward_a (WardA -> WardA)
[INFO] [1775809684.537036616] [robot_simulator]: [delivery_3] starts task: equip_move_1 (Radiology -> ICU)
[INFO] [1775809684.537428094] [robot_simulator]: Received assignment: patient_mover_1: heavy_supply_task_9 (Sterilization -> OperatingRoom1)
[INFO] [1775809684.538107998] [robot_simulator]: [patient_mover_1] starts task: heavy_supply_task_9 (Sterilization -> OperatingRoom1)
[INFO] [1775809684.538988569] [robot_simulator]: Received assignment: patient_mover_2: patient_move_2 (Trauma -> Recovery)
[INFO] [1775809684.540450425] [robot_simulator]: [patient_mover_2] starts task: patient_move_2 (Trauma -> Recovery)
[INFO] [1775809684.541305461] [robot_simulator]: Received assignment: heavy_supply_1: heavy_supply_task_8 (Sterilization -> OperatingRoom1)
[INFO] [1775809684.541948175] [robot_simulator]: [heavy_supply_1] starts task: heavy_supply_task_8 (Sterilization -> OperatingRoom1)
[INFO] [1775809684.543122513] [robot_simulator]: Received assignment: lab_courier_1: lab_courier_task_2 (Lab -> ICU)
[INFO] [1775809684.543719957] [robot_simulator]: [lab_courier_1] starts task: lab_courier_task_2 (Lab -> ICU)
[INFO] [1775809684.545268727] [robot_simulator]: Received assignment: emergency_1: lab_courier_task_13 (Lab -> Radiology)
[INFO] [1775809684.546957557] [robot_simulator]: [emergency_1] starts task: lab_courier_task_13 (Lab -> Radiology)
[INFO] [1775809684.548195602] [robot_simulator]: Received assignment: general_1: lab_samples_2 (Lab -> ER)
[INFO] [1775809684.549379017] [robot_simulator]: [general_1] starts task: lab_samples_2 (Lab -> ER)
[INFO] [1775809684.550391391] [robot_simulator]: Received assignment: general_2: patient_move_1 (ER -> ICU)
[INFO] [1775809684.551596296] [robot_simulator]: [general_2] starts task: patient_move_1 (ER -> ICU)
[INFO] [1775809687.549269549] [robot_simulator]: [cleaning_2] moved to ER
[INFO] [1775809687.553541252] [robot_simulator]: [cleaning_1] moved to WardA
[INFO] [1775809687.554992146] [robot_simulator]: [delivery_1] moved to Radiology
[INFO] [1775809687.556465079] [robot_simulator]: [patient_mover_1] moved to OperatingRoom1
[INFO] [1775809687.557289409] [robot_simulator]: [delivery_2] moved to Radiology
[INFO] [1775809687.557393913] [robot_simulator]: [heavy_supply_1] moved to OperatingRoom1
[INFO] [1775809687.557586422] [robot_simulator]: [delivery_3] moved to ICU
[INFO] [1775809687.557777696] [robot_simulator]: [patient_mover_2] moved to Recovery
[INFO] [1775809687.559294480] [robot_simulator]: [emergency_1] moved to Radiology
[INFO] [1775809687.559564426] [robot_simulator]: [lab_courier_1] moved to ICU
[INFO] [1775809687.561426246] [robot_simulator]: [general_2] moved to ICU
[INFO] [1775809687.561969099] [robot_simulator]: [general_1] moved to ER
[INFO] [1775809692.559282192] [robot_simulator]: [delivery_2] completed task: lab_courier_task_6 (Lab -> Radiology)
[INFO] [1775809692.559530238] [robot_simulator]: [patient_mover_2] completed task: patient_move_2 (Trauma -> Recovery)
[INFO] [1775809692.560480676] [robot_simulator]: [lab_courier_1] completed task: lab_courier_task_2 (Lab -> ICU)
[INFO] [1775809692.562233699] [robot_simulator]: [general_2] completed task: patient_move_1 (ER -> ICU)
[INFO] [1775809694.550968356] [robot_simulator]: [cleaning_2] completed task: clean_er (ER -> ER)
[INFO] [1775809694.559434220] [robot_simulator]: [heavy_supply_1] completed task: heavy_supply_task_8 (Sterilization -> OperatingRoom1)
[INFO] [1775809694.561410951] [robot_simulator]: [emergency_1] completed task: lab_courier_task_13 (Lab -> Radiology)
[INFO] [1775809695.556475221] [robot_simulator]: [delivery_1] completed task: lab_samples_1 (Lab -> Radiology)
[INFO] [1775809695.559623979] [robot_simulator]: [delivery_3] completed task: equip_move_1 (Radiology -> ICU)
[INFO] [1775809695.563200976] [robot_simulator]: [general_1] completed task: lab_samples_2 (Lab -> ER)
[INFO] [1775809696.556139277] [robot_simulator]: [cleaning_1] completed task: clean_ward_a (WardA -> WardA)
[INFO] [1775809696.558170169] [robot_simulator]: [patient_mover_1] completed task: heavy_supply_task_9 (Sterilization -> OperatingRoom1)
