[0.948s] Invoking command in '/home/india/Documents/ai-hospital/hospital_ws/build/hospital_fleet_manager': DEBUGINFOD_URLS=https://debuginfod.ubuntu.com PYTHONPATH=/home/india/Documents/ai-hospital/hospital_ws/build/hospital_fleet_manager/prefix_override:/home/india/Documents/ai-hospital/hospital_ws/install/hospital_fleet_manager/lib/python3.12/site-packages:${PYTHONPATH} /usr/bin/python3 setup.py develop --editable --build-directory /home/india/Documents/ai-hospital/hospital_ws/build/hospital_fleet_manager/build --no-deps install_data
[1.210s] running develop
[1.210s] /usr/lib/python3/dist-packages/setuptools/command/develop.py:40: EasyInstallDeprecationWarning: easy_install command is deprecated.
[1.210s] !!
[1.210s] 
[1.210s]         ********************************************************************************
[1.210s]         Please avoid running ``setup.py`` and ``easy_install``.
[1.210s]         Instead, use pypa/build, pypa/installer or other
[1.211s]         standards-based tools.
[1.211s] 
[1.211s]         See https://github.com/pypa/setuptools/issues/917 for details.
[1.211s]         ********************************************************************************
[1.211s] 
[1.211s] !!
[1.211s]   easy_install.initialize_options(self)
[1.250s] /usr/lib/python3/dist-packages/setuptools/_distutils/cmd.py:66: SetuptoolsDeprecationWarning: setup.py install is deprecated.
[1.250s] !!
[1.251s] 
[1.251s]         ********************************************************************************
[1.251s]         Please avoid running ``setup.py`` directly.
[1.251s]         Instead, use pypa/build, pypa/installer or other
[1.251s]         standards-based tools.
[1.251s] 
[1.251s]         See https://blog.ganssle.io/articles/2021/10/setup-py-deprecated.html for details.
[1.251s]         ********************************************************************************
[1.251s] 
[1.252s] !!
[1.252s]   self.initialize_options()
[1.348s] /usr/lib/python3/dist-packages/setuptools/command/easy_install.py:363: UserWarning: Unbuilt egg for pytest-repeat [unknown version] (/usr/lib/python3/dist-packages)
[1.348s]   self.local_index = Environment(self.shadow_path + sys.path)
[1.372s] running egg_info
[1.390s] writing hospital_fleet_manager.egg-info/PKG-INFO
[1.390s] writing dependency_links to hospital_fleet_manager.egg-info/dependency_links.txt
[1.391s] writing entry points to hospital_fleet_manager.egg-info/entry_points.txt
[1.391s] writing requirements to hospital_fleet_manager.egg-info/requires.txt
[1.391s] writing top-level names to hospital_fleet_manager.egg-info/top_level.txt
[1.457s] reading manifest file 'hospital_fleet_manager.egg-info/SOURCES.txt'
[1.459s] writing manifest file 'hospital_fleet_manager.egg-info/SOURCES.txt'
[1.492s] running build_ext
[1.492s] Creating /home/india/Documents/ai-hospital/hospital_ws/install/hospital_fleet_manager/lib/python3.12/site-packages/hospital-fleet-manager.egg-link (link to .)
[1.492s] Installing dashboard script to /home/india/Documents/ai-hospital/hospital_ws/install/hospital_fleet_manager/lib/hospital_fleet_manager
[1.493s] Installing dashboard_visual script to /home/india/Documents/ai-hospital/hospital_ws/install/hospital_fleet_manager/lib/hospital_fleet_manager
[1.493s] Installing fleet_scheduler script to /home/india/Documents/ai-hospital/hospital_ws/install/hospital_fleet_manager/lib/hospital_fleet_manager
[1.493s] Installing robot_simulator script to /home/india/Documents/ai-hospital/hospital_ws/install/hospital_fleet_manager/lib/hospital_fleet_manager
[1.493s] 
[1.493s] Installed /home/india/Documents/ai-hospital/hospital_ws/build/hospital_fleet_manager
[1.493s] running install_data
[1.535s] Invoked command in '/home/india/Documents/ai-hospital/hospital_ws/build/hospital_fleet_manager' returned '0': DEBUGINFOD_URLS=https://debuginfod.ubuntu.com PYTHONPATH=/home/india/Documents/ai-hospital/hospital_ws/build/hospital_fleet_manager/prefix_override:/home/india/Documents/ai-hospital/hospital_ws/install/hospital_fleet_manager/lib/python3.12/site-packages:${PYTHONPATH} /usr/bin/python3 setup.py develop --editable --build-directory /home/india/Documents/ai-hospital/hospital_ws/build/hospital_fleet_manager/build --no-deps install_data
