[0.874s] Invoking command in '/home/india/Documents/ai-hospital/hospital_ws/build/hospital_fleet_manager': DEBUGINFOD_URLS=https://debuginfod.ubuntu.com PYTHONPATH=/home/india/Documents/ai-hospital/hospital_ws/build/hospital_fleet_manager/prefix_override:/home/india/Documents/ai-hospital/hospital_ws/install/hospital_fleet_manager/lib/python3.12/site-packages:${PYTHONPATH} /usr/bin/python3 setup.py develop --editable --build-directory /home/india/Documents/ai-hospital/hospital_ws/build/hospital_fleet_manager/build --no-deps install_data
[1.183s] running develop
[1.186s] /usr/lib/python3/dist-packages/setuptools/command/develop.py:40: EasyInstallDeprecationWarning: easy_install command is deprecated.
[1.186s] !!
[1.186s] 
[1.186s]         ********************************************************************************
[1.186s]         Please avoid running ``setup.py`` and ``easy_install``.
[1.186s]         Instead, use pypa/build, pypa/installer or other
[1.187s]         standards-based tools.
[1.187s] 
[1.187s]         See https://github.com/pypa/setuptools/issues/917 for details.
[1.187s]         ********************************************************************************
[1.187s] 
[1.187s] !!
[1.187s]   easy_install.initialize_options(self)
[1.211s] /usr/lib/python3/dist-packages/setuptools/_distutils/cmd.py:66: SetuptoolsDeprecationWarning: setup.py install is deprecated.
[1.211s] !!
[1.211s] 
[1.211s]         ********************************************************************************
[1.211s]         Please avoid running ``setup.py`` directly.
[1.211s]         Instead, use pypa/build, pypa/installer or other
[1.211s]         standards-based tools.
[1.212s] 
[1.212s]         See https://blog.ganssle.io/articles/2021/10/setup-py-deprecated.html for details.
[1.212s]         ********************************************************************************
[1.212s] 
[1.212s] !!
[1.212s]   self.initialize_options()
[1.292s] /usr/lib/python3/dist-packages/setuptools/command/easy_install.py:363: UserWarning: Unbuilt egg for pytest-repeat [unknown version] (/usr/lib/python3/dist-packages)
[1.293s]   self.local_index = Environment(self.shadow_path + sys.path)
[1.327s] running egg_info
[1.340s] writing hospital_fleet_manager.egg-info/PKG-INFO
[1.341s] writing dependency_links to hospital_fleet_manager.egg-info/dependency_links.txt
[1.341s] writing entry points to hospital_fleet_manager.egg-info/entry_points.txt
[1.341s] writing requirements to hospital_fleet_manager.egg-info/requires.txt
[1.341s] writing top-level names to hospital_fleet_manager.egg-info/top_level.txt
[1.367s] reading manifest file 'hospital_fleet_manager.egg-info/SOURCES.txt'
[1.369s] writing manifest file 'hospital_fleet_manager.egg-info/SOURCES.txt'
[1.382s] running build_ext
[1.382s] Creating /home/india/Documents/ai-hospital/hospital_ws/install/hospital_fleet_manager/lib/python3.12/site-packages/hospital-fleet-manager.egg-link (link to .)
[1.383s] Installing dashboard script to /home/india/Documents/ai-hospital/hospital_ws/install/hospital_fleet_manager/lib/hospital_fleet_manager
[1.383s] Installing dashboard_visual script to /home/india/Documents/ai-hospital/hospital_ws/install/hospital_fleet_manager/lib/hospital_fleet_manager
[1.383s] Installing fleet_scheduler script to /home/india/Documents/ai-hospital/hospital_ws/install/hospital_fleet_manager/lib/hospital_fleet_manager
[1.383s] Installing robot_simulator script to /home/india/Documents/ai-hospital/hospital_ws/install/hospital_fleet_manager/lib/hospital_fleet_manager
[1.384s] 
[1.384s] Installed /home/india/Documents/ai-hospital/hospital_ws/build/hospital_fleet_manager
[1.384s] running install_data
[1.384s] copying package.xml -> /home/india/Documents/ai-hospital/hospital_ws/install/hospital_fleet_manager/share/hospital_fleet_manager
[1.384s] copying resource/hospital_fleet_manager -> /home/india/Documents/ai-hospital/hospital_ws/install/hospital_fleet_manager/share/hospital_fleet_manager
[1.384s] creating /home/india/Documents/ai-hospital/hospital_ws/install/hospital_fleet_manager/share/hospital_fleet_manager/launch
[1.384s] copying hospital_fleet_manager/launch/hospital_stack.launch.py -> /home/india/Documents/ai-hospital/hospital_ws/install/hospital_fleet_manager/share/hospital_fleet_manager/launch
[1.385s] copying hospital_fleet_manager/launch/gazebo_hospital.launch.py -> /home/india/Documents/ai-hospital/hospital_ws/install/hospital_fleet_manager/share/hospital_fleet_manager/launch
[1.385s] creating /home/india/Documents/ai-hospital/hospital_ws/install/hospital_fleet_manager/share/hospital_fleet_manager/worlds
[1.385s] copying hospital_fleet_manager/worlds/hospital.world -> /home/india/Documents/ai-hospital/hospital_ws/install/hospital_fleet_manager/share/hospital_fleet_manager/worlds
[1.385s] creating /home/india/Documents/ai-hospital/hospital_ws/install/hospital_fleet_manager/share/hospital_fleet_manager/models
[1.386s] copying hospital_fleet_manager/models/hospital_robot.urdf -> /home/india/Documents/ai-hospital/hospital_ws/install/hospital_fleet_manager/share/hospital_fleet_manager/models
[1.386s] copying hospital_fleet_manager/models/model.sdf -> /home/india/Documents/ai-hospital/hospital_ws/install/hospital_fleet_manager/share/hospital_fleet_manager/models
[1.386s] copying hospital_fleet_manager/models/model.config -> /home/india/Documents/ai-hospital/hospital_ws/install/hospital_fleet_manager/share/hospital_fleet_manager/models
[1.386s] copying hospital_fleet_manager/models/ai_model.joblib -> /home/india/Documents/ai-hospital/hospital_ws/install/hospital_fleet_manager/share/hospital_fleet_manager/models
[1.386s] creating /home/india/Documents/ai-hospital/hospital_ws/install/hospital_fleet_manager/share/hospital_fleet_manager/config
[1.386s] copying hospital_fleet_manager/config/scenario_default.yaml -> /home/india/Documents/ai-hospital/hospital_ws/install/hospital_fleet_manager/share/hospital_fleet_manager/config
[1.386s] copying hospital_fleet_manager/config/nav2_params.yaml -> /home/india/Documents/ai-hospital/hospital_ws/install/hospital_fleet_manager/share/hospital_fleet_manager/config
[1.387s] creating /home/india/Documents/ai-hospital/hospital_ws/install/hospital_fleet_manager/share/hospital_fleet_manager/maps
[1.387s] copying hospital_fleet_manager/maps/hospital_map.pgm -> /home/india/Documents/ai-hospital/hospital_ws/install/hospital_fleet_manager/share/hospital_fleet_manager/maps
[1.387s] copying hospital_fleet_manager/maps/hospital_map.yaml -> /home/india/Documents/ai-hospital/hospital_ws/install/hospital_fleet_manager/share/hospital_fleet_manager/maps
[1.428s] Invoked command in '/home/india/Documents/ai-hospital/hospital_ws/build/hospital_fleet_manager' returned '0': DEBUGINFOD_URLS=https://debuginfod.ubuntu.com PYTHONPATH=/home/india/Documents/ai-hospital/hospital_ws/build/hospital_fleet_manager/prefix_override:/home/india/Documents/ai-hospital/hospital_ws/install/hospital_fleet_manager/lib/python3.12/site-packages:${PYTHONPATH} /usr/bin/python3 setup.py develop --editable --build-directory /home/india/Documents/ai-hospital/hospital_ws/build/hospital_fleet_manager/build --no-deps install_data
