[0.401s] DEBUG:colcon:Command line arguments: ['/usr/bin/colcon', 'build', '--symlink-install', '--packages-select', 'hospital_fleet_manager']
[0.401s] DEBUG:colcon:Parsed command line arguments: Namespace(log_base=None, log_level=None, verb_name='build', build_base='build', install_base='install', merge_install=False, symlink_install=True, test_result_base=None, continue_on_error=False, executor='parallel', parallel_workers=12, event_handlers=None, ignore_user_meta=False, metas=['./colcon.meta'], base_paths=['.'], packages_ignore=None, packages_ignore_regex=None, paths=None, packages_up_to=None, packages_up_to_regex=None, packages_above=None, packages_above_and_dependencies=None, packages_above_depth=None, packages_select_by_dep=None, packages_skip_by_dep=None, packages_skip_up_to=None, packages_select_build_failed=False, packages_skip_build_finished=False, packages_select_test_failures=False, packages_skip_test_passed=False, packages_select=['hospital_fleet_manager'], packages_skip=None, packages_select_regex=None, packages_skip_regex=None, packages_start=None, packages_end=None, allow_overriding=[], cmake_args=None, cmake_target=None, cmake_target_skip_unavailable=False, cmake_clean_cache=False, cmake_clean_first=False, cmake_force_configure=False, ament_cmake_args=None, catkin_cmake_args=None, catkin_skip_building_tests=False, verb_parser=<colcon_defaults.argument_parser.defaults.DefaultArgumentsDecorator object at 0x7c8c2f28ec00>, verb_extension=<colcon_core.verb.build.BuildVerb object at 0x7c8c300f8980>, main=<bound method BuildVerb.main of <colcon_core.verb.build.BuildVerb object at 0x7c8c300f8980>>)
[0.478s] Level 1:colcon.colcon_core.package_discovery:discover_packages(colcon_meta) check parameters
[0.478s] Level 1:colcon.colcon_core.package_discovery:discover_packages(recursive) check parameters
[0.478s] Level 1:colcon.colcon_core.package_discovery:discover_packages(ignore) check parameters
[0.478s] Level 1:colcon.colcon_core.package_discovery:discover_packages(path) check parameters
[0.478s] Level 1:colcon.colcon_core.package_discovery:discover_packages(colcon_meta) discover
[0.478s] Level 1:colcon.colcon_core.package_discovery:discover_packages(recursive) discover
[0.478s] INFO:colcon.colcon_core.package_discovery:Crawling recursively for packages in '/home/india/Documents/ai-hospital'
[0.478s] Level 1:colcon.colcon_core.package_identification:_identify(.) by extensions ['ignore', 'ignore_ament_install']
[0.478s] Level 1:colcon.colcon_core.package_identification:_identify(.) by extension 'ignore'
[0.478s] Level 1:colcon.colcon_core.package_identification:_identify(.) by extension 'ignore_ament_install'
[0.478s] Level 1:colcon.colcon_core.package_identification:_identify(.) by extensions ['colcon_pkg']
[0.478s] Level 1:colcon.colcon_core.package_identification:_identify(.) by extension 'colcon_pkg'
[0.478s] Level 1:colcon.colcon_core.package_identification:_identify(.) by extensions ['colcon_meta']
[0.478s] Level 1:colcon.colcon_core.package_identification:_identify(.) by extension 'colcon_meta'
[0.478s] Level 1:colcon.colcon_core.package_identification:_identify(.) by extensions ['ros']
[0.478s] Level 1:colcon.colcon_core.package_identification:_identify(.) by extension 'ros'
[0.501s] Level 1:colcon.colcon_core.package_identification:_identify(.) by extensions ['cmake', 'python']
[0.502s] Level 1:colcon.colcon_core.package_identification:_identify(.) by extension 'cmake'
[0.502s] Level 1:colcon.colcon_core.package_identification:_identify(.) by extension 'python'
[0.502s] Level 1:colcon.colcon_core.package_identification:_identify(.) by extensions ['python_setup_py']
[0.502s] Level 1:colcon.colcon_core.package_identification:_identify(.) by extension 'python_setup_py'
[0.502s] Level 1:colcon.colcon_core.package_identification:_identify(build) by extensions ['ignore', 'ignore_ament_install']
[0.502s] Level 1:colcon.colcon_core.package_identification:_identify(build) by extension 'ignore'
[0.502s] Level 1:colcon.colcon_core.package_identification:_identify(build) ignored
[0.502s] Level 1:colcon.colcon_core.package_identification:_identify(hospital_ws) by extensions ['ignore', 'ignore_ament_install']
[0.502s] Level 1:colcon.colcon_core.package_identification:_identify(hospital_ws) by extension 'ignore'
[0.502s] Level 1:colcon.colcon_core.package_identification:_identify(hospital_ws) by extension 'ignore_ament_install'
[0.502s] Level 1:colcon.colcon_core.package_identification:_identify(hospital_ws) by extensions ['colcon_pkg']
[0.502s] Level 1:colcon.colcon_core.package_identification:_identify(hospital_ws) by extension 'colcon_pkg'
[0.502s] Level 1:colcon.colcon_core.package_identification:_identify(hospital_ws) by extensions ['colcon_meta']
[0.502s] Level 1:colcon.colcon_core.package_identification:_identify(hospital_ws) by extension 'colcon_meta'
[0.502s] Level 1:colcon.colcon_core.package_identification:_identify(hospital_ws) by extensions ['ros']
[0.502s] Level 1:colcon.colcon_core.package_identification:_identify(hospital_ws) by extension 'ros'
[0.502s] Level 1:colcon.colcon_core.package_identification:_identify(hospital_ws) by extensions ['cmake', 'python']
[0.502s] Level 1:colcon.colcon_core.package_identification:_identify(hospital_ws) by extension 'cmake'
[0.502s] Level 1:colcon.colcon_core.package_identification:_identify(hospital_ws) by extension 'python'
[0.502s] Level 1:colcon.colcon_core.package_identification:_identify(hospital_ws) by extensions ['python_setup_py']
[0.502s] Level 1:colcon.colcon_core.package_identification:_identify(hospital_ws) by extension 'python_setup_py'
[0.502s] Level 1:colcon.colcon_core.package_identification:_identify(hospital_ws/build) by extensions ['ignore', 'ignore_ament_install']
[0.502s] Level 1:colcon.colcon_core.package_identification:_identify(hospital_ws/build) by extension 'ignore'
[0.502s] Level 1:colcon.colcon_core.package_identification:_identify(hospital_ws/build) ignored
[0.502s] Level 1:colcon.colcon_core.package_identification:_identify(hospital_ws/install) by extensions ['ignore', 'ignore_ament_install']
[0.502s] Level 1:colcon.colcon_core.package_identification:_identify(hospital_ws/install) by extension 'ignore'
[0.502s] Level 1:colcon.colcon_core.package_identification:_identify(hospital_ws/install) ignored
[0.502s] Level 1:colcon.colcon_core.package_identification:_identify(hospital_ws/log) by extensions ['ignore', 'ignore_ament_install']
[0.503s] Level 1:colcon.colcon_core.package_identification:_identify(hospital_ws/log) by extension 'ignore'
[0.503s] Level 1:colcon.colcon_core.package_identification:_identify(hospital_ws/log) ignored
[0.503s] Level 1:colcon.colcon_core.package_identification:_identify(hospital_ws/src) by extensions ['ignore', 'ignore_ament_install']
[0.503s] Level 1:colcon.colcon_core.package_identification:_identify(hospital_ws/src) by extension 'ignore'
[0.503s] Level 1:colcon.colcon_core.package_identification:_identify(hospital_ws/src) by extension 'ignore_ament_install'
[0.503s] Level 1:colcon.colcon_core.package_identification:_identify(hospital_ws/src) by extensions ['colcon_pkg']
[0.503s] Level 1:colcon.colcon_core.package_identification:_identify(hospital_ws/src) by extension 'colcon_pkg'
[0.503s] Level 1:colcon.colcon_core.package_identification:_identify(hospital_ws/src) by extensions ['colcon_meta']
[0.503s] Level 1:colcon.colcon_core.package_identification:_identify(hospital_ws/src) by extension 'colcon_meta'
[0.503s] Level 1:colcon.colcon_core.package_identification:_identify(hospital_ws/src) by extensions ['ros']
[0.503s] Level 1:colcon.colcon_core.package_identification:_identify(hospital_ws/src) by extension 'ros'
[0.503s] Level 1:colcon.colcon_core.package_identification:_identify(hospital_ws/src) by extensions ['cmake', 'python']
[0.503s] Level 1:colcon.colcon_core.package_identification:_identify(hospital_ws/src) by extension 'cmake'
[0.503s] Level 1:colcon.colcon_core.package_identification:_identify(hospital_ws/src) by extension 'python'
[0.503s] Level 1:colcon.colcon_core.package_identification:_identify(hospital_ws/src) by extensions ['python_setup_py']
[0.503s] Level 1:colcon.colcon_core.package_identification:_identify(hospital_ws/src) by extension 'python_setup_py'
[0.503s] Level 1:colcon.colcon_core.package_identification:_identify(hospital_ws/src/hospital_fleet_manager) by extensions ['ignore', 'ignore_ament_install']
[0.503s] Level 1:colcon.colcon_core.package_identification:_identify(hospital_ws/src/hospital_fleet_manager) by extension 'ignore'
[0.503s] Level 1:colcon.colcon_core.package_identification:_identify(hospital_ws/src/hospital_fleet_manager) by extension 'ignore_ament_install'
[0.503s] Level 1:colcon.colcon_core.package_identification:_identify(hospital_ws/src/hospital_fleet_manager) by extensions ['colcon_pkg']
[0.503s] Level 1:colcon.colcon_core.package_identification:_identify(hospital_ws/src/hospital_fleet_manager) by extension 'colcon_pkg'
[0.503s] Level 1:colcon.colcon_core.package_identification:_identify(hospital_ws/src/hospital_fleet_manager) by extensions ['colcon_meta']
[0.503s] Level 1:colcon.colcon_core.package_identification:_identify(hospital_ws/src/hospital_fleet_manager) by extension 'colcon_meta'
[0.503s] Level 1:colcon.colcon_core.package_identification:_identify(hospital_ws/src/hospital_fleet_manager) by extensions ['ros']
[0.503s] Level 1:colcon.colcon_core.package_identification:_identify(hospital_ws/src/hospital_fleet_manager) by extension 'ros'
[0.505s] DEBUG:colcon.colcon_core.package_identification:Package 'hospital_ws/src/hospital_fleet_manager' with type 'ros.ament_python' and name 'hospital_fleet_manager'
[0.505s] Level 1:colcon.colcon_core.package_identification:_identify(install) by extensions ['ignore', 'ignore_ament_install']
[0.505s] Level 1:colcon.colcon_core.package_identification:_identify(install) by extension 'ignore'
[0.505s] Level 1:colcon.colcon_core.package_identification:_identify(install) ignored
[0.505s] Level 1:colcon.colcon_core.package_identification:_identify(log) by extensions ['ignore', 'ignore_ament_install']
[0.505s] Level 1:colcon.colcon_core.package_identification:_identify(log) by extension 'ignore'
[0.506s] Level 1:colcon.colcon_core.package_identification:_identify(log) ignored
[0.506s] Level 1:colcon.colcon_core.package_identification:_identify(observability) by extensions ['ignore', 'ignore_ament_install']
[0.506s] Level 1:colcon.colcon_core.package_identification:_identify(observability) by extension 'ignore'
[0.506s] Level 1:colcon.colcon_core.package_identification:_identify(observability) by extension 'ignore_ament_install'
[0.506s] Level 1:colcon.colcon_core.package_identification:_identify(observability) by extensions ['colcon_pkg']
[0.506s] Level 1:colcon.colcon_core.package_identification:_identify(observability) by extension 'colcon_pkg'
[0.506s] Level 1:colcon.colcon_core.package_identification:_identify(observability) by extensions ['colcon_meta']
[0.506s] Level 1:colcon.colcon_core.package_identification:_identify(observability) by extension 'colcon_meta'
[0.506s] Level 1:colcon.colcon_core.package_identification:_identify(observability) by extensions ['ros']
[0.506s] Level 1:colcon.colcon_core.package_identification:_identify(observability) by extension 'ros'
[0.506s] Level 1:colcon.colcon_core.package_identification:_identify(observability) by extensions ['cmake', 'python']
[0.506s] Level 1:colcon.colcon_core.package_identification:_identify(observability) by extension 'cmake'
[0.506s] Level 1:colcon.colcon_core.package_identification:_identify(observability) by extension 'python'
[0.506s] Level 1:colcon.colcon_core.package_identification:_identify(observability) by extensions ['python_setup_py']
[0.506s] Level 1:colcon.colcon_core.package_identification:_identify(observability) by extension 'python_setup_py'
[0.506s] Level 1:colcon.colcon_core.package_discovery:discover_packages(recursive) using defaults
[0.506s] Level 1:colcon.colcon_core.package_discovery:discover_packages(ignore) discover
[0.506s] Level 1:colcon.colcon_core.package_discovery:discover_packages(ignore) using defaults
[0.506s] Level 1:colcon.colcon_core.package_discovery:discover_packages(path) discover
[0.506s] Level 1:colcon.colcon_core.package_discovery:discover_packages(path) using defaults
[0.555s] Level 1:colcon.colcon_core.package_discovery:discover_packages(prefix_path) check parameters
[0.555s] Level 1:colcon.colcon_core.package_discovery:discover_packages(prefix_path) discover
[0.561s] Level 1:colcon.colcon_core.package_discovery:discover_packages(prefix_path) using defaults
[0.572s] Level 5:colcon.colcon_core.verb:set package 'hospital_fleet_manager' build argument 'cmake_args' from command line to 'None'
[0.572s] Level 5:colcon.colcon_core.verb:set package 'hospital_fleet_manager' build argument 'cmake_target' from command line to 'None'
[0.572s] Level 5:colcon.colcon_core.verb:set package 'hospital_fleet_manager' build argument 'cmake_target_skip_unavailable' from command line to 'False'
[0.572s] Level 5:colcon.colcon_core.verb:set package 'hospital_fleet_manager' build argument 'cmake_clean_cache' from command line to 'False'
[0.572s] Level 5:colcon.colcon_core.verb:set package 'hospital_fleet_manager' build argument 'cmake_clean_first' from command line to 'False'
[0.572s] Level 5:colcon.colcon_core.verb:set package 'hospital_fleet_manager' build argument 'cmake_force_configure' from command line to 'False'
[0.572s] Level 5:colcon.colcon_core.verb:set package 'hospital_fleet_manager' build argument 'ament_cmake_args' from command line to 'None'
[0.572s] Level 5:colcon.colcon_core.verb:set package 'hospital_fleet_manager' build argument 'catkin_cmake_args' from command line to 'None'
[0.572s] Level 5:colcon.colcon_core.verb:set package 'hospital_fleet_manager' build argument 'catkin_skip_building_tests' from command line to 'False'
[0.572s] DEBUG:colcon.colcon_core.verb:Building package 'hospital_fleet_manager' with the following arguments: {'ament_cmake_args': None, 'build_base': '/home/india/Documents/ai-hospital/build/hospital_fleet_manager', 'catkin_cmake_args': None, 'catkin_skip_building_tests': False, 'cmake_args': None, 'cmake_clean_cache': False, 'cmake_clean_first': False, 'cmake_force_configure': False, 'cmake_target': None, 'cmake_target_skip_unavailable': False, 'install_base': '/home/india/Documents/ai-hospital/install/hospital_fleet_manager', 'merge_install': False, 'path': '/home/india/Documents/ai-hospital/hospital_ws/src/hospital_fleet_manager', 'symlink_install': True, 'test_result_base': None}
[0.577s] INFO:colcon.colcon_core.executor:Executing jobs using 'parallel' executor
[0.583s] DEBUG:colcon.colcon_parallel_executor.executor.parallel:run_until_complete
[0.583s] INFO:colcon.colcon_ros.task.ament_python.build:Building ROS package in '/home/india/Documents/ai-hospital/hospital_ws/src/hospital_fleet_manager' with build type 'ament_python'
[0.583s] Level 1:colcon.colcon_core.shell:create_environment_hook('hospital_fleet_manager', 'ament_prefix_path')
[0.596s] INFO:colcon.colcon_core.plugin_system:Skipping extension 'colcon_core.shell.bat': Not used on non-Windows systems
[0.596s] INFO:colcon.colcon_core.shell:Creating environment hook '/home/india/Documents/ai-hospital/install/hospital_fleet_manager/share/hospital_fleet_manager/hook/ament_prefix_path.ps1'
[0.596s] INFO:colcon.colcon_core.shell:Creating environment descriptor '/home/india/Documents/ai-hospital/install/hospital_fleet_manager/share/hospital_fleet_manager/hook/ament_prefix_path.dsv'
[0.597s] INFO:colcon.colcon_core.shell:Creating environment hook '/home/india/Documents/ai-hospital/install/hospital_fleet_manager/share/hospital_fleet_manager/hook/ament_prefix_path.sh'
[0.602s] INFO:colcon.colcon_core.shell:Skip shell extension 'powershell' for command environment: Not usable outside of PowerShell
[0.602s] DEBUG:colcon.colcon_core.shell:Skip shell extension 'dsv' for command environment
[0.733s] WARNING:colcon.colcon_ros.task.ament_python.build:Package 'hospital_fleet_manager' doesn't explicitly install a marker in the package index (colcon-ros currently does it implicitly but that fallback will be removed in the future)
[0.733s] INFO:colcon.colcon_core.task.python.build:Building Python package in '/home/india/Documents/ai-hospital/hospital_ws/src/hospital_fleet_manager'
[0.739s] INFO:colcon.colcon_core.shell:Skip shell extension 'powershell' for command environment: Not usable outside of PowerShell
[0.739s] DEBUG:colcon.colcon_core.shell:Skip shell extension 'dsv' for command environment
[1.042s] DEBUG:colcon.colcon_core.event_handler.log_command:Invoking command in '/home/india/Documents/ai-hospital/build/hospital_fleet_manager': DEBUGINFOD_URLS=https://debuginfod.ubuntu.com PYTHONPATH=/home/india/Documents/ai-hospital/build/hospital_fleet_manager/prefix_override:/home/india/Documents/ai-hospital/install/hospital_fleet_manager/lib/python3.12/site-packages: /usr/bin/python3 setup.py develop --editable --build-directory /home/india/Documents/ai-hospital/build/hospital_fleet_manager/build --no-deps install_data
[1.308s] Level 1:colcon.colcon_core.shell:create_environment_hook('hospital_fleet_manager', 'pythonpath_develop')
[1.308s] DEBUG:colcon.colcon_core.event_handler.log_command:Invoked command in '/home/india/Documents/ai-hospital/build/hospital_fleet_manager' returned '0': DEBUGINFOD_URLS=https://debuginfod.ubuntu.com PYTHONPATH=/home/india/Documents/ai-hospital/build/hospital_fleet_manager/prefix_override:/home/india/Documents/ai-hospital/install/hospital_fleet_manager/lib/python3.12/site-packages: /usr/bin/python3 setup.py develop --editable --build-directory /home/india/Documents/ai-hospital/build/hospital_fleet_manager/build --no-deps install_data
[1.317s] INFO:colcon.colcon_core.shell:Creating environment hook '/home/india/Documents/ai-hospital/build/hospital_fleet_manager/share/hospital_fleet_manager/hook/pythonpath_develop.ps1'
[1.317s] INFO:colcon.colcon_core.shell:Creating environment descriptor '/home/india/Documents/ai-hospital/build/hospital_fleet_manager/share/hospital_fleet_manager/hook/pythonpath_develop.dsv'
[1.317s] INFO:colcon.colcon_core.shell:Creating environment hook '/home/india/Documents/ai-hospital/build/hospital_fleet_manager/share/hospital_fleet_manager/hook/pythonpath_develop.sh'
[1.324s] Level 1:colcon.colcon_core.environment:checking '/home/india/Documents/ai-hospital/install/hospital_fleet_manager' for CMake module files
[1.324s] Level 1:colcon.colcon_core.environment:checking '/home/india/Documents/ai-hospital/install/hospital_fleet_manager' for CMake config files
[1.324s] Level 1:colcon.colcon_core.environment:checking '/home/india/Documents/ai-hospital/install/hospital_fleet_manager/lib'
[1.324s] Level 1:colcon.colcon_core.environment:checking '/home/india/Documents/ai-hospital/install/hospital_fleet_manager/bin'
[1.324s] Level 1:colcon.colcon_core.environment:checking '/home/india/Documents/ai-hospital/install/hospital_fleet_manager/lib/pkgconfig/hospital_fleet_manager.pc'
[1.325s] Level 1:colcon.colcon_core.environment:checking '/home/india/Documents/ai-hospital/install/hospital_fleet_manager/lib/python3.12/site-packages'
[1.325s] Level 1:colcon.colcon_core.shell:create_environment_hook('hospital_fleet_manager', 'pythonpath')
[1.330s] INFO:colcon.colcon_core.shell:Creating environment hook '/home/india/Documents/ai-hospital/install/hospital_fleet_manager/share/hospital_fleet_manager/hook/pythonpath.ps1'
[1.330s] INFO:colcon.colcon_core.shell:Creating environment descriptor '/home/india/Documents/ai-hospital/install/hospital_fleet_manager/share/hospital_fleet_manager/hook/pythonpath.dsv'
[1.330s] INFO:colcon.colcon_core.shell:Creating environment hook '/home/india/Documents/ai-hospital/install/hospital_fleet_manager/share/hospital_fleet_manager/hook/pythonpath.sh'
[1.331s] Level 1:colcon.colcon_core.environment:checking '/home/india/Documents/ai-hospital/install/hospital_fleet_manager/bin'
[1.331s] Level 1:colcon.colcon_core.environment:create_environment_scripts_only(hospital_fleet_manager)
[1.336s] INFO:colcon.colcon_core.shell:Creating package script '/home/india/Documents/ai-hospital/install/hospital_fleet_manager/share/hospital_fleet_manager/package.ps1'
[1.336s] INFO:colcon.colcon_core.shell:Creating package descriptor '/home/india/Documents/ai-hospital/install/hospital_fleet_manager/share/hospital_fleet_manager/package.dsv'
[1.337s] INFO:colcon.colcon_core.shell:Creating package script '/home/india/Documents/ai-hospital/install/hospital_fleet_manager/share/hospital_fleet_manager/package.sh'
[1.337s] INFO:colcon.colcon_core.shell:Creating package script '/home/india/Documents/ai-hospital/install/hospital_fleet_manager/share/hospital_fleet_manager/package.bash'
[1.337s] INFO:colcon.colcon_core.shell:Creating package script '/home/india/Documents/ai-hospital/install/hospital_fleet_manager/share/hospital_fleet_manager/package.zsh'
[1.337s] Level 1:colcon.colcon_core.environment:create_file_with_runtime_dependencies(/home/india/Documents/ai-hospital/install/hospital_fleet_manager/share/colcon-core/packages/hospital_fleet_manager)
[1.338s] DEBUG:colcon.colcon_parallel_executor.executor.parallel:closing loop
[1.338s] DEBUG:colcon.colcon_parallel_executor.executor.parallel:loop closed
[1.338s] DEBUG:colcon.colcon_parallel_executor.executor.parallel:run_until_complete finished with '0'
[1.338s] DEBUG:colcon.colcon_core.event_reactor:joining thread
[1.347s] INFO:colcon.colcon_core.plugin_system:Skipping extension 'colcon_notification.desktop_notification.terminal_notifier': Not used on non-Darwin systems
[1.347s] INFO:colcon.colcon_core.plugin_system:Skipping extension 'colcon_notification.desktop_notification.win32': Not used on non-Windows systems
[1.347s] INFO:colcon.colcon_notification.desktop_notification:Sending desktop notification using 'notify2'
[1.359s] DEBUG:colcon.colcon_core.event_reactor:joined thread
[1.370s] INFO:colcon.colcon_core.shell:Creating prefix script '/home/india/Documents/ai-hospital/install/local_setup.ps1'
[1.370s] INFO:colcon.colcon_core.shell:Creating prefix util module '/home/india/Documents/ai-hospital/install/_local_setup_util_ps1.py'
[1.371s] INFO:colcon.colcon_core.shell:Creating prefix chain script '/home/india/Documents/ai-hospital/install/setup.ps1'
[1.382s] INFO:colcon.colcon_core.shell:Creating prefix script '/home/india/Documents/ai-hospital/install/local_setup.sh'
[1.383s] INFO:colcon.colcon_core.shell:Creating prefix util module '/home/india/Documents/ai-hospital/install/_local_setup_util_sh.py'
[1.383s] INFO:colcon.colcon_core.shell:Creating prefix chain script '/home/india/Documents/ai-hospital/install/setup.sh'
[1.394s] INFO:colcon.colcon_core.shell:Creating prefix script '/home/india/Documents/ai-hospital/install/local_setup.bash'
[1.395s] INFO:colcon.colcon_core.shell:Creating prefix chain script '/home/india/Documents/ai-hospital/install/setup.bash'
[1.406s] INFO:colcon.colcon_core.shell:Creating prefix script '/home/india/Documents/ai-hospital/install/local_setup.zsh'
[1.406s] INFO:colcon.colcon_core.shell:Creating prefix chain script '/home/india/Documents/ai-hospital/install/setup.zsh'
