1777435156.6513731 [INFO] [launch]: All log files can be found below /home/india/Documents/ai-hospital/hospital_ws/.ros/log/2026-04-29-09-29-16-650375-Bunny-208360
1777435156.6515448 [INFO] [launch]: Default logging verbosity is set to INFO
1777435157.2076094 [INFO] [gazebo-1]: process started with pid [208393]
1777435157.2077620 [INFO] [parameter_bridge-2]: process started with pid [208394]
1777435157.2078133 [INFO] [fleet_scheduler-3]: process started with pid [208395]
1777435157.2078524 [INFO] [robot_simulator-4]: process started with pid [208397]
1777435157.2078848 [INFO] [dashboard_visual-5]: process started with pid [208398]
1777435157.3125153 [parameter_bridge-2] [INFO] [1777435157.311952260] [ros_gz_bridge]: Creating GZ->ROS Bridge: [/delivery_1/cmd_vel (gz.msgs.Twist) -> /delivery_1/cmd_vel (geometry_msgs/msg/Twist)] (Lazy 0)
1777435157.3152590 [parameter_bridge-2] [INFO] [1777435157.315004668] [ros_gz_bridge]: Creating ROS->GZ Bridge: [/delivery_1/cmd_vel (geometry_msgs/msg/Twist) -> /delivery_1/cmd_vel (gz.msgs.Twist)] (Lazy 0)
1777435157.3160861 [parameter_bridge-2] [INFO] [1777435157.315896318] [ros_gz_bridge]: Creating GZ->ROS Bridge: [/delivery_1/odom (gz.msgs.Odometry) -> /delivery_1/odom (nav_msgs/msg/Odometry)] (Lazy 0)
1777435157.3209927 [parameter_bridge-2] [INFO] [1777435157.320552106] [ros_gz_bridge]: Creating ROS->GZ Bridge: [/delivery_1/odom (nav_msgs/msg/Odometry) -> /delivery_1/odom (gz.msgs.Odometry)] (Lazy 0)
1777435157.3225181 [parameter_bridge-2] [INFO] [1777435157.322070539] [ros_gz_bridge]: Creating GZ->ROS Bridge: [/delivery_2/cmd_vel (gz.msgs.Twist) -> /delivery_2/cmd_vel (geometry_msgs/msg/Twist)] (Lazy 0)
1777435157.3235443 [parameter_bridge-2] [INFO] [1777435157.323179728] [ros_gz_bridge]: Creating ROS->GZ Bridge: [/delivery_2/cmd_vel (geometry_msgs/msg/Twist) -> /delivery_2/cmd_vel (gz.msgs.Twist)] (Lazy 0)
1777435157.3246572 [parameter_bridge-2] [INFO] [1777435157.324327727] [ros_gz_bridge]: Creating GZ->ROS Bridge: [/delivery_2/odom (gz.msgs.Odometry) -> /delivery_2/odom (nav_msgs/msg/Odometry)] (Lazy 0)
1777435157.3257558 [parameter_bridge-2] [INFO] [1777435157.325478340] [ros_gz_bridge]: Creating ROS->GZ Bridge: [/delivery_2/odom (nav_msgs/msg/Odometry) -> /delivery_2/odom (gz.msgs.Odometry)] (Lazy 0)
1777435157.3269520 [parameter_bridge-2] [INFO] [1777435157.326637302] [ros_gz_bridge]: Creating GZ->ROS Bridge: [/delivery_3/cmd_vel (gz.msgs.Twist) -> /delivery_3/cmd_vel (geometry_msgs/msg/Twist)] (Lazy 0)
1777435157.3279309 [parameter_bridge-2] [INFO] [1777435157.327697040] [ros_gz_bridge]: Creating ROS->GZ Bridge: [/delivery_3/cmd_vel (geometry_msgs/msg/Twist) -> /delivery_3/cmd_vel (gz.msgs.Twist)] (Lazy 0)
1777435157.3286014 [parameter_bridge-2] [INFO] [1777435157.328435458] [ros_gz_bridge]: Creating GZ->ROS Bridge: [/delivery_3/odom (gz.msgs.Odometry) -> /delivery_3/odom (nav_msgs/msg/Odometry)] (Lazy 0)
1777435157.3290827 [parameter_bridge-2] [INFO] [1777435157.328950200] [ros_gz_bridge]: Creating ROS->GZ Bridge: [/delivery_3/odom (nav_msgs/msg/Odometry) -> /delivery_3/odom (gz.msgs.Odometry)] (Lazy 0)
1777435157.3299506 [parameter_bridge-2] [INFO] [1777435157.329608940] [ros_gz_bridge]: Creating GZ->ROS Bridge: [/cleaning_1/cmd_vel (gz.msgs.Twist) -> /cleaning_1/cmd_vel (geometry_msgs/msg/Twist)] (Lazy 0)
1777435157.3306773 [parameter_bridge-2] [INFO] [1777435157.330040803] [ros_gz_bridge]: Creating ROS->GZ Bridge: [/cleaning_1/cmd_vel (geometry_msgs/msg/Twist) -> /cleaning_1/cmd_vel (gz.msgs.Twist)] (Lazy 0)
1777435157.3312109 [parameter_bridge-2] [INFO] [1777435157.330582712] [ros_gz_bridge]: Creating GZ->ROS Bridge: [/cleaning_1/odom (gz.msgs.Odometry) -> /cleaning_1/odom (nav_msgs/msg/Odometry)] (Lazy 0)
1777435157.3319921 [parameter_bridge-2] [INFO] [1777435157.331067832] [ros_gz_bridge]: Creating ROS->GZ Bridge: [/cleaning_1/odom (nav_msgs/msg/Odometry) -> /cleaning_1/odom (gz.msgs.Odometry)] (Lazy 0)
1777435157.3325660 [parameter_bridge-2] [INFO] [1777435157.331670368] [ros_gz_bridge]: Creating GZ->ROS Bridge: [/cleaning_2/cmd_vel (gz.msgs.Twist) -> /cleaning_2/cmd_vel (geometry_msgs/msg/Twist)] (Lazy 0)
1777435157.3327949 [parameter_bridge-2] [INFO] [1777435157.332131522] [ros_gz_bridge]: Creating ROS->GZ Bridge: [/cleaning_2/cmd_vel (geometry_msgs/msg/Twist) -> /cleaning_2/cmd_vel (gz.msgs.Twist)] (Lazy 0)
1777435157.3333035 [parameter_bridge-2] [INFO] [1777435157.332736038] [ros_gz_bridge]: Creating GZ->ROS Bridge: [/cleaning_2/odom (gz.msgs.Odometry) -> /cleaning_2/odom (nav_msgs/msg/Odometry)] (Lazy 0)
1777435157.3339446 [parameter_bridge-2] [INFO] [1777435157.333305583] [ros_gz_bridge]: Creating ROS->GZ Bridge: [/cleaning_2/odom (nav_msgs/msg/Odometry) -> /cleaning_2/odom (gz.msgs.Odometry)] (Lazy 0)
1777435157.3344572 [parameter_bridge-2] [INFO] [1777435157.333982587] [ros_gz_bridge]: Creating GZ->ROS Bridge: [/patient_mover_1/cmd_vel (gz.msgs.Twist) -> /patient_mover_1/cmd_vel (geometry_msgs/msg/Twist)] (Lazy 0)
1777435157.3350434 [parameter_bridge-2] [INFO] [1777435157.334672544] [ros_gz_bridge]: Creating ROS->GZ Bridge: [/patient_mover_1/cmd_vel (geometry_msgs/msg/Twist) -> /patient_mover_1/cmd_vel (gz.msgs.Twist)] (Lazy 0)
1777435157.3355312 [parameter_bridge-2] [INFO] [1777435157.335240222] [ros_gz_bridge]: Creating GZ->ROS Bridge: [/patient_mover_1/odom (gz.msgs.Odometry) -> /patient_mover_1/odom (nav_msgs/msg/Odometry)] (Lazy 0)
1777435157.3359787 [parameter_bridge-2] [INFO] [1777435157.335794116] [ros_gz_bridge]: Creating ROS->GZ Bridge: [/patient_mover_1/odom (nav_msgs/msg/Odometry) -> /patient_mover_1/odom (gz.msgs.Odometry)] (Lazy 0)
1777435157.3366554 [parameter_bridge-2] [INFO] [1777435157.336418010] [ros_gz_bridge]: Creating GZ->ROS Bridge: [/patient_mover_2/cmd_vel (gz.msgs.Twist) -> /patient_mover_2/cmd_vel (geometry_msgs/msg/Twist)] (Lazy 0)
1777435157.3374035 [parameter_bridge-2] [INFO] [1777435157.337000416] [ros_gz_bridge]: Creating ROS->GZ Bridge: [/patient_mover_2/cmd_vel (geometry_msgs/msg/Twist) -> /patient_mover_2/cmd_vel (gz.msgs.Twist)] (Lazy 0)
1777435157.3379560 [parameter_bridge-2] [INFO] [1777435157.337676197] [ros_gz_bridge]: Creating GZ->ROS Bridge: [/patient_mover_2/odom (gz.msgs.Odometry) -> /patient_mover_2/odom (nav_msgs/msg/Odometry)] (Lazy 0)
1777435157.3385024 [parameter_bridge-2] [INFO] [1777435157.338198453] [ros_gz_bridge]: Creating ROS->GZ Bridge: [/patient_mover_2/odom (nav_msgs/msg/Odometry) -> /patient_mover_2/odom (gz.msgs.Odometry)] (Lazy 0)
1777435157.3389559 [parameter_bridge-2] [INFO] [1777435157.338820403] [ros_gz_bridge]: Creating GZ->ROS Bridge: [/heavy_supply_1/cmd_vel (gz.msgs.Twist) -> /heavy_supply_1/cmd_vel (geometry_msgs/msg/Twist)] (Lazy 0)
1777435157.3396819 [parameter_bridge-2] [INFO] [1777435157.339393422] [ros_gz_bridge]: Creating ROS->GZ Bridge: [/heavy_supply_1/cmd_vel (geometry_msgs/msg/Twist) -> /heavy_supply_1/cmd_vel (gz.msgs.Twist)] (Lazy 0)
1777435157.3402348 [parameter_bridge-2] [INFO] [1777435157.339975127] [ros_gz_bridge]: Creating GZ->ROS Bridge: [/heavy_supply_1/odom (gz.msgs.Odometry) -> /heavy_supply_1/odom (nav_msgs/msg/Odometry)] (Lazy 0)
1777435157.3407738 [parameter_bridge-2] [INFO] [1777435157.340599694] [ros_gz_bridge]: Creating ROS->GZ Bridge: [/heavy_supply_1/odom (nav_msgs/msg/Odometry) -> /heavy_supply_1/odom (gz.msgs.Odometry)] (Lazy 0)
1777435157.3414044 [parameter_bridge-2] [INFO] [1777435157.341269139] [ros_gz_bridge]: Creating GZ->ROS Bridge: [/lab_courier_1/cmd_vel (gz.msgs.Twist) -> /lab_courier_1/cmd_vel (geometry_msgs/msg/Twist)] (Lazy 0)
1777435157.3420885 [parameter_bridge-2] [INFO] [1777435157.341775646] [ros_gz_bridge]: Creating ROS->GZ Bridge: [/lab_courier_1/cmd_vel (geometry_msgs/msg/Twist) -> /lab_courier_1/cmd_vel (gz.msgs.Twist)] (Lazy 0)
1777435157.3426261 [parameter_bridge-2] [INFO] [1777435157.342285232] [ros_gz_bridge]: Creating GZ->ROS Bridge: [/lab_courier_1/odom (gz.msgs.Odometry) -> /lab_courier_1/odom (nav_msgs/msg/Odometry)] (Lazy 0)
1777435157.3432393 [parameter_bridge-2] [INFO] [1777435157.342753886] [ros_gz_bridge]: Creating ROS->GZ Bridge: [/lab_courier_1/odom (nav_msgs/msg/Odometry) -> /lab_courier_1/odom (gz.msgs.Odometry)] (Lazy 0)
1777435157.3436997 [parameter_bridge-2] [INFO] [1777435157.343348125] [ros_gz_bridge]: Creating GZ->ROS Bridge: [/emergency_1/cmd_vel (gz.msgs.Twist) -> /emergency_1/cmd_vel (geometry_msgs/msg/Twist)] (Lazy 0)
1777435157.3442848 [parameter_bridge-2] [INFO] [1777435157.343812042] [ros_gz_bridge]: Creating ROS->GZ Bridge: [/emergency_1/cmd_vel (geometry_msgs/msg/Twist) -> /emergency_1/cmd_vel (gz.msgs.Twist)] (Lazy 0)
1777435157.3447778 [parameter_bridge-2] [INFO] [1777435157.344560931] [ros_gz_bridge]: Creating GZ->ROS Bridge: [/emergency_1/odom (gz.msgs.Odometry) -> /emergency_1/odom (nav_msgs/msg/Odometry)] (Lazy 0)
1777435157.3453352 [parameter_bridge-2] [INFO] [1777435157.345078673] [ros_gz_bridge]: Creating ROS->GZ Bridge: [/emergency_1/odom (nav_msgs/msg/Odometry) -> /emergency_1/odom (gz.msgs.Odometry)] (Lazy 0)
1777435157.3459041 [parameter_bridge-2] [INFO] [1777435157.345700053] [ros_gz_bridge]: Creating GZ->ROS Bridge: [/general_1/cmd_vel (gz.msgs.Twist) -> /general_1/cmd_vel (geometry_msgs/msg/Twist)] (Lazy 0)
1777435157.3463850 [parameter_bridge-2] [INFO] [1777435157.346150507] [ros_gz_bridge]: Creating ROS->GZ Bridge: [/general_1/cmd_vel (geometry_msgs/msg/Twist) -> /general_1/cmd_vel (gz.msgs.Twist)] (Lazy 0)
1777435157.3468668 [parameter_bridge-2] [INFO] [1777435157.346680030] [ros_gz_bridge]: Creating GZ->ROS Bridge: [/general_1/odom (gz.msgs.Odometry) -> /general_1/odom (nav_msgs/msg/Odometry)] (Lazy 0)
1777435157.3472264 [parameter_bridge-2] [INFO] [1777435157.347111298] [ros_gz_bridge]: Creating ROS->GZ Bridge: [/general_1/odom (nav_msgs/msg/Odometry) -> /general_1/odom (gz.msgs.Odometry)] (Lazy 0)
1777435157.3477805 [parameter_bridge-2] [INFO] [1777435157.347667707] [ros_gz_bridge]: Creating GZ->ROS Bridge: [/general_2/cmd_vel (gz.msgs.Twist) -> /general_2/cmd_vel (geometry_msgs/msg/Twist)] (Lazy 0)
1777435157.3482032 [parameter_bridge-2] [INFO] [1777435157.348069617] [ros_gz_bridge]: Creating ROS->GZ Bridge: [/general_2/cmd_vel (geometry_msgs/msg/Twist) -> /general_2/cmd_vel (gz.msgs.Twist)] (Lazy 0)
1777435157.3487225 [parameter_bridge-2] [INFO] [1777435157.348592308] [ros_gz_bridge]: Creating GZ->ROS Bridge: [/general_2/odom (gz.msgs.Odometry) -> /general_2/odom (nav_msgs/msg/Odometry)] (Lazy 0)
1777435157.3491714 [parameter_bridge-2] [INFO] [1777435157.349058513] [ros_gz_bridge]: Creating ROS->GZ Bridge: [/general_2/odom (nav_msgs/msg/Odometry) -> /general_2/odom (gz.msgs.Odometry)] (Lazy 0)
1777435157.7049670 [INFO] [gazebo-1]: process has finished cleanly [pid 208393]
1777435157.7055423 [INFO] [launch]: process[gazebo-1] was required: shutting down launched system
1777435157.7074435 [INFO] [dashboard_visual-5]: sending signal 'SIGINT' to process[dashboard_visual-5]
1777435157.7080154 [INFO] [robot_simulator-4]: sending signal 'SIGINT' to process[robot_simulator-4]
1777435157.7085166 [INFO] [fleet_scheduler-3]: sending signal 'SIGINT' to process[fleet_scheduler-3]
1777435157.7104504 [INFO] [parameter_bridge-2]: sending signal 'SIGINT' to process[parameter_bridge-2]
1777435157.7120993 [parameter_bridge-2] [INFO] [1777435157.710719511] [rclcpp]: signal_handler(SIGINT/SIGTERM)
1777435157.7530351 [ERROR] [robot_simulator-4]: process has died [pid 208397, exit code -2, cmd '/home/india/venv-ai-hospital/bin/python3 -m hospital_fleet_manager.robot_simulator --ros-args -r __node:=robot_simulator'].
1777435157.7656550 [ERROR] [fleet_scheduler-3]: process has died [pid 208395, exit code -2, cmd '/home/india/venv-ai-hospital/bin/python3 -m hospital_fleet_manager.fleet_scheduler --ros-args -r __node:=fleet_scheduler'].
1777435157.9195395 [INFO] [parameter_bridge-2]: process has finished cleanly [pid 208394]
1777435162.4234867 [ERROR] [dashboard_visual-5]: process has died [pid 208398, exit code 1, cmd '/home/india/venv-ai-hospital/bin/python3 -m gunicorn hospital_fleet_manager.dashboard_visual:app --bind 0.0.0.0:5000 --workers 1 --threads 2'].
