running develop
/usr/lib/python3/dist-packages/setuptools/command/develop.py:40: EasyInstallDeprecationWarning: easy_install command is deprecated.
!!

        ********************************************************************************
        Please avoid running ``setup.py`` and ``easy_install``.
        Instead, use pypa/build, pypa/installer or other
        standards-based tools.

        See https://github.com/pypa/setuptools/issues/917 for details.
        ********************************************************************************

!!
  easy_install.initialize_options(self)
/usr/lib/python3/dist-packages/setuptools/_distutils/cmd.py:66: SetuptoolsDeprecationWarning: setup.py install is deprecated.
!!

        ********************************************************************************
        Please avoid running ``setup.py`` directly.
        Instead, use pypa/build, pypa/installer or other
        standards-based tools.

        See https://blog.ganssle.io/articles/2021/10/setup-py-deprecated.html for details.
        ********************************************************************************

!!
  self.initialize_options()
/usr/lib/python3/dist-packages/setuptools/command/easy_install.py:363: UserWarning: Unbuilt egg for pytest-repeat [unknown version] (/usr/lib/python3/dist-packages)
  self.local_index = Environment(self.shadow_path + sys.path)
running egg_info
writing hospital_fleet_manager.egg-info/PKG-INFO
writing dependency_links to hospital_fleet_manager.egg-info/dependency_links.txt
writing entry points to hospital_fleet_manager.egg-info/entry_points.txt
writing requirements to hospital_fleet_manager.egg-info/requires.txt
writing top-level names to hospital_fleet_manager.egg-info/top_level.txt
reading manifest file 'hospital_fleet_manager.egg-info/SOURCES.txt'
writing manifest file 'hospital_fleet_manager.egg-info/SOURCES.txt'
running build_ext
Creating /home/india/Documents/ai-hospital/hospital_ws/install/hospital_fleet_manager/lib/python3.12/site-packages/hospital-fleet-manager.egg-link (link to .)
Installing dashboard script to /home/india/Documents/ai-hospital/hospital_ws/install/hospital_fleet_manager/lib/hospital_fleet_manager
Installing dashboard_visual script to /home/india/Documents/ai-hospital/hospital_ws/install/hospital_fleet_manager/lib/hospital_fleet_manager
Installing fleet_scheduler script to /home/india/Documents/ai-hospital/hospital_ws/install/hospital_fleet_manager/lib/hospital_fleet_manager
Installing robot_simulator script to /home/india/Documents/ai-hospital/hospital_ws/install/hospital_fleet_manager/lib/hospital_fleet_manager

Installed /home/india/Documents/ai-hospital/hospital_ws/build/hospital_fleet_manager
running install_data
copying hospital_fleet_manager/launch/hospital_stack.launch.py -> /home/india/Documents/ai-hospital/hospital_ws/install/hospital_fleet_manager/share/hospital_fleet_manager/launch
copying hospital_fleet_manager/launch/gazebo_hospital.launch.py -> /home/india/Documents/ai-hospital/hospital_ws/install/hospital_fleet_manager/share/hospital_fleet_manager/launch
