[0.852s] Invoking command in '/home/india/Documents/ai-hospital/hospital_ws/build/hospital_fleet_manager': DEBUGINFOD_URLS=https://debuginfod.ubuntu.com PYTHONPATH=/home/india/Documents/ai-hospital/hospital_ws/build/hospital_fleet_manager/prefix_override:/home/india/Documents/ai-hospital/hospital_ws/install/hospital_fleet_manager/lib/python3.12/site-packages:${PYTHONPATH} /usr/bin/python3 setup.py develop --editable --build-directory /home/india/Documents/ai-hospital/hospital_ws/build/hospital_fleet_manager/build --no-deps install_data
[1.137s] running develop
[1.137s] /usr/lib/python3/dist-packages/setuptools/command/develop.py:40: EasyInstallDeprecationWarning: easy_install command is deprecated.
[1.137s] !!
[1.138s] 
[1.138s]         ********************************************************************************
[1.138s]         Please avoid running ``setup.py`` and ``easy_install``.
[1.138s]         Instead, use pypa/build, pypa/installer or other
[1.138s]         standards-based tools.
[1.138s] 
[1.138s]         See https://github.com/pypa/setuptools/issues/917 for details.
[1.138s]         ********************************************************************************
[1.138s] 
[1.139s] !!
[1.139s]   easy_install.initialize_options(self)
[1.163s] /usr/lib/python3/dist-packages/setuptools/_distutils/cmd.py:66: SetuptoolsDeprecationWarning: setup.py install is deprecated.
[1.163s] !!
[1.163s] 
[1.163s]         ********************************************************************************
[1.163s]         Please avoid running ``setup.py`` directly.
[1.163s]         Instead, use pypa/build, pypa/installer or other
[1.164s]         standards-based tools.
[1.164s] 
[1.164s]         See https://blog.ganssle.io/articles/2021/10/setup-py-deprecated.html for details.
[1.164s]         ********************************************************************************
[1.164s] 
[1.164s] !!
[1.164s]   self.initialize_options()
[1.249s] /usr/lib/python3/dist-packages/setuptools/command/easy_install.py:363: UserWarning: Unbuilt egg for pytest-repeat [unknown version] (/usr/lib/python3/dist-packages)
[1.249s]   self.local_index = Environment(self.shadow_path + sys.path)
[1.271s] running egg_info
[1.283s] writing hospital_fleet_manager.egg-info/PKG-INFO
[1.283s] writing dependency_links to hospital_fleet_manager.egg-info/dependency_links.txt
[1.283s] writing entry points to hospital_fleet_manager.egg-info/entry_points.txt
[1.283s] writing requirements to hospital_fleet_manager.egg-info/requires.txt
[1.283s] writing top-level names to hospital_fleet_manager.egg-info/top_level.txt
[1.308s] reading manifest file 'hospital_fleet_manager.egg-info/SOURCES.txt'
[1.309s] writing manifest file 'hospital_fleet_manager.egg-info/SOURCES.txt'
[1.325s] running build_ext
[1.325s] Creating /home/india/Documents/ai-hospital/hospital_ws/install/hospital_fleet_manager/lib/python3.12/site-packages/hospital-fleet-manager.egg-link (link to .)
[1.326s] Installing dashboard script to /home/india/Documents/ai-hospital/hospital_ws/install/hospital_fleet_manager/lib/hospital_fleet_manager
[1.326s] Installing dashboard_visual script to /home/india/Documents/ai-hospital/hospital_ws/install/hospital_fleet_manager/lib/hospital_fleet_manager
[1.326s] Installing fleet_scheduler script to /home/india/Documents/ai-hospital/hospital_ws/install/hospital_fleet_manager/lib/hospital_fleet_manager
[1.326s] Installing robot_simulator script to /home/india/Documents/ai-hospital/hospital_ws/install/hospital_fleet_manager/lib/hospital_fleet_manager
[1.326s] 
[1.326s] Installed /home/india/Documents/ai-hospital/hospital_ws/build/hospital_fleet_manager
[1.326s] running install_data
[1.327s] copying hospital_fleet_manager/launch/hospital_stack.launch.py -> /home/india/Documents/ai-hospital/hospital_ws/install/hospital_fleet_manager/share/hospital_fleet_manager/launch
[1.327s] copying hospital_fleet_manager/launch/gazebo_hospital.launch.py -> /home/india/Documents/ai-hospital/hospital_ws/install/hospital_fleet_manager/share/hospital_fleet_manager/launch
[1.355s] Invoked command in '/home/india/Documents/ai-hospital/hospital_ws/build/hospital_fleet_manager' returned '0': DEBUGINFOD_URLS=https://debuginfod.ubuntu.com PYTHONPATH=/home/india/Documents/ai-hospital/hospital_ws/build/hospital_fleet_manager/prefix_override:/home/india/Documents/ai-hospital/hospital_ws/install/hospital_fleet_manager/lib/python3.12/site-packages:${PYTHONPATH} /usr/bin/python3 setup.py develop --editable --build-directory /home/india/Documents/ai-hospital/hospital_ws/build/hospital_fleet_manager/build --no-deps install_data
