[0.974s] DEBUG:colcon:Command line arguments: ['/usr/bin/colcon', 'build', '--symlink-install', '--packages-select', 'hospital_fleet_manager']
[0.974s] DEBUG:colcon:Parsed command line arguments: Namespace(log_base=None, log_level=None, verb_name='build', build_base='build', install_base='install', merge_install=False, symlink_install=True, test_result_base=None, continue_on_error=False, executor='parallel', parallel_workers=12, event_handlers=None, ignore_user_meta=False, metas=['./colcon.meta'], base_paths=['.'], packages_ignore=None, packages_ignore_regex=None, paths=None, packages_up_to=None, packages_up_to_regex=None, packages_above=None, packages_above_and_dependencies=None, packages_above_depth=None, packages_select_by_dep=None, packages_skip_by_dep=None, packages_skip_up_to=None, packages_select_build_failed=False, packages_skip_build_finished=False, packages_select_test_failures=False, packages_skip_test_passed=False, packages_select=['hospital_fleet_manager'], packages_skip=None, packages_select_regex=None, packages_skip_regex=None, packages_start=None, packages_end=None, allow_overriding=[], cmake_args=None, cmake_target=None, cmake_target_skip_unavailable=False, cmake_clean_cache=False, cmake_clean_first=False, cmake_force_configure=False, ament_cmake_args=None, catkin_cmake_args=None, catkin_skip_building_tests=False, verb_parser=<colcon_defaults.argument_parser.defaults.DefaultArgumentsDecorator object at 0x7a014aae5250>, verb_extension=<colcon_core.verb.build.BuildVerb object at 0x7a014b715880>, main=<bound method BuildVerb.main of <colcon_core.verb.build.BuildVerb object at 0x7a014b715880>>)
[1.049s] Level 1:colcon.colcon_core.package_discovery:discover_packages(colcon_meta) check parameters
[1.050s] Level 1:colcon.colcon_core.package_discovery:discover_packages(recursive) check parameters
[1.050s] Level 1:colcon.colcon_core.package_discovery:discover_packages(ignore) check parameters
[1.050s] Level 1:colcon.colcon_core.package_discovery:discover_packages(path) check parameters
[1.050s] Level 1:colcon.colcon_core.package_discovery:discover_packages(colcon_meta) discover
[1.050s] Level 1:colcon.colcon_core.package_discovery:discover_packages(recursive) discover
[1.050s] INFO:colcon.colcon_core.package_discovery:Crawling recursively for packages in '/home/india/Documents/ai-hospital/hospital_ws'
[1.050s] Level 1:colcon.colcon_core.package_identification:_identify(.) by extensions ['ignore', 'ignore_ament_install']
[1.050s] Level 1:colcon.colcon_core.package_identification:_identify(.) by extension 'ignore'
[1.050s] Level 1:colcon.colcon_core.package_identification:_identify(.) by extension 'ignore_ament_install'
[1.050s] Level 1:colcon.colcon_core.package_identification:_identify(.) by extensions ['colcon_pkg']
[1.050s] Level 1:colcon.colcon_core.package_identification:_identify(.) by extension 'colcon_pkg'
[1.050s] Level 1:colcon.colcon_core.package_identification:_identify(.) by extensions ['colcon_meta']
[1.050s] Level 1:colcon.colcon_core.package_identification:_identify(.) by extension 'colcon_meta'
[1.050s] Level 1:colcon.colcon_core.package_identification:_identify(.) by extensions ['ros']
[1.050s] Level 1:colcon.colcon_core.package_identification:_identify(.) by extension 'ros'
[1.075s] Level 1:colcon.colcon_core.package_identification:_identify(.) by extensions ['cmake', 'python']
[1.075s] Level 1:colcon.colcon_core.package_identification:_identify(.) by extension 'cmake'
[1.075s] Level 1:colcon.colcon_core.package_identification:_identify(.) by extension 'python'
[1.076s] Level 1:colcon.colcon_core.package_identification:_identify(.) by extensions ['python_setup_py']
[1.076s] Level 1:colcon.colcon_core.package_identification:_identify(.) by extension 'python_setup_py'
[1.076s] Level 1:colcon.colcon_core.package_identification:_identify(build) by extensions ['ignore', 'ignore_ament_install']
[1.076s] Level 1:colcon.colcon_core.package_identification:_identify(build) by extension 'ignore'
[1.076s] Level 1:colcon.colcon_core.package_identification:_identify(build) ignored
[1.076s] Level 1:colcon.colcon_core.package_identification:_identify(install) by extensions ['ignore', 'ignore_ament_install']
[1.076s] Level 1:colcon.colcon_core.package_identification:_identify(install) by extension 'ignore'
[1.076s] Level 1:colcon.colcon_core.package_identification:_identify(install) ignored
[1.076s] Level 1:colcon.colcon_core.package_identification:_identify(log) by extensions ['ignore', 'ignore_ament_install']
[1.076s] Level 1:colcon.colcon_core.package_identification:_identify(log) by extension 'ignore'
[1.076s] Level 1:colcon.colcon_core.package_identification:_identify(log) ignored
[1.076s] Level 1:colcon.colcon_core.package_identification:_identify(src) by extensions ['ignore', 'ignore_ament_install']
[1.076s] Level 1:colcon.colcon_core.package_identification:_identify(src) by extension 'ignore'
[1.076s] Level 1:colcon.colcon_core.package_identification:_identify(src) by extension 'ignore_ament_install'
[1.076s] Level 1:colcon.colcon_core.package_identification:_identify(src) by extensions ['colcon_pkg']
[1.076s] Level 1:colcon.colcon_core.package_identification:_identify(src) by extension 'colcon_pkg'
[1.076s] Level 1:colcon.colcon_core.package_identification:_identify(src) by extensions ['colcon_meta']
[1.076s] Level 1:colcon.colcon_core.package_identification:_identify(src) by extension 'colcon_meta'
[1.076s] Level 1:colcon.colcon_core.package_identification:_identify(src) by extensions ['ros']
[1.076s] Level 1:colcon.colcon_core.package_identification:_identify(src) by extension 'ros'
[1.076s] Level 1:colcon.colcon_core.package_identification:_identify(src) by extensions ['cmake', 'python']
[1.076s] Level 1:colcon.colcon_core.package_identification:_identify(src) by extension 'cmake'
[1.077s] Level 1:colcon.colcon_core.package_identification:_identify(src) by extension 'python'
[1.077s] Level 1:colcon.colcon_core.package_identification:_identify(src) by extensions ['python_setup_py']
[1.077s] Level 1:colcon.colcon_core.package_identification:_identify(src) by extension 'python_setup_py'
[1.077s] Level 1:colcon.colcon_core.package_identification:_identify(src/hospital_fleet_manager) by extensions ['ignore', 'ignore_ament_install']
[1.077s] Level 1:colcon.colcon_core.package_identification:_identify(src/hospital_fleet_manager) by extension 'ignore'
[1.077s] Level 1:colcon.colcon_core.package_identification:_identify(src/hospital_fleet_manager) by extension 'ignore_ament_install'
[1.077s] Level 1:colcon.colcon_core.package_identification:_identify(src/hospital_fleet_manager) by extensions ['colcon_pkg']
[1.077s] Level 1:colcon.colcon_core.package_identification:_identify(src/hospital_fleet_manager) by extension 'colcon_pkg'
[1.077s] Level 1:colcon.colcon_core.package_identification:_identify(src/hospital_fleet_manager) by extensions ['colcon_meta']
[1.077s] Level 1:colcon.colcon_core.package_identification:_identify(src/hospital_fleet_manager) by extension 'colcon_meta'
[1.077s] Level 1:colcon.colcon_core.package_identification:_identify(src/hospital_fleet_manager) by extensions ['ros']
[1.077s] Level 1:colcon.colcon_core.package_identification:_identify(src/hospital_fleet_manager) by extension 'ros'
[1.081s] DEBUG:colcon.colcon_core.package_identification:Package 'src/hospital_fleet_manager' with type 'ros.ament_python' and name 'hospital_fleet_manager'
[1.081s] Level 1:colcon.colcon_core.package_discovery:discover_packages(recursive) using defaults
[1.081s] Level 1:colcon.colcon_core.package_discovery:discover_packages(ignore) discover
[1.081s] Level 1:colcon.colcon_core.package_discovery:discover_packages(ignore) using defaults
[1.081s] Level 1:colcon.colcon_core.package_discovery:discover_packages(path) discover
[1.081s] Level 1:colcon.colcon_core.package_discovery:discover_packages(path) using defaults
[1.182s] Level 1:colcon.colcon_core.package_discovery:discover_packages(prefix_path) check parameters
[1.182s] Level 1:colcon.colcon_core.package_discovery:discover_packages(prefix_path) discover
[1.210s] DEBUG:colcon.colcon_installed_package_information.package_discovery:Found 326 installed packages in /opt/ros/jazzy
[1.210s] Level 1:colcon.colcon_core.package_discovery:discover_packages(prefix_path) using defaults
[1.323s] Level 5:colcon.colcon_core.verb:set package 'hospital_fleet_manager' build argument 'cmake_args' from command line to 'None'
[1.323s] Level 5:colcon.colcon_core.verb:set package 'hospital_fleet_manager' build argument 'cmake_target' from command line to 'None'
[1.323s] Level 5:colcon.colcon_core.verb:set package 'hospital_fleet_manager' build argument 'cmake_target_skip_unavailable' from command line to 'False'
[1.323s] Level 5:colcon.colcon_core.verb:set package 'hospital_fleet_manager' build argument 'cmake_clean_cache' from command line to 'False'
[1.323s] Level 5:colcon.colcon_core.verb:set package 'hospital_fleet_manager' build argument 'cmake_clean_first' from command line to 'False'
[1.323s] Level 5:colcon.colcon_core.verb:set package 'hospital_fleet_manager' build argument 'cmake_force_configure' from command line to 'False'
[1.323s] Level 5:colcon.colcon_core.verb:set package 'hospital_fleet_manager' build argument 'ament_cmake_args' from command line to 'None'
[1.323s] Level 5:colcon.colcon_core.verb:set package 'hospital_fleet_manager' build argument 'catkin_cmake_args' from command line to 'None'
[1.323s] Level 5:colcon.colcon_core.verb:set package 'hospital_fleet_manager' build argument 'catkin_skip_building_tests' from command line to 'False'
[1.323s] DEBUG:colcon.colcon_core.verb:Building package 'hospital_fleet_manager' with the following arguments: {'ament_cmake_args': None, 'build_base': '/home/india/Documents/ai-hospital/hospital_ws/build/hospital_fleet_manager', 'catkin_cmake_args': None, 'catkin_skip_building_tests': False, 'cmake_args': None, 'cmake_clean_cache': False, 'cmake_clean_first': False, 'cmake_force_configure': False, 'cmake_target': None, 'cmake_target_skip_unavailable': False, 'install_base': '/home/india/Documents/ai-hospital/hospital_ws/install/hospital_fleet_manager', 'merge_install': False, 'path': '/home/india/Documents/ai-hospital/hospital_ws/src/hospital_fleet_manager', 'symlink_install': True, 'test_result_base': None}
[1.347s] INFO:colcon.colcon_core.executor:Executing jobs using 'parallel' executor
[1.372s] DEBUG:colcon.colcon_parallel_executor.executor.parallel:run_until_complete
[1.372s] INFO:colcon.colcon_ros.task.ament_python.build:Building ROS package in '/home/india/Documents/ai-hospital/hospital_ws/src/hospital_fleet_manager' with build type 'ament_python'
[1.372s] Level 1:colcon.colcon_core.shell:create_environment_hook('hospital_fleet_manager', 'ament_prefix_path')
[1.399s] INFO:colcon.colcon_core.plugin_system:Skipping extension 'colcon_core.shell.bat': Not used on non-Windows systems
[1.400s] INFO:colcon.colcon_core.shell:Creating environment hook '/home/india/Documents/ai-hospital/hospital_ws/install/hospital_fleet_manager/share/hospital_fleet_manager/hook/ament_prefix_path.ps1'
[1.400s] INFO:colcon.colcon_core.shell:Creating environment descriptor '/home/india/Documents/ai-hospital/hospital_ws/install/hospital_fleet_manager/share/hospital_fleet_manager/hook/ament_prefix_path.dsv'
[1.401s] INFO:colcon.colcon_core.shell:Creating environment hook '/home/india/Documents/ai-hospital/hospital_ws/install/hospital_fleet_manager/share/hospital_fleet_manager/hook/ament_prefix_path.sh'
[1.412s] INFO:colcon.colcon_core.shell:Skip shell extension 'powershell' for command environment: Not usable outside of PowerShell
[1.412s] DEBUG:colcon.colcon_core.shell:Skip shell extension 'dsv' for command environment
[1.626s] WARNING:colcon.colcon_ros.task.ament_python.build:Package 'hospital_fleet_manager' doesn't explicitly install a marker in the package index (colcon-ros currently does it implicitly but that fallback will be removed in the future)
[1.627s] INFO:colcon.colcon_core.task.python.build:Building Python package in '/home/india/Documents/ai-hospital/hospital_ws/src/hospital_fleet_manager'
[1.652s] INFO:colcon.colcon_core.shell:Skip shell extension 'powershell' for command environment: Not usable outside of PowerShell
[1.652s] DEBUG:colcon.colcon_core.shell:Skip shell extension 'dsv' for command environment
[2.246s] DEBUG:colcon.colcon_core.event_handler.log_command:Invoking command in '/home/india/Documents/ai-hospital/hospital_ws/build/hospital_fleet_manager': DEBUGINFOD_URLS=https://debuginfod.ubuntu.com PYTHONPATH=/home/india/Documents/ai-hospital/hospital_ws/build/hospital_fleet_manager/prefix_override:/home/india/Documents/ai-hospital/hospital_ws/install/hospital_fleet_manager/lib/python3.12/site-packages:${PYTHONPATH} /usr/bin/python3 setup.py develop --editable --build-directory /home/india/Documents/ai-hospital/hospital_ws/build/hospital_fleet_manager/build --no-deps install_data
[2.799s] Level 1:colcon.colcon_core.shell:create_environment_hook('hospital_fleet_manager', 'pythonpath_develop')
[2.801s] DEBUG:colcon.colcon_core.event_handler.log_command:Invoked command in '/home/india/Documents/ai-hospital/hospital_ws/build/hospital_fleet_manager' returned '0': DEBUGINFOD_URLS=https://debuginfod.ubuntu.com PYTHONPATH=/home/india/Documents/ai-hospital/hospital_ws/build/hospital_fleet_manager/prefix_override:/home/india/Documents/ai-hospital/hospital_ws/install/hospital_fleet_manager/lib/python3.12/site-packages:${PYTHONPATH} /usr/bin/python3 setup.py develop --editable --build-directory /home/india/Documents/ai-hospital/hospital_ws/build/hospital_fleet_manager/build --no-deps install_data
[2.863s] INFO:colcon.colcon_core.shell:Creating environment hook '/home/india/Documents/ai-hospital/hospital_ws/build/hospital_fleet_manager/share/hospital_fleet_manager/hook/pythonpath_develop.ps1'
[2.865s] INFO:colcon.colcon_core.shell:Creating environment descriptor '/home/india/Documents/ai-hospital/hospital_ws/build/hospital_fleet_manager/share/hospital_fleet_manager/hook/pythonpath_develop.dsv'
[2.867s] INFO:colcon.colcon_core.shell:Creating environment hook '/home/india/Documents/ai-hospital/hospital_ws/build/hospital_fleet_manager/share/hospital_fleet_manager/hook/pythonpath_develop.sh'
[2.926s] Level 1:colcon.colcon_core.environment:checking '/home/india/Documents/ai-hospital/hospital_ws/install/hospital_fleet_manager' for CMake module files
[2.927s] Level 1:colcon.colcon_core.environment:checking '/home/india/Documents/ai-hospital/hospital_ws/install/hospital_fleet_manager' for CMake config files
[2.929s] Level 1:colcon.colcon_core.environment:checking '/home/india/Documents/ai-hospital/hospital_ws/install/hospital_fleet_manager/lib'
[2.930s] Level 1:colcon.colcon_core.environment:checking '/home/india/Documents/ai-hospital/hospital_ws/install/hospital_fleet_manager/bin'
[2.930s] Level 1:colcon.colcon_core.environment:checking '/home/india/Documents/ai-hospital/hospital_ws/install/hospital_fleet_manager/lib/pkgconfig/hospital_fleet_manager.pc'
[2.931s] Level 1:colcon.colcon_core.environment:checking '/home/india/Documents/ai-hospital/hospital_ws/install/hospital_fleet_manager/lib/python3.12/site-packages'
[2.931s] Level 1:colcon.colcon_core.shell:create_environment_hook('hospital_fleet_manager', 'pythonpath')
[2.980s] INFO:colcon.colcon_core.shell:Creating environment hook '/home/india/Documents/ai-hospital/hospital_ws/install/hospital_fleet_manager/share/hospital_fleet_manager/hook/pythonpath.ps1'
[2.980s] INFO:colcon.colcon_core.shell:Creating environment descriptor '/home/india/Documents/ai-hospital/hospital_ws/install/hospital_fleet_manager/share/hospital_fleet_manager/hook/pythonpath.dsv'
[2.981s] INFO:colcon.colcon_core.shell:Creating environment hook '/home/india/Documents/ai-hospital/hospital_ws/install/hospital_fleet_manager/share/hospital_fleet_manager/hook/pythonpath.sh'
[2.981s] Level 1:colcon.colcon_core.environment:checking '/home/india/Documents/ai-hospital/hospital_ws/install/hospital_fleet_manager/bin'
[2.982s] Level 1:colcon.colcon_core.environment:create_environment_scripts_only(hospital_fleet_manager)
[2.999s] INFO:colcon.colcon_core.shell:Creating package script '/home/india/Documents/ai-hospital/hospital_ws/install/hospital_fleet_manager/share/hospital_fleet_manager/package.ps1'
[3.000s] INFO:colcon.colcon_core.shell:Creating package descriptor '/home/india/Documents/ai-hospital/hospital_ws/install/hospital_fleet_manager/share/hospital_fleet_manager/package.dsv'
[3.001s] INFO:colcon.colcon_core.shell:Creating package script '/home/india/Documents/ai-hospital/hospital_ws/install/hospital_fleet_manager/share/hospital_fleet_manager/package.sh'
[3.001s] INFO:colcon.colcon_core.shell:Creating package script '/home/india/Documents/ai-hospital/hospital_ws/install/hospital_fleet_manager/share/hospital_fleet_manager/package.bash'
[3.002s] INFO:colcon.colcon_core.shell:Creating package script '/home/india/Documents/ai-hospital/hospital_ws/install/hospital_fleet_manager/share/hospital_fleet_manager/package.zsh'
[3.002s] Level 1:colcon.colcon_core.environment:create_file_with_runtime_dependencies(/home/india/Documents/ai-hospital/hospital_ws/install/hospital_fleet_manager/share/colcon-core/packages/hospital_fleet_manager)
[3.003s] DEBUG:colcon.colcon_parallel_executor.executor.parallel:closing loop
[3.003s] DEBUG:colcon.colcon_parallel_executor.executor.parallel:loop closed
[3.003s] DEBUG:colcon.colcon_parallel_executor.executor.parallel:run_until_complete finished with '0'
[3.003s] DEBUG:colcon.colcon_core.event_reactor:joining thread
[3.029s] INFO:colcon.colcon_core.plugin_system:Skipping extension 'colcon_notification.desktop_notification.terminal_notifier': Not used on non-Darwin systems
[3.029s] INFO:colcon.colcon_core.plugin_system:Skipping extension 'colcon_notification.desktop_notification.win32': Not used on non-Windows systems
[3.029s] INFO:colcon.colcon_notification.desktop_notification:Sending desktop notification using 'notify2'
[3.030s] DEBUG:colcon.colcon_notification.desktop_notification.notify2:Failed to initialize notify2: org.freedesktop.DBus.Error.AccessDenied: Failed to connect to socket /run/user/1000/bus: Operation not permitted
[3.030s] DEBUG:colcon.colcon_core.event_reactor:joined thread
[3.042s] INFO:colcon.colcon_core.shell:Creating prefix script '/home/india/Documents/ai-hospital/hospital_ws/install/local_setup.ps1'
[3.042s] INFO:colcon.colcon_core.shell:Creating prefix util module '/home/india/Documents/ai-hospital/hospital_ws/install/_local_setup_util_ps1.py'
[3.043s] INFO:colcon.colcon_core.shell:Creating prefix chain script '/home/india/Documents/ai-hospital/hospital_ws/install/setup.ps1'
[3.054s] INFO:colcon.colcon_core.shell:Creating prefix script '/home/india/Documents/ai-hospital/hospital_ws/install/local_setup.sh'
[3.056s] INFO:colcon.colcon_core.shell:Creating prefix util module '/home/india/Documents/ai-hospital/hospital_ws/install/_local_setup_util_sh.py'
[3.057s] INFO:colcon.colcon_core.shell:Creating prefix chain script '/home/india/Documents/ai-hospital/hospital_ws/install/setup.sh'
[3.070s] INFO:colcon.colcon_core.shell:Creating prefix script '/home/india/Documents/ai-hospital/hospital_ws/install/local_setup.bash'
[3.071s] INFO:colcon.colcon_core.shell:Creating prefix chain script '/home/india/Documents/ai-hospital/hospital_ws/install/setup.bash'
[3.083s] INFO:colcon.colcon_core.shell:Creating prefix script '/home/india/Documents/ai-hospital/hospital_ws/install/local_setup.zsh'
[3.084s] INFO:colcon.colcon_core.shell:Creating prefix chain script '/home/india/Documents/ai-hospital/hospital_ws/install/setup.zsh'
