1777435228.5998054 [INFO] [launch]: All log files can be found below /home/india/Documents/ai-hospital/hospital_ws/.ros/log/2026-04-29-09-30-28-598982-Bunny-208669
1777435228.5999181 [INFO] [launch]: Default logging verbosity is set to INFO
1777435229.1726272 [INFO] [gazebo-1]: process started with pid [208713]
1777435229.1727798 [INFO] [parameter_bridge-2]: process started with pid [208714]
1777435229.1728287 [INFO] [fleet_scheduler-3]: process started with pid [208716]
1777435229.1728683 [INFO] [robot_simulator-4]: process started with pid [208717]
1777435229.1729016 [INFO] [dashboard_visual-5]: process started with pid [208718]
1777435229.3285189 [parameter_bridge-2] [INFO] [1777435229.327895445] [ros_gz_bridge]: Creating GZ->ROS Bridge: [/delivery_1/cmd_vel (gz.msgs.Twist) -> /delivery_1/cmd_vel (geometry_msgs/msg/Twist)] (Lazy 0)
1777435229.3338969 [parameter_bridge-2] [INFO] [1777435229.333442104] [ros_gz_bridge]: Creating ROS->GZ Bridge: [/delivery_1/cmd_vel (geometry_msgs/msg/Twist) -> /delivery_1/cmd_vel (gz.msgs.Twist)] (Lazy 0)
1777435229.3354030 [parameter_bridge-2] [INFO] [1777435229.335152990] [ros_gz_bridge]: Creating GZ->ROS Bridge: [/delivery_1/odom (gz.msgs.Odometry) -> /delivery_1/odom (nav_msgs/msg/Odometry)] (Lazy 0)
1777435229.3403087 [parameter_bridge-2] [INFO] [1777435229.339900977] [ros_gz_bridge]: Creating ROS->GZ Bridge: [/delivery_1/odom (nav_msgs/msg/Odometry) -> /delivery_1/odom (gz.msgs.Odometry)] (Lazy 0)
1777435229.3417914 [parameter_bridge-2] [INFO] [1777435229.341388532] [ros_gz_bridge]: Creating GZ->ROS Bridge: [/delivery_2/cmd_vel (gz.msgs.Twist) -> /delivery_2/cmd_vel (geometry_msgs/msg/Twist)] (Lazy 0)
1777435229.3427725 [parameter_bridge-2] [INFO] [1777435229.342454090] [ros_gz_bridge]: Creating ROS->GZ Bridge: [/delivery_2/cmd_vel (geometry_msgs/msg/Twist) -> /delivery_2/cmd_vel (gz.msgs.Twist)] (Lazy 0)
1777435229.3437319 [parameter_bridge-2] [INFO] [1777435229.343432819] [ros_gz_bridge]: Creating GZ->ROS Bridge: [/delivery_2/odom (gz.msgs.Odometry) -> /delivery_2/odom (nav_msgs/msg/Odometry)] (Lazy 0)
1777435229.3446770 [parameter_bridge-2] [INFO] [1777435229.344379967] [ros_gz_bridge]: Creating ROS->GZ Bridge: [/delivery_2/odom (nav_msgs/msg/Odometry) -> /delivery_2/odom (gz.msgs.Odometry)] (Lazy 0)
1777435229.3457005 [parameter_bridge-2] [INFO] [1777435229.345404904] [ros_gz_bridge]: Creating GZ->ROS Bridge: [/delivery_3/cmd_vel (gz.msgs.Twist) -> /delivery_3/cmd_vel (geometry_msgs/msg/Twist)] (Lazy 0)
1777435229.3466096 [parameter_bridge-2] [INFO] [1777435229.346319718] [ros_gz_bridge]: Creating ROS->GZ Bridge: [/delivery_3/cmd_vel (geometry_msgs/msg/Twist) -> /delivery_3/cmd_vel (gz.msgs.Twist)] (Lazy 0)
1777435229.3476088 [parameter_bridge-2] [INFO] [1777435229.347303984] [ros_gz_bridge]: Creating GZ->ROS Bridge: [/delivery_3/odom (gz.msgs.Odometry) -> /delivery_3/odom (nav_msgs/msg/Odometry)] (Lazy 0)
1777435229.3484547 [parameter_bridge-2] [INFO] [1777435229.348227671] [ros_gz_bridge]: Creating ROS->GZ Bridge: [/delivery_3/odom (nav_msgs/msg/Odometry) -> /delivery_3/odom (gz.msgs.Odometry)] (Lazy 0)
1777435229.3495488 [parameter_bridge-2] [INFO] [1777435229.349249906] [ros_gz_bridge]: Creating GZ->ROS Bridge: [/cleaning_1/cmd_vel (gz.msgs.Twist) -> /cleaning_1/cmd_vel (geometry_msgs/msg/Twist)] (Lazy 0)
1777435229.3503950 [parameter_bridge-2] [INFO] [1777435229.350131910] [ros_gz_bridge]: Creating ROS->GZ Bridge: [/cleaning_1/cmd_vel (geometry_msgs/msg/Twist) -> /cleaning_1/cmd_vel (gz.msgs.Twist)] (Lazy 0)
1777435229.3512959 [parameter_bridge-2] [INFO] [1777435229.351048661] [ros_gz_bridge]: Creating GZ->ROS Bridge: [/cleaning_1/odom (gz.msgs.Odometry) -> /cleaning_1/odom (nav_msgs/msg/Odometry)] (Lazy 0)
1777435229.3521848 [parameter_bridge-2] [INFO] [1777435229.351915114] [ros_gz_bridge]: Creating ROS->GZ Bridge: [/cleaning_1/odom (nav_msgs/msg/Odometry) -> /cleaning_1/odom (gz.msgs.Odometry)] (Lazy 0)
1777435229.3531466 [parameter_bridge-2] [INFO] [1777435229.352890091] [ros_gz_bridge]: Creating GZ->ROS Bridge: [/cleaning_2/cmd_vel (gz.msgs.Twist) -> /cleaning_2/cmd_vel (geometry_msgs/msg/Twist)] (Lazy 0)
1777435229.3540611 [parameter_bridge-2] [INFO] [1777435229.353802504] [ros_gz_bridge]: Creating ROS->GZ Bridge: [/cleaning_2/cmd_vel (geometry_msgs/msg/Twist) -> /cleaning_2/cmd_vel (gz.msgs.Twist)] (Lazy 0)
1777435229.3576667 [parameter_bridge-2] [INFO] [1777435229.354796412] [ros_gz_bridge]: Creating GZ->ROS Bridge: [/cleaning_2/odom (gz.msgs.Odometry) -> /cleaning_2/odom (nav_msgs/msg/Odometry)] (Lazy 0)
1777435229.3579204 [parameter_bridge-2] [INFO] [1777435229.355737156] [ros_gz_bridge]: Creating ROS->GZ Bridge: [/cleaning_2/odom (nav_msgs/msg/Odometry) -> /cleaning_2/odom (gz.msgs.Odometry)] (Lazy 0)
1777435229.3580704 [parameter_bridge-2] [INFO] [1777435229.356712711] [ros_gz_bridge]: Creating GZ->ROS Bridge: [/patient_mover_1/cmd_vel (gz.msgs.Twist) -> /patient_mover_1/cmd_vel (geometry_msgs/msg/Twist)] (Lazy 0)
1777435229.3594191 [parameter_bridge-2] [INFO] [1777435229.358155861] [ros_gz_bridge]: Creating ROS->GZ Bridge: [/patient_mover_1/cmd_vel (geometry_msgs/msg/Twist) -> /patient_mover_1/cmd_vel (gz.msgs.Twist)] (Lazy 0)
1777435229.3596077 [parameter_bridge-2] [INFO] [1777435229.358953113] [ros_gz_bridge]: Creating GZ->ROS Bridge: [/patient_mover_1/odom (gz.msgs.Odometry) -> /patient_mover_1/odom (nav_msgs/msg/Odometry)] (Lazy 0)
1777435229.3600609 [parameter_bridge-2] [INFO] [1777435229.359626367] [ros_gz_bridge]: Creating ROS->GZ Bridge: [/patient_mover_1/odom (nav_msgs/msg/Odometry) -> /patient_mover_1/odom (gz.msgs.Odometry)] (Lazy 0)
1777435229.3608074 [parameter_bridge-2] [INFO] [1777435229.360567654] [ros_gz_bridge]: Creating GZ->ROS Bridge: [/patient_mover_2/cmd_vel (gz.msgs.Twist) -> /patient_mover_2/cmd_vel (geometry_msgs/msg/Twist)] (Lazy 0)
1777435229.3620396 [parameter_bridge-2] [INFO] [1777435229.361812149] [ros_gz_bridge]: Creating ROS->GZ Bridge: [/patient_mover_2/cmd_vel (geometry_msgs/msg/Twist) -> /patient_mover_2/cmd_vel (gz.msgs.Twist)] (Lazy 0)
1777435229.3631806 [parameter_bridge-2] [INFO] [1777435229.362763716] [ros_gz_bridge]: Creating GZ->ROS Bridge: [/patient_mover_2/odom (gz.msgs.Odometry) -> /patient_mover_2/odom (nav_msgs/msg/Odometry)] (Lazy 0)
1777435229.3641498 [parameter_bridge-2] [INFO] [1777435229.363658936] [ros_gz_bridge]: Creating ROS->GZ Bridge: [/patient_mover_2/odom (nav_msgs/msg/Odometry) -> /patient_mover_2/odom (gz.msgs.Odometry)] (Lazy 0)
1777435229.3649392 [parameter_bridge-2] [INFO] [1777435229.364575894] [ros_gz_bridge]: Creating GZ->ROS Bridge: [/heavy_supply_1/cmd_vel (gz.msgs.Twist) -> /heavy_supply_1/cmd_vel (geometry_msgs/msg/Twist)] (Lazy 0)
1777435229.3662899 [parameter_bridge-2] [INFO] [1777435229.365835167] [ros_gz_bridge]: Creating ROS->GZ Bridge: [/heavy_supply_1/cmd_vel (geometry_msgs/msg/Twist) -> /heavy_supply_1/cmd_vel (gz.msgs.Twist)] (Lazy 0)
1777435229.3675206 [parameter_bridge-2] [INFO] [1777435229.367307241] [ros_gz_bridge]: Creating GZ->ROS Bridge: [/heavy_supply_1/odom (gz.msgs.Odometry) -> /heavy_supply_1/odom (nav_msgs/msg/Odometry)] (Lazy 0)
1777435229.3681495 [parameter_bridge-2] [INFO] [1777435229.367993186] [ros_gz_bridge]: Creating ROS->GZ Bridge: [/heavy_supply_1/odom (nav_msgs/msg/Odometry) -> /heavy_supply_1/odom (gz.msgs.Odometry)] (Lazy 0)
1777435229.3688781 [parameter_bridge-2] [INFO] [1777435229.368701321] [ros_gz_bridge]: Creating GZ->ROS Bridge: [/lab_courier_1/cmd_vel (gz.msgs.Twist) -> /lab_courier_1/cmd_vel (geometry_msgs/msg/Twist)] (Lazy 0)
1777435229.3695269 [parameter_bridge-2] [INFO] [1777435229.369301420] [ros_gz_bridge]: Creating ROS->GZ Bridge: [/lab_courier_1/cmd_vel (geometry_msgs/msg/Twist) -> /lab_courier_1/cmd_vel (gz.msgs.Twist)] (Lazy 0)
1777435229.3706136 [parameter_bridge-2] [INFO] [1777435229.369981164] [ros_gz_bridge]: Creating GZ->ROS Bridge: [/lab_courier_1/odom (gz.msgs.Odometry) -> /lab_courier_1/odom (nav_msgs/msg/Odometry)] (Lazy 0)
1777435229.3709416 [parameter_bridge-2] [INFO] [1777435229.370598222] [ros_gz_bridge]: Creating ROS->GZ Bridge: [/lab_courier_1/odom (nav_msgs/msg/Odometry) -> /lab_courier_1/odom (gz.msgs.Odometry)] (Lazy 0)
1777435229.3719530 [parameter_bridge-2] [INFO] [1777435229.371414582] [ros_gz_bridge]: Creating GZ->ROS Bridge: [/emergency_1/cmd_vel (gz.msgs.Twist) -> /emergency_1/cmd_vel (geometry_msgs/msg/Twist)] (Lazy 0)
1777435229.3725443 [parameter_bridge-2] [INFO] [1777435229.372351802] [ros_gz_bridge]: Creating ROS->GZ Bridge: [/emergency_1/cmd_vel (geometry_msgs/msg/Twist) -> /emergency_1/cmd_vel (gz.msgs.Twist)] (Lazy 0)
1777435229.3750784 [parameter_bridge-2] [INFO] [1777435229.373478433] [ros_gz_bridge]: Creating GZ->ROS Bridge: [/emergency_1/odom (gz.msgs.Odometry) -> /emergency_1/odom (nav_msgs/msg/Odometry)] (Lazy 0)
1777435229.3763316 [parameter_bridge-2] [INFO] [1777435229.374104010] [ros_gz_bridge]: Creating ROS->GZ Bridge: [/emergency_1/odom (nav_msgs/msg/Odometry) -> /emergency_1/odom (gz.msgs.Odometry)] (Lazy 0)
1777435229.3766584 [parameter_bridge-2] [INFO] [1777435229.374816596] [ros_gz_bridge]: Creating GZ->ROS Bridge: [/general_1/cmd_vel (gz.msgs.Twist) -> /general_1/cmd_vel (geometry_msgs/msg/Twist)] (Lazy 0)
1777435229.3769639 [parameter_bridge-2] [INFO] [1777435229.375366900] [ros_gz_bridge]: Creating ROS->GZ Bridge: [/general_1/cmd_vel (geometry_msgs/msg/Twist) -> /general_1/cmd_vel (gz.msgs.Twist)] (Lazy 0)
1777435229.3770967 [parameter_bridge-2] [INFO] [1777435229.376053853] [ros_gz_bridge]: Creating GZ->ROS Bridge: [/general_1/odom (gz.msgs.Odometry) -> /general_1/odom (nav_msgs/msg/Odometry)] (Lazy 0)
1777435229.3773539 [parameter_bridge-2] [INFO] [1777435229.376643930] [ros_gz_bridge]: Creating ROS->GZ Bridge: [/general_1/odom (nav_msgs/msg/Odometry) -> /general_1/odom (gz.msgs.Odometry)] (Lazy 0)
1777435229.3776741 [parameter_bridge-2] [INFO] [1777435229.377306627] [ros_gz_bridge]: Creating GZ->ROS Bridge: [/general_2/cmd_vel (gz.msgs.Twist) -> /general_2/cmd_vel (geometry_msgs/msg/Twist)] (Lazy 0)
1777435229.3779583 [parameter_bridge-2] [INFO] [1777435229.377676853] [ros_gz_bridge]: Creating ROS->GZ Bridge: [/general_2/cmd_vel (geometry_msgs/msg/Twist) -> /general_2/cmd_vel (gz.msgs.Twist)] (Lazy 0)
1777435229.3782368 [parameter_bridge-2] [INFO] [1777435229.378041093] [ros_gz_bridge]: Creating GZ->ROS Bridge: [/general_2/odom (gz.msgs.Odometry) -> /general_2/odom (nav_msgs/msg/Odometry)] (Lazy 0)
1777435229.3785303 [parameter_bridge-2] [INFO] [1777435229.378405859] [ros_gz_bridge]: Creating ROS->GZ Bridge: [/general_2/odom (nav_msgs/msg/Odometry) -> /general_2/odom (gz.msgs.Odometry)] (Lazy 0)
1777435229.7305412 [INFO] [gazebo-1]: process has finished cleanly [pid 208713]
1777435229.7309401 [INFO] [launch]: process[gazebo-1] was required: shutting down launched system
1777435229.7354462 [INFO] [dashboard_visual-5]: sending signal 'SIGINT' to process[dashboard_visual-5]
1777435229.7359049 [INFO] [robot_simulator-4]: sending signal 'SIGINT' to process[robot_simulator-4]
1777435229.7362442 [INFO] [fleet_scheduler-3]: sending signal 'SIGINT' to process[fleet_scheduler-3]
1777435229.7365639 [INFO] [parameter_bridge-2]: sending signal 'SIGINT' to process[parameter_bridge-2]
1777435229.7432866 [parameter_bridge-2] [INFO] [1777435229.742069623] [rclcpp]: signal_handler(SIGINT/SIGTERM)
1777435229.7749116 [ERROR] [robot_simulator-4]: process has died [pid 208717, exit code -2, cmd '/home/india/venv-ai-hospital/bin/python3 -m hospital_fleet_manager.robot_simulator --ros-args -r __node:=robot_simulator'].
1777435229.7952163 [ERROR] [fleet_scheduler-3]: process has died [pid 208716, exit code -2, cmd '/home/india/venv-ai-hospital/bin/python3 -m hospital_fleet_manager.fleet_scheduler --ros-args -r __node:=fleet_scheduler'].
1777435229.8640363 [INFO] [parameter_bridge-2]: process has finished cleanly [pid 208714]
1777435234.4655571 [ERROR] [dashboard_visual-5]: process has died [pid 208718, exit code 1, cmd '/home/india/venv-ai-hospital/bin/python3 -m gunicorn hospital_fleet_manager.dashboard_visual:app --bind 0.0.0.0:5000 --workers 1 --threads 2'].
