[0.783s] Invoking command in '/home/india/Documents/ai-hospital/hospital_ws/build/hospital_fleet_manager': DEBUGINFOD_URLS=https://debuginfod.ubuntu.com PYTHONPATH=/home/india/Documents/ai-hospital/hospital_ws/build/hospital_fleet_manager/prefix_override:/home/india/Documents/ai-hospital/hospital_ws/install/hospital_fleet_manager/lib/python3.12/site-packages: /usr/bin/python3 setup.py develop --editable --build-directory /home/india/Documents/ai-hospital/hospital_ws/build/hospital_fleet_manager/build --no-deps install_data
[0.932s] /usr/lib/python3/dist-packages/setuptools/dist.py:744: SetuptoolsDeprecationWarning: Invalid dash-separated options
[0.932s] !!
[0.932s] 
[0.933s]         ********************************************************************************
[0.933s]         Usage of dash-separated 'script-dir' will not be supported in future
[0.933s]         versions. Please use the underscore name 'script_dir' instead.
[0.933s] 
[0.933s]         This deprecation is overdue, please update your project and remove deprecated
[0.933s]         calls to avoid build errors in the future.
[0.933s] 
[0.933s]         See https://setuptools.pypa.io/en/latest/userguide/declarative_config.html for details.
[0.933s]         ********************************************************************************
[0.934s] 
[0.934s] !!
[0.934s]   opt = self.warn_dash_deprecation(opt, section)
[1.023s] running develop
[1.023s] /usr/lib/python3/dist-packages/setuptools/command/develop.py:40: EasyInstallDeprecationWarning: easy_install command is deprecated.
[1.023s] !!
[1.023s] 
[1.023s]         ********************************************************************************
[1.023s]         Please avoid running ``setup.py`` and ``easy_install``.
[1.024s]         Instead, use pypa/build, pypa/installer or other
[1.024s]         standards-based tools.
[1.024s] 
[1.024s]         See https://github.com/pypa/setuptools/issues/917 for details.
[1.024s]         ********************************************************************************
[1.024s] 
[1.024s] !!
[1.024s]   easy_install.initialize_options(self)
[1.036s] /usr/lib/python3/dist-packages/setuptools/_distutils/cmd.py:66: SetuptoolsDeprecationWarning: setup.py install is deprecated.
[1.036s] !!
[1.036s] 
[1.036s]         ********************************************************************************
[1.036s]         Please avoid running ``setup.py`` directly.
[1.037s]         Instead, use pypa/build, pypa/installer or other
[1.037s]         standards-based tools.
[1.037s] 
[1.037s]         See https://blog.ganssle.io/articles/2021/10/setup-py-deprecated.html for details.
[1.037s]         ********************************************************************************
[1.037s] 
[1.037s] !!
[1.038s]   self.initialize_options()
[1.076s] /usr/lib/python3/dist-packages/setuptools/command/easy_install.py:363: UserWarning: Unbuilt egg for pytest-repeat [unknown version] (/usr/lib/python3/dist-packages)
[1.076s]   self.local_index = Environment(self.shadow_path + sys.path)
[1.089s] running egg_info
[1.096s] writing hospital_fleet_manager.egg-info/PKG-INFO
[1.096s] writing dependency_links to hospital_fleet_manager.egg-info/dependency_links.txt
[1.097s] writing entry points to hospital_fleet_manager.egg-info/entry_points.txt
[1.097s] writing requirements to hospital_fleet_manager.egg-info/requires.txt
[1.097s] writing top-level names to hospital_fleet_manager.egg-info/top_level.txt
[1.111s] reading manifest file 'hospital_fleet_manager.egg-info/SOURCES.txt'
[1.111s] writing manifest file 'hospital_fleet_manager.egg-info/SOURCES.txt'
[1.119s] running build_ext
[1.119s] Creating /home/india/Documents/ai-hospital/hospital_ws/install/hospital_fleet_manager/lib/python3.12/site-packages/hospital-fleet-manager.egg-link (link to .)
[1.120s] Installing fleet_scheduler script to /home/india/Documents/ai-hospital/hospital_ws/install/hospital_fleet_manager/lib/hospital_fleet_manager
[1.120s] Installing robot_simulator script to /home/india/Documents/ai-hospital/hospital_ws/install/hospital_fleet_manager/lib/hospital_fleet_manager
[1.120s] 
[1.120s] Installed /home/india/Documents/ai-hospital/hospital_ws/build/hospital_fleet_manager
[1.121s] running install_data
[1.183s] Invoked command in '/home/india/Documents/ai-hospital/hospital_ws/build/hospital_fleet_manager' returned '0': DEBUGINFOD_URLS=https://debuginfod.ubuntu.com PYTHONPATH=/home/india/Documents/ai-hospital/hospital_ws/build/hospital_fleet_manager/prefix_override:/home/india/Documents/ai-hospital/hospital_ws/install/hospital_fleet_manager/lib/python3.12/site-packages: /usr/bin/python3 setup.py develop --editable --build-directory /home/india/Documents/ai-hospital/hospital_ws/build/hospital_fleet_manager/build --no-deps install_data
