running develop
running egg_info
creating hospital_fleet_manager.egg-info
writing hospital_fleet_manager.egg-info/PKG-INFO
writing dependency_links to hospital_fleet_manager.egg-info/dependency_links.txt
writing entry points to hospital_fleet_manager.egg-info/entry_points.txt
writing requirements to hospital_fleet_manager.egg-info/requires.txt
writing top-level names to hospital_fleet_manager.egg-info/top_level.txt
writing manifest file 'hospital_fleet_manager.egg-info/SOURCES.txt'
reading manifest file 'hospital_fleet_manager.egg-info/SOURCES.txt'
writing manifest file 'hospital_fleet_manager.egg-info/SOURCES.txt'
running build_ext
Creating /home/india/Documents/ai-hospital/hospital_ws/install/hospital_fleet_manager/lib/python3.12/site-packages/hospital-fleet-manager.egg-link (link to .)
Installing fleet_scheduler script to /home/india/Documents/ai-hospital/hospital_ws/install/hospital_fleet_manager/lib/hospital_fleet_manager
Installing robot_simulator script to /home/india/Documents/ai-hospital/hospital_ws/install/hospital_fleet_manager/lib/hospital_fleet_manager

Installed /home/india/Documents/ai-hospital/hospital_ws/build/hospital_fleet_manager
running install_data
creating /home/india/Documents/ai-hospital/hospital_ws/install/hospital_fleet_manager/share
creating /home/india/Documents/ai-hospital/hospital_ws/install/hospital_fleet_manager/share/ament_index
creating /home/india/Documents/ai-hospital/hospital_ws/install/hospital_fleet_manager/share/ament_index/resource_index
creating /home/india/Documents/ai-hospital/hospital_ws/install/hospital_fleet_manager/share/ament_index/resource_index/packages
copying resource/hospital_fleet_manager -> /home/india/Documents/ai-hospital/hospital_ws/install/hospital_fleet_manager/share/ament_index/resource_index/packages
creating /home/india/Documents/ai-hospital/hospital_ws/install/hospital_fleet_manager/share/hospital_fleet_manager
copying package.xml -> /home/india/Documents/ai-hospital/hospital_ws/install/hospital_fleet_manager/share/hospital_fleet_manager
