/usr/lib/python3/dist-packages/setuptools/dist.py:744: SetuptoolsDeprecationWarning: Invalid dash-separated options
!!

        ********************************************************************************
        Usage of dash-separated 'script-dir' will not be supported in future
        versions. Please use the underscore name 'script_dir' instead.

        This deprecation is overdue, please update your project and remove deprecated
        calls to avoid build errors in the future.

        See https://setuptools.pypa.io/en/latest/userguide/declarative_config.html for details.
        ********************************************************************************

!!
  opt = self.warn_dash_deprecation(opt, section)
running develop
/usr/lib/python3/dist-packages/setuptools/command/develop.py:40: EasyInstallDeprecationWarning: easy_install command is deprecated.
!!

        ********************************************************************************
        Please avoid running ``setup.py`` and ``easy_install``.
        Instead, use pypa/build, pypa/installer or other
        standards-based tools.

        See https://github.com/pypa/setuptools/issues/917 for details.
        ********************************************************************************

!!
  easy_install.initialize_options(self)
/usr/lib/python3/dist-packages/setuptools/_distutils/cmd.py:66: SetuptoolsDeprecationWarning: setup.py install is deprecated.
!!

        ********************************************************************************
        Please avoid running ``setup.py`` directly.
        Instead, use pypa/build, pypa/installer or other
        standards-based tools.

        See https://blog.ganssle.io/articles/2021/10/setup-py-deprecated.html for details.
        ********************************************************************************

!!
  self.initialize_options()
/usr/lib/python3/dist-packages/setuptools/command/easy_install.py:363: UserWarning: Unbuilt egg for pytest-repeat [unknown version] (/usr/lib/python3/dist-packages)
  self.local_index = Environment(self.shadow_path + sys.path)
running egg_info
creating hospital_fleet_manager.egg-info
writing hospital_fleet_manager.egg-info/PKG-INFO
writing dependency_links to hospital_fleet_manager.egg-info/dependency_links.txt
writing entry points to hospital_fleet_manager.egg-info/entry_points.txt
writing requirements to hospital_fleet_manager.egg-info/requires.txt
writing top-level names to hospital_fleet_manager.egg-info/top_level.txt
writing manifest file 'hospital_fleet_manager.egg-info/SOURCES.txt'
reading manifest file 'hospital_fleet_manager.egg-info/SOURCES.txt'
writing manifest file 'hospital_fleet_manager.egg-info/SOURCES.txt'
running build_ext
Creating /home/india/Documents/ai-hospital/hospital_ws/install/hospital_fleet_manager/lib/python3.12/site-packages/hospital-fleet-manager.egg-link (link to .)
Installing fleet_scheduler script to /home/india/Documents/ai-hospital/hospital_ws/install/hospital_fleet_manager/lib/hospital_fleet_manager
Installing robot_simulator script to /home/india/Documents/ai-hospital/hospital_ws/install/hospital_fleet_manager/lib/hospital_fleet_manager

Installed /home/india/Documents/ai-hospital/hospital_ws/build/hospital_fleet_manager
running install_data
creating /home/india/Documents/ai-hospital/hospital_ws/install/hospital_fleet_manager/share
creating /home/india/Documents/ai-hospital/hospital_ws/install/hospital_fleet_manager/share/ament_index
creating /home/india/Documents/ai-hospital/hospital_ws/install/hospital_fleet_manager/share/ament_index/resource_index
creating /home/india/Documents/ai-hospital/hospital_ws/install/hospital_fleet_manager/share/ament_index/resource_index/packages
copying resource/hospital_fleet_manager -> /home/india/Documents/ai-hospital/hospital_ws/install/hospital_fleet_manager/share/ament_index/resource_index/packages
creating /home/india/Documents/ai-hospital/hospital_ws/install/hospital_fleet_manager/share/hospital_fleet_manager
copying package.xml -> /home/india/Documents/ai-hospital/hospital_ws/install/hospital_fleet_manager/share/hospital_fleet_manager
