[0.807s] Invoking command in '/home/india/Documents/ai-hospital/hospital_ws/build/hospital_fleet_manager': DEBUGINFOD_URLS=https://debuginfod.ubuntu.com PYTHONPATH=/home/india/Documents/ai-hospital/hospital_ws/build/hospital_fleet_manager/prefix_override:/home/india/Documents/ai-hospital/hospital_ws/install/hospital_fleet_manager/lib/python3.12/site-packages: /usr/bin/python3 setup.py develop --editable --build-directory /home/india/Documents/ai-hospital/hospital_ws/build/hospital_fleet_manager/build --no-deps install_data
[0.922s] /usr/lib/python3/dist-packages/setuptools/dist.py:744: SetuptoolsDeprecationWarning: Invalid dash-separated options
[0.922s] !!
[0.922s] 
[0.922s]         ********************************************************************************
[0.922s]         Usage of dash-separated 'script-dir' will not be supported in future
[0.922s]         versions. Please use the underscore name 'script_dir' instead.
[0.922s] 
[0.922s]         This deprecation is overdue, please update your project and remove deprecated
[0.922s]         calls to avoid build errors in the future.
[0.922s] 
[0.922s]         See https://setuptools.pypa.io/en/latest/userguide/declarative_config.html for details.
[0.923s]         ********************************************************************************
[0.923s] 
[0.923s] !!
[0.923s]   opt = self.warn_dash_deprecation(opt, section)
[1.020s] running develop
[1.020s] /usr/lib/python3/dist-packages/setuptools/command/develop.py:40: EasyInstallDeprecationWarning: easy_install command is deprecated.
[1.020s] !!
[1.020s] 
[1.020s]         ********************************************************************************
[1.020s]         Please avoid running ``setup.py`` and ``easy_install``.
[1.021s]         Instead, use pypa/build, pypa/installer or other
[1.021s]         standards-based tools.
[1.021s] 
[1.021s]         See https://github.com/pypa/setuptools/issues/917 for details.
[1.021s]         ********************************************************************************
[1.021s] 
[1.021s] !!
[1.021s]   easy_install.initialize_options(self)
[1.038s] /usr/lib/python3/dist-packages/setuptools/_distutils/cmd.py:66: SetuptoolsDeprecationWarning: setup.py install is deprecated.
[1.038s] !!
[1.038s] 
[1.038s]         ********************************************************************************
[1.039s]         Please avoid running ``setup.py`` directly.
[1.039s]         Instead, use pypa/build, pypa/installer or other
[1.039s]         standards-based tools.
[1.039s] 
[1.039s]         See https://blog.ganssle.io/articles/2021/10/setup-py-deprecated.html for details.
[1.039s]         ********************************************************************************
[1.039s] 
[1.039s] !!
[1.039s]   self.initialize_options()
[1.076s] /usr/lib/python3/dist-packages/setuptools/command/easy_install.py:363: UserWarning: Unbuilt egg for pytest-repeat [unknown version] (/usr/lib/python3/dist-packages)
[1.076s]   self.local_index = Environment(self.shadow_path + sys.path)
[1.086s] running egg_info
[1.086s] creating hospital_fleet_manager.egg-info
[1.093s] writing hospital_fleet_manager.egg-info/PKG-INFO
[1.093s] writing dependency_links to hospital_fleet_manager.egg-info/dependency_links.txt
[1.093s] writing entry points to hospital_fleet_manager.egg-info/entry_points.txt
[1.093s] writing requirements to hospital_fleet_manager.egg-info/requires.txt
[1.093s] writing top-level names to hospital_fleet_manager.egg-info/top_level.txt
[1.093s] writing manifest file 'hospital_fleet_manager.egg-info/SOURCES.txt'
[1.105s] reading manifest file 'hospital_fleet_manager.egg-info/SOURCES.txt'
[1.105s] writing manifest file 'hospital_fleet_manager.egg-info/SOURCES.txt'
[1.112s] running build_ext
[1.113s] Creating /home/india/Documents/ai-hospital/hospital_ws/install/hospital_fleet_manager/lib/python3.12/site-packages/hospital-fleet-manager.egg-link (link to .)
[1.113s] Installing fleet_scheduler script to /home/india/Documents/ai-hospital/hospital_ws/install/hospital_fleet_manager/lib/hospital_fleet_manager
[1.113s] Installing robot_simulator script to /home/india/Documents/ai-hospital/hospital_ws/install/hospital_fleet_manager/lib/hospital_fleet_manager
[1.113s] 
[1.113s] Installed /home/india/Documents/ai-hospital/hospital_ws/build/hospital_fleet_manager
[1.114s] running install_data
[1.114s] creating /home/india/Documents/ai-hospital/hospital_ws/install/hospital_fleet_manager/share
[1.114s] creating /home/india/Documents/ai-hospital/hospital_ws/install/hospital_fleet_manager/share/ament_index
[1.114s] creating /home/india/Documents/ai-hospital/hospital_ws/install/hospital_fleet_manager/share/ament_index/resource_index
[1.114s] creating /home/india/Documents/ai-hospital/hospital_ws/install/hospital_fleet_manager/share/ament_index/resource_index/packages
[1.114s] copying resource/hospital_fleet_manager -> /home/india/Documents/ai-hospital/hospital_ws/install/hospital_fleet_manager/share/ament_index/resource_index/packages
[1.115s] creating /home/india/Documents/ai-hospital/hospital_ws/install/hospital_fleet_manager/share/hospital_fleet_manager
[1.115s] copying package.xml -> /home/india/Documents/ai-hospital/hospital_ws/install/hospital_fleet_manager/share/hospital_fleet_manager
[1.141s] Invoked command in '/home/india/Documents/ai-hospital/hospital_ws/build/hospital_fleet_manager' returned '0': DEBUGINFOD_URLS=https://debuginfod.ubuntu.com PYTHONPATH=/home/india/Documents/ai-hospital/hospital_ws/build/hospital_fleet_manager/prefix_override:/home/india/Documents/ai-hospital/hospital_ws/install/hospital_fleet_manager/lib/python3.12/site-packages: /usr/bin/python3 setup.py develop --editable --build-directory /home/india/Documents/ai-hospital/hospital_ws/build/hospital_fleet_manager/build --no-deps install_data
