1777347838.1643894 [INFO] [launch]: All log files can be found below /home/india/Documents/ai-hospital/hospital_ws/.ros/log/2026-04-28-09-13-58-163453-Bunny-165839
1777347838.1645141 [INFO] [launch]: Default logging verbosity is set to INFO
1777347843.1475456 [INFO] [gazebo-1]: process started with pid [165922]
1777347843.1478825 [INFO] [parameter_bridge-2]: process started with pid [165923]
1777347843.1480606 [INFO] [robot_state_publisher-3]: process started with pid [165924]
1777347843.1533089 [INFO] [robot_state_publisher-4]: process started with pid [165926]
1777347843.1540694 [INFO] [robot_state_publisher-5]: process started with pid [165927]
1777347843.1633930 [INFO] [robot_state_publisher-6]: process started with pid [165928]
1777347843.1667538 [INFO] [robot_state_publisher-7]: process started with pid [165929]
1777347843.1695685 [INFO] [robot_state_publisher-8]: process started with pid [165930]
1777347843.1705494 [INFO] [robot_state_publisher-9]: process started with pid [165931]
1777347843.1730070 [INFO] [robot_state_publisher-10]: process started with pid [165932]
1777347843.1745260 [INFO] [robot_state_publisher-11]: process started with pid [165933]
1777347843.1760736 [INFO] [robot_state_publisher-12]: process started with pid [165934]
1777347843.1792164 [INFO] [robot_state_publisher-13]: process started with pid [165935]
1777347843.1801133 [INFO] [robot_state_publisher-14]: process started with pid [165936]
1777347843.1824470 [INFO] [component_container_isolated-15]: process started with pid [165937]
1777347843.1847765 [INFO] [component_container_isolated-16]: process started with pid [165950]
1777347843.1851923 [INFO] [component_container_isolated-17]: process started with pid [165957]
1777347843.1885917 [INFO] [component_container_isolated-18]: process started with pid [165958]
1777347843.1888490 [INFO] [component_container_isolated-19]: process started with pid [165959]
1777347843.1890314 [INFO] [component_container_isolated-20]: process started with pid [165964]
1777347843.1891997 [INFO] [component_container_isolated-21]: process started with pid [165969]
1777347843.1893563 [INFO] [component_container_isolated-22]: process started with pid [165974]
1777347843.1895101 [INFO] [component_container_isolated-23]: process started with pid [165975]
1777347843.1896567 [INFO] [component_container_isolated-24]: process started with pid [166002]
1777347843.1930118 [INFO] [component_container_isolated-25]: process started with pid [166022]
1777347843.2010450 [INFO] [component_container_isolated-26]: process started with pid [166030]
1777347843.2022700 [INFO] [fleet_scheduler-27]: process started with pid [166044]
1777347843.2049954 [INFO] [robot_simulator-28]: process started with pid [166067]
1777347843.2121496 [INFO] [dashboard_visual-29]: process started with pid [166093]
1777347843.2302499 [robot_state_publisher-5] [WARN] [1777347843.174633950] [kdl_parser]: The root link base_link has an inertia specified in the URDF, but KDL does not support a root link with an inertia.  As a workaround, you can add an extra dummy link to your URDF.
1777347843.2336087 [robot_state_publisher-5] [INFO] [1777347843.174779868] [delivery_3.delivery_3_state_publisher]: Robot initialized
1777347843.5421631 [ERROR] [dashboard_visual-29]: process has died [pid 166093, exit code 1, cmd '/home/india/Documents/ai-hospital/hospital_ws/install/hospital_fleet_manager/lib/hospital_fleet_manager/dashboard_visual --ros-args -r __node:=dashboard_visual'].
1777347843.6202073 [robot_state_publisher-7] [WARN] [1777347843.618727799] [kdl_parser]: The root link base_link has an inertia specified in the URDF, but KDL does not support a root link with an inertia.  As a workaround, you can add an extra dummy link to your URDF.
1777347843.6204209 [robot_state_publisher-7] [INFO] [1777347843.618892305] [cleaning_2.cleaning_2_state_publisher]: Robot initialized
1777347843.6543653 [robot_state_publisher-4] [WARN] [1777347843.650157526] [kdl_parser]: The root link base_link has an inertia specified in the URDF, but KDL does not support a root link with an inertia.  As a workaround, you can add an extra dummy link to your URDF.
1777347843.6560643 [robot_state_publisher-4] [INFO] [1777347843.650353575] [delivery_2.delivery_2_state_publisher]: Robot initialized
1777347843.8094666 [robot_state_publisher-3] [WARN] [1777347843.748994267] [kdl_parser]: The root link base_link has an inertia specified in the URDF, but KDL does not support a root link with an inertia.  As a workaround, you can add an extra dummy link to your URDF.
1777347843.8103504 [robot_state_publisher-3] [INFO] [1777347843.749184842] [delivery_1.delivery_1_state_publisher]: Robot initialized
1777347843.8110633 [INFO] [gazebo-1]: process has finished cleanly [pid 165922]
1777347843.8120124 [robot_state_publisher-8] [WARN] [1777347843.767750720] [kdl_parser]: The root link base_link has an inertia specified in the URDF, but KDL does not support a root link with an inertia.  As a workaround, you can add an extra dummy link to your URDF.
1777347843.8126330 [robot_state_publisher-8] [INFO] [1777347843.767921965] [patient_mover_1.patient_mover_1_state_publisher]: Robot initialized
1777347843.8198431 [INFO] [launch]: process[gazebo-1] was required: shutting down launched system
1777347844.3229365 [INFO] [robot_simulator-28]: sending signal 'SIGINT' to process[robot_simulator-28]
1777347844.3298519 [ERROR] [fleet_scheduler-27]: process has died [pid 166044, exit code 1, cmd '/home/india/Documents/ai-hospital/hospital_ws/install/hospital_fleet_manager/lib/hospital_fleet_manager/fleet_scheduler --ros-args -r __node:=fleet_scheduler'].
1777347844.3391423 [INFO] [component_container_isolated-26]: sending signal 'SIGINT' to process[component_container_isolated-26]
1777347844.3450694 [INFO] [component_container_isolated-25]: sending signal 'SIGINT' to process[component_container_isolated-25]
1777347844.3522055 [INFO] [component_container_isolated-24]: sending signal 'SIGINT' to process[component_container_isolated-24]
1777347844.3582294 [INFO] [component_container_isolated-23]: sending signal 'SIGINT' to process[component_container_isolated-23]
1777347844.3650932 [INFO] [component_container_isolated-22]: sending signal 'SIGINT' to process[component_container_isolated-22]
1777347844.3721497 [INFO] [component_container_isolated-21]: sending signal 'SIGINT' to process[component_container_isolated-21]
1777347844.3789136 [INFO] [component_container_isolated-20]: sending signal 'SIGINT' to process[component_container_isolated-20]
1777347844.3858755 [INFO] [component_container_isolated-19]: sending signal 'SIGINT' to process[component_container_isolated-19]
1777347844.3927755 [INFO] [component_container_isolated-18]: sending signal 'SIGINT' to process[component_container_isolated-18]
1777347844.3929453 [WARNING] [launch_ros.actions.load_composable_nodes]: Abandoning wait for the 'delivery_1/nav2_container/_container/load_node' service response, due to shutdown.
1777347844.4024513 [INFO] [component_container_isolated-17]: sending signal 'SIGINT' to process[component_container_isolated-17]
1777347844.4088912 [INFO] [component_container_isolated-16]: sending signal 'SIGINT' to process[component_container_isolated-16]
1777347844.4164472 [INFO] [component_container_isolated-15]: sending signal 'SIGINT' to process[component_container_isolated-15]
1777347844.4255466 [INFO] [robot_state_publisher-14]: sending signal 'SIGINT' to process[robot_state_publisher-14]
1777347844.4324503 [INFO] [robot_state_publisher-13]: sending signal 'SIGINT' to process[robot_state_publisher-13]
1777347844.4399006 [INFO] [robot_state_publisher-12]: sending signal 'SIGINT' to process[robot_state_publisher-12]
1777347844.4471638 [INFO] [robot_state_publisher-11]: sending signal 'SIGINT' to process[robot_state_publisher-11]
1777347844.4473393 [WARNING] [launch_ros.actions.load_composable_nodes]: Abandoning wait for the 'delivery_1/nav2_container/_container/load_node' service response, due to shutdown.
1777347844.4475727 [WARNING] [launch_ros.actions.load_composable_nodes]: Abandoning wait for the 'delivery_1/nav2_container/_container/load_node' service response, due to shutdown.
1777347844.4689670 [INFO] [robot_state_publisher-10]: sending signal 'SIGINT' to process[robot_state_publisher-10]
1777347844.4796913 [INFO] [robot_state_publisher-9]: sending signal 'SIGINT' to process[robot_state_publisher-9]
1777347844.4896052 [INFO] [robot_state_publisher-8]: sending signal 'SIGINT' to process[robot_state_publisher-8]
1777347844.5018356 [INFO] [robot_state_publisher-7]: sending signal 'SIGINT' to process[robot_state_publisher-7]
1777347844.5078681 [INFO] [component_container_isolated-23]: process has finished cleanly [pid 165975]
1777347844.5210264 [INFO] [robot_state_publisher-6]: sending signal 'SIGINT' to process[robot_state_publisher-6]
1777347844.5235345 [INFO] [component_container_isolated-20]: process has finished cleanly [pid 165964]
1777347844.5369263 [INFO] [robot_state_publisher-5]: sending signal 'SIGINT' to process[robot_state_publisher-5]
1777347844.5460761 [INFO] [robot_state_publisher-4]: sending signal 'SIGINT' to process[robot_state_publisher-4]
1777347844.5473936 [INFO] [component_container_isolated-21]: process has finished cleanly [pid 165969]
1777347844.5539794 [INFO] [robot_state_publisher-3]: sending signal 'SIGINT' to process[robot_state_publisher-3]
1777347844.5555234 [INFO] [component_container_isolated-16]: process has finished cleanly [pid 165950]
1777347844.5669742 [INFO] [parameter_bridge-2]: sending signal 'SIGINT' to process[parameter_bridge-2]
1777347844.5744290 [robot_state_publisher-14] [WARN] [1777347843.865329684] [kdl_parser]: The root link base_link has an inertia specified in the URDF, but KDL does not support a root link with an inertia.  As a workaround, you can add an extra dummy link to your URDF.
1777347844.5746922 [robot_state_publisher-14] [INFO] [1777347843.865583286] [general_2.general_2_state_publisher]: Robot initialized
1777347844.5756605 [robot_state_publisher-11] [WARN] [1777347843.868940334] [kdl_parser]: The root link base_link has an inertia specified in the URDF, but KDL does not support a root link with an inertia.  As a workaround, you can add an extra dummy link to your URDF.
1777347844.5758717 [robot_state_publisher-11] [INFO] [1777347843.869116890] [lab_courier_1.lab_courier_1_state_publisher]: Robot initialized
1777347844.5766532 [robot_state_publisher-6] [WARN] [1777347843.878812835] [kdl_parser]: The root link base_link has an inertia specified in the URDF, but KDL does not support a root link with an inertia.  As a workaround, you can add an extra dummy link to your URDF.
1777347844.5769715 [robot_state_publisher-6] [INFO] [1777347843.878971826] [cleaning_1.cleaning_1_state_publisher]: Robot initialized
1777347844.5795918 [robot_state_publisher-9] [WARN] [1777347843.986451293] [kdl_parser]: The root link base_link has an inertia specified in the URDF, but KDL does not support a root link with an inertia.  As a workaround, you can add an extra dummy link to your URDF.
1777347844.5797870 [robot_state_publisher-9] [INFO] [1777347843.986637657] [patient_mover_2.patient_mover_2_state_publisher]: Robot initialized
1777347844.5803280 [parameter_bridge-2] [INFO] [1777347844.006873868] [ros_gz_bridge]: Creating GZ->ROS Bridge: [/delivery_1/cmd_vel (gz.msgs.Twist) -> /delivery_1/cmd_vel (geometry_msgs/msg/Twist)] (Lazy 0)
1777347844.5804780 [parameter_bridge-2] [INFO] [1777347844.015640445] [ros_gz_bridge]: Creating ROS->GZ Bridge: [/delivery_1/cmd_vel (geometry_msgs/msg/Twist) -> /delivery_1/cmd_vel (gz.msgs.Twist)] (Lazy 0)
1777347844.5805871 [parameter_bridge-2] [INFO] [1777347844.025540285] [ros_gz_bridge]: Creating GZ->ROS Bridge: [/delivery_1/odom (gz.msgs.Odometry) -> /delivery_1/odom (nav_msgs/msg/Odometry)] (Lazy 0)
1777347844.5806842 [parameter_bridge-2] [INFO] [1777347844.045540330] [ros_gz_bridge]: Creating ROS->GZ Bridge: [/delivery_1/odom (nav_msgs/msg/Odometry) -> /delivery_1/odom (gz.msgs.Odometry)] (Lazy 0)
1777347844.5816209 [parameter_bridge-2] [INFO] [1777347844.052207916] [ros_gz_bridge]: Creating GZ->ROS Bridge: [/delivery_2/cmd_vel (gz.msgs.Twist) -> /delivery_2/cmd_vel (geometry_msgs/msg/Twist)] (Lazy 0)
1777347844.5821137 [parameter_bridge-2] [INFO] [1777347844.059856204] [ros_gz_bridge]: Creating ROS->GZ Bridge: [/delivery_2/cmd_vel (geometry_msgs/msg/Twist) -> /delivery_2/cmd_vel (gz.msgs.Twist)] (Lazy 0)
1777347844.5829864 [parameter_bridge-2] [INFO] [1777347844.066898766] [ros_gz_bridge]: Creating GZ->ROS Bridge: [/delivery_2/odom (gz.msgs.Odometry) -> /delivery_2/odom (nav_msgs/msg/Odometry)] (Lazy 0)
1777347844.5834198 [parameter_bridge-2] [INFO] [1777347844.070124760] [ros_gz_bridge]: Creating ROS->GZ Bridge: [/delivery_2/odom (nav_msgs/msg/Odometry) -> /delivery_2/odom (gz.msgs.Odometry)] (Lazy 0)
1777347844.5838466 [parameter_bridge-2] [INFO] [1777347844.071950921] [ros_gz_bridge]: Creating GZ->ROS Bridge: [/delivery_3/cmd_vel (gz.msgs.Twist) -> /delivery_3/cmd_vel (geometry_msgs/msg/Twist)] (Lazy 0)
1777347844.5841033 [parameter_bridge-2] [INFO] [1777347844.076393834] [ros_gz_bridge]: Creating ROS->GZ Bridge: [/delivery_3/cmd_vel (geometry_msgs/msg/Twist) -> /delivery_3/cmd_vel (gz.msgs.Twist)] (Lazy 0)
1777347844.5842874 [parameter_bridge-2] [INFO] [1777347844.078771001] [ros_gz_bridge]: Creating GZ->ROS Bridge: [/delivery_3/odom (gz.msgs.Odometry) -> /delivery_3/odom (nav_msgs/msg/Odometry)] (Lazy 0)
1777347844.5844400 [parameter_bridge-2] [INFO] [1777347844.085684445] [ros_gz_bridge]: Creating ROS->GZ Bridge: [/delivery_3/odom (nav_msgs/msg/Odometry) -> /delivery_3/odom (gz.msgs.Odometry)] (Lazy 0)
1777347844.5845399 [parameter_bridge-2] [INFO] [1777347844.105424644] [ros_gz_bridge]: Creating GZ->ROS Bridge: [/cleaning_1/cmd_vel (gz.msgs.Twist) -> /cleaning_1/cmd_vel (geometry_msgs/msg/Twist)] (Lazy 0)
1777347844.5846281 [parameter_bridge-2] [INFO] [1777347844.106969989] [ros_gz_bridge]: Creating ROS->GZ Bridge: [/cleaning_1/cmd_vel (geometry_msgs/msg/Twist) -> /cleaning_1/cmd_vel (gz.msgs.Twist)] (Lazy 0)
1777347844.5847144 [parameter_bridge-2] [INFO] [1777347844.108608023] [ros_gz_bridge]: Creating GZ->ROS Bridge: [/cleaning_1/odom (gz.msgs.Odometry) -> /cleaning_1/odom (nav_msgs/msg/Odometry)] (Lazy 0)
1777347844.5848179 [parameter_bridge-2] [INFO] [1777347844.109931921] [ros_gz_bridge]: Creating ROS->GZ Bridge: [/cleaning_1/odom (nav_msgs/msg/Odometry) -> /cleaning_1/odom (gz.msgs.Odometry)] (Lazy 0)
1777347844.5849037 [parameter_bridge-2] [INFO] [1777347844.111297285] [ros_gz_bridge]: Creating GZ->ROS Bridge: [/cleaning_2/cmd_vel (gz.msgs.Twist) -> /cleaning_2/cmd_vel (geometry_msgs/msg/Twist)] (Lazy 0)
1777347844.5849867 [parameter_bridge-2] [INFO] [1777347844.113837979] [ros_gz_bridge]: Creating ROS->GZ Bridge: [/cleaning_2/cmd_vel (geometry_msgs/msg/Twist) -> /cleaning_2/cmd_vel (gz.msgs.Twist)] (Lazy 0)
1777347844.5850708 [parameter_bridge-2] [INFO] [1777347844.115657839] [ros_gz_bridge]: Creating GZ->ROS Bridge: [/cleaning_2/odom (gz.msgs.Odometry) -> /cleaning_2/odom (nav_msgs/msg/Odometry)] (Lazy 0)
1777347844.5851531 [parameter_bridge-2] [INFO] [1777347844.120248285] [ros_gz_bridge]: Creating ROS->GZ Bridge: [/cleaning_2/odom (nav_msgs/msg/Odometry) -> /cleaning_2/odom (gz.msgs.Odometry)] (Lazy 0)
1777347844.5852363 [parameter_bridge-2] [INFO] [1777347844.127345218] [ros_gz_bridge]: Creating GZ->ROS Bridge: [/patient_mover_1/cmd_vel (gz.msgs.Twist) -> /patient_mover_1/cmd_vel (geometry_msgs/msg/Twist)] (Lazy 0)
1777347844.5854645 [parameter_bridge-2] [INFO] [1777347844.131132912] [ros_gz_bridge]: Creating ROS->GZ Bridge: [/patient_mover_1/cmd_vel (geometry_msgs/msg/Twist) -> /patient_mover_1/cmd_vel (gz.msgs.Twist)] (Lazy 0)
1777347844.5856252 [parameter_bridge-2] [INFO] [1777347844.137337777] [ros_gz_bridge]: Creating GZ->ROS Bridge: [/patient_mover_1/odom (gz.msgs.Odometry) -> /patient_mover_1/odom (nav_msgs/msg/Odometry)] (Lazy 0)
1777347844.5857849 [parameter_bridge-2] [INFO] [1777347844.156115248] [ros_gz_bridge]: Creating ROS->GZ Bridge: [/patient_mover_1/odom (nav_msgs/msg/Odometry) -> /patient_mover_1/odom (gz.msgs.Odometry)] (Lazy 0)
1777347844.5859711 [parameter_bridge-2] [INFO] [1777347844.160981089] [ros_gz_bridge]: Creating GZ->ROS Bridge: [/patient_mover_2/cmd_vel (gz.msgs.Twist) -> /patient_mover_2/cmd_vel (geometry_msgs/msg/Twist)] (Lazy 0)
1777347844.5861762 [parameter_bridge-2] [INFO] [1777347844.170235086] [ros_gz_bridge]: Creating ROS->GZ Bridge: [/patient_mover_2/cmd_vel (geometry_msgs/msg/Twist) -> /patient_mover_2/cmd_vel (gz.msgs.Twist)] (Lazy 0)
1777347844.5863628 [parameter_bridge-2] [INFO] [1777347844.176578724] [ros_gz_bridge]: Creating GZ->ROS Bridge: [/patient_mover_2/odom (gz.msgs.Odometry) -> /patient_mover_2/odom (nav_msgs/msg/Odometry)] (Lazy 0)
1777347844.5865552 [parameter_bridge-2] [INFO] [1777347844.181289979] [ros_gz_bridge]: Creating ROS->GZ Bridge: [/patient_mover_2/odom (nav_msgs/msg/Odometry) -> /patient_mover_2/odom (gz.msgs.Odometry)] (Lazy 0)
1777347844.5866692 [parameter_bridge-2] [INFO] [1777347844.188983575] [ros_gz_bridge]: Creating GZ->ROS Bridge: [/heavy_supply_1/cmd_vel (gz.msgs.Twist) -> /heavy_supply_1/cmd_vel (geometry_msgs/msg/Twist)] (Lazy 0)
1777347844.5868158 [parameter_bridge-2] [INFO] [1777347844.197659502] [ros_gz_bridge]: Creating ROS->GZ Bridge: [/heavy_supply_1/cmd_vel (geometry_msgs/msg/Twist) -> /heavy_supply_1/cmd_vel (gz.msgs.Twist)] (Lazy 0)
1777347844.5869379 [parameter_bridge-2] [INFO] [1777347844.211018555] [ros_gz_bridge]: Creating GZ->ROS Bridge: [/heavy_supply_1/odom (gz.msgs.Odometry) -> /heavy_supply_1/odom (nav_msgs/msg/Odometry)] (Lazy 0)
1777347844.5870490 [parameter_bridge-2] [INFO] [1777347844.219107295] [ros_gz_bridge]: Creating ROS->GZ Bridge: [/heavy_supply_1/odom (nav_msgs/msg/Odometry) -> /heavy_supply_1/odom (gz.msgs.Odometry)] (Lazy 0)
1777347844.5871654 [parameter_bridge-2] [INFO] [1777347844.222349756] [ros_gz_bridge]: Creating GZ->ROS Bridge: [/lab_courier_1/cmd_vel (gz.msgs.Twist) -> /lab_courier_1/cmd_vel (geometry_msgs/msg/Twist)] (Lazy 0)
1777347844.5873573 [parameter_bridge-2] [INFO] [1777347844.231376626] [ros_gz_bridge]: Creating ROS->GZ Bridge: [/lab_courier_1/cmd_vel (geometry_msgs/msg/Twist) -> /lab_courier_1/cmd_vel (gz.msgs.Twist)] (Lazy 0)
1777347844.5875659 [parameter_bridge-2] [INFO] [1777347844.234692183] [ros_gz_bridge]: Creating GZ->ROS Bridge: [/lab_courier_1/odom (gz.msgs.Odometry) -> /lab_courier_1/odom (nav_msgs/msg/Odometry)] (Lazy 0)
1777347844.5876813 [parameter_bridge-2] [INFO] [1777347844.239612614] [ros_gz_bridge]: Creating ROS->GZ Bridge: [/lab_courier_1/odom (nav_msgs/msg/Odometry) -> /lab_courier_1/odom (gz.msgs.Odometry)] (Lazy 0)
1777347844.5882046 [parameter_bridge-2] [INFO] [1777347844.250193501] [ros_gz_bridge]: Creating GZ->ROS Bridge: [/emergency_1/cmd_vel (gz.msgs.Twist) -> /emergency_1/cmd_vel (geometry_msgs/msg/Twist)] (Lazy 0)
1777347844.5883656 [parameter_bridge-2] [INFO] [1777347844.264261209] [ros_gz_bridge]: Creating ROS->GZ Bridge: [/emergency_1/cmd_vel (geometry_msgs/msg/Twist) -> /emergency_1/cmd_vel (gz.msgs.Twist)] (Lazy 0)
1777347844.5886984 [parameter_bridge-2] [INFO] [1777347844.266020255] [ros_gz_bridge]: Creating GZ->ROS Bridge: [/emergency_1/odom (gz.msgs.Odometry) -> /emergency_1/odom (nav_msgs/msg/Odometry)] (Lazy 0)
1777347844.5890620 [parameter_bridge-2] [INFO] [1777347844.278967921] [ros_gz_bridge]: Creating ROS->GZ Bridge: [/emergency_1/odom (nav_msgs/msg/Odometry) -> /emergency_1/odom (gz.msgs.Odometry)] (Lazy 0)
1777347844.5891614 [parameter_bridge-2] [INFO] [1777347844.283889486] [ros_gz_bridge]: Creating GZ->ROS Bridge: [/general_1/cmd_vel (gz.msgs.Twist) -> /general_1/cmd_vel (geometry_msgs/msg/Twist)] (Lazy 0)
1777347844.5892491 [parameter_bridge-2] [INFO] [1777347844.286796856] [ros_gz_bridge]: Creating ROS->GZ Bridge: [/general_1/cmd_vel (geometry_msgs/msg/Twist) -> /general_1/cmd_vel (gz.msgs.Twist)] (Lazy 0)
1777347844.5897543 [robot_state_publisher-10] [WARN] [1777347844.076380623] [kdl_parser]: The root link base_link has an inertia specified in the URDF, but KDL does not support a root link with an inertia.  As a workaround, you can add an extra dummy link to your URDF.
1777347844.5899091 [robot_state_publisher-10] [INFO] [1777347844.076578487] [heavy_supply_1.heavy_supply_1_state_publisher]: Robot initialized
1777347844.5903373 [robot_state_publisher-13] [WARN] [1777347844.155816947] [kdl_parser]: The root link base_link has an inertia specified in the URDF, but KDL does not support a root link with an inertia.  As a workaround, you can add an extra dummy link to your URDF.
1777347844.5904815 [robot_state_publisher-13] [INFO] [1777347844.156040344] [general_1.general_1_state_publisher]: Robot initialized
1777347844.5996094 [INFO] [robot_simulator-28]: process has finished cleanly [pid 166067]
1777347844.6058385 [robot_state_publisher-14] [INFO] [1777347844.427967754] [rclcpp]: signal_handler(SIGINT/SIGTERM)
1777347844.6062896 [robot_state_publisher-13] [INFO] [1777347844.432864099] [rclcpp]: signal_handler(SIGINT/SIGTERM)
1777347844.6067240 [robot_state_publisher-12] [INFO] [1777347844.443664922] [rclcpp]: signal_handler(SIGINT/SIGTERM)
1777347844.6070220 [robot_state_publisher-12] terminate called after throwing an instance of 'rclcpp::exceptions::RCLError'
1777347844.6072607 [robot_state_publisher-12]   what():  could not create publisher: rcl node's context is invalid, at ./src/rcl/node.c:404
1777347844.6078107 [robot_state_publisher-11] [INFO] [1777347844.448337489] [rclcpp]: signal_handler(SIGINT/SIGTERM)
1777347844.6083527 [parameter_bridge-2] [INFO] [1777347844.466803935] [ros_gz_bridge]: Creating GZ->ROS Bridge: [/general_1/odom (gz.msgs.Odometry) -> /general_1/odom (nav_msgs/msg/Odometry)] (Lazy 0)
1777347844.6088707 [robot_state_publisher-10] [INFO] [1777347844.469851864] [rclcpp]: signal_handler(SIGINT/SIGTERM)
1777347844.6092746 [robot_state_publisher-9] [INFO] [1777347844.481921896] [rclcpp]: signal_handler(SIGINT/SIGTERM)
1777347844.6100869 [robot_state_publisher-8] [INFO] [1777347844.491850962] [rclcpp]: signal_handler(SIGINT/SIGTERM)
1777347844.6108322 [parameter_bridge-2] [INFO] [1777347844.500888484] [ros_gz_bridge]: Creating ROS->GZ Bridge: [/general_1/odom (nav_msgs/msg/Odometry) -> /general_1/odom (gz.msgs.Odometry)] (Lazy 0)
1777347844.6112771 [robot_state_publisher-7] [INFO] [1777347844.502639538] [rclcpp]: signal_handler(SIGINT/SIGTERM)
1777347844.6123390 [parameter_bridge-2] [INFO] [1777347844.514017525] [ros_gz_bridge]: Creating GZ->ROS Bridge: [/general_2/cmd_vel (gz.msgs.Twist) -> /general_2/cmd_vel (geometry_msgs/msg/Twist)] (Lazy 0)
1777347844.6129127 [robot_state_publisher-6] [INFO] [1777347844.521419355] [rclcpp]: signal_handler(SIGINT/SIGTERM)
1777347844.6138573 [robot_state_publisher-5] [INFO] [1777347844.537337681] [rclcpp]: signal_handler(SIGINT/SIGTERM)
1777347844.6149981 [robot_state_publisher-4] [INFO] [1777347844.550725375] [rclcpp]: signal_handler(SIGINT/SIGTERM)
1777347844.6154943 [robot_state_publisher-3] [INFO] [1777347844.554938878] [rclcpp]: signal_handler(SIGINT/SIGTERM)
1777347844.6159570 [parameter_bridge-2] [INFO] [1777347844.572970083] [rclcpp]: signal_handler(SIGINT/SIGTERM)
1777347844.6163878 [parameter_bridge-2] [WARN] [1777347844.593976524] [ros_gz_bridge]: Failed to create a bridge for topic [/general_2/cmd_vel] with ROS2 type [geometry_msgs/msg/Twist] to topic [/general_2/cmd_vel] with Gazebo Transport type [gz.msgs.Twist]: could not create publisher: rcl node's context is invalid, at ./src/rcl/node.c:404
1777347844.6166911 [parameter_bridge-2] [INFO] [1777347844.594017398] [ros_gz_bridge]: Creating GZ->ROS Bridge: [/general_2/odom (gz.msgs.Odometry) -> /general_2/odom (nav_msgs/msg/Odometry)] (Lazy 0)
1777347844.6174989 [parameter_bridge-2] [WARN] [1777347844.599769988] [ros_gz_bridge]: Failed to create a bridge for topic [/general_2/odom] with ROS2 type [nav_msgs/msg/Odometry] to topic [/general_2/odom] with Gazebo Transport type [gz.msgs.Odometry]: could not create publisher: rcl node's context is invalid, at ./src/rcl/node.c:404
1777347844.6177652 [parameter_bridge-2] terminate called after throwing an instance of 'rclcpp::exceptions::RCLError'
1777347844.6179855 [parameter_bridge-2]   what():  failed to create guard condition: the given context is not valid, either rcl_init() was not called or rcl_shutdown() was called., at ./src/rcl/guard_condition.c:67
1777347844.6222918 [INFO] [component_container_isolated-19]: process has finished cleanly [pid 165959]
1777347844.6272955 [INFO] [component_container_isolated-18]: process has finished cleanly [pid 165958]
1777347844.6378393 [INFO] [robot_state_publisher-10]: process has finished cleanly [pid 165932]
1777347844.6389539 [INFO] [robot_state_publisher-11]: process has finished cleanly [pid 165933]
1777347844.6563361 [INFO] [robot_state_publisher-7]: process has finished cleanly [pid 165929]
1777347844.6704381 [INFO] [robot_state_publisher-9]: process has finished cleanly [pid 165931]
1777347844.6794760 [INFO] [component_container_isolated-25]: process has finished cleanly [pid 166022]
1777347844.6893091 [INFO] [component_container_isolated-26]: process has finished cleanly [pid 166030]
1777347844.7098997 [INFO] [robot_state_publisher-6]: process has finished cleanly [pid 165928]
1777347844.7119434 [INFO] [robot_state_publisher-13]: process has finished cleanly [pid 165935]
1777347844.7122910 [INFO] [robot_state_publisher-5]: process has finished cleanly [pid 165927]
1777347844.7397254 [INFO] [component_container_isolated-24]: process has finished cleanly [pid 166002]
1777347844.7507958 [INFO] [robot_state_publisher-8]: process has finished cleanly [pid 165930]
1777347844.7640262 [INFO] [robot_state_publisher-3]: process has finished cleanly [pid 165924]
1777347844.7787077 [INFO] [component_container_isolated-22]: process has finished cleanly [pid 165974]
1777347844.7840786 [INFO] [component_container_isolated-17]: process has finished cleanly [pid 165957]
1777347844.8098269 [WARNING] [launch_ros.actions.load_composable_nodes]: Abandoning wait for the 'delivery_3/nav2_container/_container/load_node' service response, due to shutdown.
1777347844.8185489 [WARNING] [launch_ros.actions.load_composable_nodes]: Abandoning wait for the 'delivery_3/nav2_container/_container/load_node' service response, due to shutdown.
1777347844.8192177 [WARNING] [launch_ros.actions.load_composable_nodes]: Abandoning wait for the 'delivery_3/nav2_container/_container/load_node' service response, due to shutdown.
1777347844.8249280 [INFO] [component_container_isolated-15]: process has finished cleanly [pid 165937]
1777347844.8908179 [WARNING] [launch_ros.actions.load_composable_nodes]: Abandoning wait for the 'cleaning_1/nav2_container/_container/load_node' service response, due to shutdown.
1777347844.8980322 [WARNING] [launch_ros.actions.load_composable_nodes]: Abandoning wait for the 'cleaning_1/nav2_container/_container/load_node' service response, due to shutdown.
1777347845.0611999 [WARNING] [launch_ros.actions.load_composable_nodes]: Abandoning wait for the 'cleaning_1/nav2_container/_container/load_node' service response, due to shutdown.
1777347845.1876287 [WARNING] [launch_ros.actions.load_composable_nodes]: Abandoning wait for the 'patient_mover_2/nav2_container/_container/load_node' service response, due to shutdown.
1777347845.2047999 [WARNING] [launch_ros.actions.load_composable_nodes]: Abandoning wait for the 'heavy_supply_1/nav2_container/_container/load_node' service response, due to shutdown.
1777347846.7428055 [INFO] [robot_state_publisher-14]: process has finished cleanly [pid 165936]
1777347846.7558529 [INFO] [robot_state_publisher-4]: process has finished cleanly [pid 165926]
1777347849.3125513 [ERROR] [robot_state_publisher-12]: process[robot_state_publisher-12] failed to terminate '5' seconds after receiving 'SIGINT', escalating to 'SIGTERM'
1777347849.3136008 [ERROR] [parameter_bridge-2]: process[parameter_bridge-2] failed to terminate '5' seconds after receiving 'SIGINT', escalating to 'SIGTERM'
1777347849.3159297 [INFO] [robot_state_publisher-12]: sending signal 'SIGTERM' to process[robot_state_publisher-12]
1777347849.3201776 [INFO] [parameter_bridge-2]: sending signal 'SIGTERM' to process[parameter_bridge-2]
1777347849.5401392 [ERROR] [robot_state_publisher-12]: process has died [pid 165934, exit code -6, cmd '/opt/ros/jazzy/lib/robot_state_publisher/robot_state_publisher --ros-args -r __node:=emergency_1_state_publisher -r __ns:=/emergency_1 --params-file /tmp/launch_params_ujh4k7ie -r robot_description:=emergency_1/robot_description'].
1777347854.3157513 [ERROR] [parameter_bridge-2]: process[parameter_bridge-2] failed to terminate '10.0' seconds after receiving 'SIGTERM', escalating to 'SIGKILL'
1777347854.3189659 [INFO] [parameter_bridge-2]: sending signal 'SIGKILL' to process[parameter_bridge-2]
1777347854.3269479 [ERROR] [parameter_bridge-2]: process has died [pid 165923, exit code -9, cmd '/opt/ros/jazzy/lib/ros_gz_bridge/parameter_bridge /delivery_1/cmd_vel@geometry_msgs/msg/Twist@gz.msgs.Twist /delivery_1/odom@nav_msgs/msg/Odometry@gz.msgs.Odometry /delivery_2/cmd_vel@geometry_msgs/msg/Twist@gz.msgs.Twist /delivery_2/odom@nav_msgs/msg/Odometry@gz.msgs.Odometry /delivery_3/cmd_vel@geometry_msgs/msg/Twist@gz.msgs.Twist /delivery_3/odom@nav_msgs/msg/Odometry@gz.msgs.Odometry /cleaning_1/cmd_vel@geometry_msgs/msg/Twist@gz.msgs.Twist /cleaning_1/odom@nav_msgs/msg/Odometry@gz.msgs.Odometry /cleaning_2/cmd_vel@geometry_msgs/msg/Twist@gz.msgs.Twist /cleaning_2/odom@nav_msgs/msg/Odometry@gz.msgs.Odometry /patient_mover_1/cmd_vel@geometry_msgs/msg/Twist@gz.msgs.Twist /patient_mover_1/odom@nav_msgs/msg/Odometry@gz.msgs.Odometry /patient_mover_2/cmd_vel@geometry_msgs/msg/Twist@gz.msgs.Twist /patient_mover_2/odom@nav_msgs/msg/Odometry@gz.msgs.Odometry /heavy_supply_1/cmd_vel@geometry_msgs/msg/Twist@gz.msgs.Twist /heavy_supply_1/odom@nav_msgs/msg/Odometry@gz.msgs.Odometry /lab_courier_1/cmd_vel@geometry_msgs/msg/Twist@gz.msgs.Twist /lab_courier_1/odom@nav_msgs/msg/Odometry@gz.msgs.Odometry /emergency_1/cmd_vel@geometry_msgs/msg/Twist@gz.msgs.Twist /emergency_1/odom@nav_msgs/msg/Odometry@gz.msgs.Odometry /general_1/cmd_vel@geometry_msgs/msg/Twist@gz.msgs.Twist /general_1/odom@nav_msgs/msg/Odometry@gz.msgs.Odometry /general_2/cmd_vel@geometry_msgs/msg/Twist@gz.msgs.Twist /general_2/odom@nav_msgs/msg/Odometry@gz.msgs.Odometry --ros-args'].
