[0.749s] Invoking command in '/home/india/Documents/ai-hospital/hospital_ws/build/hospital_fleet_manager': DEBUGINFOD_URLS=https://debuginfod.ubuntu.com PYTHONPATH=/home/india/Documents/ai-hospital/hospital_ws/build/hospital_fleet_manager/prefix_override:/home/india/Documents/ai-hospital/hospital_ws/install/hospital_fleet_manager/lib/python3.12/site-packages:${PYTHONPATH} VIRTUAL_ENV_PROMPT=(venv-ai-hospital) /usr/bin/python3 setup.py develop --editable --build-directory /home/india/Documents/ai-hospital/hospital_ws/build/hospital_fleet_manager/build --no-deps install_data
[0.964s] running develop
[0.965s] /usr/lib/python3/dist-packages/setuptools/command/develop.py:40: EasyInstallDeprecationWarning: easy_install command is deprecated.
[0.965s] !!
[0.965s] 
[0.965s]         ********************************************************************************
[0.965s]         Please avoid running ``setup.py`` and ``easy_install``.
[0.965s]         Instead, use pypa/build, pypa/installer or other
[0.965s]         standards-based tools.
[0.965s] 
[0.965s]         See https://github.com/pypa/setuptools/issues/917 for details.
[0.965s]         ********************************************************************************
[0.965s] 
[0.966s] !!
[0.966s]   easy_install.initialize_options(self)
[0.987s] /usr/lib/python3/dist-packages/setuptools/_distutils/cmd.py:66: SetuptoolsDeprecationWarning: setup.py install is deprecated.
[0.987s] !!
[0.987s] 
[0.987s]         ********************************************************************************
[0.987s]         Please avoid running ``setup.py`` directly.
[0.987s]         Instead, use pypa/build, pypa/installer or other
[0.987s]         standards-based tools.
[0.987s] 
[0.987s]         See https://blog.ganssle.io/articles/2021/10/setup-py-deprecated.html for details.
[0.987s]         ********************************************************************************
[0.987s] 
[0.988s] !!
[0.988s]   self.initialize_options()
[1.060s] /usr/lib/python3/dist-packages/setuptools/command/easy_install.py:363: UserWarning: Unbuilt egg for pytest-repeat [unknown version] (/usr/lib/python3/dist-packages)
[1.060s]   self.local_index = Environment(self.shadow_path + sys.path)
[1.079s] running egg_info
[1.089s] writing hospital_fleet_manager.egg-info/PKG-INFO
[1.089s] writing dependency_links to hospital_fleet_manager.egg-info/dependency_links.txt
[1.089s] writing entry points to hospital_fleet_manager.egg-info/entry_points.txt
[1.089s] writing requirements to hospital_fleet_manager.egg-info/requires.txt
[1.089s] writing top-level names to hospital_fleet_manager.egg-info/top_level.txt
[1.112s] reading manifest file 'hospital_fleet_manager.egg-info/SOURCES.txt'
[1.113s] writing manifest file 'hospital_fleet_manager.egg-info/SOURCES.txt'
[1.127s] running build_ext
[1.127s] Creating /home/india/Documents/ai-hospital/hospital_ws/install/hospital_fleet_manager/lib/python3.12/site-packages/hospital-fleet-manager.egg-link (link to .)
[1.127s] Installing dashboard script to /home/india/Documents/ai-hospital/hospital_ws/install/hospital_fleet_manager/lib/hospital_fleet_manager
[1.128s] Installing dashboard_visual script to /home/india/Documents/ai-hospital/hospital_ws/install/hospital_fleet_manager/lib/hospital_fleet_manager
[1.128s] Installing fleet_scheduler script to /home/india/Documents/ai-hospital/hospital_ws/install/hospital_fleet_manager/lib/hospital_fleet_manager
[1.128s] Installing robot_simulator script to /home/india/Documents/ai-hospital/hospital_ws/install/hospital_fleet_manager/lib/hospital_fleet_manager
[1.128s] 
[1.128s] Installed /home/india/Documents/ai-hospital/hospital_ws/build/hospital_fleet_manager
[1.128s] running install_data
[1.171s] Invoked command in '/home/india/Documents/ai-hospital/hospital_ws/build/hospital_fleet_manager' returned '0': DEBUGINFOD_URLS=https://debuginfod.ubuntu.com PYTHONPATH=/home/india/Documents/ai-hospital/hospital_ws/build/hospital_fleet_manager/prefix_override:/home/india/Documents/ai-hospital/hospital_ws/install/hospital_fleet_manager/lib/python3.12/site-packages:${PYTHONPATH} VIRTUAL_ENV_PROMPT=(venv-ai-hospital) /usr/bin/python3 setup.py develop --editable --build-directory /home/india/Documents/ai-hospital/hospital_ws/build/hospital_fleet_manager/build --no-deps install_data
