[1.690s] Invoking command in '/home/india/Documents/ai-hospital/hospital_ws/build/hospital_fleet_manager': DEBUGINFOD_URLS=https://debuginfod.ubuntu.com PYTHONPATH=/home/india/Documents/ai-hospital/hospital_ws/build/hospital_fleet_manager/prefix_override:/home/india/Documents/ai-hospital/hospital_ws/install/hospital_fleet_manager/lib/python3.12/site-packages:${PYTHONPATH} VIRTUAL_ENV_PROMPT=(venv-ai-hospital) /usr/bin/python3 setup.py develop --editable --build-directory /home/india/Documents/ai-hospital/hospital_ws/build/hospital_fleet_manager/build --no-deps install_data
[2.070s] running develop
[2.070s] /usr/lib/python3/dist-packages/setuptools/command/develop.py:40: EasyInstallDeprecationWarning: easy_install command is deprecated.
[2.070s] !!
[2.070s] 
[2.070s]         ********************************************************************************
[2.070s]         Please avoid running ``setup.py`` and ``easy_install``.
[2.070s]         Instead, use pypa/build, pypa/installer or other
[2.070s]         standards-based tools.
[2.070s] 
[2.071s]         See https://github.com/pypa/setuptools/issues/917 for details.
[2.071s]         ********************************************************************************
[2.071s] 
[2.071s] !!
[2.071s]   easy_install.initialize_options(self)
[2.091s] /usr/lib/python3/dist-packages/setuptools/_distutils/cmd.py:66: SetuptoolsDeprecationWarning: setup.py install is deprecated.
[2.092s] !!
[2.092s] 
[2.092s]         ********************************************************************************
[2.092s]         Please avoid running ``setup.py`` directly.
[2.092s]         Instead, use pypa/build, pypa/installer or other
[2.092s]         standards-based tools.
[2.092s] 
[2.092s]         See https://blog.ganssle.io/articles/2021/10/setup-py-deprecated.html for details.
[2.092s]         ********************************************************************************
[2.092s] 
[2.092s] !!
[2.093s]   self.initialize_options()
[2.173s] /usr/lib/python3/dist-packages/setuptools/command/easy_install.py:363: UserWarning: Unbuilt egg for pytest-repeat [unknown version] (/usr/lib/python3/dist-packages)
[2.173s]   self.local_index = Environment(self.shadow_path + sys.path)
[2.192s] running egg_info
[2.202s] writing hospital_fleet_manager.egg-info/PKG-INFO
[2.202s] writing dependency_links to hospital_fleet_manager.egg-info/dependency_links.txt
[2.202s] writing entry points to hospital_fleet_manager.egg-info/entry_points.txt
[2.202s] writing requirements to hospital_fleet_manager.egg-info/requires.txt
[2.202s] writing top-level names to hospital_fleet_manager.egg-info/top_level.txt
[2.229s] reading manifest file 'hospital_fleet_manager.egg-info/SOURCES.txt'
[2.229s] writing manifest file 'hospital_fleet_manager.egg-info/SOURCES.txt'
[2.245s] running build_ext
[2.245s] Creating /home/india/Documents/ai-hospital/hospital_ws/install/hospital_fleet_manager/lib/python3.12/site-packages/hospital-fleet-manager.egg-link (link to .)
[2.246s] Installing dashboard script to /home/india/Documents/ai-hospital/hospital_ws/install/hospital_fleet_manager/lib/hospital_fleet_manager
[2.247s] Installing dashboard_visual script to /home/india/Documents/ai-hospital/hospital_ws/install/hospital_fleet_manager/lib/hospital_fleet_manager
[2.247s] Installing fleet_scheduler script to /home/india/Documents/ai-hospital/hospital_ws/install/hospital_fleet_manager/lib/hospital_fleet_manager
[2.247s] Installing robot_simulator script to /home/india/Documents/ai-hospital/hospital_ws/install/hospital_fleet_manager/lib/hospital_fleet_manager
[2.247s] 
[2.248s] Installed /home/india/Documents/ai-hospital/hospital_ws/build/hospital_fleet_manager
[2.248s] running install_data
[2.248s] copying hospital_fleet_manager/launch/hospital_stack.launch.py -> /home/india/Documents/ai-hospital/hospital_ws/install/hospital_fleet_manager/share/hospital_fleet_manager/launch
[2.248s] copying hospital_fleet_manager/launch/gazebo_hospital.launch.py -> /home/india/Documents/ai-hospital/hospital_ws/install/hospital_fleet_manager/share/hospital_fleet_manager/launch
[2.248s] copying hospital_fleet_manager/models/model.sdf -> /home/india/Documents/ai-hospital/hospital_ws/install/hospital_fleet_manager/share/hospital_fleet_manager/models
[2.248s] copying hospital_fleet_manager/models/hospital_robot/hospital_robot.urdf -> /home/india/Documents/ai-hospital/hospital_ws/install/hospital_fleet_manager/share/hospital_fleet_manager/models
[2.248s] copying hospital_fleet_manager/models/hospital_robot/model.sdf -> /home/india/Documents/ai-hospital/hospital_ws/install/hospital_fleet_manager/share/hospital_fleet_manager/models
[2.249s] copying hospital_fleet_manager/models/hospital_robot/model.config -> /home/india/Documents/ai-hospital/hospital_ws/install/hospital_fleet_manager/share/hospital_fleet_manager/models
[2.283s] Invoked command in '/home/india/Documents/ai-hospital/hospital_ws/build/hospital_fleet_manager' returned '0': DEBUGINFOD_URLS=https://debuginfod.ubuntu.com PYTHONPATH=/home/india/Documents/ai-hospital/hospital_ws/build/hospital_fleet_manager/prefix_override:/home/india/Documents/ai-hospital/hospital_ws/install/hospital_fleet_manager/lib/python3.12/site-packages:${PYTHONPATH} VIRTUAL_ENV_PROMPT=(venv-ai-hospital) /usr/bin/python3 setup.py develop --editable --build-directory /home/india/Documents/ai-hospital/hospital_ws/build/hospital_fleet_manager/build --no-deps install_data
